[2024-02-04T14:13:10.005+0000] {processor.py:161} INFO - Started process (PID=48) to work on /home/airflow/.local/lib/python3.8/site-packages/airflow/example_dags/example_short_circuit_operator.py
[2024-02-04T14:13:10.006+0000] {processor.py:830} INFO - Processing file /home/airflow/.local/lib/python3.8/site-packages/airflow/example_dags/example_short_circuit_operator.py for tasks to queue
[2024-02-04T14:13:10.008+0000] {logging_mixin.py:188} INFO - [2024-02-04T14:13:10.008+0000] {dagbag.py:538} INFO - Filling up the DagBag from /home/airflow/.local/lib/python3.8/site-packages/airflow/example_dags/example_short_circuit_operator.py
[2024-02-04T14:13:10.047+0000] {processor.py:840} INFO - DAG(s) 'example_short_circuit_operator' retrieved from /home/airflow/.local/lib/python3.8/site-packages/airflow/example_dags/example_short_circuit_operator.py
[2024-02-04T14:13:10.360+0000] {logging_mixin.py:188} INFO - [2024-02-04T14:13:10.360+0000] {dag.py:3036} INFO - Sync 1 DAGs
[2024-02-04T14:13:10.434+0000] {logging_mixin.py:188} INFO - [2024-02-04T14:13:10.433+0000] {dag.py:3823} INFO - Setting next_dagrun for example_short_circuit_operator to 2024-02-03 00:00:00+00:00, run_after=2024-02-04 00:00:00+00:00
[2024-02-04T14:13:10.502+0000] {processor.py:183} INFO - Processing /home/airflow/.local/lib/python3.8/site-packages/airflow/example_dags/example_short_circuit_operator.py took 0.502 seconds
[2024-02-04T14:13:41.026+0000] {processor.py:161} INFO - Started process (PID=104) to work on /home/airflow/.local/lib/python3.8/site-packages/airflow/example_dags/example_short_circuit_operator.py
[2024-02-04T14:13:41.027+0000] {processor.py:830} INFO - Processing file /home/airflow/.local/lib/python3.8/site-packages/airflow/example_dags/example_short_circuit_operator.py for tasks to queue
[2024-02-04T14:13:41.030+0000] {logging_mixin.py:188} INFO - [2024-02-04T14:13:41.029+0000] {dagbag.py:538} INFO - Filling up the DagBag from /home/airflow/.local/lib/python3.8/site-packages/airflow/example_dags/example_short_circuit_operator.py
[2024-02-04T14:13:41.038+0000] {processor.py:840} INFO - DAG(s) 'example_short_circuit_operator' retrieved from /home/airflow/.local/lib/python3.8/site-packages/airflow/example_dags/example_short_circuit_operator.py
[2024-02-04T14:13:41.065+0000] {logging_mixin.py:188} INFO - [2024-02-04T14:13:41.065+0000] {dag.py:3036} INFO - Sync 1 DAGs
[2024-02-04T14:13:41.094+0000] {logging_mixin.py:188} INFO - [2024-02-04T14:13:41.094+0000] {dag.py:3823} INFO - Setting next_dagrun for example_short_circuit_operator to 2024-02-03 00:00:00+00:00, run_after=2024-02-04 00:00:00+00:00
[2024-02-04T14:13:41.119+0000] {processor.py:183} INFO - Processing /home/airflow/.local/lib/python3.8/site-packages/airflow/example_dags/example_short_circuit_operator.py took 0.097 seconds
[2024-02-04T14:14:11.780+0000] {processor.py:161} INFO - Started process (PID=159) to work on /home/airflow/.local/lib/python3.8/site-packages/airflow/example_dags/example_short_circuit_operator.py
[2024-02-04T14:14:11.781+0000] {processor.py:830} INFO - Processing file /home/airflow/.local/lib/python3.8/site-packages/airflow/example_dags/example_short_circuit_operator.py for tasks to queue
[2024-02-04T14:14:11.783+0000] {logging_mixin.py:188} INFO - [2024-02-04T14:14:11.783+0000] {dagbag.py:538} INFO - Filling up the DagBag from /home/airflow/.local/lib/python3.8/site-packages/airflow/example_dags/example_short_circuit_operator.py
[2024-02-04T14:14:11.792+0000] {processor.py:840} INFO - DAG(s) 'example_short_circuit_operator' retrieved from /home/airflow/.local/lib/python3.8/site-packages/airflow/example_dags/example_short_circuit_operator.py
[2024-02-04T14:14:11.818+0000] {logging_mixin.py:188} INFO - [2024-02-04T14:14:11.818+0000] {dag.py:3036} INFO - Sync 1 DAGs
[2024-02-04T14:14:11.845+0000] {logging_mixin.py:188} INFO - [2024-02-04T14:14:11.844+0000] {dag.py:3823} INFO - Setting next_dagrun for example_short_circuit_operator to 2024-02-03 00:00:00+00:00, run_after=2024-02-04 00:00:00+00:00
[2024-02-04T14:14:11.870+0000] {processor.py:183} INFO - Processing /home/airflow/.local/lib/python3.8/site-packages/airflow/example_dags/example_short_circuit_operator.py took 0.095 seconds
[2024-02-04T14:14:42.082+0000] {processor.py:161} INFO - Started process (PID=215) to work on /home/airflow/.local/lib/python3.8/site-packages/airflow/example_dags/example_short_circuit_operator.py
[2024-02-04T14:14:42.093+0000] {processor.py:830} INFO - Processing file /home/airflow/.local/lib/python3.8/site-packages/airflow/example_dags/example_short_circuit_operator.py for tasks to queue
[2024-02-04T14:14:42.095+0000] {logging_mixin.py:188} INFO - [2024-02-04T14:14:42.094+0000] {dagbag.py:538} INFO - Filling up the DagBag from /home/airflow/.local/lib/python3.8/site-packages/airflow/example_dags/example_short_circuit_operator.py
[2024-02-04T14:14:42.103+0000] {processor.py:840} INFO - DAG(s) 'example_short_circuit_operator' retrieved from /home/airflow/.local/lib/python3.8/site-packages/airflow/example_dags/example_short_circuit_operator.py
[2024-02-04T14:14:42.157+0000] {logging_mixin.py:188} INFO - [2024-02-04T14:14:42.157+0000] {dag.py:3036} INFO - Sync 1 DAGs
[2024-02-04T14:14:42.195+0000] {logging_mixin.py:188} INFO - [2024-02-04T14:14:42.194+0000] {dag.py:3823} INFO - Setting next_dagrun for example_short_circuit_operator to 2024-02-03 00:00:00+00:00, run_after=2024-02-04 00:00:00+00:00
[2024-02-04T14:14:42.223+0000] {processor.py:183} INFO - Processing /home/airflow/.local/lib/python3.8/site-packages/airflow/example_dags/example_short_circuit_operator.py took 0.144 seconds
[2024-02-04T14:16:30.541+0000] {processor.py:161} INFO - Started process (PID=48) to work on /home/airflow/.local/lib/python3.8/site-packages/airflow/example_dags/example_short_circuit_operator.py
[2024-02-04T14:16:30.545+0000] {processor.py:830} INFO - Processing file /home/airflow/.local/lib/python3.8/site-packages/airflow/example_dags/example_short_circuit_operator.py for tasks to queue
[2024-02-04T14:16:30.553+0000] {logging_mixin.py:188} INFO - [2024-02-04T14:16:30.553+0000] {dagbag.py:538} INFO - Filling up the DagBag from /home/airflow/.local/lib/python3.8/site-packages/airflow/example_dags/example_short_circuit_operator.py
[2024-02-04T14:16:30.618+0000] {processor.py:840} INFO - DAG(s) 'example_short_circuit_operator' retrieved from /home/airflow/.local/lib/python3.8/site-packages/airflow/example_dags/example_short_circuit_operator.py
[2024-02-04T14:16:31.001+0000] {logging_mixin.py:188} INFO - [2024-02-04T14:16:31.001+0000] {dag.py:3036} INFO - Sync 1 DAGs
[2024-02-04T14:16:31.082+0000] {logging_mixin.py:188} INFO - [2024-02-04T14:16:31.081+0000] {dag.py:3823} INFO - Setting next_dagrun for example_short_circuit_operator to 2024-02-03 00:00:00+00:00, run_after=2024-02-04 00:00:00+00:00
[2024-02-04T14:16:31.213+0000] {processor.py:183} INFO - Processing /home/airflow/.local/lib/python3.8/site-packages/airflow/example_dags/example_short_circuit_operator.py took 0.687 seconds
[2024-02-04T14:17:01.256+0000] {processor.py:161} INFO - Started process (PID=104) to work on /home/airflow/.local/lib/python3.8/site-packages/airflow/example_dags/example_short_circuit_operator.py
[2024-02-04T14:17:01.257+0000] {processor.py:830} INFO - Processing file /home/airflow/.local/lib/python3.8/site-packages/airflow/example_dags/example_short_circuit_operator.py for tasks to queue
[2024-02-04T14:17:01.258+0000] {logging_mixin.py:188} INFO - [2024-02-04T14:17:01.258+0000] {dagbag.py:538} INFO - Filling up the DagBag from /home/airflow/.local/lib/python3.8/site-packages/airflow/example_dags/example_short_circuit_operator.py
[2024-02-04T14:17:01.264+0000] {processor.py:840} INFO - DAG(s) 'example_short_circuit_operator' retrieved from /home/airflow/.local/lib/python3.8/site-packages/airflow/example_dags/example_short_circuit_operator.py
[2024-02-04T14:17:01.282+0000] {logging_mixin.py:188} INFO - [2024-02-04T14:17:01.282+0000] {dag.py:3036} INFO - Sync 1 DAGs
[2024-02-04T14:17:01.299+0000] {logging_mixin.py:188} INFO - [2024-02-04T14:17:01.299+0000] {dag.py:3823} INFO - Setting next_dagrun for example_short_circuit_operator to 2024-02-03 00:00:00+00:00, run_after=2024-02-04 00:00:00+00:00
[2024-02-04T14:17:01.320+0000] {processor.py:183} INFO - Processing /home/airflow/.local/lib/python3.8/site-packages/airflow/example_dags/example_short_circuit_operator.py took 0.067 seconds
[2024-02-04T14:17:31.716+0000] {processor.py:161} INFO - Started process (PID=160) to work on /home/airflow/.local/lib/python3.8/site-packages/airflow/example_dags/example_short_circuit_operator.py
[2024-02-04T14:17:31.717+0000] {processor.py:830} INFO - Processing file /home/airflow/.local/lib/python3.8/site-packages/airflow/example_dags/example_short_circuit_operator.py for tasks to queue
[2024-02-04T14:17:31.718+0000] {logging_mixin.py:188} INFO - [2024-02-04T14:17:31.718+0000] {dagbag.py:538} INFO - Filling up the DagBag from /home/airflow/.local/lib/python3.8/site-packages/airflow/example_dags/example_short_circuit_operator.py
[2024-02-04T14:17:31.724+0000] {processor.py:840} INFO - DAG(s) 'example_short_circuit_operator' retrieved from /home/airflow/.local/lib/python3.8/site-packages/airflow/example_dags/example_short_circuit_operator.py
[2024-02-04T14:17:31.742+0000] {logging_mixin.py:188} INFO - [2024-02-04T14:17:31.742+0000] {dag.py:3036} INFO - Sync 1 DAGs
[2024-02-04T14:17:31.760+0000] {logging_mixin.py:188} INFO - [2024-02-04T14:17:31.760+0000] {dag.py:3823} INFO - Setting next_dagrun for example_short_circuit_operator to 2024-02-03 00:00:00+00:00, run_after=2024-02-04 00:00:00+00:00
[2024-02-04T14:17:31.779+0000] {processor.py:183} INFO - Processing /home/airflow/.local/lib/python3.8/site-packages/airflow/example_dags/example_short_circuit_operator.py took 0.067 seconds
[2024-02-04T14:18:02.400+0000] {processor.py:161} INFO - Started process (PID=215) to work on /home/airflow/.local/lib/python3.8/site-packages/airflow/example_dags/example_short_circuit_operator.py
[2024-02-04T14:18:02.401+0000] {processor.py:830} INFO - Processing file /home/airflow/.local/lib/python3.8/site-packages/airflow/example_dags/example_short_circuit_operator.py for tasks to queue
[2024-02-04T14:18:02.403+0000] {logging_mixin.py:188} INFO - [2024-02-04T14:18:02.403+0000] {dagbag.py:538} INFO - Filling up the DagBag from /home/airflow/.local/lib/python3.8/site-packages/airflow/example_dags/example_short_circuit_operator.py
[2024-02-04T14:18:02.413+0000] {processor.py:840} INFO - DAG(s) 'example_short_circuit_operator' retrieved from /home/airflow/.local/lib/python3.8/site-packages/airflow/example_dags/example_short_circuit_operator.py
[2024-02-04T14:18:02.441+0000] {logging_mixin.py:188} INFO - [2024-02-04T14:18:02.440+0000] {dag.py:3036} INFO - Sync 1 DAGs
[2024-02-04T14:18:02.467+0000] {logging_mixin.py:188} INFO - [2024-02-04T14:18:02.467+0000] {dag.py:3823} INFO - Setting next_dagrun for example_short_circuit_operator to 2024-02-03 00:00:00+00:00, run_after=2024-02-04 00:00:00+00:00
[2024-02-04T14:18:02.493+0000] {processor.py:183} INFO - Processing /home/airflow/.local/lib/python3.8/site-packages/airflow/example_dags/example_short_circuit_operator.py took 0.096 seconds
[2024-02-04T14:18:32.775+0000] {processor.py:161} INFO - Started process (PID=271) to work on /home/airflow/.local/lib/python3.8/site-packages/airflow/example_dags/example_short_circuit_operator.py
[2024-02-04T14:18:32.777+0000] {processor.py:830} INFO - Processing file /home/airflow/.local/lib/python3.8/site-packages/airflow/example_dags/example_short_circuit_operator.py for tasks to queue
[2024-02-04T14:18:32.779+0000] {logging_mixin.py:188} INFO - [2024-02-04T14:18:32.778+0000] {dagbag.py:538} INFO - Filling up the DagBag from /home/airflow/.local/lib/python3.8/site-packages/airflow/example_dags/example_short_circuit_operator.py
[2024-02-04T14:18:32.811+0000] {processor.py:840} INFO - DAG(s) 'example_short_circuit_operator' retrieved from /home/airflow/.local/lib/python3.8/site-packages/airflow/example_dags/example_short_circuit_operator.py
[2024-02-04T14:18:32.840+0000] {logging_mixin.py:188} INFO - [2024-02-04T14:18:32.840+0000] {dag.py:3036} INFO - Sync 1 DAGs
[2024-02-04T14:18:32.867+0000] {logging_mixin.py:188} INFO - [2024-02-04T14:18:32.866+0000] {dag.py:3823} INFO - Setting next_dagrun for example_short_circuit_operator to 2024-02-03 00:00:00+00:00, run_after=2024-02-04 00:00:00+00:00
[2024-02-04T14:18:32.894+0000] {processor.py:183} INFO - Processing /home/airflow/.local/lib/python3.8/site-packages/airflow/example_dags/example_short_circuit_operator.py took 0.124 seconds
[2024-02-04T14:19:03.075+0000] {processor.py:161} INFO - Started process (PID=327) to work on /home/airflow/.local/lib/python3.8/site-packages/airflow/example_dags/example_short_circuit_operator.py
[2024-02-04T14:19:03.076+0000] {processor.py:830} INFO - Processing file /home/airflow/.local/lib/python3.8/site-packages/airflow/example_dags/example_short_circuit_operator.py for tasks to queue
[2024-02-04T14:19:03.078+0000] {logging_mixin.py:188} INFO - [2024-02-04T14:19:03.077+0000] {dagbag.py:538} INFO - Filling up the DagBag from /home/airflow/.local/lib/python3.8/site-packages/airflow/example_dags/example_short_circuit_operator.py
[2024-02-04T14:19:03.086+0000] {processor.py:840} INFO - DAG(s) 'example_short_circuit_operator' retrieved from /home/airflow/.local/lib/python3.8/site-packages/airflow/example_dags/example_short_circuit_operator.py
[2024-02-04T14:19:03.105+0000] {logging_mixin.py:188} INFO - [2024-02-04T14:19:03.104+0000] {dag.py:3036} INFO - Sync 1 DAGs
[2024-02-04T14:19:03.122+0000] {logging_mixin.py:188} INFO - [2024-02-04T14:19:03.122+0000] {dag.py:3823} INFO - Setting next_dagrun for example_short_circuit_operator to 2024-02-03 00:00:00+00:00, run_after=2024-02-04 00:00:00+00:00
[2024-02-04T14:19:03.141+0000] {processor.py:183} INFO - Processing /home/airflow/.local/lib/python3.8/site-packages/airflow/example_dags/example_short_circuit_operator.py took 0.070 seconds
[2024-02-04T14:19:33.493+0000] {processor.py:161} INFO - Started process (PID=382) to work on /home/airflow/.local/lib/python3.8/site-packages/airflow/example_dags/example_short_circuit_operator.py
[2024-02-04T14:19:33.494+0000] {processor.py:830} INFO - Processing file /home/airflow/.local/lib/python3.8/site-packages/airflow/example_dags/example_short_circuit_operator.py for tasks to queue
[2024-02-04T14:19:33.496+0000] {logging_mixin.py:188} INFO - [2024-02-04T14:19:33.496+0000] {dagbag.py:538} INFO - Filling up the DagBag from /home/airflow/.local/lib/python3.8/site-packages/airflow/example_dags/example_short_circuit_operator.py
[2024-02-04T14:19:33.503+0000] {processor.py:840} INFO - DAG(s) 'example_short_circuit_operator' retrieved from /home/airflow/.local/lib/python3.8/site-packages/airflow/example_dags/example_short_circuit_operator.py
[2024-02-04T14:19:33.522+0000] {logging_mixin.py:188} INFO - [2024-02-04T14:19:33.521+0000] {dag.py:3036} INFO - Sync 1 DAGs
[2024-02-04T14:19:33.540+0000] {logging_mixin.py:188} INFO - [2024-02-04T14:19:33.540+0000] {dag.py:3823} INFO - Setting next_dagrun for example_short_circuit_operator to 2024-02-03 00:00:00+00:00, run_after=2024-02-04 00:00:00+00:00
[2024-02-04T14:19:33.559+0000] {processor.py:183} INFO - Processing /home/airflow/.local/lib/python3.8/site-packages/airflow/example_dags/example_short_circuit_operator.py took 0.069 seconds
[2024-02-04T14:22:55.999+0000] {processor.py:161} INFO - Started process (PID=49) to work on /home/airflow/.local/lib/python3.8/site-packages/airflow/example_dags/example_short_circuit_operator.py
[2024-02-04T14:22:56.005+0000] {processor.py:830} INFO - Processing file /home/airflow/.local/lib/python3.8/site-packages/airflow/example_dags/example_short_circuit_operator.py for tasks to queue
[2024-02-04T14:22:56.013+0000] {logging_mixin.py:188} INFO - [2024-02-04T14:22:56.013+0000] {dagbag.py:538} INFO - Filling up the DagBag from /home/airflow/.local/lib/python3.8/site-packages/airflow/example_dags/example_short_circuit_operator.py
[2024-02-04T14:22:56.039+0000] {processor.py:840} INFO - DAG(s) 'example_short_circuit_operator' retrieved from /home/airflow/.local/lib/python3.8/site-packages/airflow/example_dags/example_short_circuit_operator.py
[2024-02-04T14:22:56.453+0000] {logging_mixin.py:188} INFO - [2024-02-04T14:22:56.453+0000] {dag.py:3036} INFO - Sync 1 DAGs
[2024-02-04T14:22:56.544+0000] {logging_mixin.py:188} INFO - [2024-02-04T14:22:56.544+0000] {dag.py:3823} INFO - Setting next_dagrun for example_short_circuit_operator to 2024-02-03 00:00:00+00:00, run_after=2024-02-04 00:00:00+00:00
[2024-02-04T14:22:56.625+0000] {processor.py:183} INFO - Processing /home/airflow/.local/lib/python3.8/site-packages/airflow/example_dags/example_short_circuit_operator.py took 0.637 seconds
[2024-02-04T14:23:26.753+0000] {processor.py:161} INFO - Started process (PID=104) to work on /home/airflow/.local/lib/python3.8/site-packages/airflow/example_dags/example_short_circuit_operator.py
[2024-02-04T14:23:26.754+0000] {processor.py:830} INFO - Processing file /home/airflow/.local/lib/python3.8/site-packages/airflow/example_dags/example_short_circuit_operator.py for tasks to queue
[2024-02-04T14:23:26.755+0000] {logging_mixin.py:188} INFO - [2024-02-04T14:23:26.755+0000] {dagbag.py:538} INFO - Filling up the DagBag from /home/airflow/.local/lib/python3.8/site-packages/airflow/example_dags/example_short_circuit_operator.py
[2024-02-04T14:23:26.762+0000] {processor.py:840} INFO - DAG(s) 'example_short_circuit_operator' retrieved from /home/airflow/.local/lib/python3.8/site-packages/airflow/example_dags/example_short_circuit_operator.py
[2024-02-04T14:23:26.781+0000] {logging_mixin.py:188} INFO - [2024-02-04T14:23:26.781+0000] {dag.py:3036} INFO - Sync 1 DAGs
[2024-02-04T14:23:26.798+0000] {logging_mixin.py:188} INFO - [2024-02-04T14:23:26.798+0000] {dag.py:3823} INFO - Setting next_dagrun for example_short_circuit_operator to 2024-02-03 00:00:00+00:00, run_after=2024-02-04 00:00:00+00:00
[2024-02-04T14:23:26.818+0000] {processor.py:183} INFO - Processing /home/airflow/.local/lib/python3.8/site-packages/airflow/example_dags/example_short_circuit_operator.py took 0.068 seconds
[2024-02-04T14:23:57.157+0000] {processor.py:161} INFO - Started process (PID=160) to work on /home/airflow/.local/lib/python3.8/site-packages/airflow/example_dags/example_short_circuit_operator.py
[2024-02-04T14:23:57.161+0000] {processor.py:830} INFO - Processing file /home/airflow/.local/lib/python3.8/site-packages/airflow/example_dags/example_short_circuit_operator.py for tasks to queue
[2024-02-04T14:23:57.163+0000] {logging_mixin.py:188} INFO - [2024-02-04T14:23:57.163+0000] {dagbag.py:538} INFO - Filling up the DagBag from /home/airflow/.local/lib/python3.8/site-packages/airflow/example_dags/example_short_circuit_operator.py
[2024-02-04T14:23:57.172+0000] {processor.py:840} INFO - DAG(s) 'example_short_circuit_operator' retrieved from /home/airflow/.local/lib/python3.8/site-packages/airflow/example_dags/example_short_circuit_operator.py
[2024-02-04T14:23:57.192+0000] {logging_mixin.py:188} INFO - [2024-02-04T14:23:57.191+0000] {dag.py:3036} INFO - Sync 1 DAGs
[2024-02-04T14:23:57.209+0000] {logging_mixin.py:188} INFO - [2024-02-04T14:23:57.208+0000] {dag.py:3823} INFO - Setting next_dagrun for example_short_circuit_operator to 2024-02-03 00:00:00+00:00, run_after=2024-02-04 00:00:00+00:00
[2024-02-04T14:23:57.228+0000] {processor.py:183} INFO - Processing /home/airflow/.local/lib/python3.8/site-packages/airflow/example_dags/example_short_circuit_operator.py took 0.075 seconds
[2024-02-04T14:24:27.885+0000] {processor.py:161} INFO - Started process (PID=215) to work on /home/airflow/.local/lib/python3.8/site-packages/airflow/example_dags/example_short_circuit_operator.py
[2024-02-04T14:24:27.886+0000] {processor.py:830} INFO - Processing file /home/airflow/.local/lib/python3.8/site-packages/airflow/example_dags/example_short_circuit_operator.py for tasks to queue
[2024-02-04T14:24:27.887+0000] {logging_mixin.py:188} INFO - [2024-02-04T14:24:27.887+0000] {dagbag.py:538} INFO - Filling up the DagBag from /home/airflow/.local/lib/python3.8/site-packages/airflow/example_dags/example_short_circuit_operator.py
[2024-02-04T14:24:27.926+0000] {processor.py:840} INFO - DAG(s) 'example_short_circuit_operator' retrieved from /home/airflow/.local/lib/python3.8/site-packages/airflow/example_dags/example_short_circuit_operator.py
[2024-02-04T14:24:27.973+0000] {logging_mixin.py:188} INFO - [2024-02-04T14:24:27.972+0000] {dag.py:3036} INFO - Sync 1 DAGs
[2024-02-04T14:24:28.019+0000] {logging_mixin.py:188} INFO - [2024-02-04T14:24:28.019+0000] {dag.py:3823} INFO - Setting next_dagrun for example_short_circuit_operator to 2024-02-03 00:00:00+00:00, run_after=2024-02-04 00:00:00+00:00
[2024-02-04T14:24:28.062+0000] {processor.py:183} INFO - Processing /home/airflow/.local/lib/python3.8/site-packages/airflow/example_dags/example_short_circuit_operator.py took 0.181 seconds
[2024-02-04T14:24:58.879+0000] {processor.py:161} INFO - Started process (PID=270) to work on /home/airflow/.local/lib/python3.8/site-packages/airflow/example_dags/example_short_circuit_operator.py
[2024-02-04T14:24:58.883+0000] {processor.py:830} INFO - Processing file /home/airflow/.local/lib/python3.8/site-packages/airflow/example_dags/example_short_circuit_operator.py for tasks to queue
[2024-02-04T14:24:58.888+0000] {logging_mixin.py:188} INFO - [2024-02-04T14:24:58.887+0000] {dagbag.py:538} INFO - Filling up the DagBag from /home/airflow/.local/lib/python3.8/site-packages/airflow/example_dags/example_short_circuit_operator.py
[2024-02-04T14:24:58.907+0000] {processor.py:840} INFO - DAG(s) 'example_short_circuit_operator' retrieved from /home/airflow/.local/lib/python3.8/site-packages/airflow/example_dags/example_short_circuit_operator.py
[2024-02-04T14:24:58.942+0000] {logging_mixin.py:188} INFO - [2024-02-04T14:24:58.941+0000] {dag.py:3036} INFO - Sync 1 DAGs
[2024-02-04T14:24:58.968+0000] {logging_mixin.py:188} INFO - [2024-02-04T14:24:58.968+0000] {dag.py:3823} INFO - Setting next_dagrun for example_short_circuit_operator to 2024-02-03 00:00:00+00:00, run_after=2024-02-04 00:00:00+00:00
[2024-02-04T14:24:59.007+0000] {processor.py:183} INFO - Processing /home/airflow/.local/lib/python3.8/site-packages/airflow/example_dags/example_short_circuit_operator.py took 0.131 seconds
[2024-02-04T14:25:29.073+0000] {processor.py:161} INFO - Started process (PID=326) to work on /home/airflow/.local/lib/python3.8/site-packages/airflow/example_dags/example_short_circuit_operator.py
[2024-02-04T14:25:29.074+0000] {processor.py:830} INFO - Processing file /home/airflow/.local/lib/python3.8/site-packages/airflow/example_dags/example_short_circuit_operator.py for tasks to queue
[2024-02-04T14:25:29.077+0000] {logging_mixin.py:188} INFO - [2024-02-04T14:25:29.077+0000] {dagbag.py:538} INFO - Filling up the DagBag from /home/airflow/.local/lib/python3.8/site-packages/airflow/example_dags/example_short_circuit_operator.py
[2024-02-04T14:25:29.089+0000] {processor.py:840} INFO - DAG(s) 'example_short_circuit_operator' retrieved from /home/airflow/.local/lib/python3.8/site-packages/airflow/example_dags/example_short_circuit_operator.py
[2024-02-04T14:25:29.112+0000] {logging_mixin.py:188} INFO - [2024-02-04T14:25:29.112+0000] {dag.py:3036} INFO - Sync 1 DAGs
[2024-02-04T14:25:29.139+0000] {logging_mixin.py:188} INFO - [2024-02-04T14:25:29.139+0000] {dag.py:3823} INFO - Setting next_dagrun for example_short_circuit_operator to 2024-02-03 00:00:00+00:00, run_after=2024-02-04 00:00:00+00:00
[2024-02-04T14:25:29.162+0000] {processor.py:183} INFO - Processing /home/airflow/.local/lib/python3.8/site-packages/airflow/example_dags/example_short_circuit_operator.py took 0.092 seconds
[2024-02-04T14:25:59.290+0000] {processor.py:161} INFO - Started process (PID=382) to work on /home/airflow/.local/lib/python3.8/site-packages/airflow/example_dags/example_short_circuit_operator.py
[2024-02-04T14:25:59.291+0000] {processor.py:830} INFO - Processing file /home/airflow/.local/lib/python3.8/site-packages/airflow/example_dags/example_short_circuit_operator.py for tasks to queue
[2024-02-04T14:25:59.292+0000] {logging_mixin.py:188} INFO - [2024-02-04T14:25:59.292+0000] {dagbag.py:538} INFO - Filling up the DagBag from /home/airflow/.local/lib/python3.8/site-packages/airflow/example_dags/example_short_circuit_operator.py
[2024-02-04T14:25:59.298+0000] {processor.py:840} INFO - DAG(s) 'example_short_circuit_operator' retrieved from /home/airflow/.local/lib/python3.8/site-packages/airflow/example_dags/example_short_circuit_operator.py
[2024-02-04T14:25:59.318+0000] {logging_mixin.py:188} INFO - [2024-02-04T14:25:59.317+0000] {dag.py:3036} INFO - Sync 1 DAGs
[2024-02-04T14:25:59.335+0000] {logging_mixin.py:188} INFO - [2024-02-04T14:25:59.335+0000] {dag.py:3823} INFO - Setting next_dagrun for example_short_circuit_operator to 2024-02-03 00:00:00+00:00, run_after=2024-02-04 00:00:00+00:00
[2024-02-04T14:25:59.355+0000] {processor.py:183} INFO - Processing /home/airflow/.local/lib/python3.8/site-packages/airflow/example_dags/example_short_circuit_operator.py took 0.067 seconds
[2024-02-04T14:26:29.477+0000] {processor.py:161} INFO - Started process (PID=437) to work on /home/airflow/.local/lib/python3.8/site-packages/airflow/example_dags/example_short_circuit_operator.py
[2024-02-04T14:26:29.480+0000] {processor.py:830} INFO - Processing file /home/airflow/.local/lib/python3.8/site-packages/airflow/example_dags/example_short_circuit_operator.py for tasks to queue
[2024-02-04T14:26:29.481+0000] {logging_mixin.py:188} INFO - [2024-02-04T14:26:29.481+0000] {dagbag.py:538} INFO - Filling up the DagBag from /home/airflow/.local/lib/python3.8/site-packages/airflow/example_dags/example_short_circuit_operator.py
[2024-02-04T14:26:29.490+0000] {processor.py:840} INFO - DAG(s) 'example_short_circuit_operator' retrieved from /home/airflow/.local/lib/python3.8/site-packages/airflow/example_dags/example_short_circuit_operator.py
[2024-02-04T14:26:29.508+0000] {logging_mixin.py:188} INFO - [2024-02-04T14:26:29.508+0000] {dag.py:3036} INFO - Sync 1 DAGs
[2024-02-04T14:26:29.527+0000] {logging_mixin.py:188} INFO - [2024-02-04T14:26:29.527+0000] {dag.py:3823} INFO - Setting next_dagrun for example_short_circuit_operator to 2024-02-03 00:00:00+00:00, run_after=2024-02-04 00:00:00+00:00
[2024-02-04T14:26:29.547+0000] {processor.py:183} INFO - Processing /home/airflow/.local/lib/python3.8/site-packages/airflow/example_dags/example_short_circuit_operator.py took 0.073 seconds
[2024-02-04T14:27:00.382+0000] {processor.py:161} INFO - Started process (PID=492) to work on /home/airflow/.local/lib/python3.8/site-packages/airflow/example_dags/example_short_circuit_operator.py
[2024-02-04T14:27:00.383+0000] {processor.py:830} INFO - Processing file /home/airflow/.local/lib/python3.8/site-packages/airflow/example_dags/example_short_circuit_operator.py for tasks to queue
[2024-02-04T14:27:00.385+0000] {logging_mixin.py:188} INFO - [2024-02-04T14:27:00.385+0000] {dagbag.py:538} INFO - Filling up the DagBag from /home/airflow/.local/lib/python3.8/site-packages/airflow/example_dags/example_short_circuit_operator.py
[2024-02-04T14:27:00.394+0000] {processor.py:840} INFO - DAG(s) 'example_short_circuit_operator' retrieved from /home/airflow/.local/lib/python3.8/site-packages/airflow/example_dags/example_short_circuit_operator.py
[2024-02-04T14:27:00.422+0000] {logging_mixin.py:188} INFO - [2024-02-04T14:27:00.422+0000] {dag.py:3036} INFO - Sync 1 DAGs
[2024-02-04T14:27:00.445+0000] {logging_mixin.py:188} INFO - [2024-02-04T14:27:00.445+0000] {dag.py:3823} INFO - Setting next_dagrun for example_short_circuit_operator to 2024-02-03 00:00:00+00:00, run_after=2024-02-04 00:00:00+00:00
[2024-02-04T14:27:00.465+0000] {processor.py:183} INFO - Processing /home/airflow/.local/lib/python3.8/site-packages/airflow/example_dags/example_short_circuit_operator.py took 0.086 seconds
[2024-02-04T14:27:30.552+0000] {processor.py:161} INFO - Started process (PID=547) to work on /home/airflow/.local/lib/python3.8/site-packages/airflow/example_dags/example_short_circuit_operator.py
[2024-02-04T14:27:30.553+0000] {processor.py:830} INFO - Processing file /home/airflow/.local/lib/python3.8/site-packages/airflow/example_dags/example_short_circuit_operator.py for tasks to queue
[2024-02-04T14:27:30.554+0000] {logging_mixin.py:188} INFO - [2024-02-04T14:27:30.554+0000] {dagbag.py:538} INFO - Filling up the DagBag from /home/airflow/.local/lib/python3.8/site-packages/airflow/example_dags/example_short_circuit_operator.py
[2024-02-04T14:27:30.560+0000] {processor.py:840} INFO - DAG(s) 'example_short_circuit_operator' retrieved from /home/airflow/.local/lib/python3.8/site-packages/airflow/example_dags/example_short_circuit_operator.py
[2024-02-04T14:27:30.579+0000] {logging_mixin.py:188} INFO - [2024-02-04T14:27:30.578+0000] {dag.py:3036} INFO - Sync 1 DAGs
[2024-02-04T14:27:30.596+0000] {logging_mixin.py:188} INFO - [2024-02-04T14:27:30.596+0000] {dag.py:3823} INFO - Setting next_dagrun for example_short_circuit_operator to 2024-02-03 00:00:00+00:00, run_after=2024-02-04 00:00:00+00:00
[2024-02-04T14:27:30.617+0000] {processor.py:183} INFO - Processing /home/airflow/.local/lib/python3.8/site-packages/airflow/example_dags/example_short_circuit_operator.py took 0.068 seconds
[2024-02-04T14:28:00.841+0000] {processor.py:161} INFO - Started process (PID=601) to work on /home/airflow/.local/lib/python3.8/site-packages/airflow/example_dags/example_short_circuit_operator.py
[2024-02-04T14:28:00.842+0000] {processor.py:830} INFO - Processing file /home/airflow/.local/lib/python3.8/site-packages/airflow/example_dags/example_short_circuit_operator.py for tasks to queue
[2024-02-04T14:28:00.843+0000] {logging_mixin.py:188} INFO - [2024-02-04T14:28:00.843+0000] {dagbag.py:538} INFO - Filling up the DagBag from /home/airflow/.local/lib/python3.8/site-packages/airflow/example_dags/example_short_circuit_operator.py
[2024-02-04T14:28:00.851+0000] {processor.py:840} INFO - DAG(s) 'example_short_circuit_operator' retrieved from /home/airflow/.local/lib/python3.8/site-packages/airflow/example_dags/example_short_circuit_operator.py
[2024-02-04T14:28:00.869+0000] {logging_mixin.py:188} INFO - [2024-02-04T14:28:00.869+0000] {dag.py:3036} INFO - Sync 1 DAGs
[2024-02-04T14:28:00.886+0000] {logging_mixin.py:188} INFO - [2024-02-04T14:28:00.886+0000] {dag.py:3823} INFO - Setting next_dagrun for example_short_circuit_operator to 2024-02-03 00:00:00+00:00, run_after=2024-02-04 00:00:00+00:00
[2024-02-04T14:28:00.906+0000] {processor.py:183} INFO - Processing /home/airflow/.local/lib/python3.8/site-packages/airflow/example_dags/example_short_circuit_operator.py took 0.068 seconds
