[2024-02-04T14:13:04.873+0000] {processor.py:161} INFO - Started process (PID=36) to work on /home/airflow/.local/lib/python3.8/site-packages/airflow/example_dags/example_latest_only.py
[2024-02-04T14:13:04.882+0000] {processor.py:830} INFO - Processing file /home/airflow/.local/lib/python3.8/site-packages/airflow/example_dags/example_latest_only.py for tasks to queue
[2024-02-04T14:13:04.897+0000] {logging_mixin.py:188} INFO - [2024-02-04T14:13:04.897+0000] {dagbag.py:538} INFO - Filling up the DagBag from /home/airflow/.local/lib/python3.8/site-packages/airflow/example_dags/example_latest_only.py
[2024-02-04T14:13:04.935+0000] {processor.py:840} INFO - DAG(s) 'latest_only' retrieved from /home/airflow/.local/lib/python3.8/site-packages/airflow/example_dags/example_latest_only.py
[2024-02-04T14:13:05.752+0000] {logging_mixin.py:188} INFO - [2024-02-04T14:13:05.752+0000] {dag.py:3036} INFO - Sync 1 DAGs
[2024-02-04T14:13:05.811+0000] {logging_mixin.py:188} INFO - [2024-02-04T14:13:05.811+0000] {dag.py:3823} INFO - Setting next_dagrun for latest_only to 2024-02-04 08:00:00+00:00, run_after=2024-02-04 12:00:00+00:00
[2024-02-04T14:13:05.858+0000] {processor.py:183} INFO - Processing /home/airflow/.local/lib/python3.8/site-packages/airflow/example_dags/example_latest_only.py took 0.997 seconds
[2024-02-04T14:13:36.239+0000] {processor.py:161} INFO - Started process (PID=92) to work on /home/airflow/.local/lib/python3.8/site-packages/airflow/example_dags/example_latest_only.py
[2024-02-04T14:13:36.242+0000] {processor.py:830} INFO - Processing file /home/airflow/.local/lib/python3.8/site-packages/airflow/example_dags/example_latest_only.py for tasks to queue
[2024-02-04T14:13:36.245+0000] {logging_mixin.py:188} INFO - [2024-02-04T14:13:36.244+0000] {dagbag.py:538} INFO - Filling up the DagBag from /home/airflow/.local/lib/python3.8/site-packages/airflow/example_dags/example_latest_only.py
[2024-02-04T14:13:36.261+0000] {processor.py:840} INFO - DAG(s) 'latest_only' retrieved from /home/airflow/.local/lib/python3.8/site-packages/airflow/example_dags/example_latest_only.py
[2024-02-04T14:13:36.299+0000] {logging_mixin.py:188} INFO - [2024-02-04T14:13:36.298+0000] {dag.py:3036} INFO - Sync 1 DAGs
[2024-02-04T14:13:36.349+0000] {logging_mixin.py:188} INFO - [2024-02-04T14:13:36.348+0000] {dag.py:3823} INFO - Setting next_dagrun for latest_only to 2024-02-04 08:00:00+00:00, run_after=2024-02-04 12:00:00+00:00
[2024-02-04T14:13:36.409+0000] {processor.py:183} INFO - Processing /home/airflow/.local/lib/python3.8/site-packages/airflow/example_dags/example_latest_only.py took 0.185 seconds
[2024-02-04T14:14:06.460+0000] {processor.py:161} INFO - Started process (PID=147) to work on /home/airflow/.local/lib/python3.8/site-packages/airflow/example_dags/example_latest_only.py
[2024-02-04T14:14:06.465+0000] {processor.py:830} INFO - Processing file /home/airflow/.local/lib/python3.8/site-packages/airflow/example_dags/example_latest_only.py for tasks to queue
[2024-02-04T14:14:06.467+0000] {logging_mixin.py:188} INFO - [2024-02-04T14:14:06.466+0000] {dagbag.py:538} INFO - Filling up the DagBag from /home/airflow/.local/lib/python3.8/site-packages/airflow/example_dags/example_latest_only.py
[2024-02-04T14:14:06.477+0000] {processor.py:840} INFO - DAG(s) 'latest_only' retrieved from /home/airflow/.local/lib/python3.8/site-packages/airflow/example_dags/example_latest_only.py
[2024-02-04T14:14:06.526+0000] {logging_mixin.py:188} INFO - [2024-02-04T14:14:06.526+0000] {dag.py:3036} INFO - Sync 1 DAGs
[2024-02-04T14:14:06.579+0000] {logging_mixin.py:188} INFO - [2024-02-04T14:14:06.578+0000] {dag.py:3823} INFO - Setting next_dagrun for latest_only to 2024-02-04 08:00:00+00:00, run_after=2024-02-04 12:00:00+00:00
[2024-02-04T14:14:06.616+0000] {processor.py:183} INFO - Processing /home/airflow/.local/lib/python3.8/site-packages/airflow/example_dags/example_latest_only.py took 0.162 seconds
[2024-02-04T14:14:36.836+0000] {processor.py:161} INFO - Started process (PID=203) to work on /home/airflow/.local/lib/python3.8/site-packages/airflow/example_dags/example_latest_only.py
[2024-02-04T14:14:36.837+0000] {processor.py:830} INFO - Processing file /home/airflow/.local/lib/python3.8/site-packages/airflow/example_dags/example_latest_only.py for tasks to queue
[2024-02-04T14:14:36.839+0000] {logging_mixin.py:188} INFO - [2024-02-04T14:14:36.839+0000] {dagbag.py:538} INFO - Filling up the DagBag from /home/airflow/.local/lib/python3.8/site-packages/airflow/example_dags/example_latest_only.py
[2024-02-04T14:14:36.844+0000] {processor.py:840} INFO - DAG(s) 'latest_only' retrieved from /home/airflow/.local/lib/python3.8/site-packages/airflow/example_dags/example_latest_only.py
[2024-02-04T14:14:36.864+0000] {logging_mixin.py:188} INFO - [2024-02-04T14:14:36.864+0000] {dag.py:3036} INFO - Sync 1 DAGs
[2024-02-04T14:14:36.891+0000] {logging_mixin.py:188} INFO - [2024-02-04T14:14:36.890+0000] {dag.py:3823} INFO - Setting next_dagrun for latest_only to 2024-02-04 08:00:00+00:00, run_after=2024-02-04 12:00:00+00:00
[2024-02-04T14:14:36.916+0000] {processor.py:183} INFO - Processing /home/airflow/.local/lib/python3.8/site-packages/airflow/example_dags/example_latest_only.py took 0.083 seconds
[2024-02-04T14:16:25.696+0000] {processor.py:161} INFO - Started process (PID=36) to work on /home/airflow/.local/lib/python3.8/site-packages/airflow/example_dags/example_latest_only.py
[2024-02-04T14:16:25.700+0000] {processor.py:830} INFO - Processing file /home/airflow/.local/lib/python3.8/site-packages/airflow/example_dags/example_latest_only.py for tasks to queue
[2024-02-04T14:16:25.709+0000] {logging_mixin.py:188} INFO - [2024-02-04T14:16:25.709+0000] {dagbag.py:538} INFO - Filling up the DagBag from /home/airflow/.local/lib/python3.8/site-packages/airflow/example_dags/example_latest_only.py
[2024-02-04T14:16:25.759+0000] {processor.py:840} INFO - DAG(s) 'latest_only' retrieved from /home/airflow/.local/lib/python3.8/site-packages/airflow/example_dags/example_latest_only.py
[2024-02-04T14:16:26.500+0000] {logging_mixin.py:188} INFO - [2024-02-04T14:16:26.500+0000] {dag.py:3036} INFO - Sync 1 DAGs
[2024-02-04T14:16:26.586+0000] {logging_mixin.py:188} INFO - [2024-02-04T14:16:26.585+0000] {dag.py:3823} INFO - Setting next_dagrun for latest_only to 2024-02-04 08:00:00+00:00, run_after=2024-02-04 12:00:00+00:00
[2024-02-04T14:16:26.667+0000] {processor.py:183} INFO - Processing /home/airflow/.local/lib/python3.8/site-packages/airflow/example_dags/example_latest_only.py took 0.987 seconds
[2024-02-04T14:16:57.402+0000] {processor.py:161} INFO - Started process (PID=92) to work on /home/airflow/.local/lib/python3.8/site-packages/airflow/example_dags/example_latest_only.py
[2024-02-04T14:16:57.411+0000] {processor.py:830} INFO - Processing file /home/airflow/.local/lib/python3.8/site-packages/airflow/example_dags/example_latest_only.py for tasks to queue
[2024-02-04T14:16:57.420+0000] {logging_mixin.py:188} INFO - [2024-02-04T14:16:57.420+0000] {dagbag.py:538} INFO - Filling up the DagBag from /home/airflow/.local/lib/python3.8/site-packages/airflow/example_dags/example_latest_only.py
[2024-02-04T14:16:57.426+0000] {processor.py:840} INFO - DAG(s) 'latest_only' retrieved from /home/airflow/.local/lib/python3.8/site-packages/airflow/example_dags/example_latest_only.py
[2024-02-04T14:16:57.485+0000] {logging_mixin.py:188} INFO - [2024-02-04T14:16:57.485+0000] {dag.py:3036} INFO - Sync 1 DAGs
[2024-02-04T14:16:57.533+0000] {logging_mixin.py:188} INFO - [2024-02-04T14:16:57.533+0000] {dag.py:3823} INFO - Setting next_dagrun for latest_only to 2024-02-04 08:00:00+00:00, run_after=2024-02-04 12:00:00+00:00
[2024-02-04T14:16:57.594+0000] {processor.py:183} INFO - Processing /home/airflow/.local/lib/python3.8/site-packages/airflow/example_dags/example_latest_only.py took 0.200 seconds
[2024-02-04T14:17:27.783+0000] {processor.py:161} INFO - Started process (PID=148) to work on /home/airflow/.local/lib/python3.8/site-packages/airflow/example_dags/example_latest_only.py
[2024-02-04T14:17:27.784+0000] {processor.py:830} INFO - Processing file /home/airflow/.local/lib/python3.8/site-packages/airflow/example_dags/example_latest_only.py for tasks to queue
[2024-02-04T14:17:27.786+0000] {logging_mixin.py:188} INFO - [2024-02-04T14:17:27.785+0000] {dagbag.py:538} INFO - Filling up the DagBag from /home/airflow/.local/lib/python3.8/site-packages/airflow/example_dags/example_latest_only.py
[2024-02-04T14:17:27.791+0000] {processor.py:840} INFO - DAG(s) 'latest_only' retrieved from /home/airflow/.local/lib/python3.8/site-packages/airflow/example_dags/example_latest_only.py
[2024-02-04T14:17:27.837+0000] {logging_mixin.py:188} INFO - [2024-02-04T14:17:27.837+0000] {dag.py:3036} INFO - Sync 1 DAGs
[2024-02-04T14:17:27.881+0000] {logging_mixin.py:188} INFO - [2024-02-04T14:17:27.880+0000] {dag.py:3823} INFO - Setting next_dagrun for latest_only to 2024-02-04 08:00:00+00:00, run_after=2024-02-04 12:00:00+00:00
[2024-02-04T14:17:27.916+0000] {processor.py:183} INFO - Processing /home/airflow/.local/lib/python3.8/site-packages/airflow/example_dags/example_latest_only.py took 0.136 seconds
[2024-02-04T14:17:58.247+0000] {processor.py:161} INFO - Started process (PID=203) to work on /home/airflow/.local/lib/python3.8/site-packages/airflow/example_dags/example_latest_only.py
[2024-02-04T14:17:58.257+0000] {processor.py:830} INFO - Processing file /home/airflow/.local/lib/python3.8/site-packages/airflow/example_dags/example_latest_only.py for tasks to queue
[2024-02-04T14:17:58.259+0000] {logging_mixin.py:188} INFO - [2024-02-04T14:17:58.258+0000] {dagbag.py:538} INFO - Filling up the DagBag from /home/airflow/.local/lib/python3.8/site-packages/airflow/example_dags/example_latest_only.py
[2024-02-04T14:17:58.267+0000] {processor.py:840} INFO - DAG(s) 'latest_only' retrieved from /home/airflow/.local/lib/python3.8/site-packages/airflow/example_dags/example_latest_only.py
[2024-02-04T14:17:58.363+0000] {logging_mixin.py:188} INFO - [2024-02-04T14:17:58.362+0000] {dag.py:3036} INFO - Sync 1 DAGs
[2024-02-04T14:17:58.420+0000] {logging_mixin.py:188} INFO - [2024-02-04T14:17:58.420+0000] {dag.py:3823} INFO - Setting next_dagrun for latest_only to 2024-02-04 08:00:00+00:00, run_after=2024-02-04 12:00:00+00:00
[2024-02-04T14:17:58.453+0000] {processor.py:183} INFO - Processing /home/airflow/.local/lib/python3.8/site-packages/airflow/example_dags/example_latest_only.py took 0.209 seconds
[2024-02-04T14:18:28.615+0000] {processor.py:161} INFO - Started process (PID=259) to work on /home/airflow/.local/lib/python3.8/site-packages/airflow/example_dags/example_latest_only.py
[2024-02-04T14:18:28.616+0000] {processor.py:830} INFO - Processing file /home/airflow/.local/lib/python3.8/site-packages/airflow/example_dags/example_latest_only.py for tasks to queue
[2024-02-04T14:18:28.618+0000] {logging_mixin.py:188} INFO - [2024-02-04T14:18:28.618+0000] {dagbag.py:538} INFO - Filling up the DagBag from /home/airflow/.local/lib/python3.8/site-packages/airflow/example_dags/example_latest_only.py
[2024-02-04T14:18:28.624+0000] {processor.py:840} INFO - DAG(s) 'latest_only' retrieved from /home/airflow/.local/lib/python3.8/site-packages/airflow/example_dags/example_latest_only.py
[2024-02-04T14:18:28.645+0000] {logging_mixin.py:188} INFO - [2024-02-04T14:18:28.645+0000] {dag.py:3036} INFO - Sync 1 DAGs
[2024-02-04T14:18:28.671+0000] {logging_mixin.py:188} INFO - [2024-02-04T14:18:28.671+0000] {dag.py:3823} INFO - Setting next_dagrun for latest_only to 2024-02-04 08:00:00+00:00, run_after=2024-02-04 12:00:00+00:00
[2024-02-04T14:18:28.694+0000] {processor.py:183} INFO - Processing /home/airflow/.local/lib/python3.8/site-packages/airflow/example_dags/example_latest_only.py took 0.082 seconds
[2024-02-04T14:18:59.335+0000] {processor.py:161} INFO - Started process (PID=315) to work on /home/airflow/.local/lib/python3.8/site-packages/airflow/example_dags/example_latest_only.py
[2024-02-04T14:18:59.336+0000] {processor.py:830} INFO - Processing file /home/airflow/.local/lib/python3.8/site-packages/airflow/example_dags/example_latest_only.py for tasks to queue
[2024-02-04T14:18:59.338+0000] {logging_mixin.py:188} INFO - [2024-02-04T14:18:59.338+0000] {dagbag.py:538} INFO - Filling up the DagBag from /home/airflow/.local/lib/python3.8/site-packages/airflow/example_dags/example_latest_only.py
[2024-02-04T14:18:59.344+0000] {processor.py:840} INFO - DAG(s) 'latest_only' retrieved from /home/airflow/.local/lib/python3.8/site-packages/airflow/example_dags/example_latest_only.py
[2024-02-04T14:18:59.365+0000] {logging_mixin.py:188} INFO - [2024-02-04T14:18:59.364+0000] {dag.py:3036} INFO - Sync 1 DAGs
[2024-02-04T14:18:59.388+0000] {logging_mixin.py:188} INFO - [2024-02-04T14:18:59.388+0000] {dag.py:3823} INFO - Setting next_dagrun for latest_only to 2024-02-04 08:00:00+00:00, run_after=2024-02-04 12:00:00+00:00
[2024-02-04T14:18:59.411+0000] {processor.py:183} INFO - Processing /home/airflow/.local/lib/python3.8/site-packages/airflow/example_dags/example_latest_only.py took 0.079 seconds
[2024-02-04T14:19:29.790+0000] {processor.py:161} INFO - Started process (PID=370) to work on /home/airflow/.local/lib/python3.8/site-packages/airflow/example_dags/example_latest_only.py
[2024-02-04T14:19:29.791+0000] {processor.py:830} INFO - Processing file /home/airflow/.local/lib/python3.8/site-packages/airflow/example_dags/example_latest_only.py for tasks to queue
[2024-02-04T14:19:29.793+0000] {logging_mixin.py:188} INFO - [2024-02-04T14:19:29.793+0000] {dagbag.py:538} INFO - Filling up the DagBag from /home/airflow/.local/lib/python3.8/site-packages/airflow/example_dags/example_latest_only.py
[2024-02-04T14:19:29.798+0000] {processor.py:840} INFO - DAG(s) 'latest_only' retrieved from /home/airflow/.local/lib/python3.8/site-packages/airflow/example_dags/example_latest_only.py
[2024-02-04T14:19:29.819+0000] {logging_mixin.py:188} INFO - [2024-02-04T14:19:29.819+0000] {dag.py:3036} INFO - Sync 1 DAGs
[2024-02-04T14:19:29.845+0000] {logging_mixin.py:188} INFO - [2024-02-04T14:19:29.844+0000] {dag.py:3823} INFO - Setting next_dagrun for latest_only to 2024-02-04 08:00:00+00:00, run_after=2024-02-04 12:00:00+00:00
[2024-02-04T14:19:29.869+0000] {processor.py:183} INFO - Processing /home/airflow/.local/lib/python3.8/site-packages/airflow/example_dags/example_latest_only.py took 0.082 seconds
[2024-02-04T14:22:50.550+0000] {processor.py:161} INFO - Started process (PID=37) to work on /home/airflow/.local/lib/python3.8/site-packages/airflow/example_dags/example_latest_only.py
[2024-02-04T14:22:50.564+0000] {processor.py:830} INFO - Processing file /home/airflow/.local/lib/python3.8/site-packages/airflow/example_dags/example_latest_only.py for tasks to queue
[2024-02-04T14:22:50.568+0000] {logging_mixin.py:188} INFO - [2024-02-04T14:22:50.567+0000] {dagbag.py:538} INFO - Filling up the DagBag from /home/airflow/.local/lib/python3.8/site-packages/airflow/example_dags/example_latest_only.py
[2024-02-04T14:22:50.607+0000] {processor.py:840} INFO - DAG(s) 'latest_only' retrieved from /home/airflow/.local/lib/python3.8/site-packages/airflow/example_dags/example_latest_only.py
[2024-02-04T14:22:51.415+0000] {logging_mixin.py:188} INFO - [2024-02-04T14:22:51.415+0000] {dag.py:3036} INFO - Sync 1 DAGs
[2024-02-04T14:22:51.536+0000] {logging_mixin.py:188} INFO - [2024-02-04T14:22:51.536+0000] {dag.py:3823} INFO - Setting next_dagrun for latest_only to 2024-02-04 08:00:00+00:00, run_after=2024-02-04 12:00:00+00:00
[2024-02-04T14:22:51.655+0000] {processor.py:183} INFO - Processing /home/airflow/.local/lib/python3.8/site-packages/airflow/example_dags/example_latest_only.py took 1.111 seconds
[2024-02-04T14:23:21.917+0000] {processor.py:161} INFO - Started process (PID=92) to work on /home/airflow/.local/lib/python3.8/site-packages/airflow/example_dags/example_latest_only.py
[2024-02-04T14:23:21.926+0000] {processor.py:830} INFO - Processing file /home/airflow/.local/lib/python3.8/site-packages/airflow/example_dags/example_latest_only.py for tasks to queue
[2024-02-04T14:23:21.928+0000] {logging_mixin.py:188} INFO - [2024-02-04T14:23:21.928+0000] {dagbag.py:538} INFO - Filling up the DagBag from /home/airflow/.local/lib/python3.8/site-packages/airflow/example_dags/example_latest_only.py
[2024-02-04T14:23:21.939+0000] {processor.py:840} INFO - DAG(s) 'latest_only' retrieved from /home/airflow/.local/lib/python3.8/site-packages/airflow/example_dags/example_latest_only.py
[2024-02-04T14:23:21.970+0000] {logging_mixin.py:188} INFO - [2024-02-04T14:23:21.970+0000] {dag.py:3036} INFO - Sync 1 DAGs
[2024-02-04T14:23:22.006+0000] {logging_mixin.py:188} INFO - [2024-02-04T14:23:22.006+0000] {dag.py:3823} INFO - Setting next_dagrun for latest_only to 2024-02-04 08:00:00+00:00, run_after=2024-02-04 12:00:00+00:00
[2024-02-04T14:23:22.049+0000] {processor.py:183} INFO - Processing /home/airflow/.local/lib/python3.8/site-packages/airflow/example_dags/example_latest_only.py took 0.137 seconds
[2024-02-04T14:23:52.278+0000] {processor.py:161} INFO - Started process (PID=148) to work on /home/airflow/.local/lib/python3.8/site-packages/airflow/example_dags/example_latest_only.py
[2024-02-04T14:23:52.289+0000] {processor.py:830} INFO - Processing file /home/airflow/.local/lib/python3.8/site-packages/airflow/example_dags/example_latest_only.py for tasks to queue
[2024-02-04T14:23:52.291+0000] {logging_mixin.py:188} INFO - [2024-02-04T14:23:52.291+0000] {dagbag.py:538} INFO - Filling up the DagBag from /home/airflow/.local/lib/python3.8/site-packages/airflow/example_dags/example_latest_only.py
[2024-02-04T14:23:52.302+0000] {processor.py:840} INFO - DAG(s) 'latest_only' retrieved from /home/airflow/.local/lib/python3.8/site-packages/airflow/example_dags/example_latest_only.py
[2024-02-04T14:23:52.365+0000] {logging_mixin.py:188} INFO - [2024-02-04T14:23:52.365+0000] {dag.py:3036} INFO - Sync 1 DAGs
[2024-02-04T14:23:52.421+0000] {logging_mixin.py:188} INFO - [2024-02-04T14:23:52.421+0000] {dag.py:3823} INFO - Setting next_dagrun for latest_only to 2024-02-04 08:00:00+00:00, run_after=2024-02-04 12:00:00+00:00
[2024-02-04T14:23:52.464+0000] {processor.py:183} INFO - Processing /home/airflow/.local/lib/python3.8/site-packages/airflow/example_dags/example_latest_only.py took 0.190 seconds
[2024-02-04T14:24:22.549+0000] {processor.py:161} INFO - Started process (PID=203) to work on /home/airflow/.local/lib/python3.8/site-packages/airflow/example_dags/example_latest_only.py
[2024-02-04T14:24:22.549+0000] {processor.py:830} INFO - Processing file /home/airflow/.local/lib/python3.8/site-packages/airflow/example_dags/example_latest_only.py for tasks to queue
[2024-02-04T14:24:22.551+0000] {logging_mixin.py:188} INFO - [2024-02-04T14:24:22.550+0000] {dagbag.py:538} INFO - Filling up the DagBag from /home/airflow/.local/lib/python3.8/site-packages/airflow/example_dags/example_latest_only.py
[2024-02-04T14:24:22.555+0000] {processor.py:840} INFO - DAG(s) 'latest_only' retrieved from /home/airflow/.local/lib/python3.8/site-packages/airflow/example_dags/example_latest_only.py
[2024-02-04T14:24:22.570+0000] {logging_mixin.py:188} INFO - [2024-02-04T14:24:22.570+0000] {dag.py:3036} INFO - Sync 1 DAGs
[2024-02-04T14:24:22.587+0000] {logging_mixin.py:188} INFO - [2024-02-04T14:24:22.587+0000] {dag.py:3823} INFO - Setting next_dagrun for latest_only to 2024-02-04 08:00:00+00:00, run_after=2024-02-04 12:00:00+00:00
[2024-02-04T14:24:22.608+0000] {processor.py:183} INFO - Processing /home/airflow/.local/lib/python3.8/site-packages/airflow/example_dags/example_latest_only.py took 0.062 seconds
[2024-02-04T14:24:53.105+0000] {processor.py:161} INFO - Started process (PID=258) to work on /home/airflow/.local/lib/python3.8/site-packages/airflow/example_dags/example_latest_only.py
[2024-02-04T14:24:53.105+0000] {processor.py:830} INFO - Processing file /home/airflow/.local/lib/python3.8/site-packages/airflow/example_dags/example_latest_only.py for tasks to queue
[2024-02-04T14:24:53.107+0000] {logging_mixin.py:188} INFO - [2024-02-04T14:24:53.107+0000] {dagbag.py:538} INFO - Filling up the DagBag from /home/airflow/.local/lib/python3.8/site-packages/airflow/example_dags/example_latest_only.py
[2024-02-04T14:24:53.113+0000] {processor.py:840} INFO - DAG(s) 'latest_only' retrieved from /home/airflow/.local/lib/python3.8/site-packages/airflow/example_dags/example_latest_only.py
[2024-02-04T14:24:53.134+0000] {logging_mixin.py:188} INFO - [2024-02-04T14:24:53.134+0000] {dag.py:3036} INFO - Sync 1 DAGs
[2024-02-04T14:24:53.160+0000] {logging_mixin.py:188} INFO - [2024-02-04T14:24:53.159+0000] {dag.py:3823} INFO - Setting next_dagrun for latest_only to 2024-02-04 08:00:00+00:00, run_after=2024-02-04 12:00:00+00:00
[2024-02-04T14:24:53.183+0000] {processor.py:183} INFO - Processing /home/airflow/.local/lib/python3.8/site-packages/airflow/example_dags/example_latest_only.py took 0.082 seconds
[2024-02-04T14:25:23.376+0000] {processor.py:161} INFO - Started process (PID=314) to work on /home/airflow/.local/lib/python3.8/site-packages/airflow/example_dags/example_latest_only.py
[2024-02-04T14:25:23.376+0000] {processor.py:830} INFO - Processing file /home/airflow/.local/lib/python3.8/site-packages/airflow/example_dags/example_latest_only.py for tasks to queue
[2024-02-04T14:25:23.378+0000] {logging_mixin.py:188} INFO - [2024-02-04T14:25:23.378+0000] {dagbag.py:538} INFO - Filling up the DagBag from /home/airflow/.local/lib/python3.8/site-packages/airflow/example_dags/example_latest_only.py
[2024-02-04T14:25:23.383+0000] {processor.py:840} INFO - DAG(s) 'latest_only' retrieved from /home/airflow/.local/lib/python3.8/site-packages/airflow/example_dags/example_latest_only.py
[2024-02-04T14:25:23.404+0000] {logging_mixin.py:188} INFO - [2024-02-04T14:25:23.404+0000] {dag.py:3036} INFO - Sync 1 DAGs
[2024-02-04T14:25:23.427+0000] {logging_mixin.py:188} INFO - [2024-02-04T14:25:23.427+0000] {dag.py:3823} INFO - Setting next_dagrun for latest_only to 2024-02-04 08:00:00+00:00, run_after=2024-02-04 12:00:00+00:00
[2024-02-04T14:25:23.450+0000] {processor.py:183} INFO - Processing /home/airflow/.local/lib/python3.8/site-packages/airflow/example_dags/example_latest_only.py took 0.078 seconds
[2024-02-04T14:25:53.566+0000] {processor.py:161} INFO - Started process (PID=370) to work on /home/airflow/.local/lib/python3.8/site-packages/airflow/example_dags/example_latest_only.py
[2024-02-04T14:25:53.567+0000] {processor.py:830} INFO - Processing file /home/airflow/.local/lib/python3.8/site-packages/airflow/example_dags/example_latest_only.py for tasks to queue
[2024-02-04T14:25:53.569+0000] {logging_mixin.py:188} INFO - [2024-02-04T14:25:53.568+0000] {dagbag.py:538} INFO - Filling up the DagBag from /home/airflow/.local/lib/python3.8/site-packages/airflow/example_dags/example_latest_only.py
[2024-02-04T14:25:53.574+0000] {processor.py:840} INFO - DAG(s) 'latest_only' retrieved from /home/airflow/.local/lib/python3.8/site-packages/airflow/example_dags/example_latest_only.py
[2024-02-04T14:25:53.594+0000] {logging_mixin.py:188} INFO - [2024-02-04T14:25:53.594+0000] {dag.py:3036} INFO - Sync 1 DAGs
[2024-02-04T14:25:53.617+0000] {logging_mixin.py:188} INFO - [2024-02-04T14:25:53.617+0000] {dag.py:3823} INFO - Setting next_dagrun for latest_only to 2024-02-04 08:00:00+00:00, run_after=2024-02-04 12:00:00+00:00
[2024-02-04T14:25:53.641+0000] {processor.py:183} INFO - Processing /home/airflow/.local/lib/python3.8/site-packages/airflow/example_dags/example_latest_only.py took 0.079 seconds
[2024-02-04T14:26:23.709+0000] {processor.py:161} INFO - Started process (PID=425) to work on /home/airflow/.local/lib/python3.8/site-packages/airflow/example_dags/example_latest_only.py
[2024-02-04T14:26:23.721+0000] {processor.py:830} INFO - Processing file /home/airflow/.local/lib/python3.8/site-packages/airflow/example_dags/example_latest_only.py for tasks to queue
[2024-02-04T14:26:23.723+0000] {logging_mixin.py:188} INFO - [2024-02-04T14:26:23.723+0000] {dagbag.py:538} INFO - Filling up the DagBag from /home/airflow/.local/lib/python3.8/site-packages/airflow/example_dags/example_latest_only.py
[2024-02-04T14:26:23.735+0000] {processor.py:840} INFO - DAG(s) 'latest_only' retrieved from /home/airflow/.local/lib/python3.8/site-packages/airflow/example_dags/example_latest_only.py
[2024-02-04T14:26:23.758+0000] {logging_mixin.py:188} INFO - [2024-02-04T14:26:23.757+0000] {dag.py:3036} INFO - Sync 1 DAGs
[2024-02-04T14:26:23.780+0000] {logging_mixin.py:188} INFO - [2024-02-04T14:26:23.780+0000] {dag.py:3823} INFO - Setting next_dagrun for latest_only to 2024-02-04 08:00:00+00:00, run_after=2024-02-04 12:00:00+00:00
[2024-02-04T14:26:23.806+0000] {processor.py:183} INFO - Processing /home/airflow/.local/lib/python3.8/site-packages/airflow/example_dags/example_latest_only.py took 0.112 seconds
[2024-02-04T14:26:54.636+0000] {processor.py:161} INFO - Started process (PID=480) to work on /home/airflow/.local/lib/python3.8/site-packages/airflow/example_dags/example_latest_only.py
[2024-02-04T14:26:54.637+0000] {processor.py:830} INFO - Processing file /home/airflow/.local/lib/python3.8/site-packages/airflow/example_dags/example_latest_only.py for tasks to queue
[2024-02-04T14:26:54.639+0000] {logging_mixin.py:188} INFO - [2024-02-04T14:26:54.639+0000] {dagbag.py:538} INFO - Filling up the DagBag from /home/airflow/.local/lib/python3.8/site-packages/airflow/example_dags/example_latest_only.py
[2024-02-04T14:26:54.645+0000] {processor.py:840} INFO - DAG(s) 'latest_only' retrieved from /home/airflow/.local/lib/python3.8/site-packages/airflow/example_dags/example_latest_only.py
[2024-02-04T14:26:54.665+0000] {logging_mixin.py:188} INFO - [2024-02-04T14:26:54.665+0000] {dag.py:3036} INFO - Sync 1 DAGs
[2024-02-04T14:26:54.689+0000] {logging_mixin.py:188} INFO - [2024-02-04T14:26:54.689+0000] {dag.py:3823} INFO - Setting next_dagrun for latest_only to 2024-02-04 08:00:00+00:00, run_after=2024-02-04 12:00:00+00:00
[2024-02-04T14:26:54.715+0000] {processor.py:183} INFO - Processing /home/airflow/.local/lib/python3.8/site-packages/airflow/example_dags/example_latest_only.py took 0.083 seconds
[2024-02-04T14:27:24.865+0000] {processor.py:161} INFO - Started process (PID=535) to work on /home/airflow/.local/lib/python3.8/site-packages/airflow/example_dags/example_latest_only.py
[2024-02-04T14:27:24.866+0000] {processor.py:830} INFO - Processing file /home/airflow/.local/lib/python3.8/site-packages/airflow/example_dags/example_latest_only.py for tasks to queue
[2024-02-04T14:27:24.868+0000] {logging_mixin.py:188} INFO - [2024-02-04T14:27:24.868+0000] {dagbag.py:538} INFO - Filling up the DagBag from /home/airflow/.local/lib/python3.8/site-packages/airflow/example_dags/example_latest_only.py
[2024-02-04T14:27:24.874+0000] {processor.py:840} INFO - DAG(s) 'latest_only' retrieved from /home/airflow/.local/lib/python3.8/site-packages/airflow/example_dags/example_latest_only.py
[2024-02-04T14:27:24.896+0000] {logging_mixin.py:188} INFO - [2024-02-04T14:27:24.896+0000] {dag.py:3036} INFO - Sync 1 DAGs
[2024-02-04T14:27:24.942+0000] {logging_mixin.py:188} INFO - [2024-02-04T14:27:24.942+0000] {dag.py:3823} INFO - Setting next_dagrun for latest_only to 2024-02-04 08:00:00+00:00, run_after=2024-02-04 12:00:00+00:00
[2024-02-04T14:27:24.965+0000] {processor.py:183} INFO - Processing /home/airflow/.local/lib/python3.8/site-packages/airflow/example_dags/example_latest_only.py took 0.104 seconds
[2024-02-04T14:27:55.095+0000] {processor.py:161} INFO - Started process (PID=589) to work on /home/airflow/.local/lib/python3.8/site-packages/airflow/example_dags/example_latest_only.py
[2024-02-04T14:27:55.096+0000] {processor.py:830} INFO - Processing file /home/airflow/.local/lib/python3.8/site-packages/airflow/example_dags/example_latest_only.py for tasks to queue
[2024-02-04T14:27:55.098+0000] {logging_mixin.py:188} INFO - [2024-02-04T14:27:55.098+0000] {dagbag.py:538} INFO - Filling up the DagBag from /home/airflow/.local/lib/python3.8/site-packages/airflow/example_dags/example_latest_only.py
[2024-02-04T14:27:55.104+0000] {processor.py:840} INFO - DAG(s) 'latest_only' retrieved from /home/airflow/.local/lib/python3.8/site-packages/airflow/example_dags/example_latest_only.py
[2024-02-04T14:27:55.125+0000] {logging_mixin.py:188} INFO - [2024-02-04T14:27:55.125+0000] {dag.py:3036} INFO - Sync 1 DAGs
[2024-02-04T14:27:55.149+0000] {logging_mixin.py:188} INFO - [2024-02-04T14:27:55.149+0000] {dag.py:3823} INFO - Setting next_dagrun for latest_only to 2024-02-04 08:00:00+00:00, run_after=2024-02-04 12:00:00+00:00
[2024-02-04T14:27:55.173+0000] {processor.py:183} INFO - Processing /home/airflow/.local/lib/python3.8/site-packages/airflow/example_dags/example_latest_only.py took 0.082 seconds
