[2024-02-04T14:13:08.658+0000] {processor.py:161} INFO - Started process (PID=45) to work on /home/airflow/.local/lib/python3.8/site-packages/airflow/example_dags/example_latest_only_with_trigger.py
[2024-02-04T14:13:08.664+0000] {processor.py:830} INFO - Processing file /home/airflow/.local/lib/python3.8/site-packages/airflow/example_dags/example_latest_only_with_trigger.py for tasks to queue
[2024-02-04T14:13:08.669+0000] {logging_mixin.py:188} INFO - [2024-02-04T14:13:08.669+0000] {dagbag.py:538} INFO - Filling up the DagBag from /home/airflow/.local/lib/python3.8/site-packages/airflow/example_dags/example_latest_only_with_trigger.py
[2024-02-04T14:13:08.708+0000] {processor.py:840} INFO - DAG(s) 'latest_only_with_trigger' retrieved from /home/airflow/.local/lib/python3.8/site-packages/airflow/example_dags/example_latest_only_with_trigger.py
[2024-02-04T14:13:09.025+0000] {logging_mixin.py:188} INFO - [2024-02-04T14:13:09.025+0000] {dag.py:3036} INFO - Sync 1 DAGs
[2024-02-04T14:13:09.095+0000] {logging_mixin.py:188} INFO - [2024-02-04T14:13:09.095+0000] {dag.py:3823} INFO - Setting next_dagrun for latest_only_with_trigger to 2024-02-04 08:00:00+00:00, run_after=2024-02-04 12:00:00+00:00
[2024-02-04T14:13:09.193+0000] {processor.py:183} INFO - Processing /home/airflow/.local/lib/python3.8/site-packages/airflow/example_dags/example_latest_only_with_trigger.py took 0.544 seconds
[2024-02-04T14:13:39.798+0000] {processor.py:161} INFO - Started process (PID=101) to work on /home/airflow/.local/lib/python3.8/site-packages/airflow/example_dags/example_latest_only_with_trigger.py
[2024-02-04T14:13:39.799+0000] {processor.py:830} INFO - Processing file /home/airflow/.local/lib/python3.8/site-packages/airflow/example_dags/example_latest_only_with_trigger.py for tasks to queue
[2024-02-04T14:13:39.801+0000] {logging_mixin.py:188} INFO - [2024-02-04T14:13:39.801+0000] {dagbag.py:538} INFO - Filling up the DagBag from /home/airflow/.local/lib/python3.8/site-packages/airflow/example_dags/example_latest_only_with_trigger.py
[2024-02-04T14:13:39.808+0000] {processor.py:840} INFO - DAG(s) 'latest_only_with_trigger' retrieved from /home/airflow/.local/lib/python3.8/site-packages/airflow/example_dags/example_latest_only_with_trigger.py
[2024-02-04T14:13:39.830+0000] {logging_mixin.py:188} INFO - [2024-02-04T14:13:39.830+0000] {dag.py:3036} INFO - Sync 1 DAGs
[2024-02-04T14:13:39.853+0000] {logging_mixin.py:188} INFO - [2024-02-04T14:13:39.853+0000] {dag.py:3823} INFO - Setting next_dagrun for latest_only_with_trigger to 2024-02-04 08:00:00+00:00, run_after=2024-02-04 12:00:00+00:00
[2024-02-04T14:13:39.887+0000] {processor.py:183} INFO - Processing /home/airflow/.local/lib/python3.8/site-packages/airflow/example_dags/example_latest_only_with_trigger.py took 0.092 seconds
[2024-02-04T14:14:10.650+0000] {processor.py:161} INFO - Started process (PID=156) to work on /home/airflow/.local/lib/python3.8/site-packages/airflow/example_dags/example_latest_only_with_trigger.py
[2024-02-04T14:14:10.652+0000] {processor.py:830} INFO - Processing file /home/airflow/.local/lib/python3.8/site-packages/airflow/example_dags/example_latest_only_with_trigger.py for tasks to queue
[2024-02-04T14:14:10.653+0000] {logging_mixin.py:188} INFO - [2024-02-04T14:14:10.653+0000] {dagbag.py:538} INFO - Filling up the DagBag from /home/airflow/.local/lib/python3.8/site-packages/airflow/example_dags/example_latest_only_with_trigger.py
[2024-02-04T14:14:10.660+0000] {processor.py:840} INFO - DAG(s) 'latest_only_with_trigger' retrieved from /home/airflow/.local/lib/python3.8/site-packages/airflow/example_dags/example_latest_only_with_trigger.py
[2024-02-04T14:14:10.682+0000] {logging_mixin.py:188} INFO - [2024-02-04T14:14:10.682+0000] {dag.py:3036} INFO - Sync 1 DAGs
[2024-02-04T14:14:10.708+0000] {logging_mixin.py:188} INFO - [2024-02-04T14:14:10.707+0000] {dag.py:3823} INFO - Setting next_dagrun for latest_only_with_trigger to 2024-02-04 08:00:00+00:00, run_after=2024-02-04 12:00:00+00:00
[2024-02-04T14:14:10.732+0000] {processor.py:183} INFO - Processing /home/airflow/.local/lib/python3.8/site-packages/airflow/example_dags/example_latest_only_with_trigger.py took 0.085 seconds
[2024-02-04T14:14:41.741+0000] {processor.py:161} INFO - Started process (PID=212) to work on /home/airflow/.local/lib/python3.8/site-packages/airflow/example_dags/example_latest_only_with_trigger.py
[2024-02-04T14:14:41.752+0000] {processor.py:830} INFO - Processing file /home/airflow/.local/lib/python3.8/site-packages/airflow/example_dags/example_latest_only_with_trigger.py for tasks to queue
[2024-02-04T14:14:41.754+0000] {logging_mixin.py:188} INFO - [2024-02-04T14:14:41.754+0000] {dagbag.py:538} INFO - Filling up the DagBag from /home/airflow/.local/lib/python3.8/site-packages/airflow/example_dags/example_latest_only_with_trigger.py
[2024-02-04T14:14:41.760+0000] {processor.py:840} INFO - DAG(s) 'latest_only_with_trigger' retrieved from /home/airflow/.local/lib/python3.8/site-packages/airflow/example_dags/example_latest_only_with_trigger.py
[2024-02-04T14:14:41.806+0000] {logging_mixin.py:188} INFO - [2024-02-04T14:14:41.806+0000] {dag.py:3036} INFO - Sync 1 DAGs
[2024-02-04T14:14:41.849+0000] {logging_mixin.py:188} INFO - [2024-02-04T14:14:41.848+0000] {dag.py:3823} INFO - Setting next_dagrun for latest_only_with_trigger to 2024-02-04 08:00:00+00:00, run_after=2024-02-04 12:00:00+00:00
[2024-02-04T14:14:41.891+0000] {processor.py:183} INFO - Processing /home/airflow/.local/lib/python3.8/site-packages/airflow/example_dags/example_latest_only_with_trigger.py took 0.153 seconds
[2024-02-04T14:16:29.292+0000] {processor.py:161} INFO - Started process (PID=45) to work on /home/airflow/.local/lib/python3.8/site-packages/airflow/example_dags/example_latest_only_with_trigger.py
[2024-02-04T14:16:29.294+0000] {processor.py:830} INFO - Processing file /home/airflow/.local/lib/python3.8/site-packages/airflow/example_dags/example_latest_only_with_trigger.py for tasks to queue
[2024-02-04T14:16:29.295+0000] {logging_mixin.py:188} INFO - [2024-02-04T14:16:29.295+0000] {dagbag.py:538} INFO - Filling up the DagBag from /home/airflow/.local/lib/python3.8/site-packages/airflow/example_dags/example_latest_only_with_trigger.py
[2024-02-04T14:16:29.333+0000] {processor.py:840} INFO - DAG(s) 'latest_only_with_trigger' retrieved from /home/airflow/.local/lib/python3.8/site-packages/airflow/example_dags/example_latest_only_with_trigger.py
[2024-02-04T14:16:29.759+0000] {logging_mixin.py:188} INFO - [2024-02-04T14:16:29.758+0000] {dag.py:3036} INFO - Sync 1 DAGs
[2024-02-04T14:16:29.830+0000] {logging_mixin.py:188} INFO - [2024-02-04T14:16:29.829+0000] {dag.py:3823} INFO - Setting next_dagrun for latest_only_with_trigger to 2024-02-04 08:00:00+00:00, run_after=2024-02-04 12:00:00+00:00
[2024-02-04T14:16:29.905+0000] {processor.py:183} INFO - Processing /home/airflow/.local/lib/python3.8/site-packages/airflow/example_dags/example_latest_only_with_trigger.py took 0.617 seconds
[2024-02-04T14:17:00.128+0000] {processor.py:161} INFO - Started process (PID=101) to work on /home/airflow/.local/lib/python3.8/site-packages/airflow/example_dags/example_latest_only_with_trigger.py
[2024-02-04T14:17:00.129+0000] {processor.py:830} INFO - Processing file /home/airflow/.local/lib/python3.8/site-packages/airflow/example_dags/example_latest_only_with_trigger.py for tasks to queue
[2024-02-04T14:17:00.130+0000] {logging_mixin.py:188} INFO - [2024-02-04T14:17:00.130+0000] {dagbag.py:538} INFO - Filling up the DagBag from /home/airflow/.local/lib/python3.8/site-packages/airflow/example_dags/example_latest_only_with_trigger.py
[2024-02-04T14:17:00.135+0000] {processor.py:840} INFO - DAG(s) 'latest_only_with_trigger' retrieved from /home/airflow/.local/lib/python3.8/site-packages/airflow/example_dags/example_latest_only_with_trigger.py
[2024-02-04T14:17:00.154+0000] {logging_mixin.py:188} INFO - [2024-02-04T14:17:00.154+0000] {dag.py:3036} INFO - Sync 1 DAGs
[2024-02-04T14:17:00.170+0000] {logging_mixin.py:188} INFO - [2024-02-04T14:17:00.170+0000] {dag.py:3823} INFO - Setting next_dagrun for latest_only_with_trigger to 2024-02-04 08:00:00+00:00, run_after=2024-02-04 12:00:00+00:00
[2024-02-04T14:17:00.190+0000] {processor.py:183} INFO - Processing /home/airflow/.local/lib/python3.8/site-packages/airflow/example_dags/example_latest_only_with_trigger.py took 0.064 seconds
[2024-02-04T14:17:30.590+0000] {processor.py:161} INFO - Started process (PID=157) to work on /home/airflow/.local/lib/python3.8/site-packages/airflow/example_dags/example_latest_only_with_trigger.py
[2024-02-04T14:17:30.591+0000] {processor.py:830} INFO - Processing file /home/airflow/.local/lib/python3.8/site-packages/airflow/example_dags/example_latest_only_with_trigger.py for tasks to queue
[2024-02-04T14:17:30.592+0000] {logging_mixin.py:188} INFO - [2024-02-04T14:17:30.592+0000] {dagbag.py:538} INFO - Filling up the DagBag from /home/airflow/.local/lib/python3.8/site-packages/airflow/example_dags/example_latest_only_with_trigger.py
[2024-02-04T14:17:30.597+0000] {processor.py:840} INFO - DAG(s) 'latest_only_with_trigger' retrieved from /home/airflow/.local/lib/python3.8/site-packages/airflow/example_dags/example_latest_only_with_trigger.py
[2024-02-04T14:17:30.613+0000] {logging_mixin.py:188} INFO - [2024-02-04T14:17:30.613+0000] {dag.py:3036} INFO - Sync 1 DAGs
[2024-02-04T14:17:30.630+0000] {logging_mixin.py:188} INFO - [2024-02-04T14:17:30.630+0000] {dag.py:3823} INFO - Setting next_dagrun for latest_only_with_trigger to 2024-02-04 08:00:00+00:00, run_after=2024-02-04 12:00:00+00:00
[2024-02-04T14:17:30.651+0000] {processor.py:183} INFO - Processing /home/airflow/.local/lib/python3.8/site-packages/airflow/example_dags/example_latest_only_with_trigger.py took 0.064 seconds
[2024-02-04T14:18:01.127+0000] {processor.py:161} INFO - Started process (PID=212) to work on /home/airflow/.local/lib/python3.8/site-packages/airflow/example_dags/example_latest_only_with_trigger.py
[2024-02-04T14:18:01.134+0000] {processor.py:830} INFO - Processing file /home/airflow/.local/lib/python3.8/site-packages/airflow/example_dags/example_latest_only_with_trigger.py for tasks to queue
[2024-02-04T14:18:01.136+0000] {logging_mixin.py:188} INFO - [2024-02-04T14:18:01.135+0000] {dagbag.py:538} INFO - Filling up the DagBag from /home/airflow/.local/lib/python3.8/site-packages/airflow/example_dags/example_latest_only_with_trigger.py
[2024-02-04T14:18:01.142+0000] {processor.py:840} INFO - DAG(s) 'latest_only_with_trigger' retrieved from /home/airflow/.local/lib/python3.8/site-packages/airflow/example_dags/example_latest_only_with_trigger.py
[2024-02-04T14:18:01.189+0000] {logging_mixin.py:188} INFO - [2024-02-04T14:18:01.189+0000] {dag.py:3036} INFO - Sync 1 DAGs
[2024-02-04T14:18:01.234+0000] {logging_mixin.py:188} INFO - [2024-02-04T14:18:01.233+0000] {dag.py:3823} INFO - Setting next_dagrun for latest_only_with_trigger to 2024-02-04 08:00:00+00:00, run_after=2024-02-04 12:00:00+00:00
[2024-02-04T14:18:01.293+0000] {processor.py:183} INFO - Processing /home/airflow/.local/lib/python3.8/site-packages/airflow/example_dags/example_latest_only_with_trigger.py took 0.170 seconds
[2024-02-04T14:18:31.381+0000] {processor.py:161} INFO - Started process (PID=268) to work on /home/airflow/.local/lib/python3.8/site-packages/airflow/example_dags/example_latest_only_with_trigger.py
[2024-02-04T14:18:31.382+0000] {processor.py:830} INFO - Processing file /home/airflow/.local/lib/python3.8/site-packages/airflow/example_dags/example_latest_only_with_trigger.py for tasks to queue
[2024-02-04T14:18:31.384+0000] {logging_mixin.py:188} INFO - [2024-02-04T14:18:31.384+0000] {dagbag.py:538} INFO - Filling up the DagBag from /home/airflow/.local/lib/python3.8/site-packages/airflow/example_dags/example_latest_only_with_trigger.py
[2024-02-04T14:18:31.397+0000] {processor.py:840} INFO - DAG(s) 'latest_only_with_trigger' retrieved from /home/airflow/.local/lib/python3.8/site-packages/airflow/example_dags/example_latest_only_with_trigger.py
[2024-02-04T14:18:31.443+0000] {logging_mixin.py:188} INFO - [2024-02-04T14:18:31.443+0000] {dag.py:3036} INFO - Sync 1 DAGs
[2024-02-04T14:18:31.490+0000] {logging_mixin.py:188} INFO - [2024-02-04T14:18:31.489+0000] {dag.py:3823} INFO - Setting next_dagrun for latest_only_with_trigger to 2024-02-04 08:00:00+00:00, run_after=2024-02-04 12:00:00+00:00
[2024-02-04T14:18:31.527+0000] {processor.py:183} INFO - Processing /home/airflow/.local/lib/python3.8/site-packages/airflow/example_dags/example_latest_only_with_trigger.py took 0.157 seconds
[2024-02-04T14:19:01.848+0000] {processor.py:161} INFO - Started process (PID=324) to work on /home/airflow/.local/lib/python3.8/site-packages/airflow/example_dags/example_latest_only_with_trigger.py
[2024-02-04T14:19:01.849+0000] {processor.py:830} INFO - Processing file /home/airflow/.local/lib/python3.8/site-packages/airflow/example_dags/example_latest_only_with_trigger.py for tasks to queue
[2024-02-04T14:19:01.852+0000] {logging_mixin.py:188} INFO - [2024-02-04T14:19:01.852+0000] {dagbag.py:538} INFO - Filling up the DagBag from /home/airflow/.local/lib/python3.8/site-packages/airflow/example_dags/example_latest_only_with_trigger.py
[2024-02-04T14:19:01.858+0000] {processor.py:840} INFO - DAG(s) 'latest_only_with_trigger' retrieved from /home/airflow/.local/lib/python3.8/site-packages/airflow/example_dags/example_latest_only_with_trigger.py
[2024-02-04T14:19:01.899+0000] {logging_mixin.py:188} INFO - [2024-02-04T14:19:01.899+0000] {dag.py:3036} INFO - Sync 1 DAGs
[2024-02-04T14:19:01.928+0000] {logging_mixin.py:188} INFO - [2024-02-04T14:19:01.928+0000] {dag.py:3823} INFO - Setting next_dagrun for latest_only_with_trigger to 2024-02-04 08:00:00+00:00, run_after=2024-02-04 12:00:00+00:00
[2024-02-04T14:19:01.952+0000] {processor.py:183} INFO - Processing /home/airflow/.local/lib/python3.8/site-packages/airflow/example_dags/example_latest_only_with_trigger.py took 0.108 seconds
[2024-02-04T14:19:32.285+0000] {processor.py:161} INFO - Started process (PID=379) to work on /home/airflow/.local/lib/python3.8/site-packages/airflow/example_dags/example_latest_only_with_trigger.py
[2024-02-04T14:19:32.286+0000] {processor.py:830} INFO - Processing file /home/airflow/.local/lib/python3.8/site-packages/airflow/example_dags/example_latest_only_with_trigger.py for tasks to queue
[2024-02-04T14:19:32.288+0000] {logging_mixin.py:188} INFO - [2024-02-04T14:19:32.288+0000] {dagbag.py:538} INFO - Filling up the DagBag from /home/airflow/.local/lib/python3.8/site-packages/airflow/example_dags/example_latest_only_with_trigger.py
[2024-02-04T14:19:32.295+0000] {processor.py:840} INFO - DAG(s) 'latest_only_with_trigger' retrieved from /home/airflow/.local/lib/python3.8/site-packages/airflow/example_dags/example_latest_only_with_trigger.py
[2024-02-04T14:19:32.320+0000] {logging_mixin.py:188} INFO - [2024-02-04T14:19:32.319+0000] {dag.py:3036} INFO - Sync 1 DAGs
[2024-02-04T14:19:32.343+0000] {logging_mixin.py:188} INFO - [2024-02-04T14:19:32.343+0000] {dag.py:3823} INFO - Setting next_dagrun for latest_only_with_trigger to 2024-02-04 08:00:00+00:00, run_after=2024-02-04 12:00:00+00:00
[2024-02-04T14:19:32.366+0000] {processor.py:183} INFO - Processing /home/airflow/.local/lib/python3.8/site-packages/airflow/example_dags/example_latest_only_with_trigger.py took 0.085 seconds
[2024-02-04T14:22:54.631+0000] {processor.py:161} INFO - Started process (PID=46) to work on /home/airflow/.local/lib/python3.8/site-packages/airflow/example_dags/example_latest_only_with_trigger.py
[2024-02-04T14:22:54.641+0000] {processor.py:830} INFO - Processing file /home/airflow/.local/lib/python3.8/site-packages/airflow/example_dags/example_latest_only_with_trigger.py for tasks to queue
[2024-02-04T14:22:54.649+0000] {logging_mixin.py:188} INFO - [2024-02-04T14:22:54.649+0000] {dagbag.py:538} INFO - Filling up the DagBag from /home/airflow/.local/lib/python3.8/site-packages/airflow/example_dags/example_latest_only_with_trigger.py
[2024-02-04T14:22:54.681+0000] {processor.py:840} INFO - DAG(s) 'latest_only_with_trigger' retrieved from /home/airflow/.local/lib/python3.8/site-packages/airflow/example_dags/example_latest_only_with_trigger.py
[2024-02-04T14:22:55.130+0000] {logging_mixin.py:188} INFO - [2024-02-04T14:22:55.130+0000] {dag.py:3036} INFO - Sync 1 DAGs
[2024-02-04T14:22:55.197+0000] {logging_mixin.py:188} INFO - [2024-02-04T14:22:55.197+0000] {dag.py:3823} INFO - Setting next_dagrun for latest_only_with_trigger to 2024-02-04 08:00:00+00:00, run_after=2024-02-04 12:00:00+00:00
[2024-02-04T14:22:55.277+0000] {processor.py:183} INFO - Processing /home/airflow/.local/lib/python3.8/site-packages/airflow/example_dags/example_latest_only_with_trigger.py took 0.661 seconds
[2024-02-04T14:23:25.608+0000] {processor.py:161} INFO - Started process (PID=101) to work on /home/airflow/.local/lib/python3.8/site-packages/airflow/example_dags/example_latest_only_with_trigger.py
[2024-02-04T14:23:25.609+0000] {processor.py:830} INFO - Processing file /home/airflow/.local/lib/python3.8/site-packages/airflow/example_dags/example_latest_only_with_trigger.py for tasks to queue
[2024-02-04T14:23:25.610+0000] {logging_mixin.py:188} INFO - [2024-02-04T14:23:25.610+0000] {dagbag.py:538} INFO - Filling up the DagBag from /home/airflow/.local/lib/python3.8/site-packages/airflow/example_dags/example_latest_only_with_trigger.py
[2024-02-04T14:23:25.615+0000] {processor.py:840} INFO - DAG(s) 'latest_only_with_trigger' retrieved from /home/airflow/.local/lib/python3.8/site-packages/airflow/example_dags/example_latest_only_with_trigger.py
[2024-02-04T14:23:25.632+0000] {logging_mixin.py:188} INFO - [2024-02-04T14:23:25.632+0000] {dag.py:3036} INFO - Sync 1 DAGs
[2024-02-04T14:23:25.651+0000] {logging_mixin.py:188} INFO - [2024-02-04T14:23:25.651+0000] {dag.py:3823} INFO - Setting next_dagrun for latest_only_with_trigger to 2024-02-04 08:00:00+00:00, run_after=2024-02-04 12:00:00+00:00
[2024-02-04T14:23:25.674+0000] {processor.py:183} INFO - Processing /home/airflow/.local/lib/python3.8/site-packages/airflow/example_dags/example_latest_only_with_trigger.py took 0.068 seconds
[2024-02-04T14:23:56.040+0000] {processor.py:161} INFO - Started process (PID=157) to work on /home/airflow/.local/lib/python3.8/site-packages/airflow/example_dags/example_latest_only_with_trigger.py
[2024-02-04T14:23:56.041+0000] {processor.py:830} INFO - Processing file /home/airflow/.local/lib/python3.8/site-packages/airflow/example_dags/example_latest_only_with_trigger.py for tasks to queue
[2024-02-04T14:23:56.043+0000] {logging_mixin.py:188} INFO - [2024-02-04T14:23:56.043+0000] {dagbag.py:538} INFO - Filling up the DagBag from /home/airflow/.local/lib/python3.8/site-packages/airflow/example_dags/example_latest_only_with_trigger.py
[2024-02-04T14:23:56.050+0000] {processor.py:840} INFO - DAG(s) 'latest_only_with_trigger' retrieved from /home/airflow/.local/lib/python3.8/site-packages/airflow/example_dags/example_latest_only_with_trigger.py
[2024-02-04T14:23:56.074+0000] {logging_mixin.py:188} INFO - [2024-02-04T14:23:56.074+0000] {dag.py:3036} INFO - Sync 1 DAGs
[2024-02-04T14:23:56.099+0000] {logging_mixin.py:188} INFO - [2024-02-04T14:23:56.099+0000] {dag.py:3823} INFO - Setting next_dagrun for latest_only_with_trigger to 2024-02-04 08:00:00+00:00, run_after=2024-02-04 12:00:00+00:00
[2024-02-04T14:23:56.123+0000] {processor.py:183} INFO - Processing /home/airflow/.local/lib/python3.8/site-packages/airflow/example_dags/example_latest_only_with_trigger.py took 0.086 seconds
[2024-02-04T14:24:26.529+0000] {processor.py:161} INFO - Started process (PID=212) to work on /home/airflow/.local/lib/python3.8/site-packages/airflow/example_dags/example_latest_only_with_trigger.py
[2024-02-04T14:24:26.531+0000] {processor.py:830} INFO - Processing file /home/airflow/.local/lib/python3.8/site-packages/airflow/example_dags/example_latest_only_with_trigger.py for tasks to queue
[2024-02-04T14:24:26.549+0000] {logging_mixin.py:188} INFO - [2024-02-04T14:24:26.549+0000] {dagbag.py:538} INFO - Filling up the DagBag from /home/airflow/.local/lib/python3.8/site-packages/airflow/example_dags/example_latest_only_with_trigger.py
[2024-02-04T14:24:26.556+0000] {processor.py:840} INFO - DAG(s) 'latest_only_with_trigger' retrieved from /home/airflow/.local/lib/python3.8/site-packages/airflow/example_dags/example_latest_only_with_trigger.py
[2024-02-04T14:24:26.639+0000] {logging_mixin.py:188} INFO - [2024-02-04T14:24:26.639+0000] {dag.py:3036} INFO - Sync 1 DAGs
[2024-02-04T14:24:26.709+0000] {logging_mixin.py:188} INFO - [2024-02-04T14:24:26.705+0000] {dag.py:3823} INFO - Setting next_dagrun for latest_only_with_trigger to 2024-02-04 08:00:00+00:00, run_after=2024-02-04 12:00:00+00:00
[2024-02-04T14:24:26.779+0000] {processor.py:183} INFO - Processing /home/airflow/.local/lib/python3.8/site-packages/airflow/example_dags/example_latest_only_with_trigger.py took 0.269 seconds
[2024-02-04T14:24:57.579+0000] {processor.py:161} INFO - Started process (PID=267) to work on /home/airflow/.local/lib/python3.8/site-packages/airflow/example_dags/example_latest_only_with_trigger.py
[2024-02-04T14:24:57.580+0000] {processor.py:830} INFO - Processing file /home/airflow/.local/lib/python3.8/site-packages/airflow/example_dags/example_latest_only_with_trigger.py for tasks to queue
[2024-02-04T14:24:57.582+0000] {logging_mixin.py:188} INFO - [2024-02-04T14:24:57.582+0000] {dagbag.py:538} INFO - Filling up the DagBag from /home/airflow/.local/lib/python3.8/site-packages/airflow/example_dags/example_latest_only_with_trigger.py
[2024-02-04T14:24:57.590+0000] {processor.py:840} INFO - DAG(s) 'latest_only_with_trigger' retrieved from /home/airflow/.local/lib/python3.8/site-packages/airflow/example_dags/example_latest_only_with_trigger.py
[2024-02-04T14:24:57.619+0000] {logging_mixin.py:188} INFO - [2024-02-04T14:24:57.618+0000] {dag.py:3036} INFO - Sync 1 DAGs
[2024-02-04T14:24:57.649+0000] {logging_mixin.py:188} INFO - [2024-02-04T14:24:57.649+0000] {dag.py:3823} INFO - Setting next_dagrun for latest_only_with_trigger to 2024-02-04 08:00:00+00:00, run_after=2024-02-04 12:00:00+00:00
[2024-02-04T14:24:57.674+0000] {processor.py:183} INFO - Processing /home/airflow/.local/lib/python3.8/site-packages/airflow/example_dags/example_latest_only_with_trigger.py took 0.098 seconds
[2024-02-04T14:25:27.835+0000] {processor.py:161} INFO - Started process (PID=323) to work on /home/airflow/.local/lib/python3.8/site-packages/airflow/example_dags/example_latest_only_with_trigger.py
[2024-02-04T14:25:27.836+0000] {processor.py:830} INFO - Processing file /home/airflow/.local/lib/python3.8/site-packages/airflow/example_dags/example_latest_only_with_trigger.py for tasks to queue
[2024-02-04T14:25:27.838+0000] {logging_mixin.py:188} INFO - [2024-02-04T14:25:27.838+0000] {dagbag.py:538} INFO - Filling up the DagBag from /home/airflow/.local/lib/python3.8/site-packages/airflow/example_dags/example_latest_only_with_trigger.py
[2024-02-04T14:25:27.845+0000] {processor.py:840} INFO - DAG(s) 'latest_only_with_trigger' retrieved from /home/airflow/.local/lib/python3.8/site-packages/airflow/example_dags/example_latest_only_with_trigger.py
[2024-02-04T14:25:27.867+0000] {logging_mixin.py:188} INFO - [2024-02-04T14:25:27.867+0000] {dag.py:3036} INFO - Sync 1 DAGs
[2024-02-04T14:25:27.913+0000] {logging_mixin.py:188} INFO - [2024-02-04T14:25:27.912+0000] {dag.py:3823} INFO - Setting next_dagrun for latest_only_with_trigger to 2024-02-04 08:00:00+00:00, run_after=2024-02-04 12:00:00+00:00
[2024-02-04T14:25:27.939+0000] {processor.py:183} INFO - Processing /home/airflow/.local/lib/python3.8/site-packages/airflow/example_dags/example_latest_only_with_trigger.py took 0.107 seconds
[2024-02-04T14:25:58.071+0000] {processor.py:161} INFO - Started process (PID=379) to work on /home/airflow/.local/lib/python3.8/site-packages/airflow/example_dags/example_latest_only_with_trigger.py
[2024-02-04T14:25:58.072+0000] {processor.py:830} INFO - Processing file /home/airflow/.local/lib/python3.8/site-packages/airflow/example_dags/example_latest_only_with_trigger.py for tasks to queue
[2024-02-04T14:25:58.075+0000] {logging_mixin.py:188} INFO - [2024-02-04T14:25:58.074+0000] {dagbag.py:538} INFO - Filling up the DagBag from /home/airflow/.local/lib/python3.8/site-packages/airflow/example_dags/example_latest_only_with_trigger.py
[2024-02-04T14:25:58.081+0000] {processor.py:840} INFO - DAG(s) 'latest_only_with_trigger' retrieved from /home/airflow/.local/lib/python3.8/site-packages/airflow/example_dags/example_latest_only_with_trigger.py
[2024-02-04T14:25:58.102+0000] {logging_mixin.py:188} INFO - [2024-02-04T14:25:58.102+0000] {dag.py:3036} INFO - Sync 1 DAGs
[2024-02-04T14:25:58.131+0000] {logging_mixin.py:188} INFO - [2024-02-04T14:25:58.130+0000] {dag.py:3823} INFO - Setting next_dagrun for latest_only_with_trigger to 2024-02-04 08:00:00+00:00, run_after=2024-02-04 12:00:00+00:00
[2024-02-04T14:25:58.156+0000] {processor.py:183} INFO - Processing /home/airflow/.local/lib/python3.8/site-packages/airflow/example_dags/example_latest_only_with_trigger.py took 0.090 seconds
[2024-02-04T14:26:28.253+0000] {processor.py:161} INFO - Started process (PID=434) to work on /home/airflow/.local/lib/python3.8/site-packages/airflow/example_dags/example_latest_only_with_trigger.py
[2024-02-04T14:26:28.254+0000] {processor.py:830} INFO - Processing file /home/airflow/.local/lib/python3.8/site-packages/airflow/example_dags/example_latest_only_with_trigger.py for tasks to queue
[2024-02-04T14:26:28.256+0000] {logging_mixin.py:188} INFO - [2024-02-04T14:26:28.255+0000] {dagbag.py:538} INFO - Filling up the DagBag from /home/airflow/.local/lib/python3.8/site-packages/airflow/example_dags/example_latest_only_with_trigger.py
[2024-02-04T14:26:28.262+0000] {processor.py:840} INFO - DAG(s) 'latest_only_with_trigger' retrieved from /home/airflow/.local/lib/python3.8/site-packages/airflow/example_dags/example_latest_only_with_trigger.py
[2024-02-04T14:26:28.289+0000] {logging_mixin.py:188} INFO - [2024-02-04T14:26:28.289+0000] {dag.py:3036} INFO - Sync 1 DAGs
[2024-02-04T14:26:28.321+0000] {logging_mixin.py:188} INFO - [2024-02-04T14:26:28.320+0000] {dag.py:3823} INFO - Setting next_dagrun for latest_only_with_trigger to 2024-02-04 08:00:00+00:00, run_after=2024-02-04 12:00:00+00:00
[2024-02-04T14:26:28.344+0000] {processor.py:183} INFO - Processing /home/airflow/.local/lib/python3.8/site-packages/airflow/example_dags/example_latest_only_with_trigger.py took 0.094 seconds
[2024-02-04T14:26:59.152+0000] {processor.py:161} INFO - Started process (PID=489) to work on /home/airflow/.local/lib/python3.8/site-packages/airflow/example_dags/example_latest_only_with_trigger.py
[2024-02-04T14:26:59.153+0000] {processor.py:830} INFO - Processing file /home/airflow/.local/lib/python3.8/site-packages/airflow/example_dags/example_latest_only_with_trigger.py for tasks to queue
[2024-02-04T14:26:59.155+0000] {logging_mixin.py:188} INFO - [2024-02-04T14:26:59.154+0000] {dagbag.py:538} INFO - Filling up the DagBag from /home/airflow/.local/lib/python3.8/site-packages/airflow/example_dags/example_latest_only_with_trigger.py
[2024-02-04T14:26:59.161+0000] {processor.py:840} INFO - DAG(s) 'latest_only_with_trigger' retrieved from /home/airflow/.local/lib/python3.8/site-packages/airflow/example_dags/example_latest_only_with_trigger.py
[2024-02-04T14:26:59.185+0000] {logging_mixin.py:188} INFO - [2024-02-04T14:26:59.185+0000] {dag.py:3036} INFO - Sync 1 DAGs
[2024-02-04T14:26:59.210+0000] {logging_mixin.py:188} INFO - [2024-02-04T14:26:59.209+0000] {dag.py:3823} INFO - Setting next_dagrun for latest_only_with_trigger to 2024-02-04 08:00:00+00:00, run_after=2024-02-04 12:00:00+00:00
[2024-02-04T14:26:59.233+0000] {processor.py:183} INFO - Processing /home/airflow/.local/lib/python3.8/site-packages/airflow/example_dags/example_latest_only_with_trigger.py took 0.085 seconds
[2024-02-04T14:27:29.373+0000] {processor.py:161} INFO - Started process (PID=544) to work on /home/airflow/.local/lib/python3.8/site-packages/airflow/example_dags/example_latest_only_with_trigger.py
[2024-02-04T14:27:29.374+0000] {processor.py:830} INFO - Processing file /home/airflow/.local/lib/python3.8/site-packages/airflow/example_dags/example_latest_only_with_trigger.py for tasks to queue
[2024-02-04T14:27:29.376+0000] {logging_mixin.py:188} INFO - [2024-02-04T14:27:29.376+0000] {dagbag.py:538} INFO - Filling up the DagBag from /home/airflow/.local/lib/python3.8/site-packages/airflow/example_dags/example_latest_only_with_trigger.py
[2024-02-04T14:27:29.383+0000] {processor.py:840} INFO - DAG(s) 'latest_only_with_trigger' retrieved from /home/airflow/.local/lib/python3.8/site-packages/airflow/example_dags/example_latest_only_with_trigger.py
[2024-02-04T14:27:29.408+0000] {logging_mixin.py:188} INFO - [2024-02-04T14:27:29.408+0000] {dag.py:3036} INFO - Sync 1 DAGs
[2024-02-04T14:27:29.433+0000] {logging_mixin.py:188} INFO - [2024-02-04T14:27:29.433+0000] {dag.py:3823} INFO - Setting next_dagrun for latest_only_with_trigger to 2024-02-04 08:00:00+00:00, run_after=2024-02-04 12:00:00+00:00
[2024-02-04T14:27:29.460+0000] {processor.py:183} INFO - Processing /home/airflow/.local/lib/python3.8/site-packages/airflow/example_dags/example_latest_only_with_trigger.py took 0.090 seconds
[2024-02-04T14:27:59.597+0000] {processor.py:161} INFO - Started process (PID=598) to work on /home/airflow/.local/lib/python3.8/site-packages/airflow/example_dags/example_latest_only_with_trigger.py
[2024-02-04T14:27:59.598+0000] {processor.py:830} INFO - Processing file /home/airflow/.local/lib/python3.8/site-packages/airflow/example_dags/example_latest_only_with_trigger.py for tasks to queue
[2024-02-04T14:27:59.604+0000] {logging_mixin.py:188} INFO - [2024-02-04T14:27:59.603+0000] {dagbag.py:538} INFO - Filling up the DagBag from /home/airflow/.local/lib/python3.8/site-packages/airflow/example_dags/example_latest_only_with_trigger.py
[2024-02-04T14:27:59.616+0000] {processor.py:840} INFO - DAG(s) 'latest_only_with_trigger' retrieved from /home/airflow/.local/lib/python3.8/site-packages/airflow/example_dags/example_latest_only_with_trigger.py
[2024-02-04T14:27:59.643+0000] {logging_mixin.py:188} INFO - [2024-02-04T14:27:59.642+0000] {dag.py:3036} INFO - Sync 1 DAGs
[2024-02-04T14:27:59.673+0000] {logging_mixin.py:188} INFO - [2024-02-04T14:27:59.673+0000] {dag.py:3823} INFO - Setting next_dagrun for latest_only_with_trigger to 2024-02-04 08:00:00+00:00, run_after=2024-02-04 12:00:00+00:00
[2024-02-04T14:27:59.699+0000] {processor.py:183} INFO - Processing /home/airflow/.local/lib/python3.8/site-packages/airflow/example_dags/example_latest_only_with_trigger.py took 0.112 seconds
