[2024-02-04T14:13:14.012+0000] {processor.py:161} INFO - Started process (PID=60) to work on /home/airflow/.local/lib/python3.8/site-packages/airflow/example_dags/example_nested_branch_dag.py
[2024-02-04T14:13:14.019+0000] {processor.py:830} INFO - Processing file /home/airflow/.local/lib/python3.8/site-packages/airflow/example_dags/example_nested_branch_dag.py for tasks to queue
[2024-02-04T14:13:14.021+0000] {logging_mixin.py:188} INFO - [2024-02-04T14:13:14.021+0000] {dagbag.py:538} INFO - Filling up the DagBag from /home/airflow/.local/lib/python3.8/site-packages/airflow/example_dags/example_nested_branch_dag.py
[2024-02-04T14:13:14.050+0000] {processor.py:840} INFO - DAG(s) 'example_nested_branch_dag' retrieved from /home/airflow/.local/lib/python3.8/site-packages/airflow/example_dags/example_nested_branch_dag.py
[2024-02-04T14:13:14.194+0000] {logging_mixin.py:188} INFO - [2024-02-04T14:13:14.194+0000] {dag.py:3036} INFO - Sync 1 DAGs
[2024-02-04T14:13:14.241+0000] {logging_mixin.py:188} INFO - [2024-02-04T14:13:14.240+0000] {dag.py:3823} INFO - Setting next_dagrun for example_nested_branch_dag to 2024-02-03 00:00:00+00:00, run_after=2024-02-04 00:00:00+00:00
[2024-02-04T14:13:14.283+0000] {processor.py:183} INFO - Processing /home/airflow/.local/lib/python3.8/site-packages/airflow/example_dags/example_nested_branch_dag.py took 0.276 seconds
[2024-02-04T14:13:44.755+0000] {processor.py:161} INFO - Started process (PID=116) to work on /home/airflow/.local/lib/python3.8/site-packages/airflow/example_dags/example_nested_branch_dag.py
[2024-02-04T14:13:44.756+0000] {processor.py:830} INFO - Processing file /home/airflow/.local/lib/python3.8/site-packages/airflow/example_dags/example_nested_branch_dag.py for tasks to queue
[2024-02-04T14:13:44.758+0000] {logging_mixin.py:188} INFO - [2024-02-04T14:13:44.758+0000] {dagbag.py:538} INFO - Filling up the DagBag from /home/airflow/.local/lib/python3.8/site-packages/airflow/example_dags/example_nested_branch_dag.py
[2024-02-04T14:13:44.768+0000] {processor.py:840} INFO - DAG(s) 'example_nested_branch_dag' retrieved from /home/airflow/.local/lib/python3.8/site-packages/airflow/example_dags/example_nested_branch_dag.py
[2024-02-04T14:13:44.793+0000] {logging_mixin.py:188} INFO - [2024-02-04T14:13:44.793+0000] {dag.py:3036} INFO - Sync 1 DAGs
[2024-02-04T14:13:44.818+0000] {logging_mixin.py:188} INFO - [2024-02-04T14:13:44.818+0000] {dag.py:3823} INFO - Setting next_dagrun for example_nested_branch_dag to 2024-02-03 00:00:00+00:00, run_after=2024-02-04 00:00:00+00:00
[2024-02-04T14:13:44.843+0000] {processor.py:183} INFO - Processing /home/airflow/.local/lib/python3.8/site-packages/airflow/example_dags/example_nested_branch_dag.py took 0.092 seconds
[2024-02-04T14:14:15.457+0000] {processor.py:161} INFO - Started process (PID=171) to work on /home/airflow/.local/lib/python3.8/site-packages/airflow/example_dags/example_nested_branch_dag.py
[2024-02-04T14:14:15.458+0000] {processor.py:830} INFO - Processing file /home/airflow/.local/lib/python3.8/site-packages/airflow/example_dags/example_nested_branch_dag.py for tasks to queue
[2024-02-04T14:14:15.459+0000] {logging_mixin.py:188} INFO - [2024-02-04T14:14:15.459+0000] {dagbag.py:538} INFO - Filling up the DagBag from /home/airflow/.local/lib/python3.8/site-packages/airflow/example_dags/example_nested_branch_dag.py
[2024-02-04T14:14:15.470+0000] {processor.py:840} INFO - DAG(s) 'example_nested_branch_dag' retrieved from /home/airflow/.local/lib/python3.8/site-packages/airflow/example_dags/example_nested_branch_dag.py
[2024-02-04T14:14:15.497+0000] {logging_mixin.py:188} INFO - [2024-02-04T14:14:15.496+0000] {dag.py:3036} INFO - Sync 1 DAGs
[2024-02-04T14:14:15.523+0000] {logging_mixin.py:188} INFO - [2024-02-04T14:14:15.523+0000] {dag.py:3823} INFO - Setting next_dagrun for example_nested_branch_dag to 2024-02-03 00:00:00+00:00, run_after=2024-02-04 00:00:00+00:00
[2024-02-04T14:14:15.548+0000] {processor.py:183} INFO - Processing /home/airflow/.local/lib/python3.8/site-packages/airflow/example_dags/example_nested_branch_dag.py took 0.095 seconds
[2024-02-04T14:14:45.990+0000] {processor.py:161} INFO - Started process (PID=227) to work on /home/airflow/.local/lib/python3.8/site-packages/airflow/example_dags/example_nested_branch_dag.py
[2024-02-04T14:14:45.991+0000] {processor.py:830} INFO - Processing file /home/airflow/.local/lib/python3.8/site-packages/airflow/example_dags/example_nested_branch_dag.py for tasks to queue
[2024-02-04T14:14:45.993+0000] {logging_mixin.py:188} INFO - [2024-02-04T14:14:45.993+0000] {dagbag.py:538} INFO - Filling up the DagBag from /home/airflow/.local/lib/python3.8/site-packages/airflow/example_dags/example_nested_branch_dag.py
[2024-02-04T14:14:46.003+0000] {processor.py:840} INFO - DAG(s) 'example_nested_branch_dag' retrieved from /home/airflow/.local/lib/python3.8/site-packages/airflow/example_dags/example_nested_branch_dag.py
[2024-02-04T14:14:46.026+0000] {logging_mixin.py:188} INFO - [2024-02-04T14:14:46.026+0000] {dag.py:3036} INFO - Sync 1 DAGs
[2024-02-04T14:14:46.055+0000] {logging_mixin.py:188} INFO - [2024-02-04T14:14:46.055+0000] {dag.py:3823} INFO - Setting next_dagrun for example_nested_branch_dag to 2024-02-03 00:00:00+00:00, run_after=2024-02-04 00:00:00+00:00
[2024-02-04T14:14:46.084+0000] {processor.py:183} INFO - Processing /home/airflow/.local/lib/python3.8/site-packages/airflow/example_dags/example_nested_branch_dag.py took 0.098 seconds
[2024-02-04T14:16:35.133+0000] {processor.py:161} INFO - Started process (PID=60) to work on /home/airflow/.local/lib/python3.8/site-packages/airflow/example_dags/example_nested_branch_dag.py
[2024-02-04T14:16:35.136+0000] {processor.py:830} INFO - Processing file /home/airflow/.local/lib/python3.8/site-packages/airflow/example_dags/example_nested_branch_dag.py for tasks to queue
[2024-02-04T14:16:35.141+0000] {logging_mixin.py:188} INFO - [2024-02-04T14:16:35.141+0000] {dagbag.py:538} INFO - Filling up the DagBag from /home/airflow/.local/lib/python3.8/site-packages/airflow/example_dags/example_nested_branch_dag.py
[2024-02-04T14:16:35.189+0000] {processor.py:840} INFO - DAG(s) 'example_nested_branch_dag' retrieved from /home/airflow/.local/lib/python3.8/site-packages/airflow/example_dags/example_nested_branch_dag.py
[2024-02-04T14:16:35.679+0000] {logging_mixin.py:188} INFO - [2024-02-04T14:16:35.678+0000] {dag.py:3036} INFO - Sync 1 DAGs
[2024-02-04T14:16:35.743+0000] {logging_mixin.py:188} INFO - [2024-02-04T14:16:35.743+0000] {dag.py:3823} INFO - Setting next_dagrun for example_nested_branch_dag to 2024-02-03 00:00:00+00:00, run_after=2024-02-04 00:00:00+00:00
[2024-02-04T14:16:35.841+0000] {processor.py:183} INFO - Processing /home/airflow/.local/lib/python3.8/site-packages/airflow/example_dags/example_nested_branch_dag.py took 0.719 seconds
[2024-02-04T14:17:05.913+0000] {processor.py:161} INFO - Started process (PID=116) to work on /home/airflow/.local/lib/python3.8/site-packages/airflow/example_dags/example_nested_branch_dag.py
[2024-02-04T14:17:05.913+0000] {processor.py:830} INFO - Processing file /home/airflow/.local/lib/python3.8/site-packages/airflow/example_dags/example_nested_branch_dag.py for tasks to queue
[2024-02-04T14:17:05.915+0000] {logging_mixin.py:188} INFO - [2024-02-04T14:17:05.914+0000] {dagbag.py:538} INFO - Filling up the DagBag from /home/airflow/.local/lib/python3.8/site-packages/airflow/example_dags/example_nested_branch_dag.py
[2024-02-04T14:17:05.926+0000] {processor.py:840} INFO - DAG(s) 'example_nested_branch_dag' retrieved from /home/airflow/.local/lib/python3.8/site-packages/airflow/example_dags/example_nested_branch_dag.py
[2024-02-04T14:17:05.950+0000] {logging_mixin.py:188} INFO - [2024-02-04T14:17:05.950+0000] {dag.py:3036} INFO - Sync 1 DAGs
[2024-02-04T14:17:05.977+0000] {logging_mixin.py:188} INFO - [2024-02-04T14:17:05.977+0000] {dag.py:3823} INFO - Setting next_dagrun for example_nested_branch_dag to 2024-02-03 00:00:00+00:00, run_after=2024-02-04 00:00:00+00:00
[2024-02-04T14:17:06.002+0000] {processor.py:183} INFO - Processing /home/airflow/.local/lib/python3.8/site-packages/airflow/example_dags/example_nested_branch_dag.py took 0.092 seconds
[2024-02-04T14:17:36.415+0000] {processor.py:161} INFO - Started process (PID=172) to work on /home/airflow/.local/lib/python3.8/site-packages/airflow/example_dags/example_nested_branch_dag.py
[2024-02-04T14:17:36.423+0000] {processor.py:830} INFO - Processing file /home/airflow/.local/lib/python3.8/site-packages/airflow/example_dags/example_nested_branch_dag.py for tasks to queue
[2024-02-04T14:17:36.425+0000] {logging_mixin.py:188} INFO - [2024-02-04T14:17:36.425+0000] {dagbag.py:538} INFO - Filling up the DagBag from /home/airflow/.local/lib/python3.8/site-packages/airflow/example_dags/example_nested_branch_dag.py
[2024-02-04T14:17:36.446+0000] {processor.py:840} INFO - DAG(s) 'example_nested_branch_dag' retrieved from /home/airflow/.local/lib/python3.8/site-packages/airflow/example_dags/example_nested_branch_dag.py
[2024-02-04T14:17:36.484+0000] {logging_mixin.py:188} INFO - [2024-02-04T14:17:36.484+0000] {dag.py:3036} INFO - Sync 1 DAGs
[2024-02-04T14:17:36.507+0000] {logging_mixin.py:188} INFO - [2024-02-04T14:17:36.507+0000] {dag.py:3823} INFO - Setting next_dagrun for example_nested_branch_dag to 2024-02-03 00:00:00+00:00, run_after=2024-02-04 00:00:00+00:00
[2024-02-04T14:17:36.530+0000] {processor.py:183} INFO - Processing /home/airflow/.local/lib/python3.8/site-packages/airflow/example_dags/example_nested_branch_dag.py took 0.118 seconds
[2024-02-04T14:18:07.043+0000] {processor.py:161} INFO - Started process (PID=227) to work on /home/airflow/.local/lib/python3.8/site-packages/airflow/example_dags/example_nested_branch_dag.py
[2024-02-04T14:18:07.044+0000] {processor.py:830} INFO - Processing file /home/airflow/.local/lib/python3.8/site-packages/airflow/example_dags/example_nested_branch_dag.py for tasks to queue
[2024-02-04T14:18:07.045+0000] {logging_mixin.py:188} INFO - [2024-02-04T14:18:07.045+0000] {dagbag.py:538} INFO - Filling up the DagBag from /home/airflow/.local/lib/python3.8/site-packages/airflow/example_dags/example_nested_branch_dag.py
[2024-02-04T14:18:07.056+0000] {processor.py:840} INFO - DAG(s) 'example_nested_branch_dag' retrieved from /home/airflow/.local/lib/python3.8/site-packages/airflow/example_dags/example_nested_branch_dag.py
[2024-02-04T14:18:07.081+0000] {logging_mixin.py:188} INFO - [2024-02-04T14:18:07.081+0000] {dag.py:3036} INFO - Sync 1 DAGs
[2024-02-04T14:18:07.109+0000] {logging_mixin.py:188} INFO - [2024-02-04T14:18:07.108+0000] {dag.py:3823} INFO - Setting next_dagrun for example_nested_branch_dag to 2024-02-03 00:00:00+00:00, run_after=2024-02-04 00:00:00+00:00
[2024-02-04T14:18:07.135+0000] {processor.py:183} INFO - Processing /home/airflow/.local/lib/python3.8/site-packages/airflow/example_dags/example_nested_branch_dag.py took 0.096 seconds
[2024-02-04T14:18:37.834+0000] {processor.py:161} INFO - Started process (PID=283) to work on /home/airflow/.local/lib/python3.8/site-packages/airflow/example_dags/example_nested_branch_dag.py
[2024-02-04T14:18:37.835+0000] {processor.py:830} INFO - Processing file /home/airflow/.local/lib/python3.8/site-packages/airflow/example_dags/example_nested_branch_dag.py for tasks to queue
[2024-02-04T14:18:37.838+0000] {logging_mixin.py:188} INFO - [2024-02-04T14:18:37.837+0000] {dagbag.py:538} INFO - Filling up the DagBag from /home/airflow/.local/lib/python3.8/site-packages/airflow/example_dags/example_nested_branch_dag.py
[2024-02-04T14:18:37.849+0000] {processor.py:840} INFO - DAG(s) 'example_nested_branch_dag' retrieved from /home/airflow/.local/lib/python3.8/site-packages/airflow/example_dags/example_nested_branch_dag.py
[2024-02-04T14:18:37.873+0000] {logging_mixin.py:188} INFO - [2024-02-04T14:18:37.873+0000] {dag.py:3036} INFO - Sync 1 DAGs
[2024-02-04T14:18:37.899+0000] {logging_mixin.py:188} INFO - [2024-02-04T14:18:37.899+0000] {dag.py:3823} INFO - Setting next_dagrun for example_nested_branch_dag to 2024-02-03 00:00:00+00:00, run_after=2024-02-04 00:00:00+00:00
[2024-02-04T14:18:37.922+0000] {processor.py:183} INFO - Processing /home/airflow/.local/lib/python3.8/site-packages/airflow/example_dags/example_nested_branch_dag.py took 0.092 seconds
[2024-02-04T14:19:08.242+0000] {processor.py:161} INFO - Started process (PID=339) to work on /home/airflow/.local/lib/python3.8/site-packages/airflow/example_dags/example_nested_branch_dag.py
[2024-02-04T14:19:08.243+0000] {processor.py:830} INFO - Processing file /home/airflow/.local/lib/python3.8/site-packages/airflow/example_dags/example_nested_branch_dag.py for tasks to queue
[2024-02-04T14:19:08.245+0000] {logging_mixin.py:188} INFO - [2024-02-04T14:19:08.245+0000] {dagbag.py:538} INFO - Filling up the DagBag from /home/airflow/.local/lib/python3.8/site-packages/airflow/example_dags/example_nested_branch_dag.py
[2024-02-04T14:19:08.272+0000] {processor.py:840} INFO - DAG(s) 'example_nested_branch_dag' retrieved from /home/airflow/.local/lib/python3.8/site-packages/airflow/example_dags/example_nested_branch_dag.py
[2024-02-04T14:19:08.320+0000] {logging_mixin.py:188} INFO - [2024-02-04T14:19:08.320+0000] {dag.py:3036} INFO - Sync 1 DAGs
[2024-02-04T14:19:08.366+0000] {logging_mixin.py:188} INFO - [2024-02-04T14:19:08.366+0000] {dag.py:3823} INFO - Setting next_dagrun for example_nested_branch_dag to 2024-02-03 00:00:00+00:00, run_after=2024-02-04 00:00:00+00:00
[2024-02-04T14:19:08.421+0000] {processor.py:183} INFO - Processing /home/airflow/.local/lib/python3.8/site-packages/airflow/example_dags/example_nested_branch_dag.py took 0.183 seconds
[2024-02-04T14:23:00.584+0000] {processor.py:161} INFO - Started process (PID=61) to work on /home/airflow/.local/lib/python3.8/site-packages/airflow/example_dags/example_nested_branch_dag.py
[2024-02-04T14:23:00.593+0000] {processor.py:830} INFO - Processing file /home/airflow/.local/lib/python3.8/site-packages/airflow/example_dags/example_nested_branch_dag.py for tasks to queue
[2024-02-04T14:23:00.595+0000] {logging_mixin.py:188} INFO - [2024-02-04T14:23:00.595+0000] {dagbag.py:538} INFO - Filling up the DagBag from /home/airflow/.local/lib/python3.8/site-packages/airflow/example_dags/example_nested_branch_dag.py
[2024-02-04T14:23:00.647+0000] {processor.py:840} INFO - DAG(s) 'example_nested_branch_dag' retrieved from /home/airflow/.local/lib/python3.8/site-packages/airflow/example_dags/example_nested_branch_dag.py
[2024-02-04T14:23:01.049+0000] {logging_mixin.py:188} INFO - [2024-02-04T14:23:01.049+0000] {dag.py:3036} INFO - Sync 1 DAGs
[2024-02-04T14:23:01.090+0000] {logging_mixin.py:188} INFO - [2024-02-04T14:23:01.090+0000] {dag.py:3823} INFO - Setting next_dagrun for example_nested_branch_dag to 2024-02-03 00:00:00+00:00, run_after=2024-02-04 00:00:00+00:00
[2024-02-04T14:23:01.143+0000] {processor.py:183} INFO - Processing /home/airflow/.local/lib/python3.8/site-packages/airflow/example_dags/example_nested_branch_dag.py took 0.575 seconds
[2024-02-04T14:23:31.452+0000] {processor.py:161} INFO - Started process (PID=116) to work on /home/airflow/.local/lib/python3.8/site-packages/airflow/example_dags/example_nested_branch_dag.py
[2024-02-04T14:23:31.453+0000] {processor.py:830} INFO - Processing file /home/airflow/.local/lib/python3.8/site-packages/airflow/example_dags/example_nested_branch_dag.py for tasks to queue
[2024-02-04T14:23:31.454+0000] {logging_mixin.py:188} INFO - [2024-02-04T14:23:31.454+0000] {dagbag.py:538} INFO - Filling up the DagBag from /home/airflow/.local/lib/python3.8/site-packages/airflow/example_dags/example_nested_branch_dag.py
[2024-02-04T14:23:31.495+0000] {processor.py:840} INFO - DAG(s) 'example_nested_branch_dag' retrieved from /home/airflow/.local/lib/python3.8/site-packages/airflow/example_dags/example_nested_branch_dag.py
[2024-02-04T14:23:31.519+0000] {logging_mixin.py:188} INFO - [2024-02-04T14:23:31.519+0000] {dag.py:3036} INFO - Sync 1 DAGs
[2024-02-04T14:23:31.546+0000] {logging_mixin.py:188} INFO - [2024-02-04T14:23:31.546+0000] {dag.py:3823} INFO - Setting next_dagrun for example_nested_branch_dag to 2024-02-03 00:00:00+00:00, run_after=2024-02-04 00:00:00+00:00
[2024-02-04T14:23:31.569+0000] {processor.py:183} INFO - Processing /home/airflow/.local/lib/python3.8/site-packages/airflow/example_dags/example_nested_branch_dag.py took 0.121 seconds
[2024-02-04T14:24:01.907+0000] {processor.py:161} INFO - Started process (PID=172) to work on /home/airflow/.local/lib/python3.8/site-packages/airflow/example_dags/example_nested_branch_dag.py
[2024-02-04T14:24:01.908+0000] {processor.py:830} INFO - Processing file /home/airflow/.local/lib/python3.8/site-packages/airflow/example_dags/example_nested_branch_dag.py for tasks to queue
[2024-02-04T14:24:01.909+0000] {logging_mixin.py:188} INFO - [2024-02-04T14:24:01.909+0000] {dagbag.py:538} INFO - Filling up the DagBag from /home/airflow/.local/lib/python3.8/site-packages/airflow/example_dags/example_nested_branch_dag.py
[2024-02-04T14:24:01.920+0000] {processor.py:840} INFO - DAG(s) 'example_nested_branch_dag' retrieved from /home/airflow/.local/lib/python3.8/site-packages/airflow/example_dags/example_nested_branch_dag.py
[2024-02-04T14:24:01.943+0000] {logging_mixin.py:188} INFO - [2024-02-04T14:24:01.943+0000] {dag.py:3036} INFO - Sync 1 DAGs
[2024-02-04T14:24:01.970+0000] {logging_mixin.py:188} INFO - [2024-02-04T14:24:01.970+0000] {dag.py:3823} INFO - Setting next_dagrun for example_nested_branch_dag to 2024-02-03 00:00:00+00:00, run_after=2024-02-04 00:00:00+00:00
[2024-02-04T14:24:01.995+0000] {processor.py:183} INFO - Processing /home/airflow/.local/lib/python3.8/site-packages/airflow/example_dags/example_nested_branch_dag.py took 0.092 seconds
[2024-02-04T14:24:32.654+0000] {processor.py:161} INFO - Started process (PID=227) to work on /home/airflow/.local/lib/python3.8/site-packages/airflow/example_dags/example_nested_branch_dag.py
[2024-02-04T14:24:32.655+0000] {processor.py:830} INFO - Processing file /home/airflow/.local/lib/python3.8/site-packages/airflow/example_dags/example_nested_branch_dag.py for tasks to queue
[2024-02-04T14:24:32.657+0000] {logging_mixin.py:188} INFO - [2024-02-04T14:24:32.657+0000] {dagbag.py:538} INFO - Filling up the DagBag from /home/airflow/.local/lib/python3.8/site-packages/airflow/example_dags/example_nested_branch_dag.py
[2024-02-04T14:24:32.666+0000] {processor.py:840} INFO - DAG(s) 'example_nested_branch_dag' retrieved from /home/airflow/.local/lib/python3.8/site-packages/airflow/example_dags/example_nested_branch_dag.py
[2024-02-04T14:24:32.689+0000] {logging_mixin.py:188} INFO - [2024-02-04T14:24:32.689+0000] {dag.py:3036} INFO - Sync 1 DAGs
[2024-02-04T14:24:32.715+0000] {logging_mixin.py:188} INFO - [2024-02-04T14:24:32.715+0000] {dag.py:3823} INFO - Setting next_dagrun for example_nested_branch_dag to 2024-02-03 00:00:00+00:00, run_after=2024-02-04 00:00:00+00:00
[2024-02-04T14:24:32.745+0000] {processor.py:183} INFO - Processing /home/airflow/.local/lib/python3.8/site-packages/airflow/example_dags/example_nested_branch_dag.py took 0.094 seconds
[2024-02-04T14:25:03.556+0000] {processor.py:161} INFO - Started process (PID=282) to work on /home/airflow/.local/lib/python3.8/site-packages/airflow/example_dags/example_nested_branch_dag.py
[2024-02-04T14:25:03.557+0000] {processor.py:830} INFO - Processing file /home/airflow/.local/lib/python3.8/site-packages/airflow/example_dags/example_nested_branch_dag.py for tasks to queue
[2024-02-04T14:25:03.559+0000] {logging_mixin.py:188} INFO - [2024-02-04T14:25:03.559+0000] {dagbag.py:538} INFO - Filling up the DagBag from /home/airflow/.local/lib/python3.8/site-packages/airflow/example_dags/example_nested_branch_dag.py
[2024-02-04T14:25:03.571+0000] {processor.py:840} INFO - DAG(s) 'example_nested_branch_dag' retrieved from /home/airflow/.local/lib/python3.8/site-packages/airflow/example_dags/example_nested_branch_dag.py
[2024-02-04T14:25:03.594+0000] {logging_mixin.py:188} INFO - [2024-02-04T14:25:03.593+0000] {dag.py:3036} INFO - Sync 1 DAGs
[2024-02-04T14:25:03.622+0000] {logging_mixin.py:188} INFO - [2024-02-04T14:25:03.622+0000] {dag.py:3823} INFO - Setting next_dagrun for example_nested_branch_dag to 2024-02-03 00:00:00+00:00, run_after=2024-02-04 00:00:00+00:00
[2024-02-04T14:25:03.646+0000] {processor.py:183} INFO - Processing /home/airflow/.local/lib/python3.8/site-packages/airflow/example_dags/example_nested_branch_dag.py took 0.094 seconds
[2024-02-04T14:25:34.121+0000] {processor.py:161} INFO - Started process (PID=338) to work on /home/airflow/.local/lib/python3.8/site-packages/airflow/example_dags/example_nested_branch_dag.py
[2024-02-04T14:25:34.134+0000] {processor.py:830} INFO - Processing file /home/airflow/.local/lib/python3.8/site-packages/airflow/example_dags/example_nested_branch_dag.py for tasks to queue
[2024-02-04T14:25:34.141+0000] {logging_mixin.py:188} INFO - [2024-02-04T14:25:34.140+0000] {dagbag.py:538} INFO - Filling up the DagBag from /home/airflow/.local/lib/python3.8/site-packages/airflow/example_dags/example_nested_branch_dag.py
[2024-02-04T14:25:34.172+0000] {processor.py:840} INFO - DAG(s) 'example_nested_branch_dag' retrieved from /home/airflow/.local/lib/python3.8/site-packages/airflow/example_dags/example_nested_branch_dag.py
[2024-02-04T14:25:34.262+0000] {logging_mixin.py:188} INFO - [2024-02-04T14:25:34.262+0000] {dag.py:3036} INFO - Sync 1 DAGs
[2024-02-04T14:25:34.334+0000] {logging_mixin.py:188} INFO - [2024-02-04T14:25:34.334+0000] {dag.py:3823} INFO - Setting next_dagrun for example_nested_branch_dag to 2024-02-03 00:00:00+00:00, run_after=2024-02-04 00:00:00+00:00
[2024-02-04T14:25:34.389+0000] {processor.py:183} INFO - Processing /home/airflow/.local/lib/python3.8/site-packages/airflow/example_dags/example_nested_branch_dag.py took 0.281 seconds
[2024-02-04T14:26:04.939+0000] {processor.py:161} INFO - Started process (PID=394) to work on /home/airflow/.local/lib/python3.8/site-packages/airflow/example_dags/example_nested_branch_dag.py
[2024-02-04T14:26:04.940+0000] {processor.py:830} INFO - Processing file /home/airflow/.local/lib/python3.8/site-packages/airflow/example_dags/example_nested_branch_dag.py for tasks to queue
[2024-02-04T14:26:04.942+0000] {logging_mixin.py:188} INFO - [2024-02-04T14:26:04.942+0000] {dagbag.py:538} INFO - Filling up the DagBag from /home/airflow/.local/lib/python3.8/site-packages/airflow/example_dags/example_nested_branch_dag.py
[2024-02-04T14:26:04.954+0000] {processor.py:840} INFO - DAG(s) 'example_nested_branch_dag' retrieved from /home/airflow/.local/lib/python3.8/site-packages/airflow/example_dags/example_nested_branch_dag.py
[2024-02-04T14:26:04.985+0000] {logging_mixin.py:188} INFO - [2024-02-04T14:26:04.984+0000] {dag.py:3036} INFO - Sync 1 DAGs
[2024-02-04T14:26:05.016+0000] {logging_mixin.py:188} INFO - [2024-02-04T14:26:05.016+0000] {dag.py:3823} INFO - Setting next_dagrun for example_nested_branch_dag to 2024-02-03 00:00:00+00:00, run_after=2024-02-04 00:00:00+00:00
[2024-02-04T14:26:05.044+0000] {processor.py:183} INFO - Processing /home/airflow/.local/lib/python3.8/site-packages/airflow/example_dags/example_nested_branch_dag.py took 0.108 seconds
[2024-02-04T14:26:35.107+0000] {processor.py:161} INFO - Started process (PID=449) to work on /home/airflow/.local/lib/python3.8/site-packages/airflow/example_dags/example_nested_branch_dag.py
[2024-02-04T14:26:35.108+0000] {processor.py:830} INFO - Processing file /home/airflow/.local/lib/python3.8/site-packages/airflow/example_dags/example_nested_branch_dag.py for tasks to queue
[2024-02-04T14:26:35.110+0000] {logging_mixin.py:188} INFO - [2024-02-04T14:26:35.110+0000] {dagbag.py:538} INFO - Filling up the DagBag from /home/airflow/.local/lib/python3.8/site-packages/airflow/example_dags/example_nested_branch_dag.py
[2024-02-04T14:26:35.121+0000] {processor.py:840} INFO - DAG(s) 'example_nested_branch_dag' retrieved from /home/airflow/.local/lib/python3.8/site-packages/airflow/example_dags/example_nested_branch_dag.py
[2024-02-04T14:26:35.145+0000] {logging_mixin.py:188} INFO - [2024-02-04T14:26:35.145+0000] {dag.py:3036} INFO - Sync 1 DAGs
[2024-02-04T14:26:35.172+0000] {logging_mixin.py:188} INFO - [2024-02-04T14:26:35.171+0000] {dag.py:3823} INFO - Setting next_dagrun for example_nested_branch_dag to 2024-02-03 00:00:00+00:00, run_after=2024-02-04 00:00:00+00:00
[2024-02-04T14:26:35.197+0000] {processor.py:183} INFO - Processing /home/airflow/.local/lib/python3.8/site-packages/airflow/example_dags/example_nested_branch_dag.py took 0.093 seconds
[2024-02-04T14:27:06.058+0000] {processor.py:161} INFO - Started process (PID=504) to work on /home/airflow/.local/lib/python3.8/site-packages/airflow/example_dags/example_nested_branch_dag.py
[2024-02-04T14:27:06.059+0000] {processor.py:830} INFO - Processing file /home/airflow/.local/lib/python3.8/site-packages/airflow/example_dags/example_nested_branch_dag.py for tasks to queue
[2024-02-04T14:27:06.061+0000] {logging_mixin.py:188} INFO - [2024-02-04T14:27:06.060+0000] {dagbag.py:538} INFO - Filling up the DagBag from /home/airflow/.local/lib/python3.8/site-packages/airflow/example_dags/example_nested_branch_dag.py
[2024-02-04T14:27:06.073+0000] {processor.py:840} INFO - DAG(s) 'example_nested_branch_dag' retrieved from /home/airflow/.local/lib/python3.8/site-packages/airflow/example_dags/example_nested_branch_dag.py
[2024-02-04T14:27:06.097+0000] {logging_mixin.py:188} INFO - [2024-02-04T14:27:06.096+0000] {dag.py:3036} INFO - Sync 1 DAGs
[2024-02-04T14:27:06.137+0000] {logging_mixin.py:188} INFO - [2024-02-04T14:27:06.135+0000] {dag.py:3823} INFO - Setting next_dagrun for example_nested_branch_dag to 2024-02-03 00:00:00+00:00, run_after=2024-02-04 00:00:00+00:00
[2024-02-04T14:27:06.161+0000] {processor.py:183} INFO - Processing /home/airflow/.local/lib/python3.8/site-packages/airflow/example_dags/example_nested_branch_dag.py took 0.107 seconds
[2024-02-04T14:27:36.281+0000] {processor.py:161} INFO - Started process (PID=559) to work on /home/airflow/.local/lib/python3.8/site-packages/airflow/example_dags/example_nested_branch_dag.py
[2024-02-04T14:27:36.282+0000] {processor.py:830} INFO - Processing file /home/airflow/.local/lib/python3.8/site-packages/airflow/example_dags/example_nested_branch_dag.py for tasks to queue
[2024-02-04T14:27:36.284+0000] {logging_mixin.py:188} INFO - [2024-02-04T14:27:36.284+0000] {dagbag.py:538} INFO - Filling up the DagBag from /home/airflow/.local/lib/python3.8/site-packages/airflow/example_dags/example_nested_branch_dag.py
[2024-02-04T14:27:36.297+0000] {processor.py:840} INFO - DAG(s) 'example_nested_branch_dag' retrieved from /home/airflow/.local/lib/python3.8/site-packages/airflow/example_dags/example_nested_branch_dag.py
[2024-02-04T14:27:36.328+0000] {logging_mixin.py:188} INFO - [2024-02-04T14:27:36.328+0000] {dag.py:3036} INFO - Sync 1 DAGs
[2024-02-04T14:27:36.357+0000] {logging_mixin.py:188} INFO - [2024-02-04T14:27:36.356+0000] {dag.py:3823} INFO - Setting next_dagrun for example_nested_branch_dag to 2024-02-03 00:00:00+00:00, run_after=2024-02-04 00:00:00+00:00
[2024-02-04T14:27:36.382+0000] {processor.py:183} INFO - Processing /home/airflow/.local/lib/python3.8/site-packages/airflow/example_dags/example_nested_branch_dag.py took 0.105 seconds
[2024-02-04T14:28:06.509+0000] {processor.py:161} INFO - Started process (PID=613) to work on /home/airflow/.local/lib/python3.8/site-packages/airflow/example_dags/example_nested_branch_dag.py
[2024-02-04T14:28:06.518+0000] {processor.py:830} INFO - Processing file /home/airflow/.local/lib/python3.8/site-packages/airflow/example_dags/example_nested_branch_dag.py for tasks to queue
[2024-02-04T14:28:06.520+0000] {logging_mixin.py:188} INFO - [2024-02-04T14:28:06.520+0000] {dagbag.py:538} INFO - Filling up the DagBag from /home/airflow/.local/lib/python3.8/site-packages/airflow/example_dags/example_nested_branch_dag.py
[2024-02-04T14:28:06.556+0000] {processor.py:840} INFO - DAG(s) 'example_nested_branch_dag' retrieved from /home/airflow/.local/lib/python3.8/site-packages/airflow/example_dags/example_nested_branch_dag.py
[2024-02-04T14:28:06.594+0000] {logging_mixin.py:188} INFO - [2024-02-04T14:28:06.594+0000] {dag.py:3036} INFO - Sync 1 DAGs
[2024-02-04T14:28:06.622+0000] {logging_mixin.py:188} INFO - [2024-02-04T14:28:06.622+0000] {dag.py:3823} INFO - Setting next_dagrun for example_nested_branch_dag to 2024-02-03 00:00:00+00:00, run_after=2024-02-04 00:00:00+00:00
[2024-02-04T14:28:06.649+0000] {processor.py:183} INFO - Processing /home/airflow/.local/lib/python3.8/site-packages/airflow/example_dags/example_nested_branch_dag.py took 0.144 seconds
