[2024-02-04T14:13:09.279+0000] {processor.py:161} INFO - Started process (PID=47) to work on /home/airflow/.local/lib/python3.8/site-packages/airflow/example_dags/example_branch_python_dop_operator_3.py
[2024-02-04T14:13:09.286+0000] {processor.py:830} INFO - Processing file /home/airflow/.local/lib/python3.8/site-packages/airflow/example_dags/example_branch_python_dop_operator_3.py for tasks to queue
[2024-02-04T14:13:09.292+0000] {logging_mixin.py:188} INFO - [2024-02-04T14:13:09.292+0000] {dagbag.py:538} INFO - Filling up the DagBag from /home/airflow/.local/lib/python3.8/site-packages/airflow/example_dags/example_branch_python_dop_operator_3.py
[2024-02-04T14:13:09.336+0000] {processor.py:840} INFO - DAG(s) 'example_branch_dop_operator_v3' retrieved from /home/airflow/.local/lib/python3.8/site-packages/airflow/example_dags/example_branch_python_dop_operator_3.py
[2024-02-04T14:13:09.897+0000] {logging_mixin.py:188} INFO - [2024-02-04T14:13:09.897+0000] {dag.py:3036} INFO - Sync 1 DAGs
[2024-02-04T14:13:09.986+0000] {logging_mixin.py:188} INFO - [2024-02-04T14:13:09.985+0000] {dag.py:3823} INFO - Setting next_dagrun for example_branch_dop_operator_v3 to 2024-02-04 14:12:00+00:00, run_after=2024-02-04 14:13:00+00:00
[2024-02-04T14:13:10.063+0000] {processor.py:183} INFO - Processing /home/airflow/.local/lib/python3.8/site-packages/airflow/example_dags/example_branch_python_dop_operator_3.py took 0.792 seconds
[2024-02-04T14:13:40.925+0000] {processor.py:161} INFO - Started process (PID=103) to work on /home/airflow/.local/lib/python3.8/site-packages/airflow/example_dags/example_branch_python_dop_operator_3.py
[2024-02-04T14:13:40.926+0000] {processor.py:830} INFO - Processing file /home/airflow/.local/lib/python3.8/site-packages/airflow/example_dags/example_branch_python_dop_operator_3.py for tasks to queue
[2024-02-04T14:13:40.928+0000] {logging_mixin.py:188} INFO - [2024-02-04T14:13:40.928+0000] {dagbag.py:538} INFO - Filling up the DagBag from /home/airflow/.local/lib/python3.8/site-packages/airflow/example_dags/example_branch_python_dop_operator_3.py
[2024-02-04T14:13:40.939+0000] {processor.py:840} INFO - DAG(s) 'example_branch_dop_operator_v3' retrieved from /home/airflow/.local/lib/python3.8/site-packages/airflow/example_dags/example_branch_python_dop_operator_3.py
[2024-02-04T14:13:40.961+0000] {logging_mixin.py:188} INFO - [2024-02-04T14:13:40.961+0000] {dag.py:3036} INFO - Sync 1 DAGs
[2024-02-04T14:13:40.992+0000] {logging_mixin.py:188} INFO - [2024-02-04T14:13:40.991+0000] {dag.py:3823} INFO - Setting next_dagrun for example_branch_dop_operator_v3 to 2024-02-04 14:12:00+00:00, run_after=2024-02-04 14:13:00+00:00
[2024-02-04T14:13:41.029+0000] {processor.py:183} INFO - Processing /home/airflow/.local/lib/python3.8/site-packages/airflow/example_dags/example_branch_python_dop_operator_3.py took 0.107 seconds
[2024-02-04T14:14:11.672+0000] {processor.py:161} INFO - Started process (PID=158) to work on /home/airflow/.local/lib/python3.8/site-packages/airflow/example_dags/example_branch_python_dop_operator_3.py
[2024-02-04T14:14:11.673+0000] {processor.py:830} INFO - Processing file /home/airflow/.local/lib/python3.8/site-packages/airflow/example_dags/example_branch_python_dop_operator_3.py for tasks to queue
[2024-02-04T14:14:11.675+0000] {logging_mixin.py:188} INFO - [2024-02-04T14:14:11.674+0000] {dagbag.py:538} INFO - Filling up the DagBag from /home/airflow/.local/lib/python3.8/site-packages/airflow/example_dags/example_branch_python_dop_operator_3.py
[2024-02-04T14:14:11.688+0000] {processor.py:840} INFO - DAG(s) 'example_branch_dop_operator_v3' retrieved from /home/airflow/.local/lib/python3.8/site-packages/airflow/example_dags/example_branch_python_dop_operator_3.py
[2024-02-04T14:14:11.709+0000] {logging_mixin.py:188} INFO - [2024-02-04T14:14:11.708+0000] {dag.py:3036} INFO - Sync 1 DAGs
[2024-02-04T14:14:11.742+0000] {logging_mixin.py:188} INFO - [2024-02-04T14:14:11.742+0000] {dag.py:3823} INFO - Setting next_dagrun for example_branch_dop_operator_v3 to 2024-02-04 14:13:00+00:00, run_after=2024-02-04 14:14:00+00:00
[2024-02-04T14:14:11.775+0000] {processor.py:183} INFO - Processing /home/airflow/.local/lib/python3.8/site-packages/airflow/example_dags/example_branch_python_dop_operator_3.py took 0.107 seconds
[2024-02-04T14:14:42.074+0000] {processor.py:161} INFO - Started process (PID=214) to work on /home/airflow/.local/lib/python3.8/site-packages/airflow/example_dags/example_branch_python_dop_operator_3.py
[2024-02-04T14:14:42.083+0000] {processor.py:830} INFO - Processing file /home/airflow/.local/lib/python3.8/site-packages/airflow/example_dags/example_branch_python_dop_operator_3.py for tasks to queue
[2024-02-04T14:14:42.085+0000] {logging_mixin.py:188} INFO - [2024-02-04T14:14:42.085+0000] {dagbag.py:538} INFO - Filling up the DagBag from /home/airflow/.local/lib/python3.8/site-packages/airflow/example_dags/example_branch_python_dop_operator_3.py
[2024-02-04T14:14:42.108+0000] {processor.py:840} INFO - DAG(s) 'example_branch_dop_operator_v3' retrieved from /home/airflow/.local/lib/python3.8/site-packages/airflow/example_dags/example_branch_python_dop_operator_3.py
[2024-02-04T14:14:42.146+0000] {logging_mixin.py:188} INFO - [2024-02-04T14:14:42.146+0000] {dag.py:3036} INFO - Sync 1 DAGs
[2024-02-04T14:14:42.188+0000] {logging_mixin.py:188} INFO - [2024-02-04T14:14:42.188+0000] {dag.py:3823} INFO - Setting next_dagrun for example_branch_dop_operator_v3 to 2024-02-04 14:13:00+00:00, run_after=2024-02-04 14:14:00+00:00
[2024-02-04T14:14:42.259+0000] {processor.py:183} INFO - Processing /home/airflow/.local/lib/python3.8/site-packages/airflow/example_dags/example_branch_python_dop_operator_3.py took 0.188 seconds
[2024-02-04T14:16:29.969+0000] {processor.py:161} INFO - Started process (PID=47) to work on /home/airflow/.local/lib/python3.8/site-packages/airflow/example_dags/example_branch_python_dop_operator_3.py
[2024-02-04T14:16:29.970+0000] {processor.py:830} INFO - Processing file /home/airflow/.local/lib/python3.8/site-packages/airflow/example_dags/example_branch_python_dop_operator_3.py for tasks to queue
[2024-02-04T14:16:29.981+0000] {logging_mixin.py:188} INFO - [2024-02-04T14:16:29.980+0000] {dagbag.py:538} INFO - Filling up the DagBag from /home/airflow/.local/lib/python3.8/site-packages/airflow/example_dags/example_branch_python_dop_operator_3.py
[2024-02-04T14:16:30.031+0000] {processor.py:840} INFO - DAG(s) 'example_branch_dop_operator_v3' retrieved from /home/airflow/.local/lib/python3.8/site-packages/airflow/example_dags/example_branch_python_dop_operator_3.py
[2024-02-04T14:16:30.473+0000] {logging_mixin.py:188} INFO - [2024-02-04T14:16:30.473+0000] {dag.py:3036} INFO - Sync 1 DAGs
[2024-02-04T14:16:30.539+0000] {logging_mixin.py:188} INFO - [2024-02-04T14:16:30.539+0000] {dag.py:3823} INFO - Setting next_dagrun for example_branch_dop_operator_v3 to 2024-02-04 14:15:00+00:00, run_after=2024-02-04 14:16:00+00:00
[2024-02-04T14:16:30.636+0000] {processor.py:183} INFO - Processing /home/airflow/.local/lib/python3.8/site-packages/airflow/example_dags/example_branch_python_dop_operator_3.py took 0.675 seconds
[2024-02-04T14:17:01.150+0000] {processor.py:161} INFO - Started process (PID=103) to work on /home/airflow/.local/lib/python3.8/site-packages/airflow/example_dags/example_branch_python_dop_operator_3.py
[2024-02-04T14:17:01.151+0000] {processor.py:830} INFO - Processing file /home/airflow/.local/lib/python3.8/site-packages/airflow/example_dags/example_branch_python_dop_operator_3.py for tasks to queue
[2024-02-04T14:17:01.153+0000] {logging_mixin.py:188} INFO - [2024-02-04T14:17:01.152+0000] {dagbag.py:538} INFO - Filling up the DagBag from /home/airflow/.local/lib/python3.8/site-packages/airflow/example_dags/example_branch_python_dop_operator_3.py
[2024-02-04T14:17:01.164+0000] {processor.py:840} INFO - DAG(s) 'example_branch_dop_operator_v3' retrieved from /home/airflow/.local/lib/python3.8/site-packages/airflow/example_dags/example_branch_python_dop_operator_3.py
[2024-02-04T14:17:01.187+0000] {logging_mixin.py:188} INFO - [2024-02-04T14:17:01.186+0000] {dag.py:3036} INFO - Sync 1 DAGs
[2024-02-04T14:17:01.217+0000] {logging_mixin.py:188} INFO - [2024-02-04T14:17:01.217+0000] {dag.py:3823} INFO - Setting next_dagrun for example_branch_dop_operator_v3 to 2024-02-04 14:16:00+00:00, run_after=2024-02-04 14:17:00+00:00
[2024-02-04T14:17:01.240+0000] {processor.py:183} INFO - Processing /home/airflow/.local/lib/python3.8/site-packages/airflow/example_dags/example_branch_python_dop_operator_3.py took 0.097 seconds
[2024-02-04T14:17:31.612+0000] {processor.py:161} INFO - Started process (PID=159) to work on /home/airflow/.local/lib/python3.8/site-packages/airflow/example_dags/example_branch_python_dop_operator_3.py
[2024-02-04T14:17:31.613+0000] {processor.py:830} INFO - Processing file /home/airflow/.local/lib/python3.8/site-packages/airflow/example_dags/example_branch_python_dop_operator_3.py for tasks to queue
[2024-02-04T14:17:31.615+0000] {logging_mixin.py:188} INFO - [2024-02-04T14:17:31.615+0000] {dagbag.py:538} INFO - Filling up the DagBag from /home/airflow/.local/lib/python3.8/site-packages/airflow/example_dags/example_branch_python_dop_operator_3.py
[2024-02-04T14:17:31.626+0000] {processor.py:840} INFO - DAG(s) 'example_branch_dop_operator_v3' retrieved from /home/airflow/.local/lib/python3.8/site-packages/airflow/example_dags/example_branch_python_dop_operator_3.py
[2024-02-04T14:17:31.648+0000] {logging_mixin.py:188} INFO - [2024-02-04T14:17:31.648+0000] {dag.py:3036} INFO - Sync 1 DAGs
[2024-02-04T14:17:31.677+0000] {logging_mixin.py:188} INFO - [2024-02-04T14:17:31.677+0000] {dag.py:3823} INFO - Setting next_dagrun for example_branch_dop_operator_v3 to 2024-02-04 14:16:00+00:00, run_after=2024-02-04 14:17:00+00:00
[2024-02-04T14:17:31.699+0000] {processor.py:183} INFO - Processing /home/airflow/.local/lib/python3.8/site-packages/airflow/example_dags/example_branch_python_dop_operator_3.py took 0.091 seconds
[2024-02-04T14:18:02.159+0000] {processor.py:161} INFO - Started process (PID=214) to work on /home/airflow/.local/lib/python3.8/site-packages/airflow/example_dags/example_branch_python_dop_operator_3.py
[2024-02-04T14:18:02.166+0000] {processor.py:830} INFO - Processing file /home/airflow/.local/lib/python3.8/site-packages/airflow/example_dags/example_branch_python_dop_operator_3.py for tasks to queue
[2024-02-04T14:18:02.173+0000] {logging_mixin.py:188} INFO - [2024-02-04T14:18:02.173+0000] {dagbag.py:538} INFO - Filling up the DagBag from /home/airflow/.local/lib/python3.8/site-packages/airflow/example_dags/example_branch_python_dop_operator_3.py
[2024-02-04T14:18:02.193+0000] {processor.py:840} INFO - DAG(s) 'example_branch_dop_operator_v3' retrieved from /home/airflow/.local/lib/python3.8/site-packages/airflow/example_dags/example_branch_python_dop_operator_3.py
[2024-02-04T14:18:02.253+0000] {logging_mixin.py:188} INFO - [2024-02-04T14:18:02.253+0000] {dag.py:3036} INFO - Sync 1 DAGs
[2024-02-04T14:18:02.309+0000] {logging_mixin.py:188} INFO - [2024-02-04T14:18:02.309+0000] {dag.py:3823} INFO - Setting next_dagrun for example_branch_dop_operator_v3 to 2024-02-04 14:17:00+00:00, run_after=2024-02-04 14:18:00+00:00
[2024-02-04T14:18:02.366+0000] {processor.py:183} INFO - Processing /home/airflow/.local/lib/python3.8/site-packages/airflow/example_dags/example_branch_python_dop_operator_3.py took 0.210 seconds
[2024-02-04T14:18:32.593+0000] {processor.py:161} INFO - Started process (PID=270) to work on /home/airflow/.local/lib/python3.8/site-packages/airflow/example_dags/example_branch_python_dop_operator_3.py
[2024-02-04T14:18:32.597+0000] {processor.py:830} INFO - Processing file /home/airflow/.local/lib/python3.8/site-packages/airflow/example_dags/example_branch_python_dop_operator_3.py for tasks to queue
[2024-02-04T14:18:32.599+0000] {logging_mixin.py:188} INFO - [2024-02-04T14:18:32.598+0000] {dagbag.py:538} INFO - Filling up the DagBag from /home/airflow/.local/lib/python3.8/site-packages/airflow/example_dags/example_branch_python_dop_operator_3.py
[2024-02-04T14:18:32.634+0000] {processor.py:840} INFO - DAG(s) 'example_branch_dop_operator_v3' retrieved from /home/airflow/.local/lib/python3.8/site-packages/airflow/example_dags/example_branch_python_dop_operator_3.py
[2024-02-04T14:18:32.701+0000] {logging_mixin.py:188} INFO - [2024-02-04T14:18:32.701+0000] {dag.py:3036} INFO - Sync 1 DAGs
[2024-02-04T14:18:32.757+0000] {logging_mixin.py:188} INFO - [2024-02-04T14:18:32.757+0000] {dag.py:3823} INFO - Setting next_dagrun for example_branch_dop_operator_v3 to 2024-02-04 14:17:00+00:00, run_after=2024-02-04 14:18:00+00:00
[2024-02-04T14:18:32.793+0000] {processor.py:183} INFO - Processing /home/airflow/.local/lib/python3.8/site-packages/airflow/example_dags/example_branch_python_dop_operator_3.py took 0.215 seconds
[2024-02-04T14:19:02.981+0000] {processor.py:161} INFO - Started process (PID=326) to work on /home/airflow/.local/lib/python3.8/site-packages/airflow/example_dags/example_branch_python_dop_operator_3.py
[2024-02-04T14:19:02.982+0000] {processor.py:830} INFO - Processing file /home/airflow/.local/lib/python3.8/site-packages/airflow/example_dags/example_branch_python_dop_operator_3.py for tasks to queue
[2024-02-04T14:19:02.983+0000] {logging_mixin.py:188} INFO - [2024-02-04T14:19:02.983+0000] {dagbag.py:538} INFO - Filling up the DagBag from /home/airflow/.local/lib/python3.8/site-packages/airflow/example_dags/example_branch_python_dop_operator_3.py
[2024-02-04T14:19:02.994+0000] {processor.py:840} INFO - DAG(s) 'example_branch_dop_operator_v3' retrieved from /home/airflow/.local/lib/python3.8/site-packages/airflow/example_dags/example_branch_python_dop_operator_3.py
[2024-02-04T14:19:03.015+0000] {logging_mixin.py:188} INFO - [2024-02-04T14:19:03.015+0000] {dag.py:3036} INFO - Sync 1 DAGs
[2024-02-04T14:19:03.046+0000] {logging_mixin.py:188} INFO - [2024-02-04T14:19:03.046+0000] {dag.py:3823} INFO - Setting next_dagrun for example_branch_dop_operator_v3 to 2024-02-04 14:18:00+00:00, run_after=2024-02-04 14:19:00+00:00
[2024-02-04T14:19:03.069+0000] {processor.py:183} INFO - Processing /home/airflow/.local/lib/python3.8/site-packages/airflow/example_dags/example_branch_python_dop_operator_3.py took 0.092 seconds
[2024-02-04T14:19:33.394+0000] {processor.py:161} INFO - Started process (PID=381) to work on /home/airflow/.local/lib/python3.8/site-packages/airflow/example_dags/example_branch_python_dop_operator_3.py
[2024-02-04T14:19:33.395+0000] {processor.py:830} INFO - Processing file /home/airflow/.local/lib/python3.8/site-packages/airflow/example_dags/example_branch_python_dop_operator_3.py for tasks to queue
[2024-02-04T14:19:33.396+0000] {logging_mixin.py:188} INFO - [2024-02-04T14:19:33.396+0000] {dagbag.py:538} INFO - Filling up the DagBag from /home/airflow/.local/lib/python3.8/site-packages/airflow/example_dags/example_branch_python_dop_operator_3.py
[2024-02-04T14:19:33.408+0000] {processor.py:840} INFO - DAG(s) 'example_branch_dop_operator_v3' retrieved from /home/airflow/.local/lib/python3.8/site-packages/airflow/example_dags/example_branch_python_dop_operator_3.py
[2024-02-04T14:19:33.429+0000] {logging_mixin.py:188} INFO - [2024-02-04T14:19:33.428+0000] {dag.py:3036} INFO - Sync 1 DAGs
[2024-02-04T14:19:33.459+0000] {logging_mixin.py:188} INFO - [2024-02-04T14:19:33.459+0000] {dag.py:3823} INFO - Setting next_dagrun for example_branch_dop_operator_v3 to 2024-02-04 14:18:00+00:00, run_after=2024-02-04 14:19:00+00:00
[2024-02-04T14:19:33.482+0000] {processor.py:183} INFO - Processing /home/airflow/.local/lib/python3.8/site-packages/airflow/example_dags/example_branch_python_dop_operator_3.py took 0.091 seconds
[2024-02-04T14:22:55.399+0000] {processor.py:161} INFO - Started process (PID=48) to work on /home/airflow/.local/lib/python3.8/site-packages/airflow/example_dags/example_branch_python_dop_operator_3.py
[2024-02-04T14:22:55.409+0000] {processor.py:830} INFO - Processing file /home/airflow/.local/lib/python3.8/site-packages/airflow/example_dags/example_branch_python_dop_operator_3.py for tasks to queue
[2024-02-04T14:22:55.411+0000] {logging_mixin.py:188} INFO - [2024-02-04T14:22:55.410+0000] {dagbag.py:538} INFO - Filling up the DagBag from /home/airflow/.local/lib/python3.8/site-packages/airflow/example_dags/example_branch_python_dop_operator_3.py
[2024-02-04T14:22:55.454+0000] {processor.py:840} INFO - DAG(s) 'example_branch_dop_operator_v3' retrieved from /home/airflow/.local/lib/python3.8/site-packages/airflow/example_dags/example_branch_python_dop_operator_3.py
[2024-02-04T14:22:55.887+0000] {logging_mixin.py:188} INFO - [2024-02-04T14:22:55.886+0000] {dag.py:3036} INFO - Sync 1 DAGs
[2024-02-04T14:22:55.964+0000] {logging_mixin.py:188} INFO - [2024-02-04T14:22:55.964+0000] {dag.py:3823} INFO - Setting next_dagrun for example_branch_dop_operator_v3 to 2024-02-04 14:21:00+00:00, run_after=2024-02-04 14:22:00+00:00
[2024-02-04T14:22:56.104+0000] {processor.py:183} INFO - Processing /home/airflow/.local/lib/python3.8/site-packages/airflow/example_dags/example_branch_python_dop_operator_3.py took 0.721 seconds
[2024-02-04T14:23:26.629+0000] {processor.py:161} INFO - Started process (PID=103) to work on /home/airflow/.local/lib/python3.8/site-packages/airflow/example_dags/example_branch_python_dop_operator_3.py
[2024-02-04T14:23:26.630+0000] {processor.py:830} INFO - Processing file /home/airflow/.local/lib/python3.8/site-packages/airflow/example_dags/example_branch_python_dop_operator_3.py for tasks to queue
[2024-02-04T14:23:26.632+0000] {logging_mixin.py:188} INFO - [2024-02-04T14:23:26.632+0000] {dagbag.py:538} INFO - Filling up the DagBag from /home/airflow/.local/lib/python3.8/site-packages/airflow/example_dags/example_branch_python_dop_operator_3.py
[2024-02-04T14:23:26.644+0000] {processor.py:840} INFO - DAG(s) 'example_branch_dop_operator_v3' retrieved from /home/airflow/.local/lib/python3.8/site-packages/airflow/example_dags/example_branch_python_dop_operator_3.py
[2024-02-04T14:23:26.667+0000] {logging_mixin.py:188} INFO - [2024-02-04T14:23:26.667+0000] {dag.py:3036} INFO - Sync 1 DAGs
[2024-02-04T14:23:26.699+0000] {logging_mixin.py:188} INFO - [2024-02-04T14:23:26.699+0000] {dag.py:3823} INFO - Setting next_dagrun for example_branch_dop_operator_v3 to 2024-02-04 14:22:00+00:00, run_after=2024-02-04 14:23:00+00:00
[2024-02-04T14:23:26.732+0000] {processor.py:183} INFO - Processing /home/airflow/.local/lib/python3.8/site-packages/airflow/example_dags/example_branch_python_dop_operator_3.py took 0.106 seconds
[2024-02-04T14:23:57.058+0000] {processor.py:161} INFO - Started process (PID=159) to work on /home/airflow/.local/lib/python3.8/site-packages/airflow/example_dags/example_branch_python_dop_operator_3.py
[2024-02-04T14:23:57.059+0000] {processor.py:830} INFO - Processing file /home/airflow/.local/lib/python3.8/site-packages/airflow/example_dags/example_branch_python_dop_operator_3.py for tasks to queue
[2024-02-04T14:23:57.061+0000] {logging_mixin.py:188} INFO - [2024-02-04T14:23:57.060+0000] {dagbag.py:538} INFO - Filling up the DagBag from /home/airflow/.local/lib/python3.8/site-packages/airflow/example_dags/example_branch_python_dop_operator_3.py
[2024-02-04T14:23:57.072+0000] {processor.py:840} INFO - DAG(s) 'example_branch_dop_operator_v3' retrieved from /home/airflow/.local/lib/python3.8/site-packages/airflow/example_dags/example_branch_python_dop_operator_3.py
[2024-02-04T14:23:57.094+0000] {logging_mixin.py:188} INFO - [2024-02-04T14:23:57.093+0000] {dag.py:3036} INFO - Sync 1 DAGs
[2024-02-04T14:23:57.122+0000] {logging_mixin.py:188} INFO - [2024-02-04T14:23:57.122+0000] {dag.py:3823} INFO - Setting next_dagrun for example_branch_dop_operator_v3 to 2024-02-04 14:22:00+00:00, run_after=2024-02-04 14:23:00+00:00
[2024-02-04T14:23:57.156+0000] {processor.py:183} INFO - Processing /home/airflow/.local/lib/python3.8/site-packages/airflow/example_dags/example_branch_python_dop_operator_3.py took 0.103 seconds
[2024-02-04T14:24:27.594+0000] {processor.py:161} INFO - Started process (PID=214) to work on /home/airflow/.local/lib/python3.8/site-packages/airflow/example_dags/example_branch_python_dop_operator_3.py
[2024-02-04T14:24:27.595+0000] {processor.py:830} INFO - Processing file /home/airflow/.local/lib/python3.8/site-packages/airflow/example_dags/example_branch_python_dop_operator_3.py for tasks to queue
[2024-02-04T14:24:27.605+0000] {logging_mixin.py:188} INFO - [2024-02-04T14:24:27.605+0000] {dagbag.py:538} INFO - Filling up the DagBag from /home/airflow/.local/lib/python3.8/site-packages/airflow/example_dags/example_branch_python_dop_operator_3.py
[2024-02-04T14:24:27.635+0000] {processor.py:840} INFO - DAG(s) 'example_branch_dop_operator_v3' retrieved from /home/airflow/.local/lib/python3.8/site-packages/airflow/example_dags/example_branch_python_dop_operator_3.py
[2024-02-04T14:24:27.696+0000] {logging_mixin.py:188} INFO - [2024-02-04T14:24:27.695+0000] {dag.py:3036} INFO - Sync 1 DAGs
[2024-02-04T14:24:27.809+0000] {logging_mixin.py:188} INFO - [2024-02-04T14:24:27.809+0000] {dag.py:3823} INFO - Setting next_dagrun for example_branch_dop_operator_v3 to 2024-02-04 14:23:00+00:00, run_after=2024-02-04 14:24:00+00:00
[2024-02-04T14:24:27.861+0000] {processor.py:183} INFO - Processing /home/airflow/.local/lib/python3.8/site-packages/airflow/example_dags/example_branch_python_dop_operator_3.py took 0.284 seconds
[2024-02-04T14:24:58.736+0000] {processor.py:161} INFO - Started process (PID=269) to work on /home/airflow/.local/lib/python3.8/site-packages/airflow/example_dags/example_branch_python_dop_operator_3.py
[2024-02-04T14:24:58.747+0000] {processor.py:830} INFO - Processing file /home/airflow/.local/lib/python3.8/site-packages/airflow/example_dags/example_branch_python_dop_operator_3.py for tasks to queue
[2024-02-04T14:24:58.749+0000] {logging_mixin.py:188} INFO - [2024-02-04T14:24:58.748+0000] {dagbag.py:538} INFO - Filling up the DagBag from /home/airflow/.local/lib/python3.8/site-packages/airflow/example_dags/example_branch_python_dop_operator_3.py
[2024-02-04T14:24:58.782+0000] {processor.py:840} INFO - DAG(s) 'example_branch_dop_operator_v3' retrieved from /home/airflow/.local/lib/python3.8/site-packages/airflow/example_dags/example_branch_python_dop_operator_3.py
[2024-02-04T14:24:58.813+0000] {logging_mixin.py:188} INFO - [2024-02-04T14:24:58.813+0000] {dag.py:3036} INFO - Sync 1 DAGs
[2024-02-04T14:24:58.846+0000] {logging_mixin.py:188} INFO - [2024-02-04T14:24:58.845+0000] {dag.py:3823} INFO - Setting next_dagrun for example_branch_dop_operator_v3 to 2024-02-04 14:23:00+00:00, run_after=2024-02-04 14:24:00+00:00
[2024-02-04T14:24:58.885+0000] {processor.py:183} INFO - Processing /home/airflow/.local/lib/python3.8/site-packages/airflow/example_dags/example_branch_python_dop_operator_3.py took 0.164 seconds
[2024-02-04T14:25:28.963+0000] {processor.py:161} INFO - Started process (PID=325) to work on /home/airflow/.local/lib/python3.8/site-packages/airflow/example_dags/example_branch_python_dop_operator_3.py
[2024-02-04T14:25:28.965+0000] {processor.py:830} INFO - Processing file /home/airflow/.local/lib/python3.8/site-packages/airflow/example_dags/example_branch_python_dop_operator_3.py for tasks to queue
[2024-02-04T14:25:28.967+0000] {logging_mixin.py:188} INFO - [2024-02-04T14:25:28.967+0000] {dagbag.py:538} INFO - Filling up the DagBag from /home/airflow/.local/lib/python3.8/site-packages/airflow/example_dags/example_branch_python_dop_operator_3.py
[2024-02-04T14:25:28.977+0000] {processor.py:840} INFO - DAG(s) 'example_branch_dop_operator_v3' retrieved from /home/airflow/.local/lib/python3.8/site-packages/airflow/example_dags/example_branch_python_dop_operator_3.py
[2024-02-04T14:25:29.014+0000] {logging_mixin.py:188} INFO - [2024-02-04T14:25:29.014+0000] {dag.py:3036} INFO - Sync 1 DAGs
[2024-02-04T14:25:29.046+0000] {logging_mixin.py:188} INFO - [2024-02-04T14:25:29.045+0000] {dag.py:3823} INFO - Setting next_dagrun for example_branch_dop_operator_v3 to 2024-02-04 14:24:00+00:00, run_after=2024-02-04 14:25:00+00:00
[2024-02-04T14:25:29.069+0000] {processor.py:183} INFO - Processing /home/airflow/.local/lib/python3.8/site-packages/airflow/example_dags/example_branch_python_dop_operator_3.py took 0.109 seconds
[2024-02-04T14:25:59.170+0000] {processor.py:161} INFO - Started process (PID=381) to work on /home/airflow/.local/lib/python3.8/site-packages/airflow/example_dags/example_branch_python_dop_operator_3.py
[2024-02-04T14:25:59.171+0000] {processor.py:830} INFO - Processing file /home/airflow/.local/lib/python3.8/site-packages/airflow/example_dags/example_branch_python_dop_operator_3.py for tasks to queue
[2024-02-04T14:25:59.172+0000] {logging_mixin.py:188} INFO - [2024-02-04T14:25:59.172+0000] {dagbag.py:538} INFO - Filling up the DagBag from /home/airflow/.local/lib/python3.8/site-packages/airflow/example_dags/example_branch_python_dop_operator_3.py
[2024-02-04T14:25:59.180+0000] {processor.py:840} INFO - DAG(s) 'example_branch_dop_operator_v3' retrieved from /home/airflow/.local/lib/python3.8/site-packages/airflow/example_dags/example_branch_python_dop_operator_3.py
[2024-02-04T14:25:59.203+0000] {logging_mixin.py:188} INFO - [2024-02-04T14:25:59.203+0000] {dag.py:3036} INFO - Sync 1 DAGs
[2024-02-04T14:25:59.239+0000] {logging_mixin.py:188} INFO - [2024-02-04T14:25:59.239+0000] {dag.py:3823} INFO - Setting next_dagrun for example_branch_dop_operator_v3 to 2024-02-04 14:24:00+00:00, run_after=2024-02-04 14:25:00+00:00
[2024-02-04T14:25:59.268+0000] {processor.py:183} INFO - Processing /home/airflow/.local/lib/python3.8/site-packages/airflow/example_dags/example_branch_python_dop_operator_3.py took 0.101 seconds
[2024-02-04T14:26:29.373+0000] {processor.py:161} INFO - Started process (PID=436) to work on /home/airflow/.local/lib/python3.8/site-packages/airflow/example_dags/example_branch_python_dop_operator_3.py
[2024-02-04T14:26:29.374+0000] {processor.py:830} INFO - Processing file /home/airflow/.local/lib/python3.8/site-packages/airflow/example_dags/example_branch_python_dop_operator_3.py for tasks to queue
[2024-02-04T14:26:29.376+0000] {logging_mixin.py:188} INFO - [2024-02-04T14:26:29.375+0000] {dagbag.py:538} INFO - Filling up the DagBag from /home/airflow/.local/lib/python3.8/site-packages/airflow/example_dags/example_branch_python_dop_operator_3.py
[2024-02-04T14:26:29.387+0000] {processor.py:840} INFO - DAG(s) 'example_branch_dop_operator_v3' retrieved from /home/airflow/.local/lib/python3.8/site-packages/airflow/example_dags/example_branch_python_dop_operator_3.py
[2024-02-04T14:26:29.408+0000] {logging_mixin.py:188} INFO - [2024-02-04T14:26:29.408+0000] {dag.py:3036} INFO - Sync 1 DAGs
[2024-02-04T14:26:29.446+0000] {logging_mixin.py:188} INFO - [2024-02-04T14:26:29.444+0000] {dag.py:3823} INFO - Setting next_dagrun for example_branch_dop_operator_v3 to 2024-02-04 14:25:00+00:00, run_after=2024-02-04 14:26:00+00:00
[2024-02-04T14:26:29.475+0000] {processor.py:183} INFO - Processing /home/airflow/.local/lib/python3.8/site-packages/airflow/example_dags/example_branch_python_dop_operator_3.py took 0.105 seconds
[2024-02-04T14:27:00.281+0000] {processor.py:161} INFO - Started process (PID=491) to work on /home/airflow/.local/lib/python3.8/site-packages/airflow/example_dags/example_branch_python_dop_operator_3.py
[2024-02-04T14:27:00.282+0000] {processor.py:830} INFO - Processing file /home/airflow/.local/lib/python3.8/site-packages/airflow/example_dags/example_branch_python_dop_operator_3.py for tasks to queue
[2024-02-04T14:27:00.285+0000] {logging_mixin.py:188} INFO - [2024-02-04T14:27:00.284+0000] {dagbag.py:538} INFO - Filling up the DagBag from /home/airflow/.local/lib/python3.8/site-packages/airflow/example_dags/example_branch_python_dop_operator_3.py
[2024-02-04T14:27:00.298+0000] {processor.py:840} INFO - DAG(s) 'example_branch_dop_operator_v3' retrieved from /home/airflow/.local/lib/python3.8/site-packages/airflow/example_dags/example_branch_python_dop_operator_3.py
[2024-02-04T14:27:00.323+0000] {logging_mixin.py:188} INFO - [2024-02-04T14:27:00.322+0000] {dag.py:3036} INFO - Sync 1 DAGs
[2024-02-04T14:27:00.350+0000] {logging_mixin.py:188} INFO - [2024-02-04T14:27:00.350+0000] {dag.py:3823} INFO - Setting next_dagrun for example_branch_dop_operator_v3 to 2024-02-04 14:26:00+00:00, run_after=2024-02-04 14:27:00+00:00
[2024-02-04T14:27:00.375+0000] {processor.py:183} INFO - Processing /home/airflow/.local/lib/python3.8/site-packages/airflow/example_dags/example_branch_python_dop_operator_3.py took 0.097 seconds
[2024-02-04T14:27:30.464+0000] {processor.py:161} INFO - Started process (PID=546) to work on /home/airflow/.local/lib/python3.8/site-packages/airflow/example_dags/example_branch_python_dop_operator_3.py
[2024-02-04T14:27:30.464+0000] {processor.py:830} INFO - Processing file /home/airflow/.local/lib/python3.8/site-packages/airflow/example_dags/example_branch_python_dop_operator_3.py for tasks to queue
[2024-02-04T14:27:30.466+0000] {logging_mixin.py:188} INFO - [2024-02-04T14:27:30.465+0000] {dagbag.py:538} INFO - Filling up the DagBag from /home/airflow/.local/lib/python3.8/site-packages/airflow/example_dags/example_branch_python_dop_operator_3.py
[2024-02-04T14:27:30.473+0000] {processor.py:840} INFO - DAG(s) 'example_branch_dop_operator_v3' retrieved from /home/airflow/.local/lib/python3.8/site-packages/airflow/example_dags/example_branch_python_dop_operator_3.py
[2024-02-04T14:27:30.489+0000] {logging_mixin.py:188} INFO - [2024-02-04T14:27:30.489+0000] {dag.py:3036} INFO - Sync 1 DAGs
[2024-02-04T14:27:30.509+0000] {logging_mixin.py:188} INFO - [2024-02-04T14:27:30.509+0000] {dag.py:3823} INFO - Setting next_dagrun for example_branch_dop_operator_v3 to 2024-02-04 14:26:00+00:00, run_after=2024-02-04 14:27:00+00:00
[2024-02-04T14:27:30.530+0000] {processor.py:183} INFO - Processing /home/airflow/.local/lib/python3.8/site-packages/airflow/example_dags/example_branch_python_dop_operator_3.py took 0.069 seconds
[2024-02-04T14:28:00.743+0000] {processor.py:161} INFO - Started process (PID=600) to work on /home/airflow/.local/lib/python3.8/site-packages/airflow/example_dags/example_branch_python_dop_operator_3.py
[2024-02-04T14:28:00.744+0000] {processor.py:830} INFO - Processing file /home/airflow/.local/lib/python3.8/site-packages/airflow/example_dags/example_branch_python_dop_operator_3.py for tasks to queue
[2024-02-04T14:28:00.746+0000] {logging_mixin.py:188} INFO - [2024-02-04T14:28:00.745+0000] {dagbag.py:538} INFO - Filling up the DagBag from /home/airflow/.local/lib/python3.8/site-packages/airflow/example_dags/example_branch_python_dop_operator_3.py
[2024-02-04T14:28:00.757+0000] {processor.py:840} INFO - DAG(s) 'example_branch_dop_operator_v3' retrieved from /home/airflow/.local/lib/python3.8/site-packages/airflow/example_dags/example_branch_python_dop_operator_3.py
[2024-02-04T14:28:00.778+0000] {logging_mixin.py:188} INFO - [2024-02-04T14:28:00.778+0000] {dag.py:3036} INFO - Sync 1 DAGs
[2024-02-04T14:28:00.809+0000] {logging_mixin.py:188} INFO - [2024-02-04T14:28:00.809+0000] {dag.py:3823} INFO - Setting next_dagrun for example_branch_dop_operator_v3 to 2024-02-04 14:27:00+00:00, run_after=2024-02-04 14:28:00+00:00
[2024-02-04T14:28:00.833+0000] {processor.py:183} INFO - Processing /home/airflow/.local/lib/python3.8/site-packages/airflow/example_dags/example_branch_python_dop_operator_3.py took 0.096 seconds
