[2024-02-04T14:13:14.330+0000] {processor.py:161} INFO - Started process (PID=61) to work on /home/airflow/.local/lib/python3.8/site-packages/airflow/example_dags/example_sensors.py
[2024-02-04T14:13:14.331+0000] {processor.py:830} INFO - Processing file /home/airflow/.local/lib/python3.8/site-packages/airflow/example_dags/example_sensors.py for tasks to queue
[2024-02-04T14:13:14.333+0000] {logging_mixin.py:188} INFO - [2024-02-04T14:13:14.333+0000] {dagbag.py:538} INFO - Filling up the DagBag from /home/airflow/.local/lib/python3.8/site-packages/airflow/example_dags/example_sensors.py
[2024-02-04T14:13:14.360+0000] {processor.py:840} INFO - DAG(s) 'example_sensors' retrieved from /home/airflow/.local/lib/python3.8/site-packages/airflow/example_dags/example_sensors.py
[2024-02-04T14:13:14.674+0000] {logging_mixin.py:188} INFO - [2024-02-04T14:13:14.673+0000] {dag.py:3036} INFO - Sync 1 DAGs
[2024-02-04T14:13:14.706+0000] {logging_mixin.py:188} INFO - [2024-02-04T14:13:14.706+0000] {dag.py:3823} INFO - Setting next_dagrun for example_sensors to None, run_after=None
[2024-02-04T14:13:14.759+0000] {processor.py:183} INFO - Processing /home/airflow/.local/lib/python3.8/site-packages/airflow/example_dags/example_sensors.py took 0.432 seconds
[2024-02-04T14:13:44.809+0000] {processor.py:161} INFO - Started process (PID=117) to work on /home/airflow/.local/lib/python3.8/site-packages/airflow/example_dags/example_sensors.py
[2024-02-04T14:13:44.811+0000] {processor.py:830} INFO - Processing file /home/airflow/.local/lib/python3.8/site-packages/airflow/example_dags/example_sensors.py for tasks to queue
[2024-02-04T14:13:44.813+0000] {logging_mixin.py:188} INFO - [2024-02-04T14:13:44.812+0000] {dagbag.py:538} INFO - Filling up the DagBag from /home/airflow/.local/lib/python3.8/site-packages/airflow/example_dags/example_sensors.py
[2024-02-04T14:13:44.824+0000] {processor.py:840} INFO - DAG(s) 'example_sensors' retrieved from /home/airflow/.local/lib/python3.8/site-packages/airflow/example_dags/example_sensors.py
[2024-02-04T14:13:44.851+0000] {logging_mixin.py:188} INFO - [2024-02-04T14:13:44.851+0000] {dag.py:3036} INFO - Sync 1 DAGs
[2024-02-04T14:13:44.864+0000] {logging_mixin.py:188} INFO - [2024-02-04T14:13:44.864+0000] {dag.py:3823} INFO - Setting next_dagrun for example_sensors to None, run_after=None
[2024-02-04T14:13:44.885+0000] {processor.py:183} INFO - Processing /home/airflow/.local/lib/python3.8/site-packages/airflow/example_dags/example_sensors.py took 0.079 seconds
[2024-02-04T14:14:15.504+0000] {processor.py:161} INFO - Started process (PID=172) to work on /home/airflow/.local/lib/python3.8/site-packages/airflow/example_dags/example_sensors.py
[2024-02-04T14:14:15.505+0000] {processor.py:830} INFO - Processing file /home/airflow/.local/lib/python3.8/site-packages/airflow/example_dags/example_sensors.py for tasks to queue
[2024-02-04T14:14:15.507+0000] {logging_mixin.py:188} INFO - [2024-02-04T14:14:15.506+0000] {dagbag.py:538} INFO - Filling up the DagBag from /home/airflow/.local/lib/python3.8/site-packages/airflow/example_dags/example_sensors.py
[2024-02-04T14:14:15.520+0000] {processor.py:840} INFO - DAG(s) 'example_sensors' retrieved from /home/airflow/.local/lib/python3.8/site-packages/airflow/example_dags/example_sensors.py
[2024-02-04T14:14:15.547+0000] {logging_mixin.py:188} INFO - [2024-02-04T14:14:15.546+0000] {dag.py:3036} INFO - Sync 1 DAGs
[2024-02-04T14:14:15.560+0000] {logging_mixin.py:188} INFO - [2024-02-04T14:14:15.559+0000] {dag.py:3823} INFO - Setting next_dagrun for example_sensors to None, run_after=None
[2024-02-04T14:14:15.585+0000] {processor.py:183} INFO - Processing /home/airflow/.local/lib/python3.8/site-packages/airflow/example_dags/example_sensors.py took 0.085 seconds
[2024-02-04T14:14:46.050+0000] {processor.py:161} INFO - Started process (PID=228) to work on /home/airflow/.local/lib/python3.8/site-packages/airflow/example_dags/example_sensors.py
[2024-02-04T14:14:46.051+0000] {processor.py:830} INFO - Processing file /home/airflow/.local/lib/python3.8/site-packages/airflow/example_dags/example_sensors.py for tasks to queue
[2024-02-04T14:14:46.053+0000] {logging_mixin.py:188} INFO - [2024-02-04T14:14:46.053+0000] {dagbag.py:538} INFO - Filling up the DagBag from /home/airflow/.local/lib/python3.8/site-packages/airflow/example_dags/example_sensors.py
[2024-02-04T14:14:46.066+0000] {processor.py:840} INFO - DAG(s) 'example_sensors' retrieved from /home/airflow/.local/lib/python3.8/site-packages/airflow/example_dags/example_sensors.py
[2024-02-04T14:14:46.108+0000] {logging_mixin.py:188} INFO - [2024-02-04T14:14:46.107+0000] {dag.py:3036} INFO - Sync 1 DAGs
[2024-02-04T14:14:46.124+0000] {logging_mixin.py:188} INFO - [2024-02-04T14:14:46.124+0000] {dag.py:3823} INFO - Setting next_dagrun for example_sensors to None, run_after=None
[2024-02-04T14:14:46.154+0000] {processor.py:183} INFO - Processing /home/airflow/.local/lib/python3.8/site-packages/airflow/example_dags/example_sensors.py took 0.109 seconds
[2024-02-04T14:16:35.251+0000] {processor.py:161} INFO - Started process (PID=61) to work on /home/airflow/.local/lib/python3.8/site-packages/airflow/example_dags/example_sensors.py
[2024-02-04T14:16:35.260+0000] {processor.py:830} INFO - Processing file /home/airflow/.local/lib/python3.8/site-packages/airflow/example_dags/example_sensors.py for tasks to queue
[2024-02-04T14:16:35.265+0000] {logging_mixin.py:188} INFO - [2024-02-04T14:16:35.264+0000] {dagbag.py:538} INFO - Filling up the DagBag from /home/airflow/.local/lib/python3.8/site-packages/airflow/example_dags/example_sensors.py
[2024-02-04T14:16:35.310+0000] {processor.py:840} INFO - DAG(s) 'example_sensors' retrieved from /home/airflow/.local/lib/python3.8/site-packages/airflow/example_dags/example_sensors.py
[2024-02-04T14:16:35.769+0000] {logging_mixin.py:188} INFO - [2024-02-04T14:16:35.769+0000] {dag.py:3036} INFO - Sync 1 DAGs
[2024-02-04T14:16:35.804+0000] {logging_mixin.py:188} INFO - [2024-02-04T14:16:35.804+0000] {dag.py:3823} INFO - Setting next_dagrun for example_sensors to None, run_after=None
[2024-02-04T14:16:35.909+0000] {processor.py:183} INFO - Processing /home/airflow/.local/lib/python3.8/site-packages/airflow/example_dags/example_sensors.py took 0.661 seconds
[2024-02-04T14:17:05.959+0000] {processor.py:161} INFO - Started process (PID=117) to work on /home/airflow/.local/lib/python3.8/site-packages/airflow/example_dags/example_sensors.py
[2024-02-04T14:17:05.961+0000] {processor.py:830} INFO - Processing file /home/airflow/.local/lib/python3.8/site-packages/airflow/example_dags/example_sensors.py for tasks to queue
[2024-02-04T14:17:05.963+0000] {logging_mixin.py:188} INFO - [2024-02-04T14:17:05.962+0000] {dagbag.py:538} INFO - Filling up the DagBag from /home/airflow/.local/lib/python3.8/site-packages/airflow/example_dags/example_sensors.py
[2024-02-04T14:17:05.975+0000] {processor.py:840} INFO - DAG(s) 'example_sensors' retrieved from /home/airflow/.local/lib/python3.8/site-packages/airflow/example_dags/example_sensors.py
[2024-02-04T14:17:06.001+0000] {logging_mixin.py:188} INFO - [2024-02-04T14:17:06.001+0000] {dag.py:3036} INFO - Sync 1 DAGs
[2024-02-04T14:17:06.014+0000] {logging_mixin.py:188} INFO - [2024-02-04T14:17:06.014+0000] {dag.py:3823} INFO - Setting next_dagrun for example_sensors to None, run_after=None
[2024-02-04T14:17:06.036+0000] {processor.py:183} INFO - Processing /home/airflow/.local/lib/python3.8/site-packages/airflow/example_dags/example_sensors.py took 0.080 seconds
[2024-02-04T14:17:36.537+0000] {processor.py:161} INFO - Started process (PID=173) to work on /home/airflow/.local/lib/python3.8/site-packages/airflow/example_dags/example_sensors.py
[2024-02-04T14:17:36.538+0000] {processor.py:830} INFO - Processing file /home/airflow/.local/lib/python3.8/site-packages/airflow/example_dags/example_sensors.py for tasks to queue
[2024-02-04T14:17:36.539+0000] {logging_mixin.py:188} INFO - [2024-02-04T14:17:36.539+0000] {dagbag.py:538} INFO - Filling up the DagBag from /home/airflow/.local/lib/python3.8/site-packages/airflow/example_dags/example_sensors.py
[2024-02-04T14:17:36.550+0000] {processor.py:840} INFO - DAG(s) 'example_sensors' retrieved from /home/airflow/.local/lib/python3.8/site-packages/airflow/example_dags/example_sensors.py
[2024-02-04T14:17:36.570+0000] {logging_mixin.py:188} INFO - [2024-02-04T14:17:36.569+0000] {dag.py:3036} INFO - Sync 1 DAGs
[2024-02-04T14:17:36.579+0000] {logging_mixin.py:188} INFO - [2024-02-04T14:17:36.579+0000] {dag.py:3823} INFO - Setting next_dagrun for example_sensors to None, run_after=None
[2024-02-04T14:17:36.598+0000] {processor.py:183} INFO - Processing /home/airflow/.local/lib/python3.8/site-packages/airflow/example_dags/example_sensors.py took 0.065 seconds
[2024-02-04T14:18:07.089+0000] {processor.py:161} INFO - Started process (PID=228) to work on /home/airflow/.local/lib/python3.8/site-packages/airflow/example_dags/example_sensors.py
[2024-02-04T14:18:07.090+0000] {processor.py:830} INFO - Processing file /home/airflow/.local/lib/python3.8/site-packages/airflow/example_dags/example_sensors.py for tasks to queue
[2024-02-04T14:18:07.092+0000] {logging_mixin.py:188} INFO - [2024-02-04T14:18:07.092+0000] {dagbag.py:538} INFO - Filling up the DagBag from /home/airflow/.local/lib/python3.8/site-packages/airflow/example_dags/example_sensors.py
[2024-02-04T14:18:07.103+0000] {processor.py:840} INFO - DAG(s) 'example_sensors' retrieved from /home/airflow/.local/lib/python3.8/site-packages/airflow/example_dags/example_sensors.py
[2024-02-04T14:18:07.128+0000] {logging_mixin.py:188} INFO - [2024-02-04T14:18:07.128+0000] {dag.py:3036} INFO - Sync 1 DAGs
[2024-02-04T14:18:07.142+0000] {logging_mixin.py:188} INFO - [2024-02-04T14:18:07.142+0000] {dag.py:3823} INFO - Setting next_dagrun for example_sensors to None, run_after=None
[2024-02-04T14:18:07.163+0000] {processor.py:183} INFO - Processing /home/airflow/.local/lib/python3.8/site-packages/airflow/example_dags/example_sensors.py took 0.078 seconds
[2024-02-04T14:18:37.930+0000] {processor.py:161} INFO - Started process (PID=284) to work on /home/airflow/.local/lib/python3.8/site-packages/airflow/example_dags/example_sensors.py
[2024-02-04T14:18:37.931+0000] {processor.py:830} INFO - Processing file /home/airflow/.local/lib/python3.8/site-packages/airflow/example_dags/example_sensors.py for tasks to queue
[2024-02-04T14:18:37.933+0000] {logging_mixin.py:188} INFO - [2024-02-04T14:18:37.932+0000] {dagbag.py:538} INFO - Filling up the DagBag from /home/airflow/.local/lib/python3.8/site-packages/airflow/example_dags/example_sensors.py
[2024-02-04T14:18:37.942+0000] {processor.py:840} INFO - DAG(s) 'example_sensors' retrieved from /home/airflow/.local/lib/python3.8/site-packages/airflow/example_dags/example_sensors.py
[2024-02-04T14:18:37.963+0000] {logging_mixin.py:188} INFO - [2024-02-04T14:18:37.963+0000] {dag.py:3036} INFO - Sync 1 DAGs
[2024-02-04T14:18:37.973+0000] {logging_mixin.py:188} INFO - [2024-02-04T14:18:37.973+0000] {dag.py:3823} INFO - Setting next_dagrun for example_sensors to None, run_after=None
[2024-02-04T14:18:37.995+0000] {processor.py:183} INFO - Processing /home/airflow/.local/lib/python3.8/site-packages/airflow/example_dags/example_sensors.py took 0.068 seconds
[2024-02-04T14:19:08.315+0000] {processor.py:161} INFO - Started process (PID=340) to work on /home/airflow/.local/lib/python3.8/site-packages/airflow/example_dags/example_sensors.py
[2024-02-04T14:19:08.329+0000] {processor.py:830} INFO - Processing file /home/airflow/.local/lib/python3.8/site-packages/airflow/example_dags/example_sensors.py for tasks to queue
[2024-02-04T14:19:08.330+0000] {logging_mixin.py:188} INFO - [2024-02-04T14:19:08.330+0000] {dagbag.py:538} INFO - Filling up the DagBag from /home/airflow/.local/lib/python3.8/site-packages/airflow/example_dags/example_sensors.py
[2024-02-04T14:19:08.340+0000] {processor.py:840} INFO - DAG(s) 'example_sensors' retrieved from /home/airflow/.local/lib/python3.8/site-packages/airflow/example_dags/example_sensors.py
[2024-02-04T14:19:08.394+0000] {logging_mixin.py:188} INFO - [2024-02-04T14:19:08.394+0000] {dag.py:3036} INFO - Sync 1 DAGs
[2024-02-04T14:19:08.411+0000] {logging_mixin.py:188} INFO - [2024-02-04T14:19:08.411+0000] {dag.py:3823} INFO - Setting next_dagrun for example_sensors to None, run_after=None
[2024-02-04T14:19:08.448+0000] {processor.py:183} INFO - Processing /home/airflow/.local/lib/python3.8/site-packages/airflow/example_dags/example_sensors.py took 0.136 seconds
[2024-02-04T14:23:00.904+0000] {processor.py:161} INFO - Started process (PID=62) to work on /home/airflow/.local/lib/python3.8/site-packages/airflow/example_dags/example_sensors.py
[2024-02-04T14:23:00.915+0000] {processor.py:830} INFO - Processing file /home/airflow/.local/lib/python3.8/site-packages/airflow/example_dags/example_sensors.py for tasks to queue
[2024-02-04T14:23:00.917+0000] {logging_mixin.py:188} INFO - [2024-02-04T14:23:00.917+0000] {dagbag.py:538} INFO - Filling up the DagBag from /home/airflow/.local/lib/python3.8/site-packages/airflow/example_dags/example_sensors.py
[2024-02-04T14:23:00.963+0000] {processor.py:840} INFO - DAG(s) 'example_sensors' retrieved from /home/airflow/.local/lib/python3.8/site-packages/airflow/example_dags/example_sensors.py
[2024-02-04T14:23:01.255+0000] {logging_mixin.py:188} INFO - [2024-02-04T14:23:01.254+0000] {dag.py:3036} INFO - Sync 1 DAGs
[2024-02-04T14:23:01.308+0000] {logging_mixin.py:188} INFO - [2024-02-04T14:23:01.304+0000] {dag.py:3823} INFO - Setting next_dagrun for example_sensors to None, run_after=None
[2024-02-04T14:23:01.402+0000] {processor.py:183} INFO - Processing /home/airflow/.local/lib/python3.8/site-packages/airflow/example_dags/example_sensors.py took 0.501 seconds
[2024-02-04T14:23:31.479+0000] {processor.py:161} INFO - Started process (PID=117) to work on /home/airflow/.local/lib/python3.8/site-packages/airflow/example_dags/example_sensors.py
[2024-02-04T14:23:31.480+0000] {processor.py:830} INFO - Processing file /home/airflow/.local/lib/python3.8/site-packages/airflow/example_dags/example_sensors.py for tasks to queue
[2024-02-04T14:23:31.482+0000] {logging_mixin.py:188} INFO - [2024-02-04T14:23:31.481+0000] {dagbag.py:538} INFO - Filling up the DagBag from /home/airflow/.local/lib/python3.8/site-packages/airflow/example_dags/example_sensors.py
[2024-02-04T14:23:31.493+0000] {processor.py:840} INFO - DAG(s) 'example_sensors' retrieved from /home/airflow/.local/lib/python3.8/site-packages/airflow/example_dags/example_sensors.py
[2024-02-04T14:23:31.525+0000] {logging_mixin.py:188} INFO - [2024-02-04T14:23:31.524+0000] {dag.py:3036} INFO - Sync 1 DAGs
[2024-02-04T14:23:31.538+0000] {logging_mixin.py:188} INFO - [2024-02-04T14:23:31.538+0000] {dag.py:3823} INFO - Setting next_dagrun for example_sensors to None, run_after=None
[2024-02-04T14:23:31.562+0000] {processor.py:183} INFO - Processing /home/airflow/.local/lib/python3.8/site-packages/airflow/example_dags/example_sensors.py took 0.088 seconds
[2024-02-04T14:24:01.960+0000] {processor.py:161} INFO - Started process (PID=173) to work on /home/airflow/.local/lib/python3.8/site-packages/airflow/example_dags/example_sensors.py
[2024-02-04T14:24:01.961+0000] {processor.py:830} INFO - Processing file /home/airflow/.local/lib/python3.8/site-packages/airflow/example_dags/example_sensors.py for tasks to queue
[2024-02-04T14:24:01.963+0000] {logging_mixin.py:188} INFO - [2024-02-04T14:24:01.963+0000] {dagbag.py:538} INFO - Filling up the DagBag from /home/airflow/.local/lib/python3.8/site-packages/airflow/example_dags/example_sensors.py
[2024-02-04T14:24:01.975+0000] {processor.py:840} INFO - DAG(s) 'example_sensors' retrieved from /home/airflow/.local/lib/python3.8/site-packages/airflow/example_dags/example_sensors.py
[2024-02-04T14:24:02.003+0000] {logging_mixin.py:188} INFO - [2024-02-04T14:24:02.002+0000] {dag.py:3036} INFO - Sync 1 DAGs
[2024-02-04T14:24:02.017+0000] {logging_mixin.py:188} INFO - [2024-02-04T14:24:02.016+0000] {dag.py:3823} INFO - Setting next_dagrun for example_sensors to None, run_after=None
[2024-02-04T14:24:02.040+0000] {processor.py:183} INFO - Processing /home/airflow/.local/lib/python3.8/site-packages/airflow/example_dags/example_sensors.py took 0.084 seconds
[2024-02-04T14:24:32.712+0000] {processor.py:161} INFO - Started process (PID=228) to work on /home/airflow/.local/lib/python3.8/site-packages/airflow/example_dags/example_sensors.py
[2024-02-04T14:24:32.713+0000] {processor.py:830} INFO - Processing file /home/airflow/.local/lib/python3.8/site-packages/airflow/example_dags/example_sensors.py for tasks to queue
[2024-02-04T14:24:32.715+0000] {logging_mixin.py:188} INFO - [2024-02-04T14:24:32.715+0000] {dagbag.py:538} INFO - Filling up the DagBag from /home/airflow/.local/lib/python3.8/site-packages/airflow/example_dags/example_sensors.py
[2024-02-04T14:24:32.727+0000] {processor.py:840} INFO - DAG(s) 'example_sensors' retrieved from /home/airflow/.local/lib/python3.8/site-packages/airflow/example_dags/example_sensors.py
[2024-02-04T14:24:32.755+0000] {logging_mixin.py:188} INFO - [2024-02-04T14:24:32.755+0000] {dag.py:3036} INFO - Sync 1 DAGs
[2024-02-04T14:24:32.767+0000] {logging_mixin.py:188} INFO - [2024-02-04T14:24:32.767+0000] {dag.py:3823} INFO - Setting next_dagrun for example_sensors to None, run_after=None
[2024-02-04T14:24:32.786+0000] {processor.py:183} INFO - Processing /home/airflow/.local/lib/python3.8/site-packages/airflow/example_dags/example_sensors.py took 0.078 seconds
[2024-02-04T14:25:03.597+0000] {processor.py:161} INFO - Started process (PID=283) to work on /home/airflow/.local/lib/python3.8/site-packages/airflow/example_dags/example_sensors.py
[2024-02-04T14:25:03.598+0000] {processor.py:830} INFO - Processing file /home/airflow/.local/lib/python3.8/site-packages/airflow/example_dags/example_sensors.py for tasks to queue
[2024-02-04T14:25:03.600+0000] {logging_mixin.py:188} INFO - [2024-02-04T14:25:03.599+0000] {dagbag.py:538} INFO - Filling up the DagBag from /home/airflow/.local/lib/python3.8/site-packages/airflow/example_dags/example_sensors.py
[2024-02-04T14:25:03.611+0000] {processor.py:840} INFO - DAG(s) 'example_sensors' retrieved from /home/airflow/.local/lib/python3.8/site-packages/airflow/example_dags/example_sensors.py
[2024-02-04T14:25:03.640+0000] {logging_mixin.py:188} INFO - [2024-02-04T14:25:03.639+0000] {dag.py:3036} INFO - Sync 1 DAGs
[2024-02-04T14:25:03.654+0000] {logging_mixin.py:188} INFO - [2024-02-04T14:25:03.654+0000] {dag.py:3823} INFO - Setting next_dagrun for example_sensors to None, run_after=None
[2024-02-04T14:25:03.679+0000] {processor.py:183} INFO - Processing /home/airflow/.local/lib/python3.8/site-packages/airflow/example_dags/example_sensors.py took 0.086 seconds
[2024-02-04T14:25:34.135+0000] {processor.py:161} INFO - Started process (PID=339) to work on /home/airflow/.local/lib/python3.8/site-packages/airflow/example_dags/example_sensors.py
[2024-02-04T14:25:34.140+0000] {processor.py:830} INFO - Processing file /home/airflow/.local/lib/python3.8/site-packages/airflow/example_dags/example_sensors.py for tasks to queue
[2024-02-04T14:25:34.142+0000] {logging_mixin.py:188} INFO - [2024-02-04T14:25:34.141+0000] {dagbag.py:538} INFO - Filling up the DagBag from /home/airflow/.local/lib/python3.8/site-packages/airflow/example_dags/example_sensors.py
[2024-02-04T14:25:34.161+0000] {processor.py:840} INFO - DAG(s) 'example_sensors' retrieved from /home/airflow/.local/lib/python3.8/site-packages/airflow/example_dags/example_sensors.py
[2024-02-04T14:25:34.237+0000] {logging_mixin.py:188} INFO - [2024-02-04T14:25:34.237+0000] {dag.py:3036} INFO - Sync 1 DAGs
[2024-02-04T14:25:34.273+0000] {logging_mixin.py:188} INFO - [2024-02-04T14:25:34.273+0000] {dag.py:3823} INFO - Setting next_dagrun for example_sensors to None, run_after=None
[2024-02-04T14:25:34.331+0000] {processor.py:183} INFO - Processing /home/airflow/.local/lib/python3.8/site-packages/airflow/example_dags/example_sensors.py took 0.204 seconds
[2024-02-04T14:26:05.072+0000] {processor.py:161} INFO - Started process (PID=395) to work on /home/airflow/.local/lib/python3.8/site-packages/airflow/example_dags/example_sensors.py
[2024-02-04T14:26:05.073+0000] {processor.py:830} INFO - Processing file /home/airflow/.local/lib/python3.8/site-packages/airflow/example_dags/example_sensors.py for tasks to queue
[2024-02-04T14:26:05.075+0000] {logging_mixin.py:188} INFO - [2024-02-04T14:26:05.075+0000] {dagbag.py:538} INFO - Filling up the DagBag from /home/airflow/.local/lib/python3.8/site-packages/airflow/example_dags/example_sensors.py
[2024-02-04T14:26:05.082+0000] {processor.py:840} INFO - DAG(s) 'example_sensors' retrieved from /home/airflow/.local/lib/python3.8/site-packages/airflow/example_dags/example_sensors.py
[2024-02-04T14:26:05.102+0000] {logging_mixin.py:188} INFO - [2024-02-04T14:26:05.102+0000] {dag.py:3036} INFO - Sync 1 DAGs
[2024-02-04T14:26:05.113+0000] {logging_mixin.py:188} INFO - [2024-02-04T14:26:05.112+0000] {dag.py:3823} INFO - Setting next_dagrun for example_sensors to None, run_after=None
[2024-02-04T14:26:05.135+0000] {processor.py:183} INFO - Processing /home/airflow/.local/lib/python3.8/site-packages/airflow/example_dags/example_sensors.py took 0.067 seconds
[2024-02-04T14:26:35.230+0000] {processor.py:161} INFO - Started process (PID=450) to work on /home/airflow/.local/lib/python3.8/site-packages/airflow/example_dags/example_sensors.py
[2024-02-04T14:26:35.231+0000] {processor.py:830} INFO - Processing file /home/airflow/.local/lib/python3.8/site-packages/airflow/example_dags/example_sensors.py for tasks to queue
[2024-02-04T14:26:35.234+0000] {logging_mixin.py:188} INFO - [2024-02-04T14:26:35.233+0000] {dagbag.py:538} INFO - Filling up the DagBag from /home/airflow/.local/lib/python3.8/site-packages/airflow/example_dags/example_sensors.py
[2024-02-04T14:26:35.243+0000] {processor.py:840} INFO - DAG(s) 'example_sensors' retrieved from /home/airflow/.local/lib/python3.8/site-packages/airflow/example_dags/example_sensors.py
[2024-02-04T14:26:35.263+0000] {logging_mixin.py:188} INFO - [2024-02-04T14:26:35.263+0000] {dag.py:3036} INFO - Sync 1 DAGs
[2024-02-04T14:26:35.274+0000] {logging_mixin.py:188} INFO - [2024-02-04T14:26:35.273+0000] {dag.py:3823} INFO - Setting next_dagrun for example_sensors to None, run_after=None
[2024-02-04T14:26:35.294+0000] {processor.py:183} INFO - Processing /home/airflow/.local/lib/python3.8/site-packages/airflow/example_dags/example_sensors.py took 0.067 seconds
[2024-02-04T14:27:06.187+0000] {processor.py:161} INFO - Started process (PID=505) to work on /home/airflow/.local/lib/python3.8/site-packages/airflow/example_dags/example_sensors.py
[2024-02-04T14:27:06.187+0000] {processor.py:830} INFO - Processing file /home/airflow/.local/lib/python3.8/site-packages/airflow/example_dags/example_sensors.py for tasks to queue
[2024-02-04T14:27:06.189+0000] {logging_mixin.py:188} INFO - [2024-02-04T14:27:06.189+0000] {dagbag.py:538} INFO - Filling up the DagBag from /home/airflow/.local/lib/python3.8/site-packages/airflow/example_dags/example_sensors.py
[2024-02-04T14:27:06.198+0000] {processor.py:840} INFO - DAG(s) 'example_sensors' retrieved from /home/airflow/.local/lib/python3.8/site-packages/airflow/example_dags/example_sensors.py
[2024-02-04T14:27:06.218+0000] {logging_mixin.py:188} INFO - [2024-02-04T14:27:06.218+0000] {dag.py:3036} INFO - Sync 1 DAGs
[2024-02-04T14:27:06.227+0000] {logging_mixin.py:188} INFO - [2024-02-04T14:27:06.227+0000] {dag.py:3823} INFO - Setting next_dagrun for example_sensors to None, run_after=None
[2024-02-04T14:27:06.247+0000] {processor.py:183} INFO - Processing /home/airflow/.local/lib/python3.8/site-packages/airflow/example_dags/example_sensors.py took 0.063 seconds
[2024-02-04T14:27:36.411+0000] {processor.py:161} INFO - Started process (PID=560) to work on /home/airflow/.local/lib/python3.8/site-packages/airflow/example_dags/example_sensors.py
[2024-02-04T14:27:36.412+0000] {processor.py:830} INFO - Processing file /home/airflow/.local/lib/python3.8/site-packages/airflow/example_dags/example_sensors.py for tasks to queue
[2024-02-04T14:27:36.414+0000] {logging_mixin.py:188} INFO - [2024-02-04T14:27:36.414+0000] {dagbag.py:538} INFO - Filling up the DagBag from /home/airflow/.local/lib/python3.8/site-packages/airflow/example_dags/example_sensors.py
[2024-02-04T14:27:36.424+0000] {processor.py:840} INFO - DAG(s) 'example_sensors' retrieved from /home/airflow/.local/lib/python3.8/site-packages/airflow/example_dags/example_sensors.py
[2024-02-04T14:27:36.444+0000] {logging_mixin.py:188} INFO - [2024-02-04T14:27:36.444+0000] {dag.py:3036} INFO - Sync 1 DAGs
[2024-02-04T14:27:36.453+0000] {logging_mixin.py:188} INFO - [2024-02-04T14:27:36.453+0000] {dag.py:3823} INFO - Setting next_dagrun for example_sensors to None, run_after=None
[2024-02-04T14:27:36.472+0000] {processor.py:183} INFO - Processing /home/airflow/.local/lib/python3.8/site-packages/airflow/example_dags/example_sensors.py took 0.065 seconds
[2024-02-04T14:28:06.684+0000] {processor.py:161} INFO - Started process (PID=614) to work on /home/airflow/.local/lib/python3.8/site-packages/airflow/example_dags/example_sensors.py
[2024-02-04T14:28:06.688+0000] {processor.py:830} INFO - Processing file /home/airflow/.local/lib/python3.8/site-packages/airflow/example_dags/example_sensors.py for tasks to queue
[2024-02-04T14:28:06.691+0000] {logging_mixin.py:188} INFO - [2024-02-04T14:28:06.690+0000] {dagbag.py:538} INFO - Filling up the DagBag from /home/airflow/.local/lib/python3.8/site-packages/airflow/example_dags/example_sensors.py
[2024-02-04T14:28:06.704+0000] {processor.py:840} INFO - DAG(s) 'example_sensors' retrieved from /home/airflow/.local/lib/python3.8/site-packages/airflow/example_dags/example_sensors.py
[2024-02-04T14:28:06.725+0000] {logging_mixin.py:188} INFO - [2024-02-04T14:28:06.724+0000] {dag.py:3036} INFO - Sync 1 DAGs
[2024-02-04T14:28:06.734+0000] {logging_mixin.py:188} INFO - [2024-02-04T14:28:06.734+0000] {dag.py:3823} INFO - Setting next_dagrun for example_sensors to None, run_after=None
[2024-02-04T14:28:06.757+0000] {processor.py:183} INFO - Processing /home/airflow/.local/lib/python3.8/site-packages/airflow/example_dags/example_sensors.py took 0.082 seconds
