[2024-02-04T14:13:15.908+0000] {processor.py:161} INFO - Started process (PID=66) to work on /home/airflow/.local/lib/python3.8/site-packages/airflow/example_dags/example_python_operator.py
[2024-02-04T14:13:15.910+0000] {processor.py:830} INFO - Processing file /home/airflow/.local/lib/python3.8/site-packages/airflow/example_dags/example_python_operator.py for tasks to queue
[2024-02-04T14:13:15.912+0000] {logging_mixin.py:188} INFO - [2024-02-04T14:13:15.911+0000] {dagbag.py:538} INFO - Filling up the DagBag from /home/airflow/.local/lib/python3.8/site-packages/airflow/example_dags/example_python_operator.py
[2024-02-04T14:13:15.953+0000] {processor.py:840} INFO - DAG(s) 'example_python_operator' retrieved from /home/airflow/.local/lib/python3.8/site-packages/airflow/example_dags/example_python_operator.py
[2024-02-04T14:13:16.186+0000] {logging_mixin.py:188} INFO - [2024-02-04T14:13:16.185+0000] {dag.py:3036} INFO - Sync 1 DAGs
[2024-02-04T14:13:16.199+0000] {logging_mixin.py:188} INFO - [2024-02-04T14:13:16.198+0000] {dag.py:3823} INFO - Setting next_dagrun for example_python_operator to None, run_after=None
[2024-02-04T14:13:16.228+0000] {processor.py:183} INFO - Processing /home/airflow/.local/lib/python3.8/site-packages/airflow/example_dags/example_python_operator.py took 0.324 seconds
[2024-02-04T14:13:47.195+0000] {processor.py:161} INFO - Started process (PID=122) to work on /home/airflow/.local/lib/python3.8/site-packages/airflow/example_dags/example_python_operator.py
[2024-02-04T14:13:47.196+0000] {processor.py:830} INFO - Processing file /home/airflow/.local/lib/python3.8/site-packages/airflow/example_dags/example_python_operator.py for tasks to queue
[2024-02-04T14:13:47.198+0000] {logging_mixin.py:188} INFO - [2024-02-04T14:13:47.197+0000] {dagbag.py:538} INFO - Filling up the DagBag from /home/airflow/.local/lib/python3.8/site-packages/airflow/example_dags/example_python_operator.py
[2024-02-04T14:13:47.209+0000] {processor.py:840} INFO - DAG(s) 'example_python_operator' retrieved from /home/airflow/.local/lib/python3.8/site-packages/airflow/example_dags/example_python_operator.py
[2024-02-04T14:13:47.236+0000] {logging_mixin.py:188} INFO - [2024-02-04T14:13:47.235+0000] {dag.py:3036} INFO - Sync 1 DAGs
[2024-02-04T14:13:47.250+0000] {logging_mixin.py:188} INFO - [2024-02-04T14:13:47.250+0000] {dag.py:3823} INFO - Setting next_dagrun for example_python_operator to None, run_after=None
[2024-02-04T14:13:47.274+0000] {processor.py:183} INFO - Processing /home/airflow/.local/lib/python3.8/site-packages/airflow/example_dags/example_python_operator.py took 0.082 seconds
[2024-02-04T14:14:17.894+0000] {processor.py:161} INFO - Started process (PID=177) to work on /home/airflow/.local/lib/python3.8/site-packages/airflow/example_dags/example_python_operator.py
[2024-02-04T14:14:17.895+0000] {processor.py:830} INFO - Processing file /home/airflow/.local/lib/python3.8/site-packages/airflow/example_dags/example_python_operator.py for tasks to queue
[2024-02-04T14:14:17.897+0000] {logging_mixin.py:188} INFO - [2024-02-04T14:14:17.896+0000] {dagbag.py:538} INFO - Filling up the DagBag from /home/airflow/.local/lib/python3.8/site-packages/airflow/example_dags/example_python_operator.py
[2024-02-04T14:14:17.909+0000] {processor.py:840} INFO - DAG(s) 'example_python_operator' retrieved from /home/airflow/.local/lib/python3.8/site-packages/airflow/example_dags/example_python_operator.py
[2024-02-04T14:14:17.944+0000] {logging_mixin.py:188} INFO - [2024-02-04T14:14:17.944+0000] {dag.py:3036} INFO - Sync 1 DAGs
[2024-02-04T14:14:17.960+0000] {logging_mixin.py:188} INFO - [2024-02-04T14:14:17.959+0000] {dag.py:3823} INFO - Setting next_dagrun for example_python_operator to None, run_after=None
[2024-02-04T14:14:17.986+0000] {processor.py:183} INFO - Processing /home/airflow/.local/lib/python3.8/site-packages/airflow/example_dags/example_python_operator.py took 0.096 seconds
[2024-02-04T14:14:48.446+0000] {processor.py:161} INFO - Started process (PID=233) to work on /home/airflow/.local/lib/python3.8/site-packages/airflow/example_dags/example_python_operator.py
[2024-02-04T14:14:48.447+0000] {processor.py:830} INFO - Processing file /home/airflow/.local/lib/python3.8/site-packages/airflow/example_dags/example_python_operator.py for tasks to queue
[2024-02-04T14:14:48.450+0000] {logging_mixin.py:188} INFO - [2024-02-04T14:14:48.449+0000] {dagbag.py:538} INFO - Filling up the DagBag from /home/airflow/.local/lib/python3.8/site-packages/airflow/example_dags/example_python_operator.py
[2024-02-04T14:14:48.462+0000] {processor.py:840} INFO - DAG(s) 'example_python_operator' retrieved from /home/airflow/.local/lib/python3.8/site-packages/airflow/example_dags/example_python_operator.py
[2024-02-04T14:14:48.495+0000] {logging_mixin.py:188} INFO - [2024-02-04T14:14:48.495+0000] {dag.py:3036} INFO - Sync 1 DAGs
[2024-02-04T14:14:48.509+0000] {logging_mixin.py:188} INFO - [2024-02-04T14:14:48.509+0000] {dag.py:3823} INFO - Setting next_dagrun for example_python_operator to None, run_after=None
[2024-02-04T14:14:48.535+0000] {processor.py:183} INFO - Processing /home/airflow/.local/lib/python3.8/site-packages/airflow/example_dags/example_python_operator.py took 0.092 seconds
[2024-02-04T14:16:37.471+0000] {processor.py:161} INFO - Started process (PID=66) to work on /home/airflow/.local/lib/python3.8/site-packages/airflow/example_dags/example_python_operator.py
[2024-02-04T14:16:37.476+0000] {processor.py:830} INFO - Processing file /home/airflow/.local/lib/python3.8/site-packages/airflow/example_dags/example_python_operator.py for tasks to queue
[2024-02-04T14:16:37.478+0000] {logging_mixin.py:188} INFO - [2024-02-04T14:16:37.478+0000] {dagbag.py:538} INFO - Filling up the DagBag from /home/airflow/.local/lib/python3.8/site-packages/airflow/example_dags/example_python_operator.py
[2024-02-04T14:16:37.510+0000] {processor.py:840} INFO - DAG(s) 'example_python_operator' retrieved from /home/airflow/.local/lib/python3.8/site-packages/airflow/example_dags/example_python_operator.py
[2024-02-04T14:16:37.774+0000] {logging_mixin.py:188} INFO - [2024-02-04T14:16:37.774+0000] {dag.py:3036} INFO - Sync 1 DAGs
[2024-02-04T14:16:37.788+0000] {logging_mixin.py:188} INFO - [2024-02-04T14:16:37.788+0000] {dag.py:3823} INFO - Setting next_dagrun for example_python_operator to None, run_after=None
[2024-02-04T14:16:37.856+0000] {processor.py:183} INFO - Processing /home/airflow/.local/lib/python3.8/site-packages/airflow/example_dags/example_python_operator.py took 0.396 seconds
[2024-02-04T14:17:08.397+0000] {processor.py:161} INFO - Started process (PID=122) to work on /home/airflow/.local/lib/python3.8/site-packages/airflow/example_dags/example_python_operator.py
[2024-02-04T14:17:08.398+0000] {processor.py:830} INFO - Processing file /home/airflow/.local/lib/python3.8/site-packages/airflow/example_dags/example_python_operator.py for tasks to queue
[2024-02-04T14:17:08.399+0000] {logging_mixin.py:188} INFO - [2024-02-04T14:17:08.399+0000] {dagbag.py:538} INFO - Filling up the DagBag from /home/airflow/.local/lib/python3.8/site-packages/airflow/example_dags/example_python_operator.py
[2024-02-04T14:17:08.409+0000] {processor.py:840} INFO - DAG(s) 'example_python_operator' retrieved from /home/airflow/.local/lib/python3.8/site-packages/airflow/example_dags/example_python_operator.py
[2024-02-04T14:17:08.432+0000] {logging_mixin.py:188} INFO - [2024-02-04T14:17:08.432+0000] {dag.py:3036} INFO - Sync 1 DAGs
[2024-02-04T14:17:08.446+0000] {logging_mixin.py:188} INFO - [2024-02-04T14:17:08.446+0000] {dag.py:3823} INFO - Setting next_dagrun for example_python_operator to None, run_after=None
[2024-02-04T14:17:08.494+0000] {processor.py:183} INFO - Processing /home/airflow/.local/lib/python3.8/site-packages/airflow/example_dags/example_python_operator.py took 0.102 seconds
[2024-02-04T14:17:38.903+0000] {processor.py:161} INFO - Started process (PID=178) to work on /home/airflow/.local/lib/python3.8/site-packages/airflow/example_dags/example_python_operator.py
[2024-02-04T14:17:38.904+0000] {processor.py:830} INFO - Processing file /home/airflow/.local/lib/python3.8/site-packages/airflow/example_dags/example_python_operator.py for tasks to queue
[2024-02-04T14:17:38.905+0000] {logging_mixin.py:188} INFO - [2024-02-04T14:17:38.905+0000] {dagbag.py:538} INFO - Filling up the DagBag from /home/airflow/.local/lib/python3.8/site-packages/airflow/example_dags/example_python_operator.py
[2024-02-04T14:17:38.919+0000] {processor.py:840} INFO - DAG(s) 'example_python_operator' retrieved from /home/airflow/.local/lib/python3.8/site-packages/airflow/example_dags/example_python_operator.py
[2024-02-04T14:17:38.942+0000] {logging_mixin.py:188} INFO - [2024-02-04T14:17:38.942+0000] {dag.py:3036} INFO - Sync 1 DAGs
[2024-02-04T14:17:38.956+0000] {logging_mixin.py:188} INFO - [2024-02-04T14:17:38.955+0000] {dag.py:3823} INFO - Setting next_dagrun for example_python_operator to None, run_after=None
[2024-02-04T14:17:38.980+0000] {processor.py:183} INFO - Processing /home/airflow/.local/lib/python3.8/site-packages/airflow/example_dags/example_python_operator.py took 0.081 seconds
[2024-02-04T14:18:09.587+0000] {processor.py:161} INFO - Started process (PID=233) to work on /home/airflow/.local/lib/python3.8/site-packages/airflow/example_dags/example_python_operator.py
[2024-02-04T14:18:09.588+0000] {processor.py:830} INFO - Processing file /home/airflow/.local/lib/python3.8/site-packages/airflow/example_dags/example_python_operator.py for tasks to queue
[2024-02-04T14:18:09.590+0000] {logging_mixin.py:188} INFO - [2024-02-04T14:18:09.590+0000] {dagbag.py:538} INFO - Filling up the DagBag from /home/airflow/.local/lib/python3.8/site-packages/airflow/example_dags/example_python_operator.py
[2024-02-04T14:18:09.608+0000] {processor.py:840} INFO - DAG(s) 'example_python_operator' retrieved from /home/airflow/.local/lib/python3.8/site-packages/airflow/example_dags/example_python_operator.py
[2024-02-04T14:18:09.674+0000] {logging_mixin.py:188} INFO - [2024-02-04T14:18:09.673+0000] {dag.py:3036} INFO - Sync 1 DAGs
[2024-02-04T14:18:09.693+0000] {logging_mixin.py:188} INFO - [2024-02-04T14:18:09.693+0000] {dag.py:3823} INFO - Setting next_dagrun for example_python_operator to None, run_after=None
[2024-02-04T14:18:09.724+0000] {processor.py:183} INFO - Processing /home/airflow/.local/lib/python3.8/site-packages/airflow/example_dags/example_python_operator.py took 0.140 seconds
[2024-02-04T14:18:40.340+0000] {processor.py:161} INFO - Started process (PID=289) to work on /home/airflow/.local/lib/python3.8/site-packages/airflow/example_dags/example_python_operator.py
[2024-02-04T14:18:40.341+0000] {processor.py:830} INFO - Processing file /home/airflow/.local/lib/python3.8/site-packages/airflow/example_dags/example_python_operator.py for tasks to queue
[2024-02-04T14:18:40.343+0000] {logging_mixin.py:188} INFO - [2024-02-04T14:18:40.343+0000] {dagbag.py:538} INFO - Filling up the DagBag from /home/airflow/.local/lib/python3.8/site-packages/airflow/example_dags/example_python_operator.py
[2024-02-04T14:18:40.357+0000] {processor.py:840} INFO - DAG(s) 'example_python_operator' retrieved from /home/airflow/.local/lib/python3.8/site-packages/airflow/example_dags/example_python_operator.py
[2024-02-04T14:18:40.381+0000] {logging_mixin.py:188} INFO - [2024-02-04T14:18:40.381+0000] {dag.py:3036} INFO - Sync 1 DAGs
[2024-02-04T14:18:40.397+0000] {logging_mixin.py:188} INFO - [2024-02-04T14:18:40.396+0000] {dag.py:3823} INFO - Setting next_dagrun for example_python_operator to None, run_after=None
[2024-02-04T14:18:40.422+0000] {processor.py:183} INFO - Processing /home/airflow/.local/lib/python3.8/site-packages/airflow/example_dags/example_python_operator.py took 0.086 seconds
[2024-02-04T14:19:10.802+0000] {processor.py:161} INFO - Started process (PID=345) to work on /home/airflow/.local/lib/python3.8/site-packages/airflow/example_dags/example_python_operator.py
[2024-02-04T14:19:10.803+0000] {processor.py:830} INFO - Processing file /home/airflow/.local/lib/python3.8/site-packages/airflow/example_dags/example_python_operator.py for tasks to queue
[2024-02-04T14:19:10.805+0000] {logging_mixin.py:188} INFO - [2024-02-04T14:19:10.805+0000] {dagbag.py:538} INFO - Filling up the DagBag from /home/airflow/.local/lib/python3.8/site-packages/airflow/example_dags/example_python_operator.py
[2024-02-04T14:19:10.818+0000] {processor.py:840} INFO - DAG(s) 'example_python_operator' retrieved from /home/airflow/.local/lib/python3.8/site-packages/airflow/example_dags/example_python_operator.py
[2024-02-04T14:19:10.843+0000] {logging_mixin.py:188} INFO - [2024-02-04T14:19:10.843+0000] {dag.py:3036} INFO - Sync 1 DAGs
[2024-02-04T14:19:10.857+0000] {logging_mixin.py:188} INFO - [2024-02-04T14:19:10.857+0000] {dag.py:3823} INFO - Setting next_dagrun for example_python_operator to None, run_after=None
[2024-02-04T14:19:10.881+0000] {processor.py:183} INFO - Processing /home/airflow/.local/lib/python3.8/site-packages/airflow/example_dags/example_python_operator.py took 0.084 seconds
[2024-02-04T14:23:02.344+0000] {processor.py:161} INFO - Started process (PID=67) to work on /home/airflow/.local/lib/python3.8/site-packages/airflow/example_dags/example_python_operator.py
[2024-02-04T14:23:02.345+0000] {processor.py:830} INFO - Processing file /home/airflow/.local/lib/python3.8/site-packages/airflow/example_dags/example_python_operator.py for tasks to queue
[2024-02-04T14:23:02.362+0000] {logging_mixin.py:188} INFO - [2024-02-04T14:23:02.358+0000] {dagbag.py:538} INFO - Filling up the DagBag from /home/airflow/.local/lib/python3.8/site-packages/airflow/example_dags/example_python_operator.py
[2024-02-04T14:23:02.392+0000] {processor.py:840} INFO - DAG(s) 'example_python_operator' retrieved from /home/airflow/.local/lib/python3.8/site-packages/airflow/example_dags/example_python_operator.py
[2024-02-04T14:23:02.527+0000] {logging_mixin.py:188} INFO - [2024-02-04T14:23:02.527+0000] {dag.py:3036} INFO - Sync 1 DAGs
[2024-02-04T14:23:02.553+0000] {logging_mixin.py:188} INFO - [2024-02-04T14:23:02.553+0000] {dag.py:3823} INFO - Setting next_dagrun for example_python_operator to None, run_after=None
[2024-02-04T14:23:02.593+0000] {processor.py:183} INFO - Processing /home/airflow/.local/lib/python3.8/site-packages/airflow/example_dags/example_python_operator.py took 0.253 seconds
[2024-02-04T14:23:32.757+0000] {processor.py:161} INFO - Started process (PID=121) to work on /home/airflow/.local/lib/python3.8/site-packages/airflow/example_dags/example_python_operator.py
[2024-02-04T14:23:32.758+0000] {processor.py:830} INFO - Processing file /home/airflow/.local/lib/python3.8/site-packages/airflow/example_dags/example_python_operator.py for tasks to queue
[2024-02-04T14:23:32.760+0000] {logging_mixin.py:188} INFO - [2024-02-04T14:23:32.759+0000] {dagbag.py:538} INFO - Filling up the DagBag from /home/airflow/.local/lib/python3.8/site-packages/airflow/example_dags/example_python_operator.py
[2024-02-04T14:23:32.776+0000] {processor.py:840} INFO - DAG(s) 'example_python_operator' retrieved from /home/airflow/.local/lib/python3.8/site-packages/airflow/example_dags/example_python_operator.py
[2024-02-04T14:23:32.803+0000] {logging_mixin.py:188} INFO - [2024-02-04T14:23:32.803+0000] {dag.py:3036} INFO - Sync 1 DAGs
[2024-02-04T14:23:32.818+0000] {logging_mixin.py:188} INFO - [2024-02-04T14:23:32.818+0000] {dag.py:3823} INFO - Setting next_dagrun for example_python_operator to None, run_after=None
[2024-02-04T14:23:32.839+0000] {processor.py:183} INFO - Processing /home/airflow/.local/lib/python3.8/site-packages/airflow/example_dags/example_python_operator.py took 0.086 seconds
[2024-02-04T14:24:03.325+0000] {processor.py:161} INFO - Started process (PID=177) to work on /home/airflow/.local/lib/python3.8/site-packages/airflow/example_dags/example_python_operator.py
[2024-02-04T14:24:03.326+0000] {processor.py:830} INFO - Processing file /home/airflow/.local/lib/python3.8/site-packages/airflow/example_dags/example_python_operator.py for tasks to queue
[2024-02-04T14:24:03.327+0000] {logging_mixin.py:188} INFO - [2024-02-04T14:24:03.327+0000] {dagbag.py:538} INFO - Filling up the DagBag from /home/airflow/.local/lib/python3.8/site-packages/airflow/example_dags/example_python_operator.py
[2024-02-04T14:24:03.339+0000] {processor.py:840} INFO - DAG(s) 'example_python_operator' retrieved from /home/airflow/.local/lib/python3.8/site-packages/airflow/example_dags/example_python_operator.py
[2024-02-04T14:24:03.362+0000] {logging_mixin.py:188} INFO - [2024-02-04T14:24:03.361+0000] {dag.py:3036} INFO - Sync 1 DAGs
[2024-02-04T14:24:03.379+0000] {logging_mixin.py:188} INFO - [2024-02-04T14:24:03.379+0000] {dag.py:3823} INFO - Setting next_dagrun for example_python_operator to None, run_after=None
[2024-02-04T14:24:03.407+0000] {processor.py:183} INFO - Processing /home/airflow/.local/lib/python3.8/site-packages/airflow/example_dags/example_python_operator.py took 0.085 seconds
[2024-02-04T14:24:34.038+0000] {processor.py:161} INFO - Started process (PID=232) to work on /home/airflow/.local/lib/python3.8/site-packages/airflow/example_dags/example_python_operator.py
[2024-02-04T14:24:34.039+0000] {processor.py:830} INFO - Processing file /home/airflow/.local/lib/python3.8/site-packages/airflow/example_dags/example_python_operator.py for tasks to queue
[2024-02-04T14:24:34.041+0000] {logging_mixin.py:188} INFO - [2024-02-04T14:24:34.041+0000] {dagbag.py:538} INFO - Filling up the DagBag from /home/airflow/.local/lib/python3.8/site-packages/airflow/example_dags/example_python_operator.py
[2024-02-04T14:24:34.054+0000] {processor.py:840} INFO - DAG(s) 'example_python_operator' retrieved from /home/airflow/.local/lib/python3.8/site-packages/airflow/example_dags/example_python_operator.py
[2024-02-04T14:24:34.078+0000] {logging_mixin.py:188} INFO - [2024-02-04T14:24:34.077+0000] {dag.py:3036} INFO - Sync 1 DAGs
[2024-02-04T14:24:34.090+0000] {logging_mixin.py:188} INFO - [2024-02-04T14:24:34.090+0000] {dag.py:3823} INFO - Setting next_dagrun for example_python_operator to None, run_after=None
[2024-02-04T14:24:34.114+0000] {processor.py:183} INFO - Processing /home/airflow/.local/lib/python3.8/site-packages/airflow/example_dags/example_python_operator.py took 0.080 seconds
[2024-02-04T14:25:04.955+0000] {processor.py:161} INFO - Started process (PID=287) to work on /home/airflow/.local/lib/python3.8/site-packages/airflow/example_dags/example_python_operator.py
[2024-02-04T14:25:04.956+0000] {processor.py:830} INFO - Processing file /home/airflow/.local/lib/python3.8/site-packages/airflow/example_dags/example_python_operator.py for tasks to queue
[2024-02-04T14:25:04.958+0000] {logging_mixin.py:188} INFO - [2024-02-04T14:25:04.958+0000] {dagbag.py:538} INFO - Filling up the DagBag from /home/airflow/.local/lib/python3.8/site-packages/airflow/example_dags/example_python_operator.py
[2024-02-04T14:25:04.974+0000] {processor.py:840} INFO - DAG(s) 'example_python_operator' retrieved from /home/airflow/.local/lib/python3.8/site-packages/airflow/example_dags/example_python_operator.py
[2024-02-04T14:25:05.001+0000] {logging_mixin.py:188} INFO - [2024-02-04T14:25:05.001+0000] {dag.py:3036} INFO - Sync 1 DAGs
[2024-02-04T14:25:05.014+0000] {logging_mixin.py:188} INFO - [2024-02-04T14:25:05.014+0000] {dag.py:3823} INFO - Setting next_dagrun for example_python_operator to None, run_after=None
[2024-02-04T14:25:05.038+0000] {processor.py:183} INFO - Processing /home/airflow/.local/lib/python3.8/site-packages/airflow/example_dags/example_python_operator.py took 0.087 seconds
[2024-02-04T14:25:36.003+0000] {processor.py:161} INFO - Started process (PID=343) to work on /home/airflow/.local/lib/python3.8/site-packages/airflow/example_dags/example_python_operator.py
[2024-02-04T14:25:36.010+0000] {processor.py:830} INFO - Processing file /home/airflow/.local/lib/python3.8/site-packages/airflow/example_dags/example_python_operator.py for tasks to queue
[2024-02-04T14:25:36.013+0000] {logging_mixin.py:188} INFO - [2024-02-04T14:25:36.013+0000] {dagbag.py:538} INFO - Filling up the DagBag from /home/airflow/.local/lib/python3.8/site-packages/airflow/example_dags/example_python_operator.py
[2024-02-04T14:25:36.028+0000] {processor.py:840} INFO - DAG(s) 'example_python_operator' retrieved from /home/airflow/.local/lib/python3.8/site-packages/airflow/example_dags/example_python_operator.py
[2024-02-04T14:25:36.069+0000] {logging_mixin.py:188} INFO - [2024-02-04T14:25:36.069+0000] {dag.py:3036} INFO - Sync 1 DAGs
[2024-02-04T14:25:36.083+0000] {logging_mixin.py:188} INFO - [2024-02-04T14:25:36.083+0000] {dag.py:3823} INFO - Setting next_dagrun for example_python_operator to None, run_after=None
[2024-02-04T14:25:36.106+0000] {processor.py:183} INFO - Processing /home/airflow/.local/lib/python3.8/site-packages/airflow/example_dags/example_python_operator.py took 0.107 seconds
[2024-02-04T14:26:06.397+0000] {processor.py:161} INFO - Started process (PID=399) to work on /home/airflow/.local/lib/python3.8/site-packages/airflow/example_dags/example_python_operator.py
[2024-02-04T14:26:06.398+0000] {processor.py:830} INFO - Processing file /home/airflow/.local/lib/python3.8/site-packages/airflow/example_dags/example_python_operator.py for tasks to queue
[2024-02-04T14:26:06.405+0000] {logging_mixin.py:188} INFO - [2024-02-04T14:26:06.405+0000] {dagbag.py:538} INFO - Filling up the DagBag from /home/airflow/.local/lib/python3.8/site-packages/airflow/example_dags/example_python_operator.py
[2024-02-04T14:26:06.440+0000] {processor.py:840} INFO - DAG(s) 'example_python_operator' retrieved from /home/airflow/.local/lib/python3.8/site-packages/airflow/example_dags/example_python_operator.py
[2024-02-04T14:26:06.485+0000] {logging_mixin.py:188} INFO - [2024-02-04T14:26:06.485+0000] {dag.py:3036} INFO - Sync 1 DAGs
[2024-02-04T14:26:06.536+0000] {logging_mixin.py:188} INFO - [2024-02-04T14:26:06.535+0000] {dag.py:3823} INFO - Setting next_dagrun for example_python_operator to None, run_after=None
[2024-02-04T14:26:06.587+0000] {processor.py:183} INFO - Processing /home/airflow/.local/lib/python3.8/site-packages/airflow/example_dags/example_python_operator.py took 0.206 seconds
[2024-02-04T14:26:37.421+0000] {processor.py:161} INFO - Started process (PID=454) to work on /home/airflow/.local/lib/python3.8/site-packages/airflow/example_dags/example_python_operator.py
[2024-02-04T14:26:37.422+0000] {processor.py:830} INFO - Processing file /home/airflow/.local/lib/python3.8/site-packages/airflow/example_dags/example_python_operator.py for tasks to queue
[2024-02-04T14:26:37.424+0000] {logging_mixin.py:188} INFO - [2024-02-04T14:26:37.424+0000] {dagbag.py:538} INFO - Filling up the DagBag from /home/airflow/.local/lib/python3.8/site-packages/airflow/example_dags/example_python_operator.py
[2024-02-04T14:26:37.440+0000] {processor.py:840} INFO - DAG(s) 'example_python_operator' retrieved from /home/airflow/.local/lib/python3.8/site-packages/airflow/example_dags/example_python_operator.py
[2024-02-04T14:26:37.482+0000] {logging_mixin.py:188} INFO - [2024-02-04T14:26:37.482+0000] {dag.py:3036} INFO - Sync 1 DAGs
[2024-02-04T14:26:37.504+0000] {logging_mixin.py:188} INFO - [2024-02-04T14:26:37.504+0000] {dag.py:3823} INFO - Setting next_dagrun for example_python_operator to None, run_after=None
[2024-02-04T14:26:37.528+0000] {processor.py:183} INFO - Processing /home/airflow/.local/lib/python3.8/site-packages/airflow/example_dags/example_python_operator.py took 0.111 seconds
[2024-02-04T14:27:08.351+0000] {processor.py:161} INFO - Started process (PID=509) to work on /home/airflow/.local/lib/python3.8/site-packages/airflow/example_dags/example_python_operator.py
[2024-02-04T14:27:08.352+0000] {processor.py:830} INFO - Processing file /home/airflow/.local/lib/python3.8/site-packages/airflow/example_dags/example_python_operator.py for tasks to queue
[2024-02-04T14:27:08.354+0000] {logging_mixin.py:188} INFO - [2024-02-04T14:27:08.354+0000] {dagbag.py:538} INFO - Filling up the DagBag from /home/airflow/.local/lib/python3.8/site-packages/airflow/example_dags/example_python_operator.py
[2024-02-04T14:27:08.366+0000] {processor.py:840} INFO - DAG(s) 'example_python_operator' retrieved from /home/airflow/.local/lib/python3.8/site-packages/airflow/example_dags/example_python_operator.py
[2024-02-04T14:27:08.391+0000] {logging_mixin.py:188} INFO - [2024-02-04T14:27:08.391+0000] {dag.py:3036} INFO - Sync 1 DAGs
[2024-02-04T14:27:08.404+0000] {logging_mixin.py:188} INFO - [2024-02-04T14:27:08.404+0000] {dag.py:3823} INFO - Setting next_dagrun for example_python_operator to None, run_after=None
[2024-02-04T14:27:08.430+0000] {processor.py:183} INFO - Processing /home/airflow/.local/lib/python3.8/site-packages/airflow/example_dags/example_python_operator.py took 0.082 seconds
[2024-02-04T14:27:38.576+0000] {processor.py:161} INFO - Started process (PID=563) to work on /home/airflow/.local/lib/python3.8/site-packages/airflow/example_dags/example_python_operator.py
[2024-02-04T14:27:38.576+0000] {processor.py:830} INFO - Processing file /home/airflow/.local/lib/python3.8/site-packages/airflow/example_dags/example_python_operator.py for tasks to queue
[2024-02-04T14:27:38.578+0000] {logging_mixin.py:188} INFO - [2024-02-04T14:27:38.578+0000] {dagbag.py:538} INFO - Filling up the DagBag from /home/airflow/.local/lib/python3.8/site-packages/airflow/example_dags/example_python_operator.py
[2024-02-04T14:27:38.586+0000] {processor.py:840} INFO - DAG(s) 'example_python_operator' retrieved from /home/airflow/.local/lib/python3.8/site-packages/airflow/example_dags/example_python_operator.py
[2024-02-04T14:27:38.603+0000] {logging_mixin.py:188} INFO - [2024-02-04T14:27:38.602+0000] {dag.py:3036} INFO - Sync 1 DAGs
[2024-02-04T14:27:38.612+0000] {logging_mixin.py:188} INFO - [2024-02-04T14:27:38.612+0000] {dag.py:3823} INFO - Setting next_dagrun for example_python_operator to None, run_after=None
[2024-02-04T14:27:38.632+0000] {processor.py:183} INFO - Processing /home/airflow/.local/lib/python3.8/site-packages/airflow/example_dags/example_python_operator.py took 0.060 seconds
