[2024-02-04T14:13:16.503+0000] {processor.py:161} INFO - Started process (PID=70) to work on /home/airflow/.local/lib/python3.8/site-packages/airflow/example_dags/example_external_task_marker_dag.py
[2024-02-04T14:13:16.504+0000] {processor.py:830} INFO - Processing file /home/airflow/.local/lib/python3.8/site-packages/airflow/example_dags/example_external_task_marker_dag.py for tasks to queue
[2024-02-04T14:13:16.506+0000] {logging_mixin.py:188} INFO - [2024-02-04T14:13:16.506+0000] {dagbag.py:538} INFO - Filling up the DagBag from /home/airflow/.local/lib/python3.8/site-packages/airflow/example_dags/example_external_task_marker_dag.py
[2024-02-04T14:13:16.528+0000] {processor.py:840} INFO - DAG(s) 'example_external_task_marker_child', 'example_external_task_marker_parent' retrieved from /home/airflow/.local/lib/python3.8/site-packages/airflow/example_dags/example_external_task_marker_dag.py
[2024-02-04T14:13:16.697+0000] {logging_mixin.py:188} INFO - [2024-02-04T14:13:16.697+0000] {dag.py:3036} INFO - Sync 2 DAGs
[2024-02-04T14:13:16.719+0000] {logging_mixin.py:188} INFO - [2024-02-04T14:13:16.719+0000] {dag.py:3823} INFO - Setting next_dagrun for example_external_task_marker_child to None, run_after=None
[2024-02-04T14:13:16.723+0000] {logging_mixin.py:188} INFO - [2024-02-04T14:13:16.723+0000] {dag.py:3823} INFO - Setting next_dagrun for example_external_task_marker_parent to None, run_after=None
[2024-02-04T14:13:16.769+0000] {processor.py:183} INFO - Processing /home/airflow/.local/lib/python3.8/site-packages/airflow/example_dags/example_external_task_marker_dag.py took 0.276 seconds
[2024-02-04T14:13:47.399+0000] {processor.py:161} INFO - Started process (PID=126) to work on /home/airflow/.local/lib/python3.8/site-packages/airflow/example_dags/example_external_task_marker_dag.py
[2024-02-04T14:13:47.400+0000] {processor.py:830} INFO - Processing file /home/airflow/.local/lib/python3.8/site-packages/airflow/example_dags/example_external_task_marker_dag.py for tasks to queue
[2024-02-04T14:13:47.402+0000] {logging_mixin.py:188} INFO - [2024-02-04T14:13:47.401+0000] {dagbag.py:538} INFO - Filling up the DagBag from /home/airflow/.local/lib/python3.8/site-packages/airflow/example_dags/example_external_task_marker_dag.py
[2024-02-04T14:13:47.409+0000] {processor.py:840} INFO - DAG(s) 'example_external_task_marker_parent', 'example_external_task_marker_child' retrieved from /home/airflow/.local/lib/python3.8/site-packages/airflow/example_dags/example_external_task_marker_dag.py
[2024-02-04T14:13:47.434+0000] {logging_mixin.py:188} INFO - [2024-02-04T14:13:47.433+0000] {dag.py:3036} INFO - Sync 2 DAGs
[2024-02-04T14:13:47.448+0000] {logging_mixin.py:188} INFO - [2024-02-04T14:13:47.448+0000] {dag.py:3823} INFO - Setting next_dagrun for example_external_task_marker_child to None, run_after=None
[2024-02-04T14:13:47.453+0000] {logging_mixin.py:188} INFO - [2024-02-04T14:13:47.452+0000] {dag.py:3823} INFO - Setting next_dagrun for example_external_task_marker_parent to None, run_after=None
[2024-02-04T14:13:47.476+0000] {processor.py:183} INFO - Processing /home/airflow/.local/lib/python3.8/site-packages/airflow/example_dags/example_external_task_marker_dag.py took 0.081 seconds
[2024-02-04T14:14:18.129+0000] {processor.py:161} INFO - Started process (PID=181) to work on /home/airflow/.local/lib/python3.8/site-packages/airflow/example_dags/example_external_task_marker_dag.py
[2024-02-04T14:14:18.130+0000] {processor.py:830} INFO - Processing file /home/airflow/.local/lib/python3.8/site-packages/airflow/example_dags/example_external_task_marker_dag.py for tasks to queue
[2024-02-04T14:14:18.133+0000] {logging_mixin.py:188} INFO - [2024-02-04T14:14:18.132+0000] {dagbag.py:538} INFO - Filling up the DagBag from /home/airflow/.local/lib/python3.8/site-packages/airflow/example_dags/example_external_task_marker_dag.py
[2024-02-04T14:14:18.140+0000] {processor.py:840} INFO - DAG(s) 'example_external_task_marker_parent', 'example_external_task_marker_child' retrieved from /home/airflow/.local/lib/python3.8/site-packages/airflow/example_dags/example_external_task_marker_dag.py
[2024-02-04T14:14:18.161+0000] {logging_mixin.py:188} INFO - [2024-02-04T14:14:18.161+0000] {dag.py:3036} INFO - Sync 2 DAGs
[2024-02-04T14:14:18.175+0000] {logging_mixin.py:188} INFO - [2024-02-04T14:14:18.175+0000] {dag.py:3823} INFO - Setting next_dagrun for example_external_task_marker_child to None, run_after=None
[2024-02-04T14:14:18.179+0000] {logging_mixin.py:188} INFO - [2024-02-04T14:14:18.179+0000] {dag.py:3823} INFO - Setting next_dagrun for example_external_task_marker_parent to None, run_after=None
[2024-02-04T14:14:18.202+0000] {processor.py:183} INFO - Processing /home/airflow/.local/lib/python3.8/site-packages/airflow/example_dags/example_external_task_marker_dag.py took 0.076 seconds
[2024-02-04T14:14:48.680+0000] {processor.py:161} INFO - Started process (PID=237) to work on /home/airflow/.local/lib/python3.8/site-packages/airflow/example_dags/example_external_task_marker_dag.py
[2024-02-04T14:14:48.682+0000] {processor.py:830} INFO - Processing file /home/airflow/.local/lib/python3.8/site-packages/airflow/example_dags/example_external_task_marker_dag.py for tasks to queue
[2024-02-04T14:14:48.684+0000] {logging_mixin.py:188} INFO - [2024-02-04T14:14:48.683+0000] {dagbag.py:538} INFO - Filling up the DagBag from /home/airflow/.local/lib/python3.8/site-packages/airflow/example_dags/example_external_task_marker_dag.py
[2024-02-04T14:14:48.690+0000] {processor.py:840} INFO - DAG(s) 'example_external_task_marker_parent', 'example_external_task_marker_child' retrieved from /home/airflow/.local/lib/python3.8/site-packages/airflow/example_dags/example_external_task_marker_dag.py
[2024-02-04T14:14:48.716+0000] {logging_mixin.py:188} INFO - [2024-02-04T14:14:48.714+0000] {dag.py:3036} INFO - Sync 2 DAGs
[2024-02-04T14:14:48.734+0000] {logging_mixin.py:188} INFO - [2024-02-04T14:14:48.734+0000] {dag.py:3823} INFO - Setting next_dagrun for example_external_task_marker_child to None, run_after=None
[2024-02-04T14:14:48.738+0000] {logging_mixin.py:188} INFO - [2024-02-04T14:14:48.737+0000] {dag.py:3823} INFO - Setting next_dagrun for example_external_task_marker_parent to None, run_after=None
[2024-02-04T14:14:48.760+0000] {processor.py:183} INFO - Processing /home/airflow/.local/lib/python3.8/site-packages/airflow/example_dags/example_external_task_marker_dag.py took 0.084 seconds
[2024-02-04T14:16:38.359+0000] {processor.py:161} INFO - Started process (PID=70) to work on /home/airflow/.local/lib/python3.8/site-packages/airflow/example_dags/example_external_task_marker_dag.py
[2024-02-04T14:16:38.365+0000] {processor.py:830} INFO - Processing file /home/airflow/.local/lib/python3.8/site-packages/airflow/example_dags/example_external_task_marker_dag.py for tasks to queue
[2024-02-04T14:16:38.366+0000] {logging_mixin.py:188} INFO - [2024-02-04T14:16:38.366+0000] {dagbag.py:538} INFO - Filling up the DagBag from /home/airflow/.local/lib/python3.8/site-packages/airflow/example_dags/example_external_task_marker_dag.py
[2024-02-04T14:16:38.388+0000] {processor.py:840} INFO - DAG(s) 'example_external_task_marker_parent', 'example_external_task_marker_child' retrieved from /home/airflow/.local/lib/python3.8/site-packages/airflow/example_dags/example_external_task_marker_dag.py
[2024-02-04T14:16:38.698+0000] {logging_mixin.py:188} INFO - [2024-02-04T14:16:38.697+0000] {dag.py:3036} INFO - Sync 2 DAGs
[2024-02-04T14:16:38.712+0000] {logging_mixin.py:188} INFO - [2024-02-04T14:16:38.711+0000] {dag.py:3823} INFO - Setting next_dagrun for example_external_task_marker_child to None, run_after=None
[2024-02-04T14:16:38.715+0000] {logging_mixin.py:188} INFO - [2024-02-04T14:16:38.715+0000] {dag.py:3823} INFO - Setting next_dagrun for example_external_task_marker_parent to None, run_after=None
[2024-02-04T14:16:38.805+0000] {processor.py:183} INFO - Processing /home/airflow/.local/lib/python3.8/site-packages/airflow/example_dags/example_external_task_marker_dag.py took 0.469 seconds
[2024-02-04T14:17:09.580+0000] {processor.py:161} INFO - Started process (PID=126) to work on /home/airflow/.local/lib/python3.8/site-packages/airflow/example_dags/example_external_task_marker_dag.py
[2024-02-04T14:17:09.581+0000] {processor.py:830} INFO - Processing file /home/airflow/.local/lib/python3.8/site-packages/airflow/example_dags/example_external_task_marker_dag.py for tasks to queue
[2024-02-04T14:17:09.583+0000] {logging_mixin.py:188} INFO - [2024-02-04T14:17:09.583+0000] {dagbag.py:538} INFO - Filling up the DagBag from /home/airflow/.local/lib/python3.8/site-packages/airflow/example_dags/example_external_task_marker_dag.py
[2024-02-04T14:17:09.590+0000] {processor.py:840} INFO - DAG(s) 'example_external_task_marker_parent', 'example_external_task_marker_child' retrieved from /home/airflow/.local/lib/python3.8/site-packages/airflow/example_dags/example_external_task_marker_dag.py
[2024-02-04T14:17:09.616+0000] {logging_mixin.py:188} INFO - [2024-02-04T14:17:09.616+0000] {dag.py:3036} INFO - Sync 2 DAGs
[2024-02-04T14:17:09.640+0000] {logging_mixin.py:188} INFO - [2024-02-04T14:17:09.640+0000] {dag.py:3823} INFO - Setting next_dagrun for example_external_task_marker_child to None, run_after=None
[2024-02-04T14:17:09.653+0000] {logging_mixin.py:188} INFO - [2024-02-04T14:17:09.652+0000] {dag.py:3823} INFO - Setting next_dagrun for example_external_task_marker_parent to None, run_after=None
[2024-02-04T14:17:09.701+0000] {processor.py:183} INFO - Processing /home/airflow/.local/lib/python3.8/site-packages/airflow/example_dags/example_external_task_marker_dag.py took 0.124 seconds
[2024-02-04T14:17:40.101+0000] {processor.py:161} INFO - Started process (PID=182) to work on /home/airflow/.local/lib/python3.8/site-packages/airflow/example_dags/example_external_task_marker_dag.py
[2024-02-04T14:17:40.102+0000] {processor.py:830} INFO - Processing file /home/airflow/.local/lib/python3.8/site-packages/airflow/example_dags/example_external_task_marker_dag.py for tasks to queue
[2024-02-04T14:17:40.104+0000] {logging_mixin.py:188} INFO - [2024-02-04T14:17:40.104+0000] {dagbag.py:538} INFO - Filling up the DagBag from /home/airflow/.local/lib/python3.8/site-packages/airflow/example_dags/example_external_task_marker_dag.py
[2024-02-04T14:17:40.115+0000] {processor.py:840} INFO - DAG(s) 'example_external_task_marker_child', 'example_external_task_marker_parent' retrieved from /home/airflow/.local/lib/python3.8/site-packages/airflow/example_dags/example_external_task_marker_dag.py
[2024-02-04T14:17:40.138+0000] {logging_mixin.py:188} INFO - [2024-02-04T14:17:40.138+0000] {dag.py:3036} INFO - Sync 2 DAGs
[2024-02-04T14:17:40.153+0000] {logging_mixin.py:188} INFO - [2024-02-04T14:17:40.153+0000] {dag.py:3823} INFO - Setting next_dagrun for example_external_task_marker_child to None, run_after=None
[2024-02-04T14:17:40.157+0000] {logging_mixin.py:188} INFO - [2024-02-04T14:17:40.157+0000] {dag.py:3823} INFO - Setting next_dagrun for example_external_task_marker_parent to None, run_after=None
[2024-02-04T14:17:40.200+0000] {processor.py:183} INFO - Processing /home/airflow/.local/lib/python3.8/site-packages/airflow/example_dags/example_external_task_marker_dag.py took 0.103 seconds
[2024-02-04T14:18:10.852+0000] {processor.py:161} INFO - Started process (PID=237) to work on /home/airflow/.local/lib/python3.8/site-packages/airflow/example_dags/example_external_task_marker_dag.py
[2024-02-04T14:18:10.853+0000] {processor.py:830} INFO - Processing file /home/airflow/.local/lib/python3.8/site-packages/airflow/example_dags/example_external_task_marker_dag.py for tasks to queue
[2024-02-04T14:18:10.855+0000] {logging_mixin.py:188} INFO - [2024-02-04T14:18:10.854+0000] {dagbag.py:538} INFO - Filling up the DagBag from /home/airflow/.local/lib/python3.8/site-packages/airflow/example_dags/example_external_task_marker_dag.py
[2024-02-04T14:18:10.861+0000] {processor.py:840} INFO - DAG(s) 'example_external_task_marker_child', 'example_external_task_marker_parent' retrieved from /home/airflow/.local/lib/python3.8/site-packages/airflow/example_dags/example_external_task_marker_dag.py
[2024-02-04T14:18:10.893+0000] {logging_mixin.py:188} INFO - [2024-02-04T14:18:10.892+0000] {dag.py:3036} INFO - Sync 2 DAGs
[2024-02-04T14:18:10.909+0000] {logging_mixin.py:188} INFO - [2024-02-04T14:18:10.909+0000] {dag.py:3823} INFO - Setting next_dagrun for example_external_task_marker_child to None, run_after=None
[2024-02-04T14:18:10.913+0000] {logging_mixin.py:188} INFO - [2024-02-04T14:18:10.913+0000] {dag.py:3823} INFO - Setting next_dagrun for example_external_task_marker_parent to None, run_after=None
[2024-02-04T14:18:10.941+0000] {processor.py:183} INFO - Processing /home/airflow/.local/lib/python3.8/site-packages/airflow/example_dags/example_external_task_marker_dag.py took 0.092 seconds
[2024-02-04T14:18:41.498+0000] {processor.py:161} INFO - Started process (PID=293) to work on /home/airflow/.local/lib/python3.8/site-packages/airflow/example_dags/example_external_task_marker_dag.py
[2024-02-04T14:18:41.499+0000] {processor.py:830} INFO - Processing file /home/airflow/.local/lib/python3.8/site-packages/airflow/example_dags/example_external_task_marker_dag.py for tasks to queue
[2024-02-04T14:18:41.501+0000] {logging_mixin.py:188} INFO - [2024-02-04T14:18:41.501+0000] {dagbag.py:538} INFO - Filling up the DagBag from /home/airflow/.local/lib/python3.8/site-packages/airflow/example_dags/example_external_task_marker_dag.py
[2024-02-04T14:18:41.509+0000] {processor.py:840} INFO - DAG(s) 'example_external_task_marker_parent', 'example_external_task_marker_child' retrieved from /home/airflow/.local/lib/python3.8/site-packages/airflow/example_dags/example_external_task_marker_dag.py
[2024-02-04T14:18:41.540+0000] {logging_mixin.py:188} INFO - [2024-02-04T14:18:41.539+0000] {dag.py:3036} INFO - Sync 2 DAGs
[2024-02-04T14:18:41.554+0000] {logging_mixin.py:188} INFO - [2024-02-04T14:18:41.554+0000] {dag.py:3823} INFO - Setting next_dagrun for example_external_task_marker_child to None, run_after=None
[2024-02-04T14:18:41.558+0000] {logging_mixin.py:188} INFO - [2024-02-04T14:18:41.558+0000] {dag.py:3823} INFO - Setting next_dagrun for example_external_task_marker_parent to None, run_after=None
[2024-02-04T14:18:41.581+0000] {processor.py:183} INFO - Processing /home/airflow/.local/lib/python3.8/site-packages/airflow/example_dags/example_external_task_marker_dag.py took 0.087 seconds
[2024-02-04T14:19:12.005+0000] {processor.py:161} INFO - Started process (PID=349) to work on /home/airflow/.local/lib/python3.8/site-packages/airflow/example_dags/example_external_task_marker_dag.py
[2024-02-04T14:19:12.010+0000] {processor.py:830} INFO - Processing file /home/airflow/.local/lib/python3.8/site-packages/airflow/example_dags/example_external_task_marker_dag.py for tasks to queue
[2024-02-04T14:19:12.012+0000] {logging_mixin.py:188} INFO - [2024-02-04T14:19:12.012+0000] {dagbag.py:538} INFO - Filling up the DagBag from /home/airflow/.local/lib/python3.8/site-packages/airflow/example_dags/example_external_task_marker_dag.py
[2024-02-04T14:19:12.029+0000] {processor.py:840} INFO - DAG(s) 'example_external_task_marker_parent', 'example_external_task_marker_child' retrieved from /home/airflow/.local/lib/python3.8/site-packages/airflow/example_dags/example_external_task_marker_dag.py
[2024-02-04T14:19:12.055+0000] {logging_mixin.py:188} INFO - [2024-02-04T14:19:12.054+0000] {dag.py:3036} INFO - Sync 2 DAGs
[2024-02-04T14:19:12.070+0000] {logging_mixin.py:188} INFO - [2024-02-04T14:19:12.070+0000] {dag.py:3823} INFO - Setting next_dagrun for example_external_task_marker_child to None, run_after=None
[2024-02-04T14:19:12.074+0000] {logging_mixin.py:188} INFO - [2024-02-04T14:19:12.074+0000] {dag.py:3823} INFO - Setting next_dagrun for example_external_task_marker_parent to None, run_after=None
[2024-02-04T14:19:12.096+0000] {processor.py:183} INFO - Processing /home/airflow/.local/lib/python3.8/site-packages/airflow/example_dags/example_external_task_marker_dag.py took 0.095 seconds
[2024-02-04T14:23:03.472+0000] {processor.py:161} INFO - Started process (PID=71) to work on /home/airflow/.local/lib/python3.8/site-packages/airflow/example_dags/example_external_task_marker_dag.py
[2024-02-04T14:23:03.474+0000] {processor.py:830} INFO - Processing file /home/airflow/.local/lib/python3.8/site-packages/airflow/example_dags/example_external_task_marker_dag.py for tasks to queue
[2024-02-04T14:23:03.476+0000] {logging_mixin.py:188} INFO - [2024-02-04T14:23:03.475+0000] {dagbag.py:538} INFO - Filling up the DagBag from /home/airflow/.local/lib/python3.8/site-packages/airflow/example_dags/example_external_task_marker_dag.py
[2024-02-04T14:23:03.495+0000] {processor.py:840} INFO - DAG(s) 'example_external_task_marker_child', 'example_external_task_marker_parent' retrieved from /home/airflow/.local/lib/python3.8/site-packages/airflow/example_dags/example_external_task_marker_dag.py
[2024-02-04T14:23:03.770+0000] {logging_mixin.py:188} INFO - [2024-02-04T14:23:03.770+0000] {dag.py:3036} INFO - Sync 2 DAGs
[2024-02-04T14:23:03.794+0000] {logging_mixin.py:188} INFO - [2024-02-04T14:23:03.794+0000] {dag.py:3823} INFO - Setting next_dagrun for example_external_task_marker_child to None, run_after=None
[2024-02-04T14:23:03.805+0000] {logging_mixin.py:188} INFO - [2024-02-04T14:23:03.805+0000] {dag.py:3823} INFO - Setting next_dagrun for example_external_task_marker_parent to None, run_after=None
[2024-02-04T14:23:03.853+0000] {processor.py:183} INFO - Processing /home/airflow/.local/lib/python3.8/site-packages/airflow/example_dags/example_external_task_marker_dag.py took 0.391 seconds
[2024-02-04T14:23:34.104+0000] {processor.py:161} INFO - Started process (PID=126) to work on /home/airflow/.local/lib/python3.8/site-packages/airflow/example_dags/example_external_task_marker_dag.py
[2024-02-04T14:23:34.108+0000] {processor.py:830} INFO - Processing file /home/airflow/.local/lib/python3.8/site-packages/airflow/example_dags/example_external_task_marker_dag.py for tasks to queue
[2024-02-04T14:23:34.110+0000] {logging_mixin.py:188} INFO - [2024-02-04T14:23:34.110+0000] {dagbag.py:538} INFO - Filling up the DagBag from /home/airflow/.local/lib/python3.8/site-packages/airflow/example_dags/example_external_task_marker_dag.py
[2024-02-04T14:23:34.118+0000] {processor.py:840} INFO - DAG(s) 'example_external_task_marker_parent', 'example_external_task_marker_child' retrieved from /home/airflow/.local/lib/python3.8/site-packages/airflow/example_dags/example_external_task_marker_dag.py
[2024-02-04T14:23:34.156+0000] {logging_mixin.py:188} INFO - [2024-02-04T14:23:34.155+0000] {dag.py:3036} INFO - Sync 2 DAGs
[2024-02-04T14:23:34.167+0000] {logging_mixin.py:188} INFO - [2024-02-04T14:23:34.167+0000] {dag.py:3823} INFO - Setting next_dagrun for example_external_task_marker_child to None, run_after=None
[2024-02-04T14:23:34.170+0000] {logging_mixin.py:188} INFO - [2024-02-04T14:23:34.170+0000] {dag.py:3823} INFO - Setting next_dagrun for example_external_task_marker_parent to None, run_after=None
[2024-02-04T14:23:34.188+0000] {processor.py:183} INFO - Processing /home/airflow/.local/lib/python3.8/site-packages/airflow/example_dags/example_external_task_marker_dag.py took 0.096 seconds
[2024-02-04T14:24:04.675+0000] {processor.py:161} INFO - Started process (PID=182) to work on /home/airflow/.local/lib/python3.8/site-packages/airflow/example_dags/example_external_task_marker_dag.py
[2024-02-04T14:24:04.676+0000] {processor.py:830} INFO - Processing file /home/airflow/.local/lib/python3.8/site-packages/airflow/example_dags/example_external_task_marker_dag.py for tasks to queue
[2024-02-04T14:24:04.678+0000] {logging_mixin.py:188} INFO - [2024-02-04T14:24:04.678+0000] {dagbag.py:538} INFO - Filling up the DagBag from /home/airflow/.local/lib/python3.8/site-packages/airflow/example_dags/example_external_task_marker_dag.py
[2024-02-04T14:24:04.685+0000] {processor.py:840} INFO - DAG(s) 'example_external_task_marker_parent', 'example_external_task_marker_child' retrieved from /home/airflow/.local/lib/python3.8/site-packages/airflow/example_dags/example_external_task_marker_dag.py
[2024-02-04T14:24:04.713+0000] {logging_mixin.py:188} INFO - [2024-02-04T14:24:04.712+0000] {dag.py:3036} INFO - Sync 2 DAGs
[2024-02-04T14:24:04.729+0000] {logging_mixin.py:188} INFO - [2024-02-04T14:24:04.729+0000] {dag.py:3823} INFO - Setting next_dagrun for example_external_task_marker_child to None, run_after=None
[2024-02-04T14:24:04.733+0000] {logging_mixin.py:188} INFO - [2024-02-04T14:24:04.733+0000] {dag.py:3823} INFO - Setting next_dagrun for example_external_task_marker_parent to None, run_after=None
[2024-02-04T14:24:04.751+0000] {processor.py:183} INFO - Processing /home/airflow/.local/lib/python3.8/site-packages/airflow/example_dags/example_external_task_marker_dag.py took 0.080 seconds
[2024-02-04T14:24:35.355+0000] {processor.py:161} INFO - Started process (PID=237) to work on /home/airflow/.local/lib/python3.8/site-packages/airflow/example_dags/example_external_task_marker_dag.py
[2024-02-04T14:24:35.357+0000] {processor.py:830} INFO - Processing file /home/airflow/.local/lib/python3.8/site-packages/airflow/example_dags/example_external_task_marker_dag.py for tasks to queue
[2024-02-04T14:24:35.359+0000] {logging_mixin.py:188} INFO - [2024-02-04T14:24:35.358+0000] {dagbag.py:538} INFO - Filling up the DagBag from /home/airflow/.local/lib/python3.8/site-packages/airflow/example_dags/example_external_task_marker_dag.py
[2024-02-04T14:24:35.366+0000] {processor.py:840} INFO - DAG(s) 'example_external_task_marker_child', 'example_external_task_marker_parent' retrieved from /home/airflow/.local/lib/python3.8/site-packages/airflow/example_dags/example_external_task_marker_dag.py
[2024-02-04T14:24:35.391+0000] {logging_mixin.py:188} INFO - [2024-02-04T14:24:35.391+0000] {dag.py:3036} INFO - Sync 2 DAGs
[2024-02-04T14:24:35.404+0000] {logging_mixin.py:188} INFO - [2024-02-04T14:24:35.404+0000] {dag.py:3823} INFO - Setting next_dagrun for example_external_task_marker_child to None, run_after=None
[2024-02-04T14:24:35.407+0000] {logging_mixin.py:188} INFO - [2024-02-04T14:24:35.407+0000] {dag.py:3823} INFO - Setting next_dagrun for example_external_task_marker_parent to None, run_after=None
[2024-02-04T14:24:35.425+0000] {processor.py:183} INFO - Processing /home/airflow/.local/lib/python3.8/site-packages/airflow/example_dags/example_external_task_marker_dag.py took 0.074 seconds
[2024-02-04T14:25:06.306+0000] {processor.py:161} INFO - Started process (PID=292) to work on /home/airflow/.local/lib/python3.8/site-packages/airflow/example_dags/example_external_task_marker_dag.py
[2024-02-04T14:25:06.308+0000] {processor.py:830} INFO - Processing file /home/airflow/.local/lib/python3.8/site-packages/airflow/example_dags/example_external_task_marker_dag.py for tasks to queue
[2024-02-04T14:25:06.310+0000] {logging_mixin.py:188} INFO - [2024-02-04T14:25:06.309+0000] {dagbag.py:538} INFO - Filling up the DagBag from /home/airflow/.local/lib/python3.8/site-packages/airflow/example_dags/example_external_task_marker_dag.py
[2024-02-04T14:25:06.315+0000] {processor.py:840} INFO - DAG(s) 'example_external_task_marker_parent', 'example_external_task_marker_child' retrieved from /home/airflow/.local/lib/python3.8/site-packages/airflow/example_dags/example_external_task_marker_dag.py
[2024-02-04T14:25:06.340+0000] {logging_mixin.py:188} INFO - [2024-02-04T14:25:06.340+0000] {dag.py:3036} INFO - Sync 2 DAGs
[2024-02-04T14:25:06.352+0000] {logging_mixin.py:188} INFO - [2024-02-04T14:25:06.352+0000] {dag.py:3823} INFO - Setting next_dagrun for example_external_task_marker_child to None, run_after=None
[2024-02-04T14:25:06.355+0000] {logging_mixin.py:188} INFO - [2024-02-04T14:25:06.354+0000] {dag.py:3823} INFO - Setting next_dagrun for example_external_task_marker_parent to None, run_after=None
[2024-02-04T14:25:06.373+0000] {processor.py:183} INFO - Processing /home/airflow/.local/lib/python3.8/site-packages/airflow/example_dags/example_external_task_marker_dag.py took 0.071 seconds
[2024-02-04T14:25:37.364+0000] {processor.py:161} INFO - Started process (PID=348) to work on /home/airflow/.local/lib/python3.8/site-packages/airflow/example_dags/example_external_task_marker_dag.py
[2024-02-04T14:25:37.366+0000] {processor.py:830} INFO - Processing file /home/airflow/.local/lib/python3.8/site-packages/airflow/example_dags/example_external_task_marker_dag.py for tasks to queue
[2024-02-04T14:25:37.368+0000] {logging_mixin.py:188} INFO - [2024-02-04T14:25:37.368+0000] {dagbag.py:538} INFO - Filling up the DagBag from /home/airflow/.local/lib/python3.8/site-packages/airflow/example_dags/example_external_task_marker_dag.py
[2024-02-04T14:25:37.375+0000] {processor.py:840} INFO - DAG(s) 'example_external_task_marker_child', 'example_external_task_marker_parent' retrieved from /home/airflow/.local/lib/python3.8/site-packages/airflow/example_dags/example_external_task_marker_dag.py
[2024-02-04T14:25:37.407+0000] {logging_mixin.py:188} INFO - [2024-02-04T14:25:37.407+0000] {dag.py:3036} INFO - Sync 2 DAGs
[2024-02-04T14:25:37.422+0000] {logging_mixin.py:188} INFO - [2024-02-04T14:25:37.422+0000] {dag.py:3823} INFO - Setting next_dagrun for example_external_task_marker_child to None, run_after=None
[2024-02-04T14:25:37.426+0000] {logging_mixin.py:188} INFO - [2024-02-04T14:25:37.426+0000] {dag.py:3823} INFO - Setting next_dagrun for example_external_task_marker_parent to None, run_after=None
[2024-02-04T14:25:37.448+0000] {processor.py:183} INFO - Processing /home/airflow/.local/lib/python3.8/site-packages/airflow/example_dags/example_external_task_marker_dag.py took 0.088 seconds
[2024-02-04T14:26:08.388+0000] {processor.py:161} INFO - Started process (PID=404) to work on /home/airflow/.local/lib/python3.8/site-packages/airflow/example_dags/example_external_task_marker_dag.py
[2024-02-04T14:26:08.400+0000] {processor.py:830} INFO - Processing file /home/airflow/.local/lib/python3.8/site-packages/airflow/example_dags/example_external_task_marker_dag.py for tasks to queue
[2024-02-04T14:26:08.408+0000] {logging_mixin.py:188} INFO - [2024-02-04T14:26:08.406+0000] {dagbag.py:538} INFO - Filling up the DagBag from /home/airflow/.local/lib/python3.8/site-packages/airflow/example_dags/example_external_task_marker_dag.py
[2024-02-04T14:26:08.452+0000] {processor.py:840} INFO - DAG(s) 'example_external_task_marker_parent', 'example_external_task_marker_child' retrieved from /home/airflow/.local/lib/python3.8/site-packages/airflow/example_dags/example_external_task_marker_dag.py
[2024-02-04T14:26:08.529+0000] {logging_mixin.py:188} INFO - [2024-02-04T14:26:08.529+0000] {dag.py:3036} INFO - Sync 2 DAGs
[2024-02-04T14:26:08.575+0000] {logging_mixin.py:188} INFO - [2024-02-04T14:26:08.575+0000] {dag.py:3823} INFO - Setting next_dagrun for example_external_task_marker_child to None, run_after=None
[2024-02-04T14:26:08.594+0000] {logging_mixin.py:188} INFO - [2024-02-04T14:26:08.593+0000] {dag.py:3823} INFO - Setting next_dagrun for example_external_task_marker_parent to None, run_after=None
[2024-02-04T14:26:08.676+0000] {processor.py:183} INFO - Processing /home/airflow/.local/lib/python3.8/site-packages/airflow/example_dags/example_external_task_marker_dag.py took 0.312 seconds
[2024-02-04T14:26:38.793+0000] {processor.py:161} INFO - Started process (PID=459) to work on /home/airflow/.local/lib/python3.8/site-packages/airflow/example_dags/example_external_task_marker_dag.py
[2024-02-04T14:26:38.794+0000] {processor.py:830} INFO - Processing file /home/airflow/.local/lib/python3.8/site-packages/airflow/example_dags/example_external_task_marker_dag.py for tasks to queue
[2024-02-04T14:26:38.796+0000] {logging_mixin.py:188} INFO - [2024-02-04T14:26:38.796+0000] {dagbag.py:538} INFO - Filling up the DagBag from /home/airflow/.local/lib/python3.8/site-packages/airflow/example_dags/example_external_task_marker_dag.py
[2024-02-04T14:26:38.803+0000] {processor.py:840} INFO - DAG(s) 'example_external_task_marker_child', 'example_external_task_marker_parent' retrieved from /home/airflow/.local/lib/python3.8/site-packages/airflow/example_dags/example_external_task_marker_dag.py
[2024-02-04T14:26:38.830+0000] {logging_mixin.py:188} INFO - [2024-02-04T14:26:38.830+0000] {dag.py:3036} INFO - Sync 2 DAGs
[2024-02-04T14:26:38.842+0000] {logging_mixin.py:188} INFO - [2024-02-04T14:26:38.842+0000] {dag.py:3823} INFO - Setting next_dagrun for example_external_task_marker_child to None, run_after=None
[2024-02-04T14:26:38.845+0000] {logging_mixin.py:188} INFO - [2024-02-04T14:26:38.845+0000] {dag.py:3823} INFO - Setting next_dagrun for example_external_task_marker_parent to None, run_after=None
[2024-02-04T14:26:38.863+0000] {processor.py:183} INFO - Processing /home/airflow/.local/lib/python3.8/site-packages/airflow/example_dags/example_external_task_marker_dag.py took 0.074 seconds
[2024-02-04T14:27:09.713+0000] {processor.py:161} INFO - Started process (PID=514) to work on /home/airflow/.local/lib/python3.8/site-packages/airflow/example_dags/example_external_task_marker_dag.py
[2024-02-04T14:27:09.714+0000] {processor.py:830} INFO - Processing file /home/airflow/.local/lib/python3.8/site-packages/airflow/example_dags/example_external_task_marker_dag.py for tasks to queue
[2024-02-04T14:27:09.717+0000] {logging_mixin.py:188} INFO - [2024-02-04T14:27:09.716+0000] {dagbag.py:538} INFO - Filling up the DagBag from /home/airflow/.local/lib/python3.8/site-packages/airflow/example_dags/example_external_task_marker_dag.py
[2024-02-04T14:27:09.725+0000] {processor.py:840} INFO - DAG(s) 'example_external_task_marker_parent', 'example_external_task_marker_child' retrieved from /home/airflow/.local/lib/python3.8/site-packages/airflow/example_dags/example_external_task_marker_dag.py
[2024-02-04T14:27:09.749+0000] {logging_mixin.py:188} INFO - [2024-02-04T14:27:09.749+0000] {dag.py:3036} INFO - Sync 2 DAGs
[2024-02-04T14:27:09.772+0000] {logging_mixin.py:188} INFO - [2024-02-04T14:27:09.772+0000] {dag.py:3823} INFO - Setting next_dagrun for example_external_task_marker_child to None, run_after=None
[2024-02-04T14:27:09.781+0000] {logging_mixin.py:188} INFO - [2024-02-04T14:27:09.780+0000] {dag.py:3823} INFO - Setting next_dagrun for example_external_task_marker_parent to None, run_after=None
[2024-02-04T14:27:09.813+0000] {processor.py:183} INFO - Processing /home/airflow/.local/lib/python3.8/site-packages/airflow/example_dags/example_external_task_marker_dag.py took 0.104 seconds
[2024-02-04T14:27:39.877+0000] {processor.py:161} INFO - Started process (PID=569) to work on /home/airflow/.local/lib/python3.8/site-packages/airflow/example_dags/example_external_task_marker_dag.py
[2024-02-04T14:27:39.878+0000] {processor.py:830} INFO - Processing file /home/airflow/.local/lib/python3.8/site-packages/airflow/example_dags/example_external_task_marker_dag.py for tasks to queue
[2024-02-04T14:27:39.881+0000] {logging_mixin.py:188} INFO - [2024-02-04T14:27:39.880+0000] {dagbag.py:538} INFO - Filling up the DagBag from /home/airflow/.local/lib/python3.8/site-packages/airflow/example_dags/example_external_task_marker_dag.py
[2024-02-04T14:27:39.888+0000] {processor.py:840} INFO - DAG(s) 'example_external_task_marker_child', 'example_external_task_marker_parent' retrieved from /home/airflow/.local/lib/python3.8/site-packages/airflow/example_dags/example_external_task_marker_dag.py
[2024-02-04T14:27:39.914+0000] {logging_mixin.py:188} INFO - [2024-02-04T14:27:39.914+0000] {dag.py:3036} INFO - Sync 2 DAGs
[2024-02-04T14:27:39.932+0000] {logging_mixin.py:188} INFO - [2024-02-04T14:27:39.932+0000] {dag.py:3823} INFO - Setting next_dagrun for example_external_task_marker_child to None, run_after=None
[2024-02-04T14:27:39.936+0000] {logging_mixin.py:188} INFO - [2024-02-04T14:27:39.936+0000] {dag.py:3823} INFO - Setting next_dagrun for example_external_task_marker_parent to None, run_after=None
[2024-02-04T14:27:39.962+0000] {processor.py:183} INFO - Processing /home/airflow/.local/lib/python3.8/site-packages/airflow/example_dags/example_external_task_marker_dag.py took 0.090 seconds
