[2024-02-04T14:13:12.240+0000] {processor.py:161} INFO - Started process (PID=55) to work on /home/airflow/.local/lib/python3.8/site-packages/airflow/example_dags/example_skip_dag.py
[2024-02-04T14:13:12.245+0000] {processor.py:830} INFO - Processing file /home/airflow/.local/lib/python3.8/site-packages/airflow/example_dags/example_skip_dag.py for tasks to queue
[2024-02-04T14:13:12.246+0000] {logging_mixin.py:188} INFO - [2024-02-04T14:13:12.246+0000] {dagbag.py:538} INFO - Filling up the DagBag from /home/airflow/.local/lib/python3.8/site-packages/airflow/example_dags/example_skip_dag.py
[2024-02-04T14:13:12.283+0000] {processor.py:840} INFO - DAG(s) 'example_skip_dag' retrieved from /home/airflow/.local/lib/python3.8/site-packages/airflow/example_dags/example_skip_dag.py
[2024-02-04T14:13:12.587+0000] {logging_mixin.py:188} INFO - [2024-02-04T14:13:12.587+0000] {dag.py:3036} INFO - Sync 1 DAGs
[2024-02-04T14:13:12.669+0000] {logging_mixin.py:188} INFO - [2024-02-04T14:13:12.669+0000] {dag.py:3823} INFO - Setting next_dagrun for example_skip_dag to 2024-02-03 00:00:00+00:00, run_after=2024-02-04 00:00:00+00:00
[2024-02-04T14:13:12.757+0000] {processor.py:183} INFO - Processing /home/airflow/.local/lib/python3.8/site-packages/airflow/example_dags/example_skip_dag.py took 0.529 seconds
[2024-02-04T14:13:43.481+0000] {processor.py:161} INFO - Started process (PID=111) to work on /home/airflow/.local/lib/python3.8/site-packages/airflow/example_dags/example_skip_dag.py
[2024-02-04T14:13:43.482+0000] {processor.py:830} INFO - Processing file /home/airflow/.local/lib/python3.8/site-packages/airflow/example_dags/example_skip_dag.py for tasks to queue
[2024-02-04T14:13:43.483+0000] {logging_mixin.py:188} INFO - [2024-02-04T14:13:43.483+0000] {dagbag.py:538} INFO - Filling up the DagBag from /home/airflow/.local/lib/python3.8/site-packages/airflow/example_dags/example_skip_dag.py
[2024-02-04T14:13:43.490+0000] {processor.py:840} INFO - DAG(s) 'example_skip_dag' retrieved from /home/airflow/.local/lib/python3.8/site-packages/airflow/example_dags/example_skip_dag.py
[2024-02-04T14:13:43.519+0000] {logging_mixin.py:188} INFO - [2024-02-04T14:13:43.519+0000] {dag.py:3036} INFO - Sync 1 DAGs
[2024-02-04T14:13:43.573+0000] {logging_mixin.py:188} INFO - [2024-02-04T14:13:43.573+0000] {dag.py:3823} INFO - Setting next_dagrun for example_skip_dag to 2024-02-03 00:00:00+00:00, run_after=2024-02-04 00:00:00+00:00
[2024-02-04T14:13:43.601+0000] {processor.py:183} INFO - Processing /home/airflow/.local/lib/python3.8/site-packages/airflow/example_dags/example_skip_dag.py took 0.123 seconds
[2024-02-04T14:14:14.220+0000] {processor.py:161} INFO - Started process (PID=166) to work on /home/airflow/.local/lib/python3.8/site-packages/airflow/example_dags/example_skip_dag.py
[2024-02-04T14:14:14.221+0000] {processor.py:830} INFO - Processing file /home/airflow/.local/lib/python3.8/site-packages/airflow/example_dags/example_skip_dag.py for tasks to queue
[2024-02-04T14:14:14.222+0000] {logging_mixin.py:188} INFO - [2024-02-04T14:14:14.222+0000] {dagbag.py:538} INFO - Filling up the DagBag from /home/airflow/.local/lib/python3.8/site-packages/airflow/example_dags/example_skip_dag.py
[2024-02-04T14:14:14.230+0000] {processor.py:840} INFO - DAG(s) 'example_skip_dag' retrieved from /home/airflow/.local/lib/python3.8/site-packages/airflow/example_dags/example_skip_dag.py
[2024-02-04T14:14:14.261+0000] {logging_mixin.py:188} INFO - [2024-02-04T14:14:14.261+0000] {dag.py:3036} INFO - Sync 1 DAGs
[2024-02-04T14:14:14.286+0000] {logging_mixin.py:188} INFO - [2024-02-04T14:14:14.286+0000] {dag.py:3823} INFO - Setting next_dagrun for example_skip_dag to 2024-02-03 00:00:00+00:00, run_after=2024-02-04 00:00:00+00:00
[2024-02-04T14:14:14.312+0000] {processor.py:183} INFO - Processing /home/airflow/.local/lib/python3.8/site-packages/airflow/example_dags/example_skip_dag.py took 0.096 seconds
[2024-02-04T14:14:44.759+0000] {processor.py:161} INFO - Started process (PID=222) to work on /home/airflow/.local/lib/python3.8/site-packages/airflow/example_dags/example_skip_dag.py
[2024-02-04T14:14:44.760+0000] {processor.py:830} INFO - Processing file /home/airflow/.local/lib/python3.8/site-packages/airflow/example_dags/example_skip_dag.py for tasks to queue
[2024-02-04T14:14:44.762+0000] {logging_mixin.py:188} INFO - [2024-02-04T14:14:44.762+0000] {dagbag.py:538} INFO - Filling up the DagBag from /home/airflow/.local/lib/python3.8/site-packages/airflow/example_dags/example_skip_dag.py
[2024-02-04T14:14:44.773+0000] {processor.py:840} INFO - DAG(s) 'example_skip_dag' retrieved from /home/airflow/.local/lib/python3.8/site-packages/airflow/example_dags/example_skip_dag.py
[2024-02-04T14:14:44.799+0000] {logging_mixin.py:188} INFO - [2024-02-04T14:14:44.798+0000] {dag.py:3036} INFO - Sync 1 DAGs
[2024-02-04T14:14:44.823+0000] {logging_mixin.py:188} INFO - [2024-02-04T14:14:44.823+0000] {dag.py:3823} INFO - Setting next_dagrun for example_skip_dag to 2024-02-03 00:00:00+00:00, run_after=2024-02-04 00:00:00+00:00
[2024-02-04T14:14:44.846+0000] {processor.py:183} INFO - Processing /home/airflow/.local/lib/python3.8/site-packages/airflow/example_dags/example_skip_dag.py took 0.091 seconds
[2024-02-04T14:16:33.042+0000] {processor.py:161} INFO - Started process (PID=55) to work on /home/airflow/.local/lib/python3.8/site-packages/airflow/example_dags/example_skip_dag.py
[2024-02-04T14:16:33.044+0000] {processor.py:830} INFO - Processing file /home/airflow/.local/lib/python3.8/site-packages/airflow/example_dags/example_skip_dag.py for tasks to queue
[2024-02-04T14:16:33.050+0000] {logging_mixin.py:188} INFO - [2024-02-04T14:16:33.049+0000] {dagbag.py:538} INFO - Filling up the DagBag from /home/airflow/.local/lib/python3.8/site-packages/airflow/example_dags/example_skip_dag.py
[2024-02-04T14:16:33.076+0000] {processor.py:840} INFO - DAG(s) 'example_skip_dag' retrieved from /home/airflow/.local/lib/python3.8/site-packages/airflow/example_dags/example_skip_dag.py
[2024-02-04T14:16:33.426+0000] {logging_mixin.py:188} INFO - [2024-02-04T14:16:33.426+0000] {dag.py:3036} INFO - Sync 1 DAGs
[2024-02-04T14:16:33.495+0000] {logging_mixin.py:188} INFO - [2024-02-04T14:16:33.495+0000] {dag.py:3823} INFO - Setting next_dagrun for example_skip_dag to 2024-02-03 00:00:00+00:00, run_after=2024-02-04 00:00:00+00:00
[2024-02-04T14:16:33.548+0000] {processor.py:183} INFO - Processing /home/airflow/.local/lib/python3.8/site-packages/airflow/example_dags/example_skip_dag.py took 0.525 seconds
[2024-02-04T14:17:04.661+0000] {processor.py:161} INFO - Started process (PID=111) to work on /home/airflow/.local/lib/python3.8/site-packages/airflow/example_dags/example_skip_dag.py
[2024-02-04T14:17:04.663+0000] {processor.py:830} INFO - Processing file /home/airflow/.local/lib/python3.8/site-packages/airflow/example_dags/example_skip_dag.py for tasks to queue
[2024-02-04T14:17:04.665+0000] {logging_mixin.py:188} INFO - [2024-02-04T14:17:04.665+0000] {dagbag.py:538} INFO - Filling up the DagBag from /home/airflow/.local/lib/python3.8/site-packages/airflow/example_dags/example_skip_dag.py
[2024-02-04T14:17:04.674+0000] {processor.py:840} INFO - DAG(s) 'example_skip_dag' retrieved from /home/airflow/.local/lib/python3.8/site-packages/airflow/example_dags/example_skip_dag.py
[2024-02-04T14:17:04.710+0000] {logging_mixin.py:188} INFO - [2024-02-04T14:17:04.710+0000] {dag.py:3036} INFO - Sync 1 DAGs
[2024-02-04T14:17:04.737+0000] {logging_mixin.py:188} INFO - [2024-02-04T14:17:04.737+0000] {dag.py:3823} INFO - Setting next_dagrun for example_skip_dag to 2024-02-03 00:00:00+00:00, run_after=2024-02-04 00:00:00+00:00
[2024-02-04T14:17:04.761+0000] {processor.py:183} INFO - Processing /home/airflow/.local/lib/python3.8/site-packages/airflow/example_dags/example_skip_dag.py took 0.103 seconds
[2024-02-04T14:17:35.108+0000] {processor.py:161} INFO - Started process (PID=167) to work on /home/airflow/.local/lib/python3.8/site-packages/airflow/example_dags/example_skip_dag.py
[2024-02-04T14:17:35.109+0000] {processor.py:830} INFO - Processing file /home/airflow/.local/lib/python3.8/site-packages/airflow/example_dags/example_skip_dag.py for tasks to queue
[2024-02-04T14:17:35.111+0000] {logging_mixin.py:188} INFO - [2024-02-04T14:17:35.111+0000] {dagbag.py:538} INFO - Filling up the DagBag from /home/airflow/.local/lib/python3.8/site-packages/airflow/example_dags/example_skip_dag.py
[2024-02-04T14:17:35.120+0000] {processor.py:840} INFO - DAG(s) 'example_skip_dag' retrieved from /home/airflow/.local/lib/python3.8/site-packages/airflow/example_dags/example_skip_dag.py
[2024-02-04T14:17:35.159+0000] {logging_mixin.py:188} INFO - [2024-02-04T14:17:35.159+0000] {dag.py:3036} INFO - Sync 1 DAGs
[2024-02-04T14:17:35.194+0000] {logging_mixin.py:188} INFO - [2024-02-04T14:17:35.194+0000] {dag.py:3823} INFO - Setting next_dagrun for example_skip_dag to 2024-02-03 00:00:00+00:00, run_after=2024-02-04 00:00:00+00:00
[2024-02-04T14:17:35.218+0000] {processor.py:183} INFO - Processing /home/airflow/.local/lib/python3.8/site-packages/airflow/example_dags/example_skip_dag.py took 0.114 seconds
[2024-02-04T14:18:05.785+0000] {processor.py:161} INFO - Started process (PID=222) to work on /home/airflow/.local/lib/python3.8/site-packages/airflow/example_dags/example_skip_dag.py
[2024-02-04T14:18:05.786+0000] {processor.py:830} INFO - Processing file /home/airflow/.local/lib/python3.8/site-packages/airflow/example_dags/example_skip_dag.py for tasks to queue
[2024-02-04T14:18:05.788+0000] {logging_mixin.py:188} INFO - [2024-02-04T14:18:05.788+0000] {dagbag.py:538} INFO - Filling up the DagBag from /home/airflow/.local/lib/python3.8/site-packages/airflow/example_dags/example_skip_dag.py
[2024-02-04T14:18:05.795+0000] {processor.py:840} INFO - DAG(s) 'example_skip_dag' retrieved from /home/airflow/.local/lib/python3.8/site-packages/airflow/example_dags/example_skip_dag.py
[2024-02-04T14:18:05.825+0000] {logging_mixin.py:188} INFO - [2024-02-04T14:18:05.825+0000] {dag.py:3036} INFO - Sync 1 DAGs
[2024-02-04T14:18:05.852+0000] {logging_mixin.py:188} INFO - [2024-02-04T14:18:05.851+0000] {dag.py:3823} INFO - Setting next_dagrun for example_skip_dag to 2024-02-03 00:00:00+00:00, run_after=2024-02-04 00:00:00+00:00
[2024-02-04T14:18:05.877+0000] {processor.py:183} INFO - Processing /home/airflow/.local/lib/python3.8/site-packages/airflow/example_dags/example_skip_dag.py took 0.095 seconds
[2024-02-04T14:18:36.456+0000] {processor.py:161} INFO - Started process (PID=278) to work on /home/airflow/.local/lib/python3.8/site-packages/airflow/example_dags/example_skip_dag.py
[2024-02-04T14:18:36.457+0000] {processor.py:830} INFO - Processing file /home/airflow/.local/lib/python3.8/site-packages/airflow/example_dags/example_skip_dag.py for tasks to queue
[2024-02-04T14:18:36.458+0000] {logging_mixin.py:188} INFO - [2024-02-04T14:18:36.458+0000] {dagbag.py:538} INFO - Filling up the DagBag from /home/airflow/.local/lib/python3.8/site-packages/airflow/example_dags/example_skip_dag.py
[2024-02-04T14:18:36.466+0000] {processor.py:840} INFO - DAG(s) 'example_skip_dag' retrieved from /home/airflow/.local/lib/python3.8/site-packages/airflow/example_dags/example_skip_dag.py
[2024-02-04T14:18:36.510+0000] {logging_mixin.py:188} INFO - [2024-02-04T14:18:36.510+0000] {dag.py:3036} INFO - Sync 1 DAGs
[2024-02-04T14:18:36.567+0000] {logging_mixin.py:188} INFO - [2024-02-04T14:18:36.566+0000] {dag.py:3823} INFO - Setting next_dagrun for example_skip_dag to 2024-02-03 00:00:00+00:00, run_after=2024-02-04 00:00:00+00:00
[2024-02-04T14:18:36.626+0000] {processor.py:183} INFO - Processing /home/airflow/.local/lib/python3.8/site-packages/airflow/example_dags/example_skip_dag.py took 0.173 seconds
[2024-02-04T14:19:06.819+0000] {processor.py:161} INFO - Started process (PID=334) to work on /home/airflow/.local/lib/python3.8/site-packages/airflow/example_dags/example_skip_dag.py
[2024-02-04T14:19:06.829+0000] {processor.py:830} INFO - Processing file /home/airflow/.local/lib/python3.8/site-packages/airflow/example_dags/example_skip_dag.py for tasks to queue
[2024-02-04T14:19:06.834+0000] {logging_mixin.py:188} INFO - [2024-02-04T14:19:06.834+0000] {dagbag.py:538} INFO - Filling up the DagBag from /home/airflow/.local/lib/python3.8/site-packages/airflow/example_dags/example_skip_dag.py
[2024-02-04T14:19:06.846+0000] {processor.py:840} INFO - DAG(s) 'example_skip_dag' retrieved from /home/airflow/.local/lib/python3.8/site-packages/airflow/example_dags/example_skip_dag.py
[2024-02-04T14:19:06.894+0000] {logging_mixin.py:188} INFO - [2024-02-04T14:19:06.894+0000] {dag.py:3036} INFO - Sync 1 DAGs
[2024-02-04T14:19:06.931+0000] {logging_mixin.py:188} INFO - [2024-02-04T14:19:06.931+0000] {dag.py:3823} INFO - Setting next_dagrun for example_skip_dag to 2024-02-03 00:00:00+00:00, run_after=2024-02-04 00:00:00+00:00
[2024-02-04T14:19:06.974+0000] {processor.py:183} INFO - Processing /home/airflow/.local/lib/python3.8/site-packages/airflow/example_dags/example_skip_dag.py took 0.159 seconds
[2024-02-04T14:22:58.304+0000] {processor.py:161} INFO - Started process (PID=56) to work on /home/airflow/.local/lib/python3.8/site-packages/airflow/example_dags/example_skip_dag.py
[2024-02-04T14:22:58.325+0000] {processor.py:830} INFO - Processing file /home/airflow/.local/lib/python3.8/site-packages/airflow/example_dags/example_skip_dag.py for tasks to queue
[2024-02-04T14:22:58.329+0000] {logging_mixin.py:188} INFO - [2024-02-04T14:22:58.329+0000] {dagbag.py:538} INFO - Filling up the DagBag from /home/airflow/.local/lib/python3.8/site-packages/airflow/example_dags/example_skip_dag.py
[2024-02-04T14:22:58.370+0000] {processor.py:840} INFO - DAG(s) 'example_skip_dag' retrieved from /home/airflow/.local/lib/python3.8/site-packages/airflow/example_dags/example_skip_dag.py
[2024-02-04T14:22:58.809+0000] {logging_mixin.py:188} INFO - [2024-02-04T14:22:58.809+0000] {dag.py:3036} INFO - Sync 1 DAGs
[2024-02-04T14:22:58.902+0000] {logging_mixin.py:188} INFO - [2024-02-04T14:22:58.901+0000] {dag.py:3823} INFO - Setting next_dagrun for example_skip_dag to 2024-02-03 00:00:00+00:00, run_after=2024-02-04 00:00:00+00:00
[2024-02-04T14:22:58.969+0000] {processor.py:183} INFO - Processing /home/airflow/.local/lib/python3.8/site-packages/airflow/example_dags/example_skip_dag.py took 0.680 seconds
[2024-02-04T14:23:29.139+0000] {processor.py:161} INFO - Started process (PID=111) to work on /home/airflow/.local/lib/python3.8/site-packages/airflow/example_dags/example_skip_dag.py
[2024-02-04T14:23:29.140+0000] {processor.py:830} INFO - Processing file /home/airflow/.local/lib/python3.8/site-packages/airflow/example_dags/example_skip_dag.py for tasks to queue
[2024-02-04T14:23:29.142+0000] {logging_mixin.py:188} INFO - [2024-02-04T14:23:29.141+0000] {dagbag.py:538} INFO - Filling up the DagBag from /home/airflow/.local/lib/python3.8/site-packages/airflow/example_dags/example_skip_dag.py
[2024-02-04T14:23:29.150+0000] {processor.py:840} INFO - DAG(s) 'example_skip_dag' retrieved from /home/airflow/.local/lib/python3.8/site-packages/airflow/example_dags/example_skip_dag.py
[2024-02-04T14:23:29.174+0000] {logging_mixin.py:188} INFO - [2024-02-04T14:23:29.174+0000] {dag.py:3036} INFO - Sync 1 DAGs
[2024-02-04T14:23:29.195+0000] {logging_mixin.py:188} INFO - [2024-02-04T14:23:29.195+0000] {dag.py:3823} INFO - Setting next_dagrun for example_skip_dag to 2024-02-03 00:00:00+00:00, run_after=2024-02-04 00:00:00+00:00
[2024-02-04T14:23:29.216+0000] {processor.py:183} INFO - Processing /home/airflow/.local/lib/python3.8/site-packages/airflow/example_dags/example_skip_dag.py took 0.081 seconds
[2024-02-04T14:23:59.538+0000] {processor.py:161} INFO - Started process (PID=167) to work on /home/airflow/.local/lib/python3.8/site-packages/airflow/example_dags/example_skip_dag.py
[2024-02-04T14:23:59.539+0000] {processor.py:830} INFO - Processing file /home/airflow/.local/lib/python3.8/site-packages/airflow/example_dags/example_skip_dag.py for tasks to queue
[2024-02-04T14:23:59.541+0000] {logging_mixin.py:188} INFO - [2024-02-04T14:23:59.540+0000] {dagbag.py:538} INFO - Filling up the DagBag from /home/airflow/.local/lib/python3.8/site-packages/airflow/example_dags/example_skip_dag.py
[2024-02-04T14:23:59.548+0000] {processor.py:840} INFO - DAG(s) 'example_skip_dag' retrieved from /home/airflow/.local/lib/python3.8/site-packages/airflow/example_dags/example_skip_dag.py
[2024-02-04T14:23:59.571+0000] {logging_mixin.py:188} INFO - [2024-02-04T14:23:59.571+0000] {dag.py:3036} INFO - Sync 1 DAGs
[2024-02-04T14:23:59.595+0000] {logging_mixin.py:188} INFO - [2024-02-04T14:23:59.595+0000] {dag.py:3823} INFO - Setting next_dagrun for example_skip_dag to 2024-02-03 00:00:00+00:00, run_after=2024-02-04 00:00:00+00:00
[2024-02-04T14:23:59.618+0000] {processor.py:183} INFO - Processing /home/airflow/.local/lib/python3.8/site-packages/airflow/example_dags/example_skip_dag.py took 0.085 seconds
[2024-02-04T14:24:30.353+0000] {processor.py:161} INFO - Started process (PID=222) to work on /home/airflow/.local/lib/python3.8/site-packages/airflow/example_dags/example_skip_dag.py
[2024-02-04T14:24:30.354+0000] {processor.py:830} INFO - Processing file /home/airflow/.local/lib/python3.8/site-packages/airflow/example_dags/example_skip_dag.py for tasks to queue
[2024-02-04T14:24:30.356+0000] {logging_mixin.py:188} INFO - [2024-02-04T14:24:30.356+0000] {dagbag.py:538} INFO - Filling up the DagBag from /home/airflow/.local/lib/python3.8/site-packages/airflow/example_dags/example_skip_dag.py
[2024-02-04T14:24:30.365+0000] {processor.py:840} INFO - DAG(s) 'example_skip_dag' retrieved from /home/airflow/.local/lib/python3.8/site-packages/airflow/example_dags/example_skip_dag.py
[2024-02-04T14:24:30.387+0000] {logging_mixin.py:188} INFO - [2024-02-04T14:24:30.387+0000] {dag.py:3036} INFO - Sync 1 DAGs
[2024-02-04T14:24:30.409+0000] {logging_mixin.py:188} INFO - [2024-02-04T14:24:30.409+0000] {dag.py:3823} INFO - Setting next_dagrun for example_skip_dag to 2024-02-03 00:00:00+00:00, run_after=2024-02-04 00:00:00+00:00
[2024-02-04T14:24:30.429+0000] {processor.py:183} INFO - Processing /home/airflow/.local/lib/python3.8/site-packages/airflow/example_dags/example_skip_dag.py took 0.079 seconds
[2024-02-04T14:25:01.158+0000] {processor.py:161} INFO - Started process (PID=277) to work on /home/airflow/.local/lib/python3.8/site-packages/airflow/example_dags/example_skip_dag.py
[2024-02-04T14:25:01.161+0000] {processor.py:830} INFO - Processing file /home/airflow/.local/lib/python3.8/site-packages/airflow/example_dags/example_skip_dag.py for tasks to queue
[2024-02-04T14:25:01.165+0000] {logging_mixin.py:188} INFO - [2024-02-04T14:25:01.165+0000] {dagbag.py:538} INFO - Filling up the DagBag from /home/airflow/.local/lib/python3.8/site-packages/airflow/example_dags/example_skip_dag.py
[2024-02-04T14:25:01.191+0000] {processor.py:840} INFO - DAG(s) 'example_skip_dag' retrieved from /home/airflow/.local/lib/python3.8/site-packages/airflow/example_dags/example_skip_dag.py
[2024-02-04T14:25:01.272+0000] {logging_mixin.py:188} INFO - [2024-02-04T14:25:01.272+0000] {dag.py:3036} INFO - Sync 1 DAGs
[2024-02-04T14:25:01.326+0000] {logging_mixin.py:188} INFO - [2024-02-04T14:25:01.325+0000] {dag.py:3823} INFO - Setting next_dagrun for example_skip_dag to 2024-02-03 00:00:00+00:00, run_after=2024-02-04 00:00:00+00:00
[2024-02-04T14:25:01.358+0000] {processor.py:183} INFO - Processing /home/airflow/.local/lib/python3.8/site-packages/airflow/example_dags/example_skip_dag.py took 0.219 seconds
[2024-02-04T14:25:31.481+0000] {processor.py:161} INFO - Started process (PID=333) to work on /home/airflow/.local/lib/python3.8/site-packages/airflow/example_dags/example_skip_dag.py
[2024-02-04T14:25:31.482+0000] {processor.py:830} INFO - Processing file /home/airflow/.local/lib/python3.8/site-packages/airflow/example_dags/example_skip_dag.py for tasks to queue
[2024-02-04T14:25:31.484+0000] {logging_mixin.py:188} INFO - [2024-02-04T14:25:31.484+0000] {dagbag.py:538} INFO - Filling up the DagBag from /home/airflow/.local/lib/python3.8/site-packages/airflow/example_dags/example_skip_dag.py
[2024-02-04T14:25:31.490+0000] {processor.py:840} INFO - DAG(s) 'example_skip_dag' retrieved from /home/airflow/.local/lib/python3.8/site-packages/airflow/example_dags/example_skip_dag.py
[2024-02-04T14:25:31.512+0000] {logging_mixin.py:188} INFO - [2024-02-04T14:25:31.512+0000] {dag.py:3036} INFO - Sync 1 DAGs
[2024-02-04T14:25:31.532+0000] {logging_mixin.py:188} INFO - [2024-02-04T14:25:31.532+0000] {dag.py:3823} INFO - Setting next_dagrun for example_skip_dag to 2024-02-03 00:00:00+00:00, run_after=2024-02-04 00:00:00+00:00
[2024-02-04T14:25:31.554+0000] {processor.py:183} INFO - Processing /home/airflow/.local/lib/python3.8/site-packages/airflow/example_dags/example_skip_dag.py took 0.077 seconds
[2024-02-04T14:26:01.685+0000] {processor.py:161} INFO - Started process (PID=389) to work on /home/airflow/.local/lib/python3.8/site-packages/airflow/example_dags/example_skip_dag.py
[2024-02-04T14:26:01.685+0000] {processor.py:830} INFO - Processing file /home/airflow/.local/lib/python3.8/site-packages/airflow/example_dags/example_skip_dag.py for tasks to queue
[2024-02-04T14:26:01.687+0000] {logging_mixin.py:188} INFO - [2024-02-04T14:26:01.687+0000] {dagbag.py:538} INFO - Filling up the DagBag from /home/airflow/.local/lib/python3.8/site-packages/airflow/example_dags/example_skip_dag.py
[2024-02-04T14:26:01.695+0000] {processor.py:840} INFO - DAG(s) 'example_skip_dag' retrieved from /home/airflow/.local/lib/python3.8/site-packages/airflow/example_dags/example_skip_dag.py
[2024-02-04T14:26:01.719+0000] {logging_mixin.py:188} INFO - [2024-02-04T14:26:01.719+0000] {dag.py:3036} INFO - Sync 1 DAGs
[2024-02-04T14:26:01.737+0000] {logging_mixin.py:188} INFO - [2024-02-04T14:26:01.737+0000] {dag.py:3823} INFO - Setting next_dagrun for example_skip_dag to 2024-02-03 00:00:00+00:00, run_after=2024-02-04 00:00:00+00:00
[2024-02-04T14:26:01.767+0000] {processor.py:183} INFO - Processing /home/airflow/.local/lib/python3.8/site-packages/airflow/example_dags/example_skip_dag.py took 0.084 seconds
[2024-02-04T14:26:31.887+0000] {processor.py:161} INFO - Started process (PID=444) to work on /home/airflow/.local/lib/python3.8/site-packages/airflow/example_dags/example_skip_dag.py
[2024-02-04T14:26:31.888+0000] {processor.py:830} INFO - Processing file /home/airflow/.local/lib/python3.8/site-packages/airflow/example_dags/example_skip_dag.py for tasks to queue
[2024-02-04T14:26:31.890+0000] {logging_mixin.py:188} INFO - [2024-02-04T14:26:31.890+0000] {dagbag.py:538} INFO - Filling up the DagBag from /home/airflow/.local/lib/python3.8/site-packages/airflow/example_dags/example_skip_dag.py
[2024-02-04T14:26:31.898+0000] {processor.py:840} INFO - DAG(s) 'example_skip_dag' retrieved from /home/airflow/.local/lib/python3.8/site-packages/airflow/example_dags/example_skip_dag.py
[2024-02-04T14:26:31.921+0000] {logging_mixin.py:188} INFO - [2024-02-04T14:26:31.921+0000] {dag.py:3036} INFO - Sync 1 DAGs
[2024-02-04T14:26:31.943+0000] {logging_mixin.py:188} INFO - [2024-02-04T14:26:31.942+0000] {dag.py:3823} INFO - Setting next_dagrun for example_skip_dag to 2024-02-03 00:00:00+00:00, run_after=2024-02-04 00:00:00+00:00
[2024-02-04T14:26:31.962+0000] {processor.py:183} INFO - Processing /home/airflow/.local/lib/python3.8/site-packages/airflow/example_dags/example_skip_dag.py took 0.079 seconds
[2024-02-04T14:27:02.846+0000] {processor.py:161} INFO - Started process (PID=499) to work on /home/airflow/.local/lib/python3.8/site-packages/airflow/example_dags/example_skip_dag.py
[2024-02-04T14:27:02.847+0000] {processor.py:830} INFO - Processing file /home/airflow/.local/lib/python3.8/site-packages/airflow/example_dags/example_skip_dag.py for tasks to queue
[2024-02-04T14:27:02.849+0000] {logging_mixin.py:188} INFO - [2024-02-04T14:27:02.848+0000] {dagbag.py:538} INFO - Filling up the DagBag from /home/airflow/.local/lib/python3.8/site-packages/airflow/example_dags/example_skip_dag.py
[2024-02-04T14:27:02.857+0000] {processor.py:840} INFO - DAG(s) 'example_skip_dag' retrieved from /home/airflow/.local/lib/python3.8/site-packages/airflow/example_dags/example_skip_dag.py
[2024-02-04T14:27:02.879+0000] {logging_mixin.py:188} INFO - [2024-02-04T14:27:02.879+0000] {dag.py:3036} INFO - Sync 1 DAGs
[2024-02-04T14:27:02.899+0000] {logging_mixin.py:188} INFO - [2024-02-04T14:27:02.899+0000] {dag.py:3823} INFO - Setting next_dagrun for example_skip_dag to 2024-02-03 00:00:00+00:00, run_after=2024-02-04 00:00:00+00:00
[2024-02-04T14:27:02.919+0000] {processor.py:183} INFO - Processing /home/airflow/.local/lib/python3.8/site-packages/airflow/example_dags/example_skip_dag.py took 0.077 seconds
[2024-02-04T14:27:33.041+0000] {processor.py:161} INFO - Started process (PID=554) to work on /home/airflow/.local/lib/python3.8/site-packages/airflow/example_dags/example_skip_dag.py
[2024-02-04T14:27:33.042+0000] {processor.py:830} INFO - Processing file /home/airflow/.local/lib/python3.8/site-packages/airflow/example_dags/example_skip_dag.py for tasks to queue
[2024-02-04T14:27:33.044+0000] {logging_mixin.py:188} INFO - [2024-02-04T14:27:33.043+0000] {dagbag.py:538} INFO - Filling up the DagBag from /home/airflow/.local/lib/python3.8/site-packages/airflow/example_dags/example_skip_dag.py
[2024-02-04T14:27:33.051+0000] {processor.py:840} INFO - DAG(s) 'example_skip_dag' retrieved from /home/airflow/.local/lib/python3.8/site-packages/airflow/example_dags/example_skip_dag.py
[2024-02-04T14:27:33.094+0000] {logging_mixin.py:188} INFO - [2024-02-04T14:27:33.093+0000] {dag.py:3036} INFO - Sync 1 DAGs
[2024-02-04T14:27:33.118+0000] {logging_mixin.py:188} INFO - [2024-02-04T14:27:33.118+0000] {dag.py:3823} INFO - Setting next_dagrun for example_skip_dag to 2024-02-03 00:00:00+00:00, run_after=2024-02-04 00:00:00+00:00
[2024-02-04T14:27:33.137+0000] {processor.py:183} INFO - Processing /home/airflow/.local/lib/python3.8/site-packages/airflow/example_dags/example_skip_dag.py took 0.100 seconds
[2024-02-04T14:28:03.248+0000] {processor.py:161} INFO - Started process (PID=608) to work on /home/airflow/.local/lib/python3.8/site-packages/airflow/example_dags/example_skip_dag.py
[2024-02-04T14:28:03.250+0000] {processor.py:830} INFO - Processing file /home/airflow/.local/lib/python3.8/site-packages/airflow/example_dags/example_skip_dag.py for tasks to queue
[2024-02-04T14:28:03.252+0000] {logging_mixin.py:188} INFO - [2024-02-04T14:28:03.251+0000] {dagbag.py:538} INFO - Filling up the DagBag from /home/airflow/.local/lib/python3.8/site-packages/airflow/example_dags/example_skip_dag.py
[2024-02-04T14:28:03.259+0000] {processor.py:840} INFO - DAG(s) 'example_skip_dag' retrieved from /home/airflow/.local/lib/python3.8/site-packages/airflow/example_dags/example_skip_dag.py
[2024-02-04T14:28:03.283+0000] {logging_mixin.py:188} INFO - [2024-02-04T14:28:03.283+0000] {dag.py:3036} INFO - Sync 1 DAGs
[2024-02-04T14:28:03.309+0000] {logging_mixin.py:188} INFO - [2024-02-04T14:28:03.308+0000] {dag.py:3823} INFO - Setting next_dagrun for example_skip_dag to 2024-02-03 00:00:00+00:00, run_after=2024-02-04 00:00:00+00:00
[2024-02-04T14:28:03.329+0000] {processor.py:183} INFO - Processing /home/airflow/.local/lib/python3.8/site-packages/airflow/example_dags/example_skip_dag.py took 0.084 seconds
