[2024-02-04T14:13:08.070+0000] {processor.py:161} INFO - Started process (PID=43) to work on /home/airflow/.local/lib/python3.8/site-packages/airflow/example_dags/example_branch_day_of_week_operator.py
[2024-02-04T14:13:08.071+0000] {processor.py:830} INFO - Processing file /home/airflow/.local/lib/python3.8/site-packages/airflow/example_dags/example_branch_day_of_week_operator.py for tasks to queue
[2024-02-04T14:13:08.075+0000] {logging_mixin.py:188} INFO - [2024-02-04T14:13:08.072+0000] {dagbag.py:538} INFO - Filling up the DagBag from /home/airflow/.local/lib/python3.8/site-packages/airflow/example_dags/example_branch_day_of_week_operator.py
[2024-02-04T14:13:08.099+0000] {processor.py:840} INFO - DAG(s) 'example_weekday_branch_operator' retrieved from /home/airflow/.local/lib/python3.8/site-packages/airflow/example_dags/example_branch_day_of_week_operator.py
[2024-02-04T14:13:08.461+0000] {logging_mixin.py:188} INFO - [2024-02-04T14:13:08.461+0000] {dag.py:3036} INFO - Sync 1 DAGs
[2024-02-04T14:13:08.506+0000] {logging_mixin.py:188} INFO - [2024-02-04T14:13:08.506+0000] {dag.py:3823} INFO - Setting next_dagrun for example_weekday_branch_operator to 2024-02-03 00:00:00+00:00, run_after=2024-02-04 00:00:00+00:00
[2024-02-04T14:13:08.592+0000] {processor.py:183} INFO - Processing /home/airflow/.local/lib/python3.8/site-packages/airflow/example_dags/example_branch_day_of_week_operator.py took 0.552 seconds
[2024-02-04T14:13:38.779+0000] {processor.py:161} INFO - Started process (PID=99) to work on /home/airflow/.local/lib/python3.8/site-packages/airflow/example_dags/example_branch_day_of_week_operator.py
[2024-02-04T14:13:38.780+0000] {processor.py:830} INFO - Processing file /home/airflow/.local/lib/python3.8/site-packages/airflow/example_dags/example_branch_day_of_week_operator.py for tasks to queue
[2024-02-04T14:13:38.781+0000] {logging_mixin.py:188} INFO - [2024-02-04T14:13:38.781+0000] {dagbag.py:538} INFO - Filling up the DagBag from /home/airflow/.local/lib/python3.8/site-packages/airflow/example_dags/example_branch_day_of_week_operator.py
[2024-02-04T14:13:38.787+0000] {processor.py:840} INFO - DAG(s) 'example_weekday_branch_operator' retrieved from /home/airflow/.local/lib/python3.8/site-packages/airflow/example_dags/example_branch_day_of_week_operator.py
[2024-02-04T14:13:38.805+0000] {logging_mixin.py:188} INFO - [2024-02-04T14:13:38.804+0000] {dag.py:3036} INFO - Sync 1 DAGs
[2024-02-04T14:13:38.822+0000] {logging_mixin.py:188} INFO - [2024-02-04T14:13:38.822+0000] {dag.py:3823} INFO - Setting next_dagrun for example_weekday_branch_operator to 2024-02-03 00:00:00+00:00, run_after=2024-02-04 00:00:00+00:00
[2024-02-04T14:13:38.842+0000] {processor.py:183} INFO - Processing /home/airflow/.local/lib/python3.8/site-packages/airflow/example_dags/example_branch_day_of_week_operator.py took 0.066 seconds
[2024-02-04T14:14:09.478+0000] {processor.py:161} INFO - Started process (PID=154) to work on /home/airflow/.local/lib/python3.8/site-packages/airflow/example_dags/example_branch_day_of_week_operator.py
[2024-02-04T14:14:09.479+0000] {processor.py:830} INFO - Processing file /home/airflow/.local/lib/python3.8/site-packages/airflow/example_dags/example_branch_day_of_week_operator.py for tasks to queue
[2024-02-04T14:14:09.481+0000] {logging_mixin.py:188} INFO - [2024-02-04T14:14:09.481+0000] {dagbag.py:538} INFO - Filling up the DagBag from /home/airflow/.local/lib/python3.8/site-packages/airflow/example_dags/example_branch_day_of_week_operator.py
[2024-02-04T14:14:09.492+0000] {processor.py:840} INFO - DAG(s) 'example_weekday_branch_operator' retrieved from /home/airflow/.local/lib/python3.8/site-packages/airflow/example_dags/example_branch_day_of_week_operator.py
[2024-02-04T14:14:09.519+0000] {logging_mixin.py:188} INFO - [2024-02-04T14:14:09.519+0000] {dag.py:3036} INFO - Sync 1 DAGs
[2024-02-04T14:14:09.547+0000] {logging_mixin.py:188} INFO - [2024-02-04T14:14:09.547+0000] {dag.py:3823} INFO - Setting next_dagrun for example_weekday_branch_operator to 2024-02-03 00:00:00+00:00, run_after=2024-02-04 00:00:00+00:00
[2024-02-04T14:14:09.572+0000] {processor.py:183} INFO - Processing /home/airflow/.local/lib/python3.8/site-packages/airflow/example_dags/example_branch_day_of_week_operator.py took 0.114 seconds
[2024-02-04T14:14:40.549+0000] {processor.py:161} INFO - Started process (PID=210) to work on /home/airflow/.local/lib/python3.8/site-packages/airflow/example_dags/example_branch_day_of_week_operator.py
[2024-02-04T14:14:40.552+0000] {processor.py:830} INFO - Processing file /home/airflow/.local/lib/python3.8/site-packages/airflow/example_dags/example_branch_day_of_week_operator.py for tasks to queue
[2024-02-04T14:14:40.554+0000] {logging_mixin.py:188} INFO - [2024-02-04T14:14:40.553+0000] {dagbag.py:538} INFO - Filling up the DagBag from /home/airflow/.local/lib/python3.8/site-packages/airflow/example_dags/example_branch_day_of_week_operator.py
[2024-02-04T14:14:40.567+0000] {processor.py:840} INFO - DAG(s) 'example_weekday_branch_operator' retrieved from /home/airflow/.local/lib/python3.8/site-packages/airflow/example_dags/example_branch_day_of_week_operator.py
[2024-02-04T14:14:40.616+0000] {logging_mixin.py:188} INFO - [2024-02-04T14:14:40.616+0000] {dag.py:3036} INFO - Sync 1 DAGs
[2024-02-04T14:14:40.663+0000] {logging_mixin.py:188} INFO - [2024-02-04T14:14:40.662+0000] {dag.py:3823} INFO - Setting next_dagrun for example_weekday_branch_operator to 2024-02-03 00:00:00+00:00, run_after=2024-02-04 00:00:00+00:00
[2024-02-04T14:14:40.713+0000] {processor.py:183} INFO - Processing /home/airflow/.local/lib/python3.8/site-packages/airflow/example_dags/example_branch_day_of_week_operator.py took 0.168 seconds
[2024-02-04T14:16:28.656+0000] {processor.py:161} INFO - Started process (PID=43) to work on /home/airflow/.local/lib/python3.8/site-packages/airflow/example_dags/example_branch_day_of_week_operator.py
[2024-02-04T14:16:28.658+0000] {processor.py:830} INFO - Processing file /home/airflow/.local/lib/python3.8/site-packages/airflow/example_dags/example_branch_day_of_week_operator.py for tasks to queue
[2024-02-04T14:16:28.662+0000] {logging_mixin.py:188} INFO - [2024-02-04T14:16:28.661+0000] {dagbag.py:538} INFO - Filling up the DagBag from /home/airflow/.local/lib/python3.8/site-packages/airflow/example_dags/example_branch_day_of_week_operator.py
[2024-02-04T14:16:28.679+0000] {processor.py:840} INFO - DAG(s) 'example_weekday_branch_operator' retrieved from /home/airflow/.local/lib/python3.8/site-packages/airflow/example_dags/example_branch_day_of_week_operator.py
[2024-02-04T14:16:29.071+0000] {logging_mixin.py:188} INFO - [2024-02-04T14:16:29.070+0000] {dag.py:3036} INFO - Sync 1 DAGs
[2024-02-04T14:16:29.188+0000] {logging_mixin.py:188} INFO - [2024-02-04T14:16:29.175+0000] {dag.py:3823} INFO - Setting next_dagrun for example_weekday_branch_operator to 2024-02-03 00:00:00+00:00, run_after=2024-02-04 00:00:00+00:00
[2024-02-04T14:16:29.232+0000] {processor.py:183} INFO - Processing /home/airflow/.local/lib/python3.8/site-packages/airflow/example_dags/example_branch_day_of_week_operator.py took 0.589 seconds
[2024-02-04T14:16:59.939+0000] {processor.py:161} INFO - Started process (PID=99) to work on /home/airflow/.local/lib/python3.8/site-packages/airflow/example_dags/example_branch_day_of_week_operator.py
[2024-02-04T14:16:59.940+0000] {processor.py:830} INFO - Processing file /home/airflow/.local/lib/python3.8/site-packages/airflow/example_dags/example_branch_day_of_week_operator.py for tasks to queue
[2024-02-04T14:16:59.942+0000] {logging_mixin.py:188} INFO - [2024-02-04T14:16:59.941+0000] {dagbag.py:538} INFO - Filling up the DagBag from /home/airflow/.local/lib/python3.8/site-packages/airflow/example_dags/example_branch_day_of_week_operator.py
[2024-02-04T14:16:59.951+0000] {processor.py:840} INFO - DAG(s) 'example_weekday_branch_operator' retrieved from /home/airflow/.local/lib/python3.8/site-packages/airflow/example_dags/example_branch_day_of_week_operator.py
[2024-02-04T14:16:59.974+0000] {logging_mixin.py:188} INFO - [2024-02-04T14:16:59.974+0000] {dag.py:3036} INFO - Sync 1 DAGs
[2024-02-04T14:17:00.004+0000] {logging_mixin.py:188} INFO - [2024-02-04T14:17:00.004+0000] {dag.py:3823} INFO - Setting next_dagrun for example_weekday_branch_operator to 2024-02-03 00:00:00+00:00, run_after=2024-02-04 00:00:00+00:00
[2024-02-04T14:17:00.025+0000] {processor.py:183} INFO - Processing /home/airflow/.local/lib/python3.8/site-packages/airflow/example_dags/example_branch_day_of_week_operator.py took 0.092 seconds
[2024-02-04T14:17:30.398+0000] {processor.py:161} INFO - Started process (PID=155) to work on /home/airflow/.local/lib/python3.8/site-packages/airflow/example_dags/example_branch_day_of_week_operator.py
[2024-02-04T14:17:30.399+0000] {processor.py:830} INFO - Processing file /home/airflow/.local/lib/python3.8/site-packages/airflow/example_dags/example_branch_day_of_week_operator.py for tasks to queue
[2024-02-04T14:17:30.402+0000] {logging_mixin.py:188} INFO - [2024-02-04T14:17:30.402+0000] {dagbag.py:538} INFO - Filling up the DagBag from /home/airflow/.local/lib/python3.8/site-packages/airflow/example_dags/example_branch_day_of_week_operator.py
[2024-02-04T14:17:30.412+0000] {processor.py:840} INFO - DAG(s) 'example_weekday_branch_operator' retrieved from /home/airflow/.local/lib/python3.8/site-packages/airflow/example_dags/example_branch_day_of_week_operator.py
[2024-02-04T14:17:30.434+0000] {logging_mixin.py:188} INFO - [2024-02-04T14:17:30.434+0000] {dag.py:3036} INFO - Sync 1 DAGs
[2024-02-04T14:17:30.463+0000] {logging_mixin.py:188} INFO - [2024-02-04T14:17:30.462+0000] {dag.py:3823} INFO - Setting next_dagrun for example_weekday_branch_operator to 2024-02-03 00:00:00+00:00, run_after=2024-02-04 00:00:00+00:00
[2024-02-04T14:17:30.490+0000] {processor.py:183} INFO - Processing /home/airflow/.local/lib/python3.8/site-packages/airflow/example_dags/example_branch_day_of_week_operator.py took 0.096 seconds
[2024-02-04T14:18:00.976+0000] {processor.py:161} INFO - Started process (PID=210) to work on /home/airflow/.local/lib/python3.8/site-packages/airflow/example_dags/example_branch_day_of_week_operator.py
[2024-02-04T14:18:00.978+0000] {processor.py:830} INFO - Processing file /home/airflow/.local/lib/python3.8/site-packages/airflow/example_dags/example_branch_day_of_week_operator.py for tasks to queue
[2024-02-04T14:18:00.983+0000] {logging_mixin.py:188} INFO - [2024-02-04T14:18:00.983+0000] {dagbag.py:538} INFO - Filling up the DagBag from /home/airflow/.local/lib/python3.8/site-packages/airflow/example_dags/example_branch_day_of_week_operator.py
[2024-02-04T14:18:01.011+0000] {processor.py:840} INFO - DAG(s) 'example_weekday_branch_operator' retrieved from /home/airflow/.local/lib/python3.8/site-packages/airflow/example_dags/example_branch_day_of_week_operator.py
[2024-02-04T14:18:01.035+0000] {logging_mixin.py:188} INFO - [2024-02-04T14:18:01.035+0000] {dag.py:3036} INFO - Sync 1 DAGs
[2024-02-04T14:18:01.062+0000] {logging_mixin.py:188} INFO - [2024-02-04T14:18:01.062+0000] {dag.py:3823} INFO - Setting next_dagrun for example_weekday_branch_operator to 2024-02-03 00:00:00+00:00, run_after=2024-02-04 00:00:00+00:00
[2024-02-04T14:18:01.091+0000] {processor.py:183} INFO - Processing /home/airflow/.local/lib/python3.8/site-packages/airflow/example_dags/example_branch_day_of_week_operator.py took 0.130 seconds
[2024-02-04T14:18:31.243+0000] {processor.py:161} INFO - Started process (PID=266) to work on /home/airflow/.local/lib/python3.8/site-packages/airflow/example_dags/example_branch_day_of_week_operator.py
[2024-02-04T14:18:31.244+0000] {processor.py:830} INFO - Processing file /home/airflow/.local/lib/python3.8/site-packages/airflow/example_dags/example_branch_day_of_week_operator.py for tasks to queue
[2024-02-04T14:18:31.246+0000] {logging_mixin.py:188} INFO - [2024-02-04T14:18:31.246+0000] {dagbag.py:538} INFO - Filling up the DagBag from /home/airflow/.local/lib/python3.8/site-packages/airflow/example_dags/example_branch_day_of_week_operator.py
[2024-02-04T14:18:31.255+0000] {processor.py:840} INFO - DAG(s) 'example_weekday_branch_operator' retrieved from /home/airflow/.local/lib/python3.8/site-packages/airflow/example_dags/example_branch_day_of_week_operator.py
[2024-02-04T14:18:31.279+0000] {logging_mixin.py:188} INFO - [2024-02-04T14:18:31.279+0000] {dag.py:3036} INFO - Sync 1 DAGs
[2024-02-04T14:18:31.303+0000] {logging_mixin.py:188} INFO - [2024-02-04T14:18:31.303+0000] {dag.py:3823} INFO - Setting next_dagrun for example_weekday_branch_operator to 2024-02-03 00:00:00+00:00, run_after=2024-02-04 00:00:00+00:00
[2024-02-04T14:18:31.327+0000] {processor.py:183} INFO - Processing /home/airflow/.local/lib/python3.8/site-packages/airflow/example_dags/example_branch_day_of_week_operator.py took 0.087 seconds
[2024-02-04T14:19:01.732+0000] {processor.py:161} INFO - Started process (PID=322) to work on /home/airflow/.local/lib/python3.8/site-packages/airflow/example_dags/example_branch_day_of_week_operator.py
[2024-02-04T14:19:01.733+0000] {processor.py:830} INFO - Processing file /home/airflow/.local/lib/python3.8/site-packages/airflow/example_dags/example_branch_day_of_week_operator.py for tasks to queue
[2024-02-04T14:19:01.735+0000] {logging_mixin.py:188} INFO - [2024-02-04T14:19:01.734+0000] {dagbag.py:538} INFO - Filling up the DagBag from /home/airflow/.local/lib/python3.8/site-packages/airflow/example_dags/example_branch_day_of_week_operator.py
[2024-02-04T14:19:01.744+0000] {processor.py:840} INFO - DAG(s) 'example_weekday_branch_operator' retrieved from /home/airflow/.local/lib/python3.8/site-packages/airflow/example_dags/example_branch_day_of_week_operator.py
[2024-02-04T14:19:01.766+0000] {logging_mixin.py:188} INFO - [2024-02-04T14:19:01.766+0000] {dag.py:3036} INFO - Sync 1 DAGs
[2024-02-04T14:19:01.794+0000] {logging_mixin.py:188} INFO - [2024-02-04T14:19:01.794+0000] {dag.py:3823} INFO - Setting next_dagrun for example_weekday_branch_operator to 2024-02-03 00:00:00+00:00, run_after=2024-02-04 00:00:00+00:00
[2024-02-04T14:19:01.817+0000] {processor.py:183} INFO - Processing /home/airflow/.local/lib/python3.8/site-packages/airflow/example_dags/example_branch_day_of_week_operator.py took 0.089 seconds
[2024-02-04T14:19:32.129+0000] {processor.py:161} INFO - Started process (PID=377) to work on /home/airflow/.local/lib/python3.8/site-packages/airflow/example_dags/example_branch_day_of_week_operator.py
[2024-02-04T14:19:32.130+0000] {processor.py:830} INFO - Processing file /home/airflow/.local/lib/python3.8/site-packages/airflow/example_dags/example_branch_day_of_week_operator.py for tasks to queue
[2024-02-04T14:19:32.132+0000] {logging_mixin.py:188} INFO - [2024-02-04T14:19:32.132+0000] {dagbag.py:538} INFO - Filling up the DagBag from /home/airflow/.local/lib/python3.8/site-packages/airflow/example_dags/example_branch_day_of_week_operator.py
[2024-02-04T14:19:32.142+0000] {processor.py:840} INFO - DAG(s) 'example_weekday_branch_operator' retrieved from /home/airflow/.local/lib/python3.8/site-packages/airflow/example_dags/example_branch_day_of_week_operator.py
[2024-02-04T14:19:32.167+0000] {logging_mixin.py:188} INFO - [2024-02-04T14:19:32.167+0000] {dag.py:3036} INFO - Sync 1 DAGs
[2024-02-04T14:19:32.200+0000] {logging_mixin.py:188} INFO - [2024-02-04T14:19:32.199+0000] {dag.py:3823} INFO - Setting next_dagrun for example_weekday_branch_operator to 2024-02-03 00:00:00+00:00, run_after=2024-02-04 00:00:00+00:00
[2024-02-04T14:19:32.243+0000] {processor.py:183} INFO - Processing /home/airflow/.local/lib/python3.8/site-packages/airflow/example_dags/example_branch_day_of_week_operator.py took 0.118 seconds
[2024-02-04T14:22:53.877+0000] {processor.py:161} INFO - Started process (PID=44) to work on /home/airflow/.local/lib/python3.8/site-packages/airflow/example_dags/example_branch_day_of_week_operator.py
[2024-02-04T14:22:53.878+0000] {processor.py:830} INFO - Processing file /home/airflow/.local/lib/python3.8/site-packages/airflow/example_dags/example_branch_day_of_week_operator.py for tasks to queue
[2024-02-04T14:22:53.880+0000] {logging_mixin.py:188} INFO - [2024-02-04T14:22:53.879+0000] {dagbag.py:538} INFO - Filling up the DagBag from /home/airflow/.local/lib/python3.8/site-packages/airflow/example_dags/example_branch_day_of_week_operator.py
[2024-02-04T14:22:53.950+0000] {processor.py:840} INFO - DAG(s) 'example_weekday_branch_operator' retrieved from /home/airflow/.local/lib/python3.8/site-packages/airflow/example_dags/example_branch_day_of_week_operator.py
[2024-02-04T14:22:54.391+0000] {logging_mixin.py:188} INFO - [2024-02-04T14:22:54.390+0000] {dag.py:3036} INFO - Sync 1 DAGs
[2024-02-04T14:22:54.471+0000] {logging_mixin.py:188} INFO - [2024-02-04T14:22:54.471+0000] {dag.py:3823} INFO - Setting next_dagrun for example_weekday_branch_operator to 2024-02-03 00:00:00+00:00, run_after=2024-02-04 00:00:00+00:00
[2024-02-04T14:22:54.543+0000] {processor.py:183} INFO - Processing /home/airflow/.local/lib/python3.8/site-packages/airflow/example_dags/example_branch_day_of_week_operator.py took 0.713 seconds
[2024-02-04T14:23:25.413+0000] {processor.py:161} INFO - Started process (PID=99) to work on /home/airflow/.local/lib/python3.8/site-packages/airflow/example_dags/example_branch_day_of_week_operator.py
[2024-02-04T14:23:25.414+0000] {processor.py:830} INFO - Processing file /home/airflow/.local/lib/python3.8/site-packages/airflow/example_dags/example_branch_day_of_week_operator.py for tasks to queue
[2024-02-04T14:23:25.416+0000] {logging_mixin.py:188} INFO - [2024-02-04T14:23:25.416+0000] {dagbag.py:538} INFO - Filling up the DagBag from /home/airflow/.local/lib/python3.8/site-packages/airflow/example_dags/example_branch_day_of_week_operator.py
[2024-02-04T14:23:25.426+0000] {processor.py:840} INFO - DAG(s) 'example_weekday_branch_operator' retrieved from /home/airflow/.local/lib/python3.8/site-packages/airflow/example_dags/example_branch_day_of_week_operator.py
[2024-02-04T14:23:25.448+0000] {logging_mixin.py:188} INFO - [2024-02-04T14:23:25.448+0000] {dag.py:3036} INFO - Sync 1 DAGs
[2024-02-04T14:23:25.480+0000] {logging_mixin.py:188} INFO - [2024-02-04T14:23:25.480+0000] {dag.py:3823} INFO - Setting next_dagrun for example_weekday_branch_operator to 2024-02-03 00:00:00+00:00, run_after=2024-02-04 00:00:00+00:00
[2024-02-04T14:23:25.501+0000] {processor.py:183} INFO - Processing /home/airflow/.local/lib/python3.8/site-packages/airflow/example_dags/example_branch_day_of_week_operator.py took 0.095 seconds
[2024-02-04T14:23:55.894+0000] {processor.py:161} INFO - Started process (PID=155) to work on /home/airflow/.local/lib/python3.8/site-packages/airflow/example_dags/example_branch_day_of_week_operator.py
[2024-02-04T14:23:55.895+0000] {processor.py:830} INFO - Processing file /home/airflow/.local/lib/python3.8/site-packages/airflow/example_dags/example_branch_day_of_week_operator.py for tasks to queue
[2024-02-04T14:23:55.896+0000] {logging_mixin.py:188} INFO - [2024-02-04T14:23:55.896+0000] {dagbag.py:538} INFO - Filling up the DagBag from /home/airflow/.local/lib/python3.8/site-packages/airflow/example_dags/example_branch_day_of_week_operator.py
[2024-02-04T14:23:55.906+0000] {processor.py:840} INFO - DAG(s) 'example_weekday_branch_operator' retrieved from /home/airflow/.local/lib/python3.8/site-packages/airflow/example_dags/example_branch_day_of_week_operator.py
[2024-02-04T14:23:55.956+0000] {logging_mixin.py:188} INFO - [2024-02-04T14:23:55.955+0000] {dag.py:3036} INFO - Sync 1 DAGs
[2024-02-04T14:23:55.986+0000] {logging_mixin.py:188} INFO - [2024-02-04T14:23:55.986+0000] {dag.py:3823} INFO - Setting next_dagrun for example_weekday_branch_operator to 2024-02-03 00:00:00+00:00, run_after=2024-02-04 00:00:00+00:00
[2024-02-04T14:23:56.009+0000] {processor.py:183} INFO - Processing /home/airflow/.local/lib/python3.8/site-packages/airflow/example_dags/example_branch_day_of_week_operator.py took 0.119 seconds
[2024-02-04T14:24:26.268+0000] {processor.py:161} INFO - Started process (PID=210) to work on /home/airflow/.local/lib/python3.8/site-packages/airflow/example_dags/example_branch_day_of_week_operator.py
[2024-02-04T14:24:26.281+0000] {processor.py:830} INFO - Processing file /home/airflow/.local/lib/python3.8/site-packages/airflow/example_dags/example_branch_day_of_week_operator.py for tasks to queue
[2024-02-04T14:24:26.283+0000] {logging_mixin.py:188} INFO - [2024-02-04T14:24:26.283+0000] {dagbag.py:538} INFO - Filling up the DagBag from /home/airflow/.local/lib/python3.8/site-packages/airflow/example_dags/example_branch_day_of_week_operator.py
[2024-02-04T14:24:26.309+0000] {processor.py:840} INFO - DAG(s) 'example_weekday_branch_operator' retrieved from /home/airflow/.local/lib/python3.8/site-packages/airflow/example_dags/example_branch_day_of_week_operator.py
[2024-02-04T14:24:26.362+0000] {logging_mixin.py:188} INFO - [2024-02-04T14:24:26.362+0000] {dag.py:3036} INFO - Sync 1 DAGs
[2024-02-04T14:24:26.407+0000] {logging_mixin.py:188} INFO - [2024-02-04T14:24:26.407+0000] {dag.py:3823} INFO - Setting next_dagrun for example_weekday_branch_operator to 2024-02-03 00:00:00+00:00, run_after=2024-02-04 00:00:00+00:00
[2024-02-04T14:24:26.446+0000] {processor.py:183} INFO - Processing /home/airflow/.local/lib/python3.8/site-packages/airflow/example_dags/example_branch_day_of_week_operator.py took 0.182 seconds
[2024-02-04T14:24:56.560+0000] {processor.py:161} INFO - Started process (PID=265) to work on /home/airflow/.local/lib/python3.8/site-packages/airflow/example_dags/example_branch_day_of_week_operator.py
[2024-02-04T14:24:56.561+0000] {processor.py:830} INFO - Processing file /home/airflow/.local/lib/python3.8/site-packages/airflow/example_dags/example_branch_day_of_week_operator.py for tasks to queue
[2024-02-04T14:24:56.562+0000] {logging_mixin.py:188} INFO - [2024-02-04T14:24:56.562+0000] {dagbag.py:538} INFO - Filling up the DagBag from /home/airflow/.local/lib/python3.8/site-packages/airflow/example_dags/example_branch_day_of_week_operator.py
[2024-02-04T14:24:56.570+0000] {processor.py:840} INFO - DAG(s) 'example_weekday_branch_operator' retrieved from /home/airflow/.local/lib/python3.8/site-packages/airflow/example_dags/example_branch_day_of_week_operator.py
[2024-02-04T14:24:56.589+0000] {logging_mixin.py:188} INFO - [2024-02-04T14:24:56.589+0000] {dag.py:3036} INFO - Sync 1 DAGs
[2024-02-04T14:24:56.607+0000] {logging_mixin.py:188} INFO - [2024-02-04T14:24:56.606+0000] {dag.py:3823} INFO - Setting next_dagrun for example_weekday_branch_operator to 2024-02-03 00:00:00+00:00, run_after=2024-02-04 00:00:00+00:00
[2024-02-04T14:24:56.627+0000] {processor.py:183} INFO - Processing /home/airflow/.local/lib/python3.8/site-packages/airflow/example_dags/example_branch_day_of_week_operator.py took 0.069 seconds
[2024-02-04T14:25:26.816+0000] {processor.py:161} INFO - Started process (PID=321) to work on /home/airflow/.local/lib/python3.8/site-packages/airflow/example_dags/example_branch_day_of_week_operator.py
[2024-02-04T14:25:26.816+0000] {processor.py:830} INFO - Processing file /home/airflow/.local/lib/python3.8/site-packages/airflow/example_dags/example_branch_day_of_week_operator.py for tasks to queue
[2024-02-04T14:25:26.818+0000] {logging_mixin.py:188} INFO - [2024-02-04T14:25:26.818+0000] {dagbag.py:538} INFO - Filling up the DagBag from /home/airflow/.local/lib/python3.8/site-packages/airflow/example_dags/example_branch_day_of_week_operator.py
[2024-02-04T14:25:26.825+0000] {processor.py:840} INFO - DAG(s) 'example_weekday_branch_operator' retrieved from /home/airflow/.local/lib/python3.8/site-packages/airflow/example_dags/example_branch_day_of_week_operator.py
[2024-02-04T14:25:26.847+0000] {logging_mixin.py:188} INFO - [2024-02-04T14:25:26.847+0000] {dag.py:3036} INFO - Sync 1 DAGs
[2024-02-04T14:25:26.866+0000] {logging_mixin.py:188} INFO - [2024-02-04T14:25:26.866+0000] {dag.py:3823} INFO - Setting next_dagrun for example_weekday_branch_operator to 2024-02-03 00:00:00+00:00, run_after=2024-02-04 00:00:00+00:00
[2024-02-04T14:25:26.887+0000] {processor.py:183} INFO - Processing /home/airflow/.local/lib/python3.8/site-packages/airflow/example_dags/example_branch_day_of_week_operator.py took 0.074 seconds
[2024-02-04T14:25:56.945+0000] {processor.py:161} INFO - Started process (PID=377) to work on /home/airflow/.local/lib/python3.8/site-packages/airflow/example_dags/example_branch_day_of_week_operator.py
[2024-02-04T14:25:56.946+0000] {processor.py:830} INFO - Processing file /home/airflow/.local/lib/python3.8/site-packages/airflow/example_dags/example_branch_day_of_week_operator.py for tasks to queue
[2024-02-04T14:25:56.948+0000] {logging_mixin.py:188} INFO - [2024-02-04T14:25:56.948+0000] {dagbag.py:538} INFO - Filling up the DagBag from /home/airflow/.local/lib/python3.8/site-packages/airflow/example_dags/example_branch_day_of_week_operator.py
[2024-02-04T14:25:56.958+0000] {processor.py:840} INFO - DAG(s) 'example_weekday_branch_operator' retrieved from /home/airflow/.local/lib/python3.8/site-packages/airflow/example_dags/example_branch_day_of_week_operator.py
[2024-02-04T14:25:56.982+0000] {logging_mixin.py:188} INFO - [2024-02-04T14:25:56.982+0000] {dag.py:3036} INFO - Sync 1 DAGs
[2024-02-04T14:25:57.009+0000] {logging_mixin.py:188} INFO - [2024-02-04T14:25:57.008+0000] {dag.py:3823} INFO - Setting next_dagrun for example_weekday_branch_operator to 2024-02-03 00:00:00+00:00, run_after=2024-02-04 00:00:00+00:00
[2024-02-04T14:25:57.032+0000] {processor.py:183} INFO - Processing /home/airflow/.local/lib/python3.8/site-packages/airflow/example_dags/example_branch_day_of_week_operator.py took 0.091 seconds
[2024-02-04T14:26:27.231+0000] {processor.py:161} INFO - Started process (PID=432) to work on /home/airflow/.local/lib/python3.8/site-packages/airflow/example_dags/example_branch_day_of_week_operator.py
[2024-02-04T14:26:27.232+0000] {processor.py:830} INFO - Processing file /home/airflow/.local/lib/python3.8/site-packages/airflow/example_dags/example_branch_day_of_week_operator.py for tasks to queue
[2024-02-04T14:26:27.234+0000] {logging_mixin.py:188} INFO - [2024-02-04T14:26:27.233+0000] {dagbag.py:538} INFO - Filling up the DagBag from /home/airflow/.local/lib/python3.8/site-packages/airflow/example_dags/example_branch_day_of_week_operator.py
[2024-02-04T14:26:27.240+0000] {processor.py:840} INFO - DAG(s) 'example_weekday_branch_operator' retrieved from /home/airflow/.local/lib/python3.8/site-packages/airflow/example_dags/example_branch_day_of_week_operator.py
[2024-02-04T14:26:27.257+0000] {logging_mixin.py:188} INFO - [2024-02-04T14:26:27.257+0000] {dag.py:3036} INFO - Sync 1 DAGs
[2024-02-04T14:26:27.276+0000] {logging_mixin.py:188} INFO - [2024-02-04T14:26:27.276+0000] {dag.py:3823} INFO - Setting next_dagrun for example_weekday_branch_operator to 2024-02-03 00:00:00+00:00, run_after=2024-02-04 00:00:00+00:00
[2024-02-04T14:26:27.296+0000] {processor.py:183} INFO - Processing /home/airflow/.local/lib/python3.8/site-packages/airflow/example_dags/example_branch_day_of_week_operator.py took 0.067 seconds
[2024-02-04T14:26:58.132+0000] {processor.py:161} INFO - Started process (PID=487) to work on /home/airflow/.local/lib/python3.8/site-packages/airflow/example_dags/example_branch_day_of_week_operator.py
[2024-02-04T14:26:58.132+0000] {processor.py:830} INFO - Processing file /home/airflow/.local/lib/python3.8/site-packages/airflow/example_dags/example_branch_day_of_week_operator.py for tasks to queue
[2024-02-04T14:26:58.134+0000] {logging_mixin.py:188} INFO - [2024-02-04T14:26:58.134+0000] {dagbag.py:538} INFO - Filling up the DagBag from /home/airflow/.local/lib/python3.8/site-packages/airflow/example_dags/example_branch_day_of_week_operator.py
[2024-02-04T14:26:58.141+0000] {processor.py:840} INFO - DAG(s) 'example_weekday_branch_operator' retrieved from /home/airflow/.local/lib/python3.8/site-packages/airflow/example_dags/example_branch_day_of_week_operator.py
[2024-02-04T14:26:58.158+0000] {logging_mixin.py:188} INFO - [2024-02-04T14:26:58.158+0000] {dag.py:3036} INFO - Sync 1 DAGs
[2024-02-04T14:26:58.178+0000] {logging_mixin.py:188} INFO - [2024-02-04T14:26:58.178+0000] {dag.py:3823} INFO - Setting next_dagrun for example_weekday_branch_operator to 2024-02-03 00:00:00+00:00, run_after=2024-02-04 00:00:00+00:00
[2024-02-04T14:26:58.201+0000] {processor.py:183} INFO - Processing /home/airflow/.local/lib/python3.8/site-packages/airflow/example_dags/example_branch_day_of_week_operator.py took 0.072 seconds
[2024-02-04T14:27:28.250+0000] {processor.py:161} INFO - Started process (PID=542) to work on /home/airflow/.local/lib/python3.8/site-packages/airflow/example_dags/example_branch_day_of_week_operator.py
[2024-02-04T14:27:28.251+0000] {processor.py:830} INFO - Processing file /home/airflow/.local/lib/python3.8/site-packages/airflow/example_dags/example_branch_day_of_week_operator.py for tasks to queue
[2024-02-04T14:27:28.253+0000] {logging_mixin.py:188} INFO - [2024-02-04T14:27:28.253+0000] {dagbag.py:538} INFO - Filling up the DagBag from /home/airflow/.local/lib/python3.8/site-packages/airflow/example_dags/example_branch_day_of_week_operator.py
[2024-02-04T14:27:28.262+0000] {processor.py:840} INFO - DAG(s) 'example_weekday_branch_operator' retrieved from /home/airflow/.local/lib/python3.8/site-packages/airflow/example_dags/example_branch_day_of_week_operator.py
[2024-02-04T14:27:28.284+0000] {logging_mixin.py:188} INFO - [2024-02-04T14:27:28.284+0000] {dag.py:3036} INFO - Sync 1 DAGs
[2024-02-04T14:27:28.313+0000] {logging_mixin.py:188} INFO - [2024-02-04T14:27:28.312+0000] {dag.py:3823} INFO - Setting next_dagrun for example_weekday_branch_operator to 2024-02-03 00:00:00+00:00, run_after=2024-02-04 00:00:00+00:00
[2024-02-04T14:27:28.336+0000] {processor.py:183} INFO - Processing /home/airflow/.local/lib/python3.8/site-packages/airflow/example_dags/example_branch_day_of_week_operator.py took 0.089 seconds
[2024-02-04T14:27:58.563+0000] {processor.py:161} INFO - Started process (PID=596) to work on /home/airflow/.local/lib/python3.8/site-packages/airflow/example_dags/example_branch_day_of_week_operator.py
[2024-02-04T14:27:58.564+0000] {processor.py:830} INFO - Processing file /home/airflow/.local/lib/python3.8/site-packages/airflow/example_dags/example_branch_day_of_week_operator.py for tasks to queue
[2024-02-04T14:27:58.565+0000] {logging_mixin.py:188} INFO - [2024-02-04T14:27:58.565+0000] {dagbag.py:538} INFO - Filling up the DagBag from /home/airflow/.local/lib/python3.8/site-packages/airflow/example_dags/example_branch_day_of_week_operator.py
[2024-02-04T14:27:58.572+0000] {processor.py:840} INFO - DAG(s) 'example_weekday_branch_operator' retrieved from /home/airflow/.local/lib/python3.8/site-packages/airflow/example_dags/example_branch_day_of_week_operator.py
[2024-02-04T14:27:58.589+0000] {logging_mixin.py:188} INFO - [2024-02-04T14:27:58.589+0000] {dag.py:3036} INFO - Sync 1 DAGs
[2024-02-04T14:27:58.606+0000] {logging_mixin.py:188} INFO - [2024-02-04T14:27:58.606+0000] {dag.py:3823} INFO - Setting next_dagrun for example_weekday_branch_operator to 2024-02-03 00:00:00+00:00, run_after=2024-02-04 00:00:00+00:00
[2024-02-04T14:27:58.627+0000] {processor.py:183} INFO - Processing /home/airflow/.local/lib/python3.8/site-packages/airflow/example_dags/example_branch_day_of_week_operator.py took 0.068 seconds
