[2024-02-04T14:13:09.203+0000] {processor.py:161} INFO - Started process (PID=46) to work on /home/airflow/.local/lib/python3.8/site-packages/airflow/example_dags/example_python_decorator.py
[2024-02-04T14:13:09.204+0000] {processor.py:830} INFO - Processing file /home/airflow/.local/lib/python3.8/site-packages/airflow/example_dags/example_python_decorator.py for tasks to queue
[2024-02-04T14:13:09.213+0000] {logging_mixin.py:188} INFO - [2024-02-04T14:13:09.213+0000] {dagbag.py:538} INFO - Filling up the DagBag from /home/airflow/.local/lib/python3.8/site-packages/airflow/example_dags/example_python_decorator.py
[2024-02-04T14:13:09.259+0000] {processor.py:840} INFO - DAG(s) 'example_python_decorator' retrieved from /home/airflow/.local/lib/python3.8/site-packages/airflow/example_dags/example_python_decorator.py
[2024-02-04T14:13:09.859+0000] {logging_mixin.py:188} INFO - [2024-02-04T14:13:09.858+0000] {dag.py:3036} INFO - Sync 1 DAGs
[2024-02-04T14:13:09.904+0000] {logging_mixin.py:188} INFO - [2024-02-04T14:13:09.904+0000] {dag.py:3823} INFO - Setting next_dagrun for example_python_decorator to None, run_after=None
[2024-02-04T14:13:09.965+0000] {processor.py:183} INFO - Processing /home/airflow/.local/lib/python3.8/site-packages/airflow/example_dags/example_python_decorator.py took 0.768 seconds
[2024-02-04T14:13:40.908+0000] {processor.py:161} INFO - Started process (PID=102) to work on /home/airflow/.local/lib/python3.8/site-packages/airflow/example_dags/example_python_decorator.py
[2024-02-04T14:13:40.909+0000] {processor.py:830} INFO - Processing file /home/airflow/.local/lib/python3.8/site-packages/airflow/example_dags/example_python_decorator.py for tasks to queue
[2024-02-04T14:13:40.911+0000] {logging_mixin.py:188} INFO - [2024-02-04T14:13:40.910+0000] {dagbag.py:538} INFO - Filling up the DagBag from /home/airflow/.local/lib/python3.8/site-packages/airflow/example_dags/example_python_decorator.py
[2024-02-04T14:13:40.929+0000] {processor.py:840} INFO - DAG(s) 'example_python_decorator' retrieved from /home/airflow/.local/lib/python3.8/site-packages/airflow/example_dags/example_python_decorator.py
[2024-02-04T14:13:40.957+0000] {logging_mixin.py:188} INFO - [2024-02-04T14:13:40.957+0000] {dag.py:3036} INFO - Sync 1 DAGs
[2024-02-04T14:13:40.972+0000] {logging_mixin.py:188} INFO - [2024-02-04T14:13:40.972+0000] {dag.py:3823} INFO - Setting next_dagrun for example_python_decorator to None, run_after=None
[2024-02-04T14:13:40.999+0000] {processor.py:183} INFO - Processing /home/airflow/.local/lib/python3.8/site-packages/airflow/example_dags/example_python_decorator.py took 0.094 seconds
[2024-02-04T14:14:11.661+0000] {processor.py:161} INFO - Started process (PID=157) to work on /home/airflow/.local/lib/python3.8/site-packages/airflow/example_dags/example_python_decorator.py
[2024-02-04T14:14:11.662+0000] {processor.py:830} INFO - Processing file /home/airflow/.local/lib/python3.8/site-packages/airflow/example_dags/example_python_decorator.py for tasks to queue
[2024-02-04T14:14:11.664+0000] {logging_mixin.py:188} INFO - [2024-02-04T14:14:11.664+0000] {dagbag.py:538} INFO - Filling up the DagBag from /home/airflow/.local/lib/python3.8/site-packages/airflow/example_dags/example_python_decorator.py
[2024-02-04T14:14:11.679+0000] {processor.py:840} INFO - DAG(s) 'example_python_decorator' retrieved from /home/airflow/.local/lib/python3.8/site-packages/airflow/example_dags/example_python_decorator.py
[2024-02-04T14:14:11.709+0000] {logging_mixin.py:188} INFO - [2024-02-04T14:14:11.709+0000] {dag.py:3036} INFO - Sync 1 DAGs
[2024-02-04T14:14:11.723+0000] {logging_mixin.py:188} INFO - [2024-02-04T14:14:11.722+0000] {dag.py:3823} INFO - Setting next_dagrun for example_python_decorator to None, run_after=None
[2024-02-04T14:14:11.747+0000] {processor.py:183} INFO - Processing /home/airflow/.local/lib/python3.8/site-packages/airflow/example_dags/example_python_decorator.py took 0.089 seconds
[2024-02-04T14:14:41.941+0000] {processor.py:161} INFO - Started process (PID=213) to work on /home/airflow/.local/lib/python3.8/site-packages/airflow/example_dags/example_python_decorator.py
[2024-02-04T14:14:41.942+0000] {processor.py:830} INFO - Processing file /home/airflow/.local/lib/python3.8/site-packages/airflow/example_dags/example_python_decorator.py for tasks to queue
[2024-02-04T14:14:41.944+0000] {logging_mixin.py:188} INFO - [2024-02-04T14:14:41.944+0000] {dagbag.py:538} INFO - Filling up the DagBag from /home/airflow/.local/lib/python3.8/site-packages/airflow/example_dags/example_python_decorator.py
[2024-02-04T14:14:41.961+0000] {processor.py:840} INFO - DAG(s) 'example_python_decorator' retrieved from /home/airflow/.local/lib/python3.8/site-packages/airflow/example_dags/example_python_decorator.py
[2024-02-04T14:14:41.994+0000] {logging_mixin.py:188} INFO - [2024-02-04T14:14:41.993+0000] {dag.py:3036} INFO - Sync 1 DAGs
[2024-02-04T14:14:42.009+0000] {logging_mixin.py:188} INFO - [2024-02-04T14:14:42.008+0000] {dag.py:3823} INFO - Setting next_dagrun for example_python_decorator to None, run_after=None
[2024-02-04T14:14:42.036+0000] {processor.py:183} INFO - Processing /home/airflow/.local/lib/python3.8/site-packages/airflow/example_dags/example_python_decorator.py took 0.099 seconds
[2024-02-04T14:16:29.860+0000] {processor.py:161} INFO - Started process (PID=46) to work on /home/airflow/.local/lib/python3.8/site-packages/airflow/example_dags/example_python_decorator.py
[2024-02-04T14:16:29.865+0000] {processor.py:830} INFO - Processing file /home/airflow/.local/lib/python3.8/site-packages/airflow/example_dags/example_python_decorator.py for tasks to queue
[2024-02-04T14:16:29.869+0000] {logging_mixin.py:188} INFO - [2024-02-04T14:16:29.868+0000] {dagbag.py:538} INFO - Filling up the DagBag from /home/airflow/.local/lib/python3.8/site-packages/airflow/example_dags/example_python_decorator.py
[2024-02-04T14:16:29.952+0000] {processor.py:840} INFO - DAG(s) 'example_python_decorator' retrieved from /home/airflow/.local/lib/python3.8/site-packages/airflow/example_dags/example_python_decorator.py
[2024-02-04T14:16:30.333+0000] {logging_mixin.py:188} INFO - [2024-02-04T14:16:30.333+0000] {dag.py:3036} INFO - Sync 1 DAGs
[2024-02-04T14:16:30.366+0000] {logging_mixin.py:188} INFO - [2024-02-04T14:16:30.366+0000] {dag.py:3823} INFO - Setting next_dagrun for example_python_decorator to None, run_after=None
[2024-02-04T14:16:30.432+0000] {processor.py:183} INFO - Processing /home/airflow/.local/lib/python3.8/site-packages/airflow/example_dags/example_python_decorator.py took 0.598 seconds
[2024-02-04T14:17:01.139+0000] {processor.py:161} INFO - Started process (PID=102) to work on /home/airflow/.local/lib/python3.8/site-packages/airflow/example_dags/example_python_decorator.py
[2024-02-04T14:17:01.144+0000] {processor.py:830} INFO - Processing file /home/airflow/.local/lib/python3.8/site-packages/airflow/example_dags/example_python_decorator.py for tasks to queue
[2024-02-04T14:17:01.146+0000] {logging_mixin.py:188} INFO - [2024-02-04T14:17:01.145+0000] {dagbag.py:538} INFO - Filling up the DagBag from /home/airflow/.local/lib/python3.8/site-packages/airflow/example_dags/example_python_decorator.py
[2024-02-04T14:17:01.163+0000] {processor.py:840} INFO - DAG(s) 'example_python_decorator' retrieved from /home/airflow/.local/lib/python3.8/site-packages/airflow/example_dags/example_python_decorator.py
[2024-02-04T14:17:01.188+0000] {logging_mixin.py:188} INFO - [2024-02-04T14:17:01.187+0000] {dag.py:3036} INFO - Sync 1 DAGs
[2024-02-04T14:17:01.201+0000] {logging_mixin.py:188} INFO - [2024-02-04T14:17:01.201+0000] {dag.py:3823} INFO - Setting next_dagrun for example_python_decorator to None, run_after=None
[2024-02-04T14:17:01.230+0000] {processor.py:183} INFO - Processing /home/airflow/.local/lib/python3.8/site-packages/airflow/example_dags/example_python_decorator.py took 0.094 seconds
[2024-02-04T14:17:31.601+0000] {processor.py:161} INFO - Started process (PID=158) to work on /home/airflow/.local/lib/python3.8/site-packages/airflow/example_dags/example_python_decorator.py
[2024-02-04T14:17:31.602+0000] {processor.py:830} INFO - Processing file /home/airflow/.local/lib/python3.8/site-packages/airflow/example_dags/example_python_decorator.py for tasks to queue
[2024-02-04T14:17:31.604+0000] {logging_mixin.py:188} INFO - [2024-02-04T14:17:31.603+0000] {dagbag.py:538} INFO - Filling up the DagBag from /home/airflow/.local/lib/python3.8/site-packages/airflow/example_dags/example_python_decorator.py
[2024-02-04T14:17:31.618+0000] {processor.py:840} INFO - DAG(s) 'example_python_decorator' retrieved from /home/airflow/.local/lib/python3.8/site-packages/airflow/example_dags/example_python_decorator.py
[2024-02-04T14:17:31.645+0000] {logging_mixin.py:188} INFO - [2024-02-04T14:17:31.645+0000] {dag.py:3036} INFO - Sync 1 DAGs
[2024-02-04T14:17:31.660+0000] {logging_mixin.py:188} INFO - [2024-02-04T14:17:31.660+0000] {dag.py:3823} INFO - Setting next_dagrun for example_python_decorator to None, run_after=None
[2024-02-04T14:17:31.689+0000] {processor.py:183} INFO - Processing /home/airflow/.local/lib/python3.8/site-packages/airflow/example_dags/example_python_decorator.py took 0.091 seconds
[2024-02-04T14:18:02.154+0000] {processor.py:161} INFO - Started process (PID=213) to work on /home/airflow/.local/lib/python3.8/site-packages/airflow/example_dags/example_python_decorator.py
[2024-02-04T14:18:02.160+0000] {processor.py:830} INFO - Processing file /home/airflow/.local/lib/python3.8/site-packages/airflow/example_dags/example_python_decorator.py for tasks to queue
[2024-02-04T14:18:02.162+0000] {logging_mixin.py:188} INFO - [2024-02-04T14:18:02.162+0000] {dagbag.py:538} INFO - Filling up the DagBag from /home/airflow/.local/lib/python3.8/site-packages/airflow/example_dags/example_python_decorator.py
[2024-02-04T14:18:02.189+0000] {processor.py:840} INFO - DAG(s) 'example_python_decorator' retrieved from /home/airflow/.local/lib/python3.8/site-packages/airflow/example_dags/example_python_decorator.py
[2024-02-04T14:18:02.246+0000] {logging_mixin.py:188} INFO - [2024-02-04T14:18:02.245+0000] {dag.py:3036} INFO - Sync 1 DAGs
[2024-02-04T14:18:02.268+0000] {logging_mixin.py:188} INFO - [2024-02-04T14:18:02.268+0000] {dag.py:3823} INFO - Setting next_dagrun for example_python_decorator to None, run_after=None
[2024-02-04T14:18:02.311+0000] {processor.py:183} INFO - Processing /home/airflow/.local/lib/python3.8/site-packages/airflow/example_dags/example_python_decorator.py took 0.164 seconds
[2024-02-04T14:18:32.574+0000] {processor.py:161} INFO - Started process (PID=269) to work on /home/airflow/.local/lib/python3.8/site-packages/airflow/example_dags/example_python_decorator.py
[2024-02-04T14:18:32.581+0000] {processor.py:830} INFO - Processing file /home/airflow/.local/lib/python3.8/site-packages/airflow/example_dags/example_python_decorator.py for tasks to queue
[2024-02-04T14:18:32.583+0000] {logging_mixin.py:188} INFO - [2024-02-04T14:18:32.583+0000] {dagbag.py:538} INFO - Filling up the DagBag from /home/airflow/.local/lib/python3.8/site-packages/airflow/example_dags/example_python_decorator.py
[2024-02-04T14:18:32.609+0000] {processor.py:840} INFO - DAG(s) 'example_python_decorator' retrieved from /home/airflow/.local/lib/python3.8/site-packages/airflow/example_dags/example_python_decorator.py
[2024-02-04T14:18:32.670+0000] {logging_mixin.py:188} INFO - [2024-02-04T14:18:32.670+0000] {dag.py:3036} INFO - Sync 1 DAGs
[2024-02-04T14:18:32.686+0000] {logging_mixin.py:188} INFO - [2024-02-04T14:18:32.685+0000] {dag.py:3823} INFO - Setting next_dagrun for example_python_decorator to None, run_after=None
[2024-02-04T14:18:32.721+0000] {processor.py:183} INFO - Processing /home/airflow/.local/lib/python3.8/site-packages/airflow/example_dags/example_python_decorator.py took 0.153 seconds
[2024-02-04T14:19:02.961+0000] {processor.py:161} INFO - Started process (PID=325) to work on /home/airflow/.local/lib/python3.8/site-packages/airflow/example_dags/example_python_decorator.py
[2024-02-04T14:19:02.963+0000] {processor.py:830} INFO - Processing file /home/airflow/.local/lib/python3.8/site-packages/airflow/example_dags/example_python_decorator.py for tasks to queue
[2024-02-04T14:19:02.965+0000] {logging_mixin.py:188} INFO - [2024-02-04T14:19:02.965+0000] {dagbag.py:538} INFO - Filling up the DagBag from /home/airflow/.local/lib/python3.8/site-packages/airflow/example_dags/example_python_decorator.py
[2024-02-04T14:19:02.980+0000] {processor.py:840} INFO - DAG(s) 'example_python_decorator' retrieved from /home/airflow/.local/lib/python3.8/site-packages/airflow/example_dags/example_python_decorator.py
[2024-02-04T14:19:03.006+0000] {logging_mixin.py:188} INFO - [2024-02-04T14:19:03.006+0000] {dag.py:3036} INFO - Sync 1 DAGs
[2024-02-04T14:19:03.020+0000] {logging_mixin.py:188} INFO - [2024-02-04T14:19:03.020+0000] {dag.py:3823} INFO - Setting next_dagrun for example_python_decorator to None, run_after=None
[2024-02-04T14:19:03.045+0000] {processor.py:183} INFO - Processing /home/airflow/.local/lib/python3.8/site-packages/airflow/example_dags/example_python_decorator.py took 0.087 seconds
[2024-02-04T14:19:33.381+0000] {processor.py:161} INFO - Started process (PID=380) to work on /home/airflow/.local/lib/python3.8/site-packages/airflow/example_dags/example_python_decorator.py
[2024-02-04T14:19:33.382+0000] {processor.py:830} INFO - Processing file /home/airflow/.local/lib/python3.8/site-packages/airflow/example_dags/example_python_decorator.py for tasks to queue
[2024-02-04T14:19:33.384+0000] {logging_mixin.py:188} INFO - [2024-02-04T14:19:33.384+0000] {dagbag.py:538} INFO - Filling up the DagBag from /home/airflow/.local/lib/python3.8/site-packages/airflow/example_dags/example_python_decorator.py
[2024-02-04T14:19:33.401+0000] {processor.py:840} INFO - DAG(s) 'example_python_decorator' retrieved from /home/airflow/.local/lib/python3.8/site-packages/airflow/example_dags/example_python_decorator.py
[2024-02-04T14:19:33.427+0000] {logging_mixin.py:188} INFO - [2024-02-04T14:19:33.426+0000] {dag.py:3036} INFO - Sync 1 DAGs
[2024-02-04T14:19:33.441+0000] {logging_mixin.py:188} INFO - [2024-02-04T14:19:33.441+0000] {dag.py:3823} INFO - Setting next_dagrun for example_python_decorator to None, run_after=None
[2024-02-04T14:19:33.466+0000] {processor.py:183} INFO - Processing /home/airflow/.local/lib/python3.8/site-packages/airflow/example_dags/example_python_decorator.py took 0.088 seconds
[2024-02-04T14:22:55.314+0000] {processor.py:161} INFO - Started process (PID=47) to work on /home/airflow/.local/lib/python3.8/site-packages/airflow/example_dags/example_python_decorator.py
[2024-02-04T14:22:55.327+0000] {processor.py:830} INFO - Processing file /home/airflow/.local/lib/python3.8/site-packages/airflow/example_dags/example_python_decorator.py for tasks to queue
[2024-02-04T14:22:55.329+0000] {logging_mixin.py:188} INFO - [2024-02-04T14:22:55.329+0000] {dagbag.py:538} INFO - Filling up the DagBag from /home/airflow/.local/lib/python3.8/site-packages/airflow/example_dags/example_python_decorator.py
[2024-02-04T14:22:55.415+0000] {processor.py:840} INFO - DAG(s) 'example_python_decorator' retrieved from /home/airflow/.local/lib/python3.8/site-packages/airflow/example_dags/example_python_decorator.py
[2024-02-04T14:22:55.809+0000] {logging_mixin.py:188} INFO - [2024-02-04T14:22:55.808+0000] {dag.py:3036} INFO - Sync 1 DAGs
[2024-02-04T14:22:55.854+0000] {logging_mixin.py:188} INFO - [2024-02-04T14:22:55.854+0000] {dag.py:3823} INFO - Setting next_dagrun for example_python_decorator to None, run_after=None
[2024-02-04T14:22:55.904+0000] {processor.py:183} INFO - Processing /home/airflow/.local/lib/python3.8/site-packages/airflow/example_dags/example_python_decorator.py took 0.612 seconds
[2024-02-04T14:23:26.619+0000] {processor.py:161} INFO - Started process (PID=102) to work on /home/airflow/.local/lib/python3.8/site-packages/airflow/example_dags/example_python_decorator.py
[2024-02-04T14:23:26.619+0000] {processor.py:830} INFO - Processing file /home/airflow/.local/lib/python3.8/site-packages/airflow/example_dags/example_python_decorator.py for tasks to queue
[2024-02-04T14:23:26.621+0000] {logging_mixin.py:188} INFO - [2024-02-04T14:23:26.621+0000] {dagbag.py:538} INFO - Filling up the DagBag from /home/airflow/.local/lib/python3.8/site-packages/airflow/example_dags/example_python_decorator.py
[2024-02-04T14:23:26.636+0000] {processor.py:840} INFO - DAG(s) 'example_python_decorator' retrieved from /home/airflow/.local/lib/python3.8/site-packages/airflow/example_dags/example_python_decorator.py
[2024-02-04T14:23:26.663+0000] {logging_mixin.py:188} INFO - [2024-02-04T14:23:26.663+0000] {dag.py:3036} INFO - Sync 1 DAGs
[2024-02-04T14:23:26.677+0000] {logging_mixin.py:188} INFO - [2024-02-04T14:23:26.677+0000] {dag.py:3823} INFO - Setting next_dagrun for example_python_decorator to None, run_after=None
[2024-02-04T14:23:26.716+0000] {processor.py:183} INFO - Processing /home/airflow/.local/lib/python3.8/site-packages/airflow/example_dags/example_python_decorator.py took 0.101 seconds
[2024-02-04T14:23:57.047+0000] {processor.py:161} INFO - Started process (PID=158) to work on /home/airflow/.local/lib/python3.8/site-packages/airflow/example_dags/example_python_decorator.py
[2024-02-04T14:23:57.048+0000] {processor.py:830} INFO - Processing file /home/airflow/.local/lib/python3.8/site-packages/airflow/example_dags/example_python_decorator.py for tasks to queue
[2024-02-04T14:23:57.050+0000] {logging_mixin.py:188} INFO - [2024-02-04T14:23:57.050+0000] {dagbag.py:538} INFO - Filling up the DagBag from /home/airflow/.local/lib/python3.8/site-packages/airflow/example_dags/example_python_decorator.py
[2024-02-04T14:23:57.065+0000] {processor.py:840} INFO - DAG(s) 'example_python_decorator' retrieved from /home/airflow/.local/lib/python3.8/site-packages/airflow/example_dags/example_python_decorator.py
[2024-02-04T14:23:57.091+0000] {logging_mixin.py:188} INFO - [2024-02-04T14:23:57.091+0000] {dag.py:3036} INFO - Sync 1 DAGs
[2024-02-04T14:23:57.105+0000] {logging_mixin.py:188} INFO - [2024-02-04T14:23:57.105+0000] {dag.py:3823} INFO - Setting next_dagrun for example_python_decorator to None, run_after=None
[2024-02-04T14:23:57.131+0000] {processor.py:183} INFO - Processing /home/airflow/.local/lib/python3.8/site-packages/airflow/example_dags/example_python_decorator.py took 0.087 seconds
[2024-02-04T14:24:27.572+0000] {processor.py:161} INFO - Started process (PID=213) to work on /home/airflow/.local/lib/python3.8/site-packages/airflow/example_dags/example_python_decorator.py
[2024-02-04T14:24:27.586+0000] {processor.py:830} INFO - Processing file /home/airflow/.local/lib/python3.8/site-packages/airflow/example_dags/example_python_decorator.py for tasks to queue
[2024-02-04T14:24:27.593+0000] {logging_mixin.py:188} INFO - [2024-02-04T14:24:27.589+0000] {dagbag.py:538} INFO - Filling up the DagBag from /home/airflow/.local/lib/python3.8/site-packages/airflow/example_dags/example_python_decorator.py
[2024-02-04T14:24:27.632+0000] {processor.py:840} INFO - DAG(s) 'example_python_decorator' retrieved from /home/airflow/.local/lib/python3.8/site-packages/airflow/example_dags/example_python_decorator.py
[2024-02-04T14:24:27.702+0000] {logging_mixin.py:188} INFO - [2024-02-04T14:24:27.702+0000] {dag.py:3036} INFO - Sync 1 DAGs
[2024-02-04T14:24:27.746+0000] {logging_mixin.py:188} INFO - [2024-02-04T14:24:27.746+0000] {dag.py:3823} INFO - Setting next_dagrun for example_python_decorator to None, run_after=None
[2024-02-04T14:24:27.797+0000] {processor.py:183} INFO - Processing /home/airflow/.local/lib/python3.8/site-packages/airflow/example_dags/example_python_decorator.py took 0.242 seconds
[2024-02-04T14:24:58.724+0000] {processor.py:161} INFO - Started process (PID=268) to work on /home/airflow/.local/lib/python3.8/site-packages/airflow/example_dags/example_python_decorator.py
[2024-02-04T14:24:58.726+0000] {processor.py:830} INFO - Processing file /home/airflow/.local/lib/python3.8/site-packages/airflow/example_dags/example_python_decorator.py for tasks to queue
[2024-02-04T14:24:58.730+0000] {logging_mixin.py:188} INFO - [2024-02-04T14:24:58.729+0000] {dagbag.py:538} INFO - Filling up the DagBag from /home/airflow/.local/lib/python3.8/site-packages/airflow/example_dags/example_python_decorator.py
[2024-02-04T14:24:58.744+0000] {processor.py:840} INFO - DAG(s) 'example_python_decorator' retrieved from /home/airflow/.local/lib/python3.8/site-packages/airflow/example_dags/example_python_decorator.py
[2024-02-04T14:24:58.771+0000] {logging_mixin.py:188} INFO - [2024-02-04T14:24:58.771+0000] {dag.py:3036} INFO - Sync 1 DAGs
[2024-02-04T14:24:58.786+0000] {logging_mixin.py:188} INFO - [2024-02-04T14:24:58.785+0000] {dag.py:3823} INFO - Setting next_dagrun for example_python_decorator to None, run_after=None
[2024-02-04T14:24:58.835+0000] {processor.py:183} INFO - Processing /home/airflow/.local/lib/python3.8/site-packages/airflow/example_dags/example_python_decorator.py took 0.124 seconds
[2024-02-04T14:25:28.950+0000] {processor.py:161} INFO - Started process (PID=324) to work on /home/airflow/.local/lib/python3.8/site-packages/airflow/example_dags/example_python_decorator.py
[2024-02-04T14:25:28.951+0000] {processor.py:830} INFO - Processing file /home/airflow/.local/lib/python3.8/site-packages/airflow/example_dags/example_python_decorator.py for tasks to queue
[2024-02-04T14:25:28.953+0000] {logging_mixin.py:188} INFO - [2024-02-04T14:25:28.952+0000] {dagbag.py:538} INFO - Filling up the DagBag from /home/airflow/.local/lib/python3.8/site-packages/airflow/example_dags/example_python_decorator.py
[2024-02-04T14:25:28.970+0000] {processor.py:840} INFO - DAG(s) 'example_python_decorator' retrieved from /home/airflow/.local/lib/python3.8/site-packages/airflow/example_dags/example_python_decorator.py
[2024-02-04T14:25:29.001+0000] {logging_mixin.py:188} INFO - [2024-02-04T14:25:29.001+0000] {dag.py:3036} INFO - Sync 1 DAGs
[2024-02-04T14:25:29.016+0000] {logging_mixin.py:188} INFO - [2024-02-04T14:25:29.016+0000] {dag.py:3823} INFO - Setting next_dagrun for example_python_decorator to None, run_after=None
[2024-02-04T14:25:29.042+0000] {processor.py:183} INFO - Processing /home/airflow/.local/lib/python3.8/site-packages/airflow/example_dags/example_python_decorator.py took 0.096 seconds
[2024-02-04T14:25:59.086+0000] {processor.py:161} INFO - Started process (PID=380) to work on /home/airflow/.local/lib/python3.8/site-packages/airflow/example_dags/example_python_decorator.py
[2024-02-04T14:25:59.086+0000] {processor.py:830} INFO - Processing file /home/airflow/.local/lib/python3.8/site-packages/airflow/example_dags/example_python_decorator.py for tasks to queue
[2024-02-04T14:25:59.088+0000] {logging_mixin.py:188} INFO - [2024-02-04T14:25:59.087+0000] {dagbag.py:538} INFO - Filling up the DagBag from /home/airflow/.local/lib/python3.8/site-packages/airflow/example_dags/example_python_decorator.py
[2024-02-04T14:25:59.099+0000] {processor.py:840} INFO - DAG(s) 'example_python_decorator' retrieved from /home/airflow/.local/lib/python3.8/site-packages/airflow/example_dags/example_python_decorator.py
[2024-02-04T14:25:59.117+0000] {logging_mixin.py:188} INFO - [2024-02-04T14:25:59.117+0000] {dag.py:3036} INFO - Sync 1 DAGs
[2024-02-04T14:25:59.127+0000] {logging_mixin.py:188} INFO - [2024-02-04T14:25:59.126+0000] {dag.py:3823} INFO - Setting next_dagrun for example_python_decorator to None, run_after=None
[2024-02-04T14:25:59.147+0000] {processor.py:183} INFO - Processing /home/airflow/.local/lib/python3.8/site-packages/airflow/example_dags/example_python_decorator.py took 0.065 seconds
[2024-02-04T14:26:29.361+0000] {processor.py:161} INFO - Started process (PID=435) to work on /home/airflow/.local/lib/python3.8/site-packages/airflow/example_dags/example_python_decorator.py
[2024-02-04T14:26:29.362+0000] {processor.py:830} INFO - Processing file /home/airflow/.local/lib/python3.8/site-packages/airflow/example_dags/example_python_decorator.py for tasks to queue
[2024-02-04T14:26:29.364+0000] {logging_mixin.py:188} INFO - [2024-02-04T14:26:29.364+0000] {dagbag.py:538} INFO - Filling up the DagBag from /home/airflow/.local/lib/python3.8/site-packages/airflow/example_dags/example_python_decorator.py
[2024-02-04T14:26:29.383+0000] {processor.py:840} INFO - DAG(s) 'example_python_decorator' retrieved from /home/airflow/.local/lib/python3.8/site-packages/airflow/example_dags/example_python_decorator.py
[2024-02-04T14:26:29.409+0000] {logging_mixin.py:188} INFO - [2024-02-04T14:26:29.409+0000] {dag.py:3036} INFO - Sync 1 DAGs
[2024-02-04T14:26:29.422+0000] {logging_mixin.py:188} INFO - [2024-02-04T14:26:29.422+0000] {dag.py:3823} INFO - Setting next_dagrun for example_python_decorator to None, run_after=None
[2024-02-04T14:26:29.452+0000] {processor.py:183} INFO - Processing /home/airflow/.local/lib/python3.8/site-packages/airflow/example_dags/example_python_decorator.py took 0.094 seconds
[2024-02-04T14:27:00.266+0000] {processor.py:161} INFO - Started process (PID=490) to work on /home/airflow/.local/lib/python3.8/site-packages/airflow/example_dags/example_python_decorator.py
[2024-02-04T14:27:00.267+0000] {processor.py:830} INFO - Processing file /home/airflow/.local/lib/python3.8/site-packages/airflow/example_dags/example_python_decorator.py for tasks to queue
[2024-02-04T14:27:00.269+0000] {logging_mixin.py:188} INFO - [2024-02-04T14:27:00.269+0000] {dagbag.py:538} INFO - Filling up the DagBag from /home/airflow/.local/lib/python3.8/site-packages/airflow/example_dags/example_python_decorator.py
[2024-02-04T14:27:00.284+0000] {processor.py:840} INFO - DAG(s) 'example_python_decorator' retrieved from /home/airflow/.local/lib/python3.8/site-packages/airflow/example_dags/example_python_decorator.py
[2024-02-04T14:27:00.313+0000] {logging_mixin.py:188} INFO - [2024-02-04T14:27:00.313+0000] {dag.py:3036} INFO - Sync 1 DAGs
[2024-02-04T14:27:00.328+0000] {logging_mixin.py:188} INFO - [2024-02-04T14:27:00.328+0000] {dag.py:3823} INFO - Setting next_dagrun for example_python_decorator to None, run_after=None
[2024-02-04T14:27:00.355+0000] {processor.py:183} INFO - Processing /home/airflow/.local/lib/python3.8/site-packages/airflow/example_dags/example_python_decorator.py took 0.092 seconds
[2024-02-04T14:27:30.383+0000] {processor.py:161} INFO - Started process (PID=545) to work on /home/airflow/.local/lib/python3.8/site-packages/airflow/example_dags/example_python_decorator.py
[2024-02-04T14:27:30.384+0000] {processor.py:830} INFO - Processing file /home/airflow/.local/lib/python3.8/site-packages/airflow/example_dags/example_python_decorator.py for tasks to queue
[2024-02-04T14:27:30.385+0000] {logging_mixin.py:188} INFO - [2024-02-04T14:27:30.385+0000] {dagbag.py:538} INFO - Filling up the DagBag from /home/airflow/.local/lib/python3.8/site-packages/airflow/example_dags/example_python_decorator.py
[2024-02-04T14:27:30.396+0000] {processor.py:840} INFO - DAG(s) 'example_python_decorator' retrieved from /home/airflow/.local/lib/python3.8/site-packages/airflow/example_dags/example_python_decorator.py
[2024-02-04T14:27:30.413+0000] {logging_mixin.py:188} INFO - [2024-02-04T14:27:30.413+0000] {dag.py:3036} INFO - Sync 1 DAGs
[2024-02-04T14:27:30.423+0000] {logging_mixin.py:188} INFO - [2024-02-04T14:27:30.422+0000] {dag.py:3823} INFO - Setting next_dagrun for example_python_decorator to None, run_after=None
[2024-02-04T14:27:30.443+0000] {processor.py:183} INFO - Processing /home/airflow/.local/lib/python3.8/site-packages/airflow/example_dags/example_python_decorator.py took 0.062 seconds
[2024-02-04T14:28:00.728+0000] {processor.py:161} INFO - Started process (PID=599) to work on /home/airflow/.local/lib/python3.8/site-packages/airflow/example_dags/example_python_decorator.py
[2024-02-04T14:28:00.729+0000] {processor.py:830} INFO - Processing file /home/airflow/.local/lib/python3.8/site-packages/airflow/example_dags/example_python_decorator.py for tasks to queue
[2024-02-04T14:28:00.731+0000] {logging_mixin.py:188} INFO - [2024-02-04T14:28:00.731+0000] {dagbag.py:538} INFO - Filling up the DagBag from /home/airflow/.local/lib/python3.8/site-packages/airflow/example_dags/example_python_decorator.py
[2024-02-04T14:28:00.747+0000] {processor.py:840} INFO - DAG(s) 'example_python_decorator' retrieved from /home/airflow/.local/lib/python3.8/site-packages/airflow/example_dags/example_python_decorator.py
[2024-02-04T14:28:00.773+0000] {logging_mixin.py:188} INFO - [2024-02-04T14:28:00.773+0000] {dag.py:3036} INFO - Sync 1 DAGs
[2024-02-04T14:28:00.788+0000] {logging_mixin.py:188} INFO - [2024-02-04T14:28:00.787+0000] {dag.py:3823} INFO - Setting next_dagrun for example_python_decorator to None, run_after=None
[2024-02-04T14:28:00.813+0000] {processor.py:183} INFO - Processing /home/airflow/.local/lib/python3.8/site-packages/airflow/example_dags/example_python_decorator.py took 0.088 seconds
