[2024-02-04T14:13:16.831+0000] {processor.py:161} INFO - Started process (PID=71) to work on /home/airflow/.local/lib/python3.8/site-packages/airflow/example_dags/example_subdag_operator.py
[2024-02-04T14:13:16.832+0000] {processor.py:830} INFO - Processing file /home/airflow/.local/lib/python3.8/site-packages/airflow/example_dags/example_subdag_operator.py for tasks to queue
[2024-02-04T14:13:16.835+0000] {logging_mixin.py:188} INFO - [2024-02-04T14:13:16.835+0000] {dagbag.py:538} INFO - Filling up the DagBag from /home/airflow/.local/lib/python3.8/site-packages/airflow/example_dags/example_subdag_operator.py
[2024-02-04T14:13:16.892+0000] {processor.py:840} INFO - DAG(s) 'example_subdag_operator.section-1', 'example_subdag_operator.section-2', 'example_subdag_operator' retrieved from /home/airflow/.local/lib/python3.8/site-packages/airflow/example_dags/example_subdag_operator.py
[2024-02-04T14:13:17.104+0000] {logging_mixin.py:188} INFO - [2024-02-04T14:13:17.104+0000] {dag.py:3036} INFO - Sync 3 DAGs
[2024-02-04T14:13:17.134+0000] {logging_mixin.py:188} INFO - [2024-02-04T14:13:17.134+0000] {dag.py:3823} INFO - Setting next_dagrun for example_subdag_operator to 2022-01-01 00:00:00+00:00, run_after=2022-01-01 00:00:00+00:00
[2024-02-04T14:13:17.138+0000] {logging_mixin.py:188} INFO - [2024-02-04T14:13:17.138+0000] {dag.py:3823} INFO - Setting next_dagrun for example_subdag_operator.section-1 to None, run_after=None
[2024-02-04T14:13:17.140+0000] {logging_mixin.py:188} INFO - [2024-02-04T14:13:17.139+0000] {dag.py:3823} INFO - Setting next_dagrun for example_subdag_operator.section-2 to None, run_after=None
[2024-02-04T14:13:17.149+0000] {logging_mixin.py:188} INFO - [2024-02-04T14:13:17.149+0000] {dag.py:3036} INFO - Sync 2 DAGs
[2024-02-04T14:13:17.155+0000] {logging_mixin.py:188} INFO - [2024-02-04T14:13:17.155+0000] {dag.py:3823} INFO - Setting next_dagrun for example_subdag_operator.section-1 to None, run_after=None
[2024-02-04T14:13:17.155+0000] {logging_mixin.py:188} INFO - [2024-02-04T14:13:17.155+0000] {dag.py:3823} INFO - Setting next_dagrun for example_subdag_operator.section-2 to None, run_after=None
[2024-02-04T14:13:17.175+0000] {processor.py:183} INFO - Processing /home/airflow/.local/lib/python3.8/site-packages/airflow/example_dags/example_subdag_operator.py took 0.353 seconds
[2024-02-04T14:13:47.508+0000] {processor.py:161} INFO - Started process (PID=127) to work on /home/airflow/.local/lib/python3.8/site-packages/airflow/example_dags/example_subdag_operator.py
[2024-02-04T14:13:47.509+0000] {processor.py:830} INFO - Processing file /home/airflow/.local/lib/python3.8/site-packages/airflow/example_dags/example_subdag_operator.py for tasks to queue
[2024-02-04T14:13:47.511+0000] {logging_mixin.py:188} INFO - [2024-02-04T14:13:47.511+0000] {dagbag.py:538} INFO - Filling up the DagBag from /home/airflow/.local/lib/python3.8/site-packages/airflow/example_dags/example_subdag_operator.py
[2024-02-04T14:13:47.538+0000] {processor.py:840} INFO - DAG(s) 'example_subdag_operator.section-1', 'example_subdag_operator.section-2', 'example_subdag_operator' retrieved from /home/airflow/.local/lib/python3.8/site-packages/airflow/example_dags/example_subdag_operator.py
[2024-02-04T14:13:47.557+0000] {logging_mixin.py:188} INFO - [2024-02-04T14:13:47.556+0000] {dag.py:3036} INFO - Sync 3 DAGs
[2024-02-04T14:13:47.582+0000] {logging_mixin.py:188} INFO - [2024-02-04T14:13:47.581+0000] {dag.py:3823} INFO - Setting next_dagrun for example_subdag_operator to 2022-01-01 00:00:00+00:00, run_after=2022-01-01 00:00:00+00:00
[2024-02-04T14:13:47.586+0000] {logging_mixin.py:188} INFO - [2024-02-04T14:13:47.585+0000] {dag.py:3823} INFO - Setting next_dagrun for example_subdag_operator.section-1 to None, run_after=None
[2024-02-04T14:13:47.587+0000] {logging_mixin.py:188} INFO - [2024-02-04T14:13:47.587+0000] {dag.py:3823} INFO - Setting next_dagrun for example_subdag_operator.section-2 to None, run_after=None
[2024-02-04T14:13:47.595+0000] {logging_mixin.py:188} INFO - [2024-02-04T14:13:47.594+0000] {dag.py:3036} INFO - Sync 2 DAGs
[2024-02-04T14:13:47.600+0000] {logging_mixin.py:188} INFO - [2024-02-04T14:13:47.600+0000] {dag.py:3823} INFO - Setting next_dagrun for example_subdag_operator.section-1 to None, run_after=None
[2024-02-04T14:13:47.601+0000] {logging_mixin.py:188} INFO - [2024-02-04T14:13:47.601+0000] {dag.py:3823} INFO - Setting next_dagrun for example_subdag_operator.section-2 to None, run_after=None
[2024-02-04T14:13:47.617+0000] {processor.py:183} INFO - Processing /home/airflow/.local/lib/python3.8/site-packages/airflow/example_dags/example_subdag_operator.py took 0.112 seconds
[2024-02-04T14:14:18.195+0000] {processor.py:161} INFO - Started process (PID=182) to work on /home/airflow/.local/lib/python3.8/site-packages/airflow/example_dags/example_subdag_operator.py
[2024-02-04T14:14:18.196+0000] {processor.py:830} INFO - Processing file /home/airflow/.local/lib/python3.8/site-packages/airflow/example_dags/example_subdag_operator.py for tasks to queue
[2024-02-04T14:14:18.198+0000] {logging_mixin.py:188} INFO - [2024-02-04T14:14:18.197+0000] {dagbag.py:538} INFO - Filling up the DagBag from /home/airflow/.local/lib/python3.8/site-packages/airflow/example_dags/example_subdag_operator.py
[2024-02-04T14:14:18.224+0000] {processor.py:840} INFO - DAG(s) 'example_subdag_operator.section-1', 'example_subdag_operator.section-2', 'example_subdag_operator' retrieved from /home/airflow/.local/lib/python3.8/site-packages/airflow/example_dags/example_subdag_operator.py
[2024-02-04T14:14:18.242+0000] {logging_mixin.py:188} INFO - [2024-02-04T14:14:18.241+0000] {dag.py:3036} INFO - Sync 3 DAGs
[2024-02-04T14:14:18.266+0000] {logging_mixin.py:188} INFO - [2024-02-04T14:14:18.266+0000] {dag.py:3823} INFO - Setting next_dagrun for example_subdag_operator to 2022-01-01 00:00:00+00:00, run_after=2022-01-01 00:00:00+00:00
[2024-02-04T14:14:18.270+0000] {logging_mixin.py:188} INFO - [2024-02-04T14:14:18.270+0000] {dag.py:3823} INFO - Setting next_dagrun for example_subdag_operator.section-1 to None, run_after=None
[2024-02-04T14:14:18.271+0000] {logging_mixin.py:188} INFO - [2024-02-04T14:14:18.271+0000] {dag.py:3823} INFO - Setting next_dagrun for example_subdag_operator.section-2 to None, run_after=None
[2024-02-04T14:14:18.278+0000] {logging_mixin.py:188} INFO - [2024-02-04T14:14:18.278+0000] {dag.py:3036} INFO - Sync 2 DAGs
[2024-02-04T14:14:18.284+0000] {logging_mixin.py:188} INFO - [2024-02-04T14:14:18.283+0000] {dag.py:3823} INFO - Setting next_dagrun for example_subdag_operator.section-1 to None, run_after=None
[2024-02-04T14:14:18.284+0000] {logging_mixin.py:188} INFO - [2024-02-04T14:14:18.284+0000] {dag.py:3823} INFO - Setting next_dagrun for example_subdag_operator.section-2 to None, run_after=None
[2024-02-04T14:14:18.305+0000] {processor.py:183} INFO - Processing /home/airflow/.local/lib/python3.8/site-packages/airflow/example_dags/example_subdag_operator.py took 0.113 seconds
[2024-02-04T14:14:48.754+0000] {processor.py:161} INFO - Started process (PID=238) to work on /home/airflow/.local/lib/python3.8/site-packages/airflow/example_dags/example_subdag_operator.py
[2024-02-04T14:14:48.755+0000] {processor.py:830} INFO - Processing file /home/airflow/.local/lib/python3.8/site-packages/airflow/example_dags/example_subdag_operator.py for tasks to queue
[2024-02-04T14:14:48.757+0000] {logging_mixin.py:188} INFO - [2024-02-04T14:14:48.757+0000] {dagbag.py:538} INFO - Filling up the DagBag from /home/airflow/.local/lib/python3.8/site-packages/airflow/example_dags/example_subdag_operator.py
[2024-02-04T14:14:48.786+0000] {processor.py:840} INFO - DAG(s) 'example_subdag_operator.section-1', 'example_subdag_operator.section-2', 'example_subdag_operator' retrieved from /home/airflow/.local/lib/python3.8/site-packages/airflow/example_dags/example_subdag_operator.py
[2024-02-04T14:14:48.809+0000] {logging_mixin.py:188} INFO - [2024-02-04T14:14:48.809+0000] {dag.py:3036} INFO - Sync 3 DAGs
[2024-02-04T14:14:48.861+0000] {logging_mixin.py:188} INFO - [2024-02-04T14:14:48.861+0000] {dag.py:3823} INFO - Setting next_dagrun for example_subdag_operator to 2022-01-01 00:00:00+00:00, run_after=2022-01-01 00:00:00+00:00
[2024-02-04T14:14:48.865+0000] {logging_mixin.py:188} INFO - [2024-02-04T14:14:48.865+0000] {dag.py:3823} INFO - Setting next_dagrun for example_subdag_operator.section-1 to None, run_after=None
[2024-02-04T14:14:48.867+0000] {logging_mixin.py:188} INFO - [2024-02-04T14:14:48.867+0000] {dag.py:3823} INFO - Setting next_dagrun for example_subdag_operator.section-2 to None, run_after=None
[2024-02-04T14:14:48.877+0000] {logging_mixin.py:188} INFO - [2024-02-04T14:14:48.877+0000] {dag.py:3036} INFO - Sync 2 DAGs
[2024-02-04T14:14:48.885+0000] {logging_mixin.py:188} INFO - [2024-02-04T14:14:48.885+0000] {dag.py:3823} INFO - Setting next_dagrun for example_subdag_operator.section-1 to None, run_after=None
[2024-02-04T14:14:48.886+0000] {logging_mixin.py:188} INFO - [2024-02-04T14:14:48.886+0000] {dag.py:3823} INFO - Setting next_dagrun for example_subdag_operator.section-2 to None, run_after=None
[2024-02-04T14:14:48.910+0000] {processor.py:183} INFO - Processing /home/airflow/.local/lib/python3.8/site-packages/airflow/example_dags/example_subdag_operator.py took 0.159 seconds
[2024-02-04T14:16:38.762+0000] {processor.py:161} INFO - Started process (PID=71) to work on /home/airflow/.local/lib/python3.8/site-packages/airflow/example_dags/example_subdag_operator.py
[2024-02-04T14:16:38.763+0000] {processor.py:830} INFO - Processing file /home/airflow/.local/lib/python3.8/site-packages/airflow/example_dags/example_subdag_operator.py for tasks to queue
[2024-02-04T14:16:38.765+0000] {logging_mixin.py:188} INFO - [2024-02-04T14:16:38.765+0000] {dagbag.py:538} INFO - Filling up the DagBag from /home/airflow/.local/lib/python3.8/site-packages/airflow/example_dags/example_subdag_operator.py
[2024-02-04T14:16:38.795+0000] {processor.py:840} INFO - DAG(s) 'example_subdag_operator.section-1', 'example_subdag_operator.section-2', 'example_subdag_operator' retrieved from /home/airflow/.local/lib/python3.8/site-packages/airflow/example_dags/example_subdag_operator.py
[2024-02-04T14:16:38.996+0000] {logging_mixin.py:188} INFO - [2024-02-04T14:16:38.995+0000] {dag.py:3036} INFO - Sync 3 DAGs
[2024-02-04T14:16:39.020+0000] {logging_mixin.py:188} INFO - [2024-02-04T14:16:39.020+0000] {dag.py:3823} INFO - Setting next_dagrun for example_subdag_operator to 2022-01-01 00:00:00+00:00, run_after=2022-01-01 00:00:00+00:00
[2024-02-04T14:16:39.023+0000] {logging_mixin.py:188} INFO - [2024-02-04T14:16:39.023+0000] {dag.py:3823} INFO - Setting next_dagrun for example_subdag_operator.section-1 to None, run_after=None
[2024-02-04T14:16:39.025+0000] {logging_mixin.py:188} INFO - [2024-02-04T14:16:39.025+0000] {dag.py:3823} INFO - Setting next_dagrun for example_subdag_operator.section-2 to None, run_after=None
[2024-02-04T14:16:39.035+0000] {logging_mixin.py:188} INFO - [2024-02-04T14:16:39.035+0000] {dag.py:3036} INFO - Sync 2 DAGs
[2024-02-04T14:16:39.041+0000] {logging_mixin.py:188} INFO - [2024-02-04T14:16:39.041+0000] {dag.py:3823} INFO - Setting next_dagrun for example_subdag_operator.section-1 to None, run_after=None
[2024-02-04T14:16:39.042+0000] {logging_mixin.py:188} INFO - [2024-02-04T14:16:39.042+0000] {dag.py:3823} INFO - Setting next_dagrun for example_subdag_operator.section-2 to None, run_after=None
[2024-02-04T14:16:39.059+0000] {processor.py:183} INFO - Processing /home/airflow/.local/lib/python3.8/site-packages/airflow/example_dags/example_subdag_operator.py took 0.301 seconds
[2024-02-04T14:17:09.736+0000] {processor.py:161} INFO - Started process (PID=127) to work on /home/airflow/.local/lib/python3.8/site-packages/airflow/example_dags/example_subdag_operator.py
[2024-02-04T14:17:09.737+0000] {processor.py:830} INFO - Processing file /home/airflow/.local/lib/python3.8/site-packages/airflow/example_dags/example_subdag_operator.py for tasks to queue
[2024-02-04T14:17:09.738+0000] {logging_mixin.py:188} INFO - [2024-02-04T14:17:09.738+0000] {dagbag.py:538} INFO - Filling up the DagBag from /home/airflow/.local/lib/python3.8/site-packages/airflow/example_dags/example_subdag_operator.py
[2024-02-04T14:17:09.779+0000] {processor.py:840} INFO - DAG(s) 'example_subdag_operator.section-1', 'example_subdag_operator.section-2', 'example_subdag_operator' retrieved from /home/airflow/.local/lib/python3.8/site-packages/airflow/example_dags/example_subdag_operator.py
[2024-02-04T14:17:09.797+0000] {logging_mixin.py:188} INFO - [2024-02-04T14:17:09.797+0000] {dag.py:3036} INFO - Sync 3 DAGs
[2024-02-04T14:17:09.826+0000] {logging_mixin.py:188} INFO - [2024-02-04T14:17:09.826+0000] {dag.py:3823} INFO - Setting next_dagrun for example_subdag_operator to 2022-01-01 00:00:00+00:00, run_after=2022-01-01 00:00:00+00:00
[2024-02-04T14:17:09.830+0000] {logging_mixin.py:188} INFO - [2024-02-04T14:17:09.830+0000] {dag.py:3823} INFO - Setting next_dagrun for example_subdag_operator.section-1 to None, run_after=None
[2024-02-04T14:17:09.832+0000] {logging_mixin.py:188} INFO - [2024-02-04T14:17:09.831+0000] {dag.py:3823} INFO - Setting next_dagrun for example_subdag_operator.section-2 to None, run_after=None
[2024-02-04T14:17:09.838+0000] {logging_mixin.py:188} INFO - [2024-02-04T14:17:09.838+0000] {dag.py:3036} INFO - Sync 2 DAGs
[2024-02-04T14:17:09.844+0000] {logging_mixin.py:188} INFO - [2024-02-04T14:17:09.844+0000] {dag.py:3823} INFO - Setting next_dagrun for example_subdag_operator.section-1 to None, run_after=None
[2024-02-04T14:17:09.844+0000] {logging_mixin.py:188} INFO - [2024-02-04T14:17:09.844+0000] {dag.py:3823} INFO - Setting next_dagrun for example_subdag_operator.section-2 to None, run_after=None
[2024-02-04T14:17:09.859+0000] {processor.py:183} INFO - Processing /home/airflow/.local/lib/python3.8/site-packages/airflow/example_dags/example_subdag_operator.py took 0.126 seconds
[2024-02-04T14:17:40.228+0000] {processor.py:161} INFO - Started process (PID=183) to work on /home/airflow/.local/lib/python3.8/site-packages/airflow/example_dags/example_subdag_operator.py
[2024-02-04T14:17:40.229+0000] {processor.py:830} INFO - Processing file /home/airflow/.local/lib/python3.8/site-packages/airflow/example_dags/example_subdag_operator.py for tasks to queue
[2024-02-04T14:17:40.231+0000] {logging_mixin.py:188} INFO - [2024-02-04T14:17:40.230+0000] {dagbag.py:538} INFO - Filling up the DagBag from /home/airflow/.local/lib/python3.8/site-packages/airflow/example_dags/example_subdag_operator.py
[2024-02-04T14:17:40.255+0000] {processor.py:840} INFO - DAG(s) 'example_subdag_operator.section-1', 'example_subdag_operator.section-2', 'example_subdag_operator' retrieved from /home/airflow/.local/lib/python3.8/site-packages/airflow/example_dags/example_subdag_operator.py
[2024-02-04T14:17:40.272+0000] {logging_mixin.py:188} INFO - [2024-02-04T14:17:40.272+0000] {dag.py:3036} INFO - Sync 3 DAGs
[2024-02-04T14:17:40.297+0000] {logging_mixin.py:188} INFO - [2024-02-04T14:17:40.297+0000] {dag.py:3823} INFO - Setting next_dagrun for example_subdag_operator to 2022-01-01 00:00:00+00:00, run_after=2022-01-01 00:00:00+00:00
[2024-02-04T14:17:40.302+0000] {logging_mixin.py:188} INFO - [2024-02-04T14:17:40.301+0000] {dag.py:3823} INFO - Setting next_dagrun for example_subdag_operator.section-1 to None, run_after=None
[2024-02-04T14:17:40.303+0000] {logging_mixin.py:188} INFO - [2024-02-04T14:17:40.303+0000] {dag.py:3823} INFO - Setting next_dagrun for example_subdag_operator.section-2 to None, run_after=None
[2024-02-04T14:17:40.310+0000] {logging_mixin.py:188} INFO - [2024-02-04T14:17:40.310+0000] {dag.py:3036} INFO - Sync 2 DAGs
[2024-02-04T14:17:40.317+0000] {logging_mixin.py:188} INFO - [2024-02-04T14:17:40.316+0000] {dag.py:3823} INFO - Setting next_dagrun for example_subdag_operator.section-1 to None, run_after=None
[2024-02-04T14:17:40.317+0000] {logging_mixin.py:188} INFO - [2024-02-04T14:17:40.317+0000] {dag.py:3823} INFO - Setting next_dagrun for example_subdag_operator.section-2 to None, run_after=None
[2024-02-04T14:17:40.336+0000] {processor.py:183} INFO - Processing /home/airflow/.local/lib/python3.8/site-packages/airflow/example_dags/example_subdag_operator.py took 0.112 seconds
[2024-02-04T14:18:10.969+0000] {processor.py:161} INFO - Started process (PID=238) to work on /home/airflow/.local/lib/python3.8/site-packages/airflow/example_dags/example_subdag_operator.py
[2024-02-04T14:18:10.970+0000] {processor.py:830} INFO - Processing file /home/airflow/.local/lib/python3.8/site-packages/airflow/example_dags/example_subdag_operator.py for tasks to queue
[2024-02-04T14:18:10.973+0000] {logging_mixin.py:188} INFO - [2024-02-04T14:18:10.972+0000] {dagbag.py:538} INFO - Filling up the DagBag from /home/airflow/.local/lib/python3.8/site-packages/airflow/example_dags/example_subdag_operator.py
[2024-02-04T14:18:10.997+0000] {processor.py:840} INFO - DAG(s) 'example_subdag_operator.section-1', 'example_subdag_operator.section-2', 'example_subdag_operator' retrieved from /home/airflow/.local/lib/python3.8/site-packages/airflow/example_dags/example_subdag_operator.py
[2024-02-04T14:18:11.016+0000] {logging_mixin.py:188} INFO - [2024-02-04T14:18:11.016+0000] {dag.py:3036} INFO - Sync 3 DAGs
[2024-02-04T14:18:11.042+0000] {logging_mixin.py:188} INFO - [2024-02-04T14:18:11.041+0000] {dag.py:3823} INFO - Setting next_dagrun for example_subdag_operator to 2022-01-01 00:00:00+00:00, run_after=2022-01-01 00:00:00+00:00
[2024-02-04T14:18:11.046+0000] {logging_mixin.py:188} INFO - [2024-02-04T14:18:11.046+0000] {dag.py:3823} INFO - Setting next_dagrun for example_subdag_operator.section-1 to None, run_after=None
[2024-02-04T14:18:11.047+0000] {logging_mixin.py:188} INFO - [2024-02-04T14:18:11.047+0000] {dag.py:3823} INFO - Setting next_dagrun for example_subdag_operator.section-2 to None, run_after=None
[2024-02-04T14:18:11.055+0000] {logging_mixin.py:188} INFO - [2024-02-04T14:18:11.055+0000] {dag.py:3036} INFO - Sync 2 DAGs
[2024-02-04T14:18:11.060+0000] {logging_mixin.py:188} INFO - [2024-02-04T14:18:11.060+0000] {dag.py:3823} INFO - Setting next_dagrun for example_subdag_operator.section-1 to None, run_after=None
[2024-02-04T14:18:11.061+0000] {logging_mixin.py:188} INFO - [2024-02-04T14:18:11.061+0000] {dag.py:3823} INFO - Setting next_dagrun for example_subdag_operator.section-2 to None, run_after=None
[2024-02-04T14:18:11.078+0000] {processor.py:183} INFO - Processing /home/airflow/.local/lib/python3.8/site-packages/airflow/example_dags/example_subdag_operator.py took 0.112 seconds
[2024-02-04T14:18:41.611+0000] {processor.py:161} INFO - Started process (PID=294) to work on /home/airflow/.local/lib/python3.8/site-packages/airflow/example_dags/example_subdag_operator.py
[2024-02-04T14:18:41.612+0000] {processor.py:830} INFO - Processing file /home/airflow/.local/lib/python3.8/site-packages/airflow/example_dags/example_subdag_operator.py for tasks to queue
[2024-02-04T14:18:41.614+0000] {logging_mixin.py:188} INFO - [2024-02-04T14:18:41.614+0000] {dagbag.py:538} INFO - Filling up the DagBag from /home/airflow/.local/lib/python3.8/site-packages/airflow/example_dags/example_subdag_operator.py
[2024-02-04T14:18:41.640+0000] {processor.py:840} INFO - DAG(s) 'example_subdag_operator.section-1', 'example_subdag_operator.section-2', 'example_subdag_operator' retrieved from /home/airflow/.local/lib/python3.8/site-packages/airflow/example_dags/example_subdag_operator.py
[2024-02-04T14:18:41.658+0000] {logging_mixin.py:188} INFO - [2024-02-04T14:18:41.658+0000] {dag.py:3036} INFO - Sync 3 DAGs
[2024-02-04T14:18:41.695+0000] {logging_mixin.py:188} INFO - [2024-02-04T14:18:41.694+0000] {dag.py:3823} INFO - Setting next_dagrun for example_subdag_operator to 2022-01-01 00:00:00+00:00, run_after=2022-01-01 00:00:00+00:00
[2024-02-04T14:18:41.705+0000] {logging_mixin.py:188} INFO - [2024-02-04T14:18:41.705+0000] {dag.py:3823} INFO - Setting next_dagrun for example_subdag_operator.section-1 to None, run_after=None
[2024-02-04T14:18:41.707+0000] {logging_mixin.py:188} INFO - [2024-02-04T14:18:41.707+0000] {dag.py:3823} INFO - Setting next_dagrun for example_subdag_operator.section-2 to None, run_after=None
[2024-02-04T14:18:41.715+0000] {logging_mixin.py:188} INFO - [2024-02-04T14:18:41.715+0000] {dag.py:3036} INFO - Sync 2 DAGs
[2024-02-04T14:18:41.721+0000] {logging_mixin.py:188} INFO - [2024-02-04T14:18:41.721+0000] {dag.py:3823} INFO - Setting next_dagrun for example_subdag_operator.section-1 to None, run_after=None
[2024-02-04T14:18:41.721+0000] {logging_mixin.py:188} INFO - [2024-02-04T14:18:41.721+0000] {dag.py:3823} INFO - Setting next_dagrun for example_subdag_operator.section-2 to None, run_after=None
[2024-02-04T14:18:41.739+0000] {processor.py:183} INFO - Processing /home/airflow/.local/lib/python3.8/site-packages/airflow/example_dags/example_subdag_operator.py took 0.131 seconds
[2024-02-04T14:19:12.124+0000] {processor.py:161} INFO - Started process (PID=350) to work on /home/airflow/.local/lib/python3.8/site-packages/airflow/example_dags/example_subdag_operator.py
[2024-02-04T14:19:12.125+0000] {processor.py:830} INFO - Processing file /home/airflow/.local/lib/python3.8/site-packages/airflow/example_dags/example_subdag_operator.py for tasks to queue
[2024-02-04T14:19:12.127+0000] {logging_mixin.py:188} INFO - [2024-02-04T14:19:12.127+0000] {dagbag.py:538} INFO - Filling up the DagBag from /home/airflow/.local/lib/python3.8/site-packages/airflow/example_dags/example_subdag_operator.py
[2024-02-04T14:19:12.152+0000] {processor.py:840} INFO - DAG(s) 'example_subdag_operator.section-1', 'example_subdag_operator.section-2', 'example_subdag_operator' retrieved from /home/airflow/.local/lib/python3.8/site-packages/airflow/example_dags/example_subdag_operator.py
[2024-02-04T14:19:12.171+0000] {logging_mixin.py:188} INFO - [2024-02-04T14:19:12.170+0000] {dag.py:3036} INFO - Sync 3 DAGs
[2024-02-04T14:19:12.198+0000] {logging_mixin.py:188} INFO - [2024-02-04T14:19:12.198+0000] {dag.py:3823} INFO - Setting next_dagrun for example_subdag_operator to 2022-01-01 00:00:00+00:00, run_after=2022-01-01 00:00:00+00:00
[2024-02-04T14:19:12.202+0000] {logging_mixin.py:188} INFO - [2024-02-04T14:19:12.202+0000] {dag.py:3823} INFO - Setting next_dagrun for example_subdag_operator.section-1 to None, run_after=None
[2024-02-04T14:19:12.203+0000] {logging_mixin.py:188} INFO - [2024-02-04T14:19:12.203+0000] {dag.py:3823} INFO - Setting next_dagrun for example_subdag_operator.section-2 to None, run_after=None
[2024-02-04T14:19:12.211+0000] {logging_mixin.py:188} INFO - [2024-02-04T14:19:12.211+0000] {dag.py:3036} INFO - Sync 2 DAGs
[2024-02-04T14:19:12.217+0000] {logging_mixin.py:188} INFO - [2024-02-04T14:19:12.216+0000] {dag.py:3823} INFO - Setting next_dagrun for example_subdag_operator.section-1 to None, run_after=None
[2024-02-04T14:19:12.217+0000] {logging_mixin.py:188} INFO - [2024-02-04T14:19:12.217+0000] {dag.py:3823} INFO - Setting next_dagrun for example_subdag_operator.section-2 to None, run_after=None
[2024-02-04T14:19:12.234+0000] {processor.py:183} INFO - Processing /home/airflow/.local/lib/python3.8/site-packages/airflow/example_dags/example_subdag_operator.py took 0.112 seconds
[2024-02-04T14:23:03.872+0000] {processor.py:161} INFO - Started process (PID=72) to work on /home/airflow/.local/lib/python3.8/site-packages/airflow/example_dags/example_subdag_operator.py
[2024-02-04T14:23:03.880+0000] {processor.py:830} INFO - Processing file /home/airflow/.local/lib/python3.8/site-packages/airflow/example_dags/example_subdag_operator.py for tasks to queue
[2024-02-04T14:23:03.882+0000] {logging_mixin.py:188} INFO - [2024-02-04T14:23:03.882+0000] {dagbag.py:538} INFO - Filling up the DagBag from /home/airflow/.local/lib/python3.8/site-packages/airflow/example_dags/example_subdag_operator.py
[2024-02-04T14:23:03.941+0000] {processor.py:840} INFO - DAG(s) 'example_subdag_operator.section-1', 'example_subdag_operator.section-2', 'example_subdag_operator' retrieved from /home/airflow/.local/lib/python3.8/site-packages/airflow/example_dags/example_subdag_operator.py
[2024-02-04T14:23:04.191+0000] {logging_mixin.py:188} INFO - [2024-02-04T14:23:04.190+0000] {dag.py:3036} INFO - Sync 3 DAGs
[2024-02-04T14:23:04.252+0000] {logging_mixin.py:188} INFO - [2024-02-04T14:23:04.251+0000] {dag.py:3823} INFO - Setting next_dagrun for example_subdag_operator to 2022-01-01 00:00:00+00:00, run_after=2022-01-01 00:00:00+00:00
[2024-02-04T14:23:04.261+0000] {logging_mixin.py:188} INFO - [2024-02-04T14:23:04.261+0000] {dag.py:3823} INFO - Setting next_dagrun for example_subdag_operator.section-1 to None, run_after=None
[2024-02-04T14:23:04.266+0000] {logging_mixin.py:188} INFO - [2024-02-04T14:23:04.266+0000] {dag.py:3823} INFO - Setting next_dagrun for example_subdag_operator.section-2 to None, run_after=None
[2024-02-04T14:23:04.282+0000] {logging_mixin.py:188} INFO - [2024-02-04T14:23:04.280+0000] {dag.py:3036} INFO - Sync 2 DAGs
[2024-02-04T14:23:04.294+0000] {logging_mixin.py:188} INFO - [2024-02-04T14:23:04.294+0000] {dag.py:3823} INFO - Setting next_dagrun for example_subdag_operator.section-1 to None, run_after=None
[2024-02-04T14:23:04.295+0000] {logging_mixin.py:188} INFO - [2024-02-04T14:23:04.295+0000] {dag.py:3823} INFO - Setting next_dagrun for example_subdag_operator.section-2 to None, run_after=None
[2024-02-04T14:23:04.335+0000] {processor.py:183} INFO - Processing /home/airflow/.local/lib/python3.8/site-packages/airflow/example_dags/example_subdag_operator.py took 0.480 seconds
[2024-02-04T14:23:35.170+0000] {processor.py:161} INFO - Started process (PID=127) to work on /home/airflow/.local/lib/python3.8/site-packages/airflow/example_dags/example_subdag_operator.py
[2024-02-04T14:23:35.171+0000] {processor.py:830} INFO - Processing file /home/airflow/.local/lib/python3.8/site-packages/airflow/example_dags/example_subdag_operator.py for tasks to queue
[2024-02-04T14:23:35.173+0000] {logging_mixin.py:188} INFO - [2024-02-04T14:23:35.173+0000] {dagbag.py:538} INFO - Filling up the DagBag from /home/airflow/.local/lib/python3.8/site-packages/airflow/example_dags/example_subdag_operator.py
[2024-02-04T14:23:35.201+0000] {processor.py:840} INFO - DAG(s) 'example_subdag_operator.section-1', 'example_subdag_operator.section-2', 'example_subdag_operator' retrieved from /home/airflow/.local/lib/python3.8/site-packages/airflow/example_dags/example_subdag_operator.py
[2024-02-04T14:23:35.220+0000] {logging_mixin.py:188} INFO - [2024-02-04T14:23:35.220+0000] {dag.py:3036} INFO - Sync 3 DAGs
[2024-02-04T14:23:35.245+0000] {logging_mixin.py:188} INFO - [2024-02-04T14:23:35.244+0000] {dag.py:3823} INFO - Setting next_dagrun for example_subdag_operator to 2022-01-01 00:00:00+00:00, run_after=2022-01-01 00:00:00+00:00
[2024-02-04T14:23:35.250+0000] {logging_mixin.py:188} INFO - [2024-02-04T14:23:35.249+0000] {dag.py:3823} INFO - Setting next_dagrun for example_subdag_operator.section-1 to None, run_after=None
[2024-02-04T14:23:35.251+0000] {logging_mixin.py:188} INFO - [2024-02-04T14:23:35.251+0000] {dag.py:3823} INFO - Setting next_dagrun for example_subdag_operator.section-2 to None, run_after=None
[2024-02-04T14:23:35.257+0000] {logging_mixin.py:188} INFO - [2024-02-04T14:23:35.257+0000] {dag.py:3036} INFO - Sync 2 DAGs
[2024-02-04T14:23:35.264+0000] {logging_mixin.py:188} INFO - [2024-02-04T14:23:35.263+0000] {dag.py:3823} INFO - Setting next_dagrun for example_subdag_operator.section-1 to None, run_after=None
[2024-02-04T14:23:35.264+0000] {logging_mixin.py:188} INFO - [2024-02-04T14:23:35.264+0000] {dag.py:3823} INFO - Setting next_dagrun for example_subdag_operator.section-2 to None, run_after=None
[2024-02-04T14:23:35.281+0000] {processor.py:183} INFO - Processing /home/airflow/.local/lib/python3.8/site-packages/airflow/example_dags/example_subdag_operator.py took 0.114 seconds
[2024-02-04T14:24:05.750+0000] {processor.py:161} INFO - Started process (PID=183) to work on /home/airflow/.local/lib/python3.8/site-packages/airflow/example_dags/example_subdag_operator.py
[2024-02-04T14:24:05.750+0000] {processor.py:830} INFO - Processing file /home/airflow/.local/lib/python3.8/site-packages/airflow/example_dags/example_subdag_operator.py for tasks to queue
[2024-02-04T14:24:05.752+0000] {logging_mixin.py:188} INFO - [2024-02-04T14:24:05.752+0000] {dagbag.py:538} INFO - Filling up the DagBag from /home/airflow/.local/lib/python3.8/site-packages/airflow/example_dags/example_subdag_operator.py
[2024-02-04T14:24:05.785+0000] {processor.py:840} INFO - DAG(s) 'example_subdag_operator.section-1', 'example_subdag_operator.section-2', 'example_subdag_operator' retrieved from /home/airflow/.local/lib/python3.8/site-packages/airflow/example_dags/example_subdag_operator.py
[2024-02-04T14:24:05.803+0000] {logging_mixin.py:188} INFO - [2024-02-04T14:24:05.802+0000] {dag.py:3036} INFO - Sync 3 DAGs
[2024-02-04T14:24:05.827+0000] {logging_mixin.py:188} INFO - [2024-02-04T14:24:05.826+0000] {dag.py:3823} INFO - Setting next_dagrun for example_subdag_operator to 2022-01-01 00:00:00+00:00, run_after=2022-01-01 00:00:00+00:00
[2024-02-04T14:24:05.830+0000] {logging_mixin.py:188} INFO - [2024-02-04T14:24:05.830+0000] {dag.py:3823} INFO - Setting next_dagrun for example_subdag_operator.section-1 to None, run_after=None
[2024-02-04T14:24:05.831+0000] {logging_mixin.py:188} INFO - [2024-02-04T14:24:05.831+0000] {dag.py:3823} INFO - Setting next_dagrun for example_subdag_operator.section-2 to None, run_after=None
[2024-02-04T14:24:05.837+0000] {logging_mixin.py:188} INFO - [2024-02-04T14:24:05.836+0000] {dag.py:3036} INFO - Sync 2 DAGs
[2024-02-04T14:24:05.842+0000] {logging_mixin.py:188} INFO - [2024-02-04T14:24:05.842+0000] {dag.py:3823} INFO - Setting next_dagrun for example_subdag_operator.section-1 to None, run_after=None
[2024-02-04T14:24:05.842+0000] {logging_mixin.py:188} INFO - [2024-02-04T14:24:05.842+0000] {dag.py:3823} INFO - Setting next_dagrun for example_subdag_operator.section-2 to None, run_after=None
[2024-02-04T14:24:05.858+0000] {processor.py:183} INFO - Processing /home/airflow/.local/lib/python3.8/site-packages/airflow/example_dags/example_subdag_operator.py took 0.112 seconds
[2024-02-04T14:24:36.417+0000] {processor.py:161} INFO - Started process (PID=238) to work on /home/airflow/.local/lib/python3.8/site-packages/airflow/example_dags/example_subdag_operator.py
[2024-02-04T14:24:36.418+0000] {processor.py:830} INFO - Processing file /home/airflow/.local/lib/python3.8/site-packages/airflow/example_dags/example_subdag_operator.py for tasks to queue
[2024-02-04T14:24:36.420+0000] {logging_mixin.py:188} INFO - [2024-02-04T14:24:36.419+0000] {dagbag.py:538} INFO - Filling up the DagBag from /home/airflow/.local/lib/python3.8/site-packages/airflow/example_dags/example_subdag_operator.py
[2024-02-04T14:24:36.447+0000] {processor.py:840} INFO - DAG(s) 'example_subdag_operator.section-1', 'example_subdag_operator.section-2', 'example_subdag_operator' retrieved from /home/airflow/.local/lib/python3.8/site-packages/airflow/example_dags/example_subdag_operator.py
[2024-02-04T14:24:36.467+0000] {logging_mixin.py:188} INFO - [2024-02-04T14:24:36.467+0000] {dag.py:3036} INFO - Sync 3 DAGs
[2024-02-04T14:24:36.492+0000] {logging_mixin.py:188} INFO - [2024-02-04T14:24:36.492+0000] {dag.py:3823} INFO - Setting next_dagrun for example_subdag_operator to 2022-01-01 00:00:00+00:00, run_after=2022-01-01 00:00:00+00:00
[2024-02-04T14:24:36.497+0000] {logging_mixin.py:188} INFO - [2024-02-04T14:24:36.497+0000] {dag.py:3823} INFO - Setting next_dagrun for example_subdag_operator.section-1 to None, run_after=None
[2024-02-04T14:24:36.499+0000] {logging_mixin.py:188} INFO - [2024-02-04T14:24:36.498+0000] {dag.py:3823} INFO - Setting next_dagrun for example_subdag_operator.section-2 to None, run_after=None
[2024-02-04T14:24:36.506+0000] {logging_mixin.py:188} INFO - [2024-02-04T14:24:36.506+0000] {dag.py:3036} INFO - Sync 2 DAGs
[2024-02-04T14:24:36.510+0000] {logging_mixin.py:188} INFO - [2024-02-04T14:24:36.510+0000] {dag.py:3823} INFO - Setting next_dagrun for example_subdag_operator.section-1 to None, run_after=None
[2024-02-04T14:24:36.510+0000] {logging_mixin.py:188} INFO - [2024-02-04T14:24:36.510+0000] {dag.py:3823} INFO - Setting next_dagrun for example_subdag_operator.section-2 to None, run_after=None
[2024-02-04T14:24:36.528+0000] {processor.py:183} INFO - Processing /home/airflow/.local/lib/python3.8/site-packages/airflow/example_dags/example_subdag_operator.py took 0.114 seconds
[2024-02-04T14:25:07.360+0000] {processor.py:161} INFO - Started process (PID=293) to work on /home/airflow/.local/lib/python3.8/site-packages/airflow/example_dags/example_subdag_operator.py
[2024-02-04T14:25:07.361+0000] {processor.py:830} INFO - Processing file /home/airflow/.local/lib/python3.8/site-packages/airflow/example_dags/example_subdag_operator.py for tasks to queue
[2024-02-04T14:25:07.363+0000] {logging_mixin.py:188} INFO - [2024-02-04T14:25:07.362+0000] {dagbag.py:538} INFO - Filling up the DagBag from /home/airflow/.local/lib/python3.8/site-packages/airflow/example_dags/example_subdag_operator.py
[2024-02-04T14:25:07.394+0000] {processor.py:840} INFO - DAG(s) 'example_subdag_operator.section-1', 'example_subdag_operator.section-2', 'example_subdag_operator' retrieved from /home/airflow/.local/lib/python3.8/site-packages/airflow/example_dags/example_subdag_operator.py
[2024-02-04T14:25:07.411+0000] {logging_mixin.py:188} INFO - [2024-02-04T14:25:07.411+0000] {dag.py:3036} INFO - Sync 3 DAGs
[2024-02-04T14:25:07.436+0000] {logging_mixin.py:188} INFO - [2024-02-04T14:25:07.435+0000] {dag.py:3823} INFO - Setting next_dagrun for example_subdag_operator to 2022-01-01 00:00:00+00:00, run_after=2022-01-01 00:00:00+00:00
[2024-02-04T14:25:07.440+0000] {logging_mixin.py:188} INFO - [2024-02-04T14:25:07.440+0000] {dag.py:3823} INFO - Setting next_dagrun for example_subdag_operator.section-1 to None, run_after=None
[2024-02-04T14:25:07.441+0000] {logging_mixin.py:188} INFO - [2024-02-04T14:25:07.441+0000] {dag.py:3823} INFO - Setting next_dagrun for example_subdag_operator.section-2 to None, run_after=None
[2024-02-04T14:25:07.446+0000] {logging_mixin.py:188} INFO - [2024-02-04T14:25:07.446+0000] {dag.py:3036} INFO - Sync 2 DAGs
[2024-02-04T14:25:07.451+0000] {logging_mixin.py:188} INFO - [2024-02-04T14:25:07.451+0000] {dag.py:3823} INFO - Setting next_dagrun for example_subdag_operator.section-1 to None, run_after=None
[2024-02-04T14:25:07.452+0000] {logging_mixin.py:188} INFO - [2024-02-04T14:25:07.452+0000] {dag.py:3823} INFO - Setting next_dagrun for example_subdag_operator.section-2 to None, run_after=None
[2024-02-04T14:25:07.468+0000] {processor.py:183} INFO - Processing /home/airflow/.local/lib/python3.8/site-packages/airflow/example_dags/example_subdag_operator.py took 0.112 seconds
[2024-02-04T14:25:38.461+0000] {processor.py:161} INFO - Started process (PID=349) to work on /home/airflow/.local/lib/python3.8/site-packages/airflow/example_dags/example_subdag_operator.py
[2024-02-04T14:25:38.462+0000] {processor.py:830} INFO - Processing file /home/airflow/.local/lib/python3.8/site-packages/airflow/example_dags/example_subdag_operator.py for tasks to queue
[2024-02-04T14:25:38.464+0000] {logging_mixin.py:188} INFO - [2024-02-04T14:25:38.464+0000] {dagbag.py:538} INFO - Filling up the DagBag from /home/airflow/.local/lib/python3.8/site-packages/airflow/example_dags/example_subdag_operator.py
[2024-02-04T14:25:38.491+0000] {processor.py:840} INFO - DAG(s) 'example_subdag_operator.section-1', 'example_subdag_operator.section-2', 'example_subdag_operator' retrieved from /home/airflow/.local/lib/python3.8/site-packages/airflow/example_dags/example_subdag_operator.py
[2024-02-04T14:25:38.510+0000] {logging_mixin.py:188} INFO - [2024-02-04T14:25:38.509+0000] {dag.py:3036} INFO - Sync 3 DAGs
[2024-02-04T14:25:38.536+0000] {logging_mixin.py:188} INFO - [2024-02-04T14:25:38.536+0000] {dag.py:3823} INFO - Setting next_dagrun for example_subdag_operator to 2022-01-01 00:00:00+00:00, run_after=2022-01-01 00:00:00+00:00
[2024-02-04T14:25:38.545+0000] {logging_mixin.py:188} INFO - [2024-02-04T14:25:38.544+0000] {dag.py:3823} INFO - Setting next_dagrun for example_subdag_operator.section-1 to None, run_after=None
[2024-02-04T14:25:38.546+0000] {logging_mixin.py:188} INFO - [2024-02-04T14:25:38.546+0000] {dag.py:3823} INFO - Setting next_dagrun for example_subdag_operator.section-2 to None, run_after=None
[2024-02-04T14:25:38.552+0000] {logging_mixin.py:188} INFO - [2024-02-04T14:25:38.552+0000] {dag.py:3036} INFO - Sync 2 DAGs
[2024-02-04T14:25:38.556+0000] {logging_mixin.py:188} INFO - [2024-02-04T14:25:38.556+0000] {dag.py:3823} INFO - Setting next_dagrun for example_subdag_operator.section-1 to None, run_after=None
[2024-02-04T14:25:38.557+0000] {logging_mixin.py:188} INFO - [2024-02-04T14:25:38.556+0000] {dag.py:3823} INFO - Setting next_dagrun for example_subdag_operator.section-2 to None, run_after=None
[2024-02-04T14:25:38.573+0000] {processor.py:183} INFO - Processing /home/airflow/.local/lib/python3.8/site-packages/airflow/example_dags/example_subdag_operator.py took 0.114 seconds
[2024-02-04T14:26:08.692+0000] {processor.py:161} INFO - Started process (PID=405) to work on /home/airflow/.local/lib/python3.8/site-packages/airflow/example_dags/example_subdag_operator.py
[2024-02-04T14:26:08.701+0000] {processor.py:830} INFO - Processing file /home/airflow/.local/lib/python3.8/site-packages/airflow/example_dags/example_subdag_operator.py for tasks to queue
[2024-02-04T14:26:08.703+0000] {logging_mixin.py:188} INFO - [2024-02-04T14:26:08.703+0000] {dagbag.py:538} INFO - Filling up the DagBag from /home/airflow/.local/lib/python3.8/site-packages/airflow/example_dags/example_subdag_operator.py
[2024-02-04T14:26:08.782+0000] {processor.py:840} INFO - DAG(s) 'example_subdag_operator.section-1', 'example_subdag_operator.section-2', 'example_subdag_operator' retrieved from /home/airflow/.local/lib/python3.8/site-packages/airflow/example_dags/example_subdag_operator.py
[2024-02-04T14:26:08.845+0000] {logging_mixin.py:188} INFO - [2024-02-04T14:26:08.845+0000] {dag.py:3036} INFO - Sync 3 DAGs
[2024-02-04T14:26:08.938+0000] {logging_mixin.py:188} INFO - [2024-02-04T14:26:08.938+0000] {dag.py:3823} INFO - Setting next_dagrun for example_subdag_operator to 2022-01-01 00:00:00+00:00, run_after=2022-01-01 00:00:00+00:00
[2024-02-04T14:26:08.943+0000] {logging_mixin.py:188} INFO - [2024-02-04T14:26:08.943+0000] {dag.py:3823} INFO - Setting next_dagrun for example_subdag_operator.section-1 to None, run_after=None
[2024-02-04T14:26:08.953+0000] {logging_mixin.py:188} INFO - [2024-02-04T14:26:08.953+0000] {dag.py:3823} INFO - Setting next_dagrun for example_subdag_operator.section-2 to None, run_after=None
[2024-02-04T14:26:08.970+0000] {logging_mixin.py:188} INFO - [2024-02-04T14:26:08.969+0000] {dag.py:3036} INFO - Sync 2 DAGs
[2024-02-04T14:26:08.986+0000] {logging_mixin.py:188} INFO - [2024-02-04T14:26:08.986+0000] {dag.py:3823} INFO - Setting next_dagrun for example_subdag_operator.section-1 to None, run_after=None
[2024-02-04T14:26:08.987+0000] {logging_mixin.py:188} INFO - [2024-02-04T14:26:08.986+0000] {dag.py:3823} INFO - Setting next_dagrun for example_subdag_operator.section-2 to None, run_after=None
[2024-02-04T14:26:09.018+0000] {processor.py:183} INFO - Processing /home/airflow/.local/lib/python3.8/site-packages/airflow/example_dags/example_subdag_operator.py took 0.342 seconds
[2024-02-04T14:26:39.854+0000] {processor.py:161} INFO - Started process (PID=460) to work on /home/airflow/.local/lib/python3.8/site-packages/airflow/example_dags/example_subdag_operator.py
[2024-02-04T14:26:39.855+0000] {processor.py:830} INFO - Processing file /home/airflow/.local/lib/python3.8/site-packages/airflow/example_dags/example_subdag_operator.py for tasks to queue
[2024-02-04T14:26:39.857+0000] {logging_mixin.py:188} INFO - [2024-02-04T14:26:39.857+0000] {dagbag.py:538} INFO - Filling up the DagBag from /home/airflow/.local/lib/python3.8/site-packages/airflow/example_dags/example_subdag_operator.py
[2024-02-04T14:26:39.889+0000] {processor.py:840} INFO - DAG(s) 'example_subdag_operator.section-1', 'example_subdag_operator.section-2', 'example_subdag_operator' retrieved from /home/airflow/.local/lib/python3.8/site-packages/airflow/example_dags/example_subdag_operator.py
[2024-02-04T14:26:39.908+0000] {logging_mixin.py:188} INFO - [2024-02-04T14:26:39.908+0000] {dag.py:3036} INFO - Sync 3 DAGs
[2024-02-04T14:26:39.933+0000] {logging_mixin.py:188} INFO - [2024-02-04T14:26:39.932+0000] {dag.py:3823} INFO - Setting next_dagrun for example_subdag_operator to 2022-01-01 00:00:00+00:00, run_after=2022-01-01 00:00:00+00:00
[2024-02-04T14:26:39.936+0000] {logging_mixin.py:188} INFO - [2024-02-04T14:26:39.936+0000] {dag.py:3823} INFO - Setting next_dagrun for example_subdag_operator.section-1 to None, run_after=None
[2024-02-04T14:26:39.938+0000] {logging_mixin.py:188} INFO - [2024-02-04T14:26:39.937+0000] {dag.py:3823} INFO - Setting next_dagrun for example_subdag_operator.section-2 to None, run_after=None
[2024-02-04T14:26:39.945+0000] {logging_mixin.py:188} INFO - [2024-02-04T14:26:39.945+0000] {dag.py:3036} INFO - Sync 2 DAGs
[2024-02-04T14:26:39.949+0000] {logging_mixin.py:188} INFO - [2024-02-04T14:26:39.949+0000] {dag.py:3823} INFO - Setting next_dagrun for example_subdag_operator.section-1 to None, run_after=None
[2024-02-04T14:26:39.950+0000] {logging_mixin.py:188} INFO - [2024-02-04T14:26:39.950+0000] {dag.py:3823} INFO - Setting next_dagrun for example_subdag_operator.section-2 to None, run_after=None
[2024-02-04T14:26:39.968+0000] {processor.py:183} INFO - Processing /home/airflow/.local/lib/python3.8/site-packages/airflow/example_dags/example_subdag_operator.py took 0.117 seconds
[2024-02-04T14:27:10.806+0000] {processor.py:161} INFO - Started process (PID=515) to work on /home/airflow/.local/lib/python3.8/site-packages/airflow/example_dags/example_subdag_operator.py
[2024-02-04T14:27:10.806+0000] {processor.py:830} INFO - Processing file /home/airflow/.local/lib/python3.8/site-packages/airflow/example_dags/example_subdag_operator.py for tasks to queue
[2024-02-04T14:27:10.808+0000] {logging_mixin.py:188} INFO - [2024-02-04T14:27:10.808+0000] {dagbag.py:538} INFO - Filling up the DagBag from /home/airflow/.local/lib/python3.8/site-packages/airflow/example_dags/example_subdag_operator.py
[2024-02-04T14:27:10.835+0000] {processor.py:840} INFO - DAG(s) 'example_subdag_operator.section-1', 'example_subdag_operator.section-2', 'example_subdag_operator' retrieved from /home/airflow/.local/lib/python3.8/site-packages/airflow/example_dags/example_subdag_operator.py
[2024-02-04T14:27:10.854+0000] {logging_mixin.py:188} INFO - [2024-02-04T14:27:10.854+0000] {dag.py:3036} INFO - Sync 3 DAGs
[2024-02-04T14:27:10.879+0000] {logging_mixin.py:188} INFO - [2024-02-04T14:27:10.878+0000] {dag.py:3823} INFO - Setting next_dagrun for example_subdag_operator to 2022-01-01 00:00:00+00:00, run_after=2022-01-01 00:00:00+00:00
[2024-02-04T14:27:10.882+0000] {logging_mixin.py:188} INFO - [2024-02-04T14:27:10.882+0000] {dag.py:3823} INFO - Setting next_dagrun for example_subdag_operator.section-1 to None, run_after=None
[2024-02-04T14:27:10.884+0000] {logging_mixin.py:188} INFO - [2024-02-04T14:27:10.884+0000] {dag.py:3823} INFO - Setting next_dagrun for example_subdag_operator.section-2 to None, run_after=None
[2024-02-04T14:27:10.891+0000] {logging_mixin.py:188} INFO - [2024-02-04T14:27:10.891+0000] {dag.py:3036} INFO - Sync 2 DAGs
[2024-02-04T14:27:10.895+0000] {logging_mixin.py:188} INFO - [2024-02-04T14:27:10.895+0000] {dag.py:3823} INFO - Setting next_dagrun for example_subdag_operator.section-1 to None, run_after=None
[2024-02-04T14:27:10.895+0000] {logging_mixin.py:188} INFO - [2024-02-04T14:27:10.895+0000] {dag.py:3823} INFO - Setting next_dagrun for example_subdag_operator.section-2 to None, run_after=None
[2024-02-04T14:27:10.911+0000] {processor.py:183} INFO - Processing /home/airflow/.local/lib/python3.8/site-packages/airflow/example_dags/example_subdag_operator.py took 0.109 seconds
[2024-02-04T14:27:40.998+0000] {processor.py:161} INFO - Started process (PID=570) to work on /home/airflow/.local/lib/python3.8/site-packages/airflow/example_dags/example_subdag_operator.py
[2024-02-04T14:27:40.999+0000] {processor.py:830} INFO - Processing file /home/airflow/.local/lib/python3.8/site-packages/airflow/example_dags/example_subdag_operator.py for tasks to queue
[2024-02-04T14:27:41.000+0000] {logging_mixin.py:188} INFO - [2024-02-04T14:27:41.000+0000] {dagbag.py:538} INFO - Filling up the DagBag from /home/airflow/.local/lib/python3.8/site-packages/airflow/example_dags/example_subdag_operator.py
[2024-02-04T14:27:41.031+0000] {processor.py:840} INFO - DAG(s) 'example_subdag_operator.section-1', 'example_subdag_operator.section-2', 'example_subdag_operator' retrieved from /home/airflow/.local/lib/python3.8/site-packages/airflow/example_dags/example_subdag_operator.py
[2024-02-04T14:27:41.049+0000] {logging_mixin.py:188} INFO - [2024-02-04T14:27:41.049+0000] {dag.py:3036} INFO - Sync 3 DAGs
[2024-02-04T14:27:41.086+0000] {logging_mixin.py:188} INFO - [2024-02-04T14:27:41.086+0000] {dag.py:3823} INFO - Setting next_dagrun for example_subdag_operator to 2022-01-01 00:00:00+00:00, run_after=2022-01-01 00:00:00+00:00
[2024-02-04T14:27:41.090+0000] {logging_mixin.py:188} INFO - [2024-02-04T14:27:41.090+0000] {dag.py:3823} INFO - Setting next_dagrun for example_subdag_operator.section-1 to None, run_after=None
[2024-02-04T14:27:41.092+0000] {logging_mixin.py:188} INFO - [2024-02-04T14:27:41.091+0000] {dag.py:3823} INFO - Setting next_dagrun for example_subdag_operator.section-2 to None, run_after=None
[2024-02-04T14:27:41.098+0000] {logging_mixin.py:188} INFO - [2024-02-04T14:27:41.098+0000] {dag.py:3036} INFO - Sync 2 DAGs
[2024-02-04T14:27:41.103+0000] {logging_mixin.py:188} INFO - [2024-02-04T14:27:41.103+0000] {dag.py:3823} INFO - Setting next_dagrun for example_subdag_operator.section-1 to None, run_after=None
[2024-02-04T14:27:41.103+0000] {logging_mixin.py:188} INFO - [2024-02-04T14:27:41.103+0000] {dag.py:3823} INFO - Setting next_dagrun for example_subdag_operator.section-2 to None, run_after=None
[2024-02-04T14:27:41.130+0000] {processor.py:183} INFO - Processing /home/airflow/.local/lib/python3.8/site-packages/airflow/example_dags/example_subdag_operator.py took 0.136 seconds
