[2024-02-04T14:13:17.521+0000] {processor.py:161} INFO - Started process (PID=75) to work on /home/airflow/.local/lib/python3.8/site-packages/airflow/example_dags/example_bash_operator.py
[2024-02-04T14:13:17.522+0000] {processor.py:830} INFO - Processing file /home/airflow/.local/lib/python3.8/site-packages/airflow/example_dags/example_bash_operator.py for tasks to queue
[2024-02-04T14:13:17.524+0000] {logging_mixin.py:188} INFO - [2024-02-04T14:13:17.523+0000] {dagbag.py:538} INFO - Filling up the DagBag from /home/airflow/.local/lib/python3.8/site-packages/airflow/example_dags/example_bash_operator.py
[2024-02-04T14:13:17.539+0000] {processor.py:840} INFO - DAG(s) 'example_bash_operator' retrieved from /home/airflow/.local/lib/python3.8/site-packages/airflow/example_dags/example_bash_operator.py
[2024-02-04T14:13:17.896+0000] {logging_mixin.py:188} INFO - [2024-02-04T14:13:17.895+0000] {dag.py:3036} INFO - Sync 1 DAGs
[2024-02-04T14:13:17.977+0000] {logging_mixin.py:188} INFO - [2024-02-04T14:13:17.977+0000] {dag.py:3823} INFO - Setting next_dagrun for example_bash_operator to 2024-02-03 00:00:00+00:00, run_after=2024-02-04 00:00:00+00:00
[2024-02-04T14:13:18.053+0000] {processor.py:183} INFO - Processing /home/airflow/.local/lib/python3.8/site-packages/airflow/example_dags/example_bash_operator.py took 0.535 seconds
[2024-02-04T14:13:48.665+0000] {processor.py:161} INFO - Started process (PID=131) to work on /home/airflow/.local/lib/python3.8/site-packages/airflow/example_dags/example_bash_operator.py
[2024-02-04T14:13:48.666+0000] {processor.py:830} INFO - Processing file /home/airflow/.local/lib/python3.8/site-packages/airflow/example_dags/example_bash_operator.py for tasks to queue
[2024-02-04T14:13:48.669+0000] {logging_mixin.py:188} INFO - [2024-02-04T14:13:48.668+0000] {dagbag.py:538} INFO - Filling up the DagBag from /home/airflow/.local/lib/python3.8/site-packages/airflow/example_dags/example_bash_operator.py
[2024-02-04T14:13:48.685+0000] {processor.py:840} INFO - DAG(s) 'example_bash_operator' retrieved from /home/airflow/.local/lib/python3.8/site-packages/airflow/example_dags/example_bash_operator.py
[2024-02-04T14:13:48.723+0000] {logging_mixin.py:188} INFO - [2024-02-04T14:13:48.723+0000] {dag.py:3036} INFO - Sync 1 DAGs
[2024-02-04T14:13:48.748+0000] {logging_mixin.py:188} INFO - [2024-02-04T14:13:48.748+0000] {dag.py:3823} INFO - Setting next_dagrun for example_bash_operator to 2024-02-03 00:00:00+00:00, run_after=2024-02-04 00:00:00+00:00
[2024-02-04T14:13:48.770+0000] {processor.py:183} INFO - Processing /home/airflow/.local/lib/python3.8/site-packages/airflow/example_dags/example_bash_operator.py took 0.109 seconds
[2024-02-04T14:14:19.374+0000] {processor.py:161} INFO - Started process (PID=186) to work on /home/airflow/.local/lib/python3.8/site-packages/airflow/example_dags/example_bash_operator.py
[2024-02-04T14:14:19.375+0000] {processor.py:830} INFO - Processing file /home/airflow/.local/lib/python3.8/site-packages/airflow/example_dags/example_bash_operator.py for tasks to queue
[2024-02-04T14:14:19.377+0000] {logging_mixin.py:188} INFO - [2024-02-04T14:14:19.376+0000] {dagbag.py:538} INFO - Filling up the DagBag from /home/airflow/.local/lib/python3.8/site-packages/airflow/example_dags/example_bash_operator.py
[2024-02-04T14:14:19.391+0000] {processor.py:840} INFO - DAG(s) 'example_bash_operator' retrieved from /home/airflow/.local/lib/python3.8/site-packages/airflow/example_dags/example_bash_operator.py
[2024-02-04T14:14:19.431+0000] {logging_mixin.py:188} INFO - [2024-02-04T14:14:19.430+0000] {dag.py:3036} INFO - Sync 1 DAGs
[2024-02-04T14:14:19.455+0000] {logging_mixin.py:188} INFO - [2024-02-04T14:14:19.455+0000] {dag.py:3823} INFO - Setting next_dagrun for example_bash_operator to 2024-02-03 00:00:00+00:00, run_after=2024-02-04 00:00:00+00:00
[2024-02-04T14:14:19.480+0000] {processor.py:183} INFO - Processing /home/airflow/.local/lib/python3.8/site-packages/airflow/example_dags/example_bash_operator.py took 0.110 seconds
[2024-02-04T14:14:50.077+0000] {processor.py:161} INFO - Started process (PID=242) to work on /home/airflow/.local/lib/python3.8/site-packages/airflow/example_dags/example_bash_operator.py
[2024-02-04T14:14:50.102+0000] {processor.py:830} INFO - Processing file /home/airflow/.local/lib/python3.8/site-packages/airflow/example_dags/example_bash_operator.py for tasks to queue
[2024-02-04T14:14:50.104+0000] {logging_mixin.py:188} INFO - [2024-02-04T14:14:50.103+0000] {dagbag.py:538} INFO - Filling up the DagBag from /home/airflow/.local/lib/python3.8/site-packages/airflow/example_dags/example_bash_operator.py
[2024-02-04T14:14:50.143+0000] {processor.py:840} INFO - DAG(s) 'example_bash_operator' retrieved from /home/airflow/.local/lib/python3.8/site-packages/airflow/example_dags/example_bash_operator.py
[2024-02-04T14:14:52.219+0000] {logging_mixin.py:188} INFO - [2024-02-04T14:14:52.219+0000] {process_utils.py:262} INFO - Waiting up to 5 seconds for processes to exit...
[2024-02-04T14:16:39.582+0000] {processor.py:161} INFO - Started process (PID=75) to work on /home/airflow/.local/lib/python3.8/site-packages/airflow/example_dags/example_bash_operator.py
[2024-02-04T14:16:39.593+0000] {processor.py:830} INFO - Processing file /home/airflow/.local/lib/python3.8/site-packages/airflow/example_dags/example_bash_operator.py for tasks to queue
[2024-02-04T14:16:39.595+0000] {logging_mixin.py:188} INFO - [2024-02-04T14:16:39.595+0000] {dagbag.py:538} INFO - Filling up the DagBag from /home/airflow/.local/lib/python3.8/site-packages/airflow/example_dags/example_bash_operator.py
[2024-02-04T14:16:39.625+0000] {processor.py:840} INFO - DAG(s) 'example_bash_operator' retrieved from /home/airflow/.local/lib/python3.8/site-packages/airflow/example_dags/example_bash_operator.py
[2024-02-04T14:16:39.955+0000] {logging_mixin.py:188} INFO - [2024-02-04T14:16:39.955+0000] {dag.py:3036} INFO - Sync 1 DAGs
[2024-02-04T14:16:40.007+0000] {logging_mixin.py:188} INFO - [2024-02-04T14:16:40.007+0000] {dag.py:3823} INFO - Setting next_dagrun for example_bash_operator to 2024-02-03 00:00:00+00:00, run_after=2024-02-04 00:00:00+00:00
[2024-02-04T14:16:40.061+0000] {processor.py:183} INFO - Processing /home/airflow/.local/lib/python3.8/site-packages/airflow/example_dags/example_bash_operator.py took 0.494 seconds
[2024-02-04T14:17:10.135+0000] {processor.py:161} INFO - Started process (PID=132) to work on /home/airflow/.local/lib/python3.8/site-packages/airflow/example_dags/example_bash_operator.py
[2024-02-04T14:17:10.135+0000] {processor.py:830} INFO - Processing file /home/airflow/.local/lib/python3.8/site-packages/airflow/example_dags/example_bash_operator.py for tasks to queue
[2024-02-04T14:17:10.137+0000] {logging_mixin.py:188} INFO - [2024-02-04T14:17:10.137+0000] {dagbag.py:538} INFO - Filling up the DagBag from /home/airflow/.local/lib/python3.8/site-packages/airflow/example_dags/example_bash_operator.py
[2024-02-04T14:17:10.147+0000] {processor.py:840} INFO - DAG(s) 'example_bash_operator' retrieved from /home/airflow/.local/lib/python3.8/site-packages/airflow/example_dags/example_bash_operator.py
[2024-02-04T14:17:10.173+0000] {logging_mixin.py:188} INFO - [2024-02-04T14:17:10.173+0000] {dag.py:3036} INFO - Sync 1 DAGs
[2024-02-04T14:17:10.191+0000] {logging_mixin.py:188} INFO - [2024-02-04T14:17:10.191+0000] {dag.py:3823} INFO - Setting next_dagrun for example_bash_operator to 2024-02-03 00:00:00+00:00, run_after=2024-02-04 00:00:00+00:00
[2024-02-04T14:17:10.211+0000] {processor.py:183} INFO - Processing /home/airflow/.local/lib/python3.8/site-packages/airflow/example_dags/example_bash_operator.py took 0.079 seconds
[2024-02-04T14:17:40.469+0000] {processor.py:161} INFO - Started process (PID=187) to work on /home/airflow/.local/lib/python3.8/site-packages/airflow/example_dags/example_bash_operator.py
[2024-02-04T14:17:40.470+0000] {processor.py:830} INFO - Processing file /home/airflow/.local/lib/python3.8/site-packages/airflow/example_dags/example_bash_operator.py for tasks to queue
[2024-02-04T14:17:40.472+0000] {logging_mixin.py:188} INFO - [2024-02-04T14:17:40.471+0000] {dagbag.py:538} INFO - Filling up the DagBag from /home/airflow/.local/lib/python3.8/site-packages/airflow/example_dags/example_bash_operator.py
[2024-02-04T14:17:40.485+0000] {processor.py:840} INFO - DAG(s) 'example_bash_operator' retrieved from /home/airflow/.local/lib/python3.8/site-packages/airflow/example_dags/example_bash_operator.py
[2024-02-04T14:17:40.520+0000] {logging_mixin.py:188} INFO - [2024-02-04T14:17:40.520+0000] {dag.py:3036} INFO - Sync 1 DAGs
[2024-02-04T14:17:40.548+0000] {logging_mixin.py:188} INFO - [2024-02-04T14:17:40.548+0000] {dag.py:3823} INFO - Setting next_dagrun for example_bash_operator to 2024-02-03 00:00:00+00:00, run_after=2024-02-04 00:00:00+00:00
[2024-02-04T14:17:40.595+0000] {processor.py:183} INFO - Processing /home/airflow/.local/lib/python3.8/site-packages/airflow/example_dags/example_bash_operator.py took 0.130 seconds
[2024-02-04T14:18:11.208+0000] {processor.py:161} INFO - Started process (PID=242) to work on /home/airflow/.local/lib/python3.8/site-packages/airflow/example_dags/example_bash_operator.py
[2024-02-04T14:18:11.209+0000] {processor.py:830} INFO - Processing file /home/airflow/.local/lib/python3.8/site-packages/airflow/example_dags/example_bash_operator.py for tasks to queue
[2024-02-04T14:18:11.211+0000] {logging_mixin.py:188} INFO - [2024-02-04T14:18:11.211+0000] {dagbag.py:538} INFO - Filling up the DagBag from /home/airflow/.local/lib/python3.8/site-packages/airflow/example_dags/example_bash_operator.py
[2024-02-04T14:18:11.225+0000] {processor.py:840} INFO - DAG(s) 'example_bash_operator' retrieved from /home/airflow/.local/lib/python3.8/site-packages/airflow/example_dags/example_bash_operator.py
[2024-02-04T14:18:11.262+0000] {logging_mixin.py:188} INFO - [2024-02-04T14:18:11.261+0000] {dag.py:3036} INFO - Sync 1 DAGs
[2024-02-04T14:18:11.289+0000] {logging_mixin.py:188} INFO - [2024-02-04T14:18:11.288+0000] {dag.py:3823} INFO - Setting next_dagrun for example_bash_operator to 2024-02-03 00:00:00+00:00, run_after=2024-02-04 00:00:00+00:00
[2024-02-04T14:18:11.313+0000] {processor.py:183} INFO - Processing /home/airflow/.local/lib/python3.8/site-packages/airflow/example_dags/example_bash_operator.py took 0.108 seconds
[2024-02-04T14:18:41.868+0000] {processor.py:161} INFO - Started process (PID=298) to work on /home/airflow/.local/lib/python3.8/site-packages/airflow/example_dags/example_bash_operator.py
[2024-02-04T14:18:41.869+0000] {processor.py:830} INFO - Processing file /home/airflow/.local/lib/python3.8/site-packages/airflow/example_dags/example_bash_operator.py for tasks to queue
[2024-02-04T14:18:41.870+0000] {logging_mixin.py:188} INFO - [2024-02-04T14:18:41.870+0000] {dagbag.py:538} INFO - Filling up the DagBag from /home/airflow/.local/lib/python3.8/site-packages/airflow/example_dags/example_bash_operator.py
[2024-02-04T14:18:41.884+0000] {processor.py:840} INFO - DAG(s) 'example_bash_operator' retrieved from /home/airflow/.local/lib/python3.8/site-packages/airflow/example_dags/example_bash_operator.py
[2024-02-04T14:18:41.926+0000] {logging_mixin.py:188} INFO - [2024-02-04T14:18:41.926+0000] {dag.py:3036} INFO - Sync 1 DAGs
[2024-02-04T14:18:41.954+0000] {logging_mixin.py:188} INFO - [2024-02-04T14:18:41.954+0000] {dag.py:3823} INFO - Setting next_dagrun for example_bash_operator to 2024-02-03 00:00:00+00:00, run_after=2024-02-04 00:00:00+00:00
[2024-02-04T14:18:41.977+0000] {processor.py:183} INFO - Processing /home/airflow/.local/lib/python3.8/site-packages/airflow/example_dags/example_bash_operator.py took 0.113 seconds
[2024-02-04T14:19:12.368+0000] {processor.py:161} INFO - Started process (PID=354) to work on /home/airflow/.local/lib/python3.8/site-packages/airflow/example_dags/example_bash_operator.py
[2024-02-04T14:19:12.369+0000] {processor.py:830} INFO - Processing file /home/airflow/.local/lib/python3.8/site-packages/airflow/example_dags/example_bash_operator.py for tasks to queue
[2024-02-04T14:19:12.371+0000] {logging_mixin.py:188} INFO - [2024-02-04T14:19:12.371+0000] {dagbag.py:538} INFO - Filling up the DagBag from /home/airflow/.local/lib/python3.8/site-packages/airflow/example_dags/example_bash_operator.py
[2024-02-04T14:19:12.385+0000] {processor.py:840} INFO - DAG(s) 'example_bash_operator' retrieved from /home/airflow/.local/lib/python3.8/site-packages/airflow/example_dags/example_bash_operator.py
[2024-02-04T14:19:12.422+0000] {logging_mixin.py:188} INFO - [2024-02-04T14:19:12.421+0000] {dag.py:3036} INFO - Sync 1 DAGs
[2024-02-04T14:19:12.461+0000] {logging_mixin.py:188} INFO - [2024-02-04T14:19:12.461+0000] {dag.py:3823} INFO - Setting next_dagrun for example_bash_operator to 2024-02-03 00:00:00+00:00, run_after=2024-02-04 00:00:00+00:00
[2024-02-04T14:19:12.491+0000] {processor.py:183} INFO - Processing /home/airflow/.local/lib/python3.8/site-packages/airflow/example_dags/example_bash_operator.py took 0.126 seconds
[2024-02-04T14:23:04.788+0000] {processor.py:161} INFO - Started process (PID=76) to work on /home/airflow/.local/lib/python3.8/site-packages/airflow/example_dags/example_bash_operator.py
[2024-02-04T14:23:04.789+0000] {processor.py:830} INFO - Processing file /home/airflow/.local/lib/python3.8/site-packages/airflow/example_dags/example_bash_operator.py for tasks to queue
[2024-02-04T14:23:04.791+0000] {logging_mixin.py:188} INFO - [2024-02-04T14:23:04.791+0000] {dagbag.py:538} INFO - Filling up the DagBag from /home/airflow/.local/lib/python3.8/site-packages/airflow/example_dags/example_bash_operator.py
[2024-02-04T14:23:04.818+0000] {processor.py:840} INFO - DAG(s) 'example_bash_operator' retrieved from /home/airflow/.local/lib/python3.8/site-packages/airflow/example_dags/example_bash_operator.py
[2024-02-04T14:23:05.144+0000] {logging_mixin.py:188} INFO - [2024-02-04T14:23:05.143+0000] {dag.py:3036} INFO - Sync 1 DAGs
[2024-02-04T14:23:05.183+0000] {logging_mixin.py:188} INFO - [2024-02-04T14:23:05.182+0000] {dag.py:3823} INFO - Setting next_dagrun for example_bash_operator to 2024-02-03 00:00:00+00:00, run_after=2024-02-04 00:00:00+00:00
[2024-02-04T14:23:05.225+0000] {processor.py:183} INFO - Processing /home/airflow/.local/lib/python3.8/site-packages/airflow/example_dags/example_bash_operator.py took 0.441 seconds
[2024-02-04T14:23:35.446+0000] {processor.py:161} INFO - Started process (PID=132) to work on /home/airflow/.local/lib/python3.8/site-packages/airflow/example_dags/example_bash_operator.py
[2024-02-04T14:23:35.447+0000] {processor.py:830} INFO - Processing file /home/airflow/.local/lib/python3.8/site-packages/airflow/example_dags/example_bash_operator.py for tasks to queue
[2024-02-04T14:23:35.452+0000] {logging_mixin.py:188} INFO - [2024-02-04T14:23:35.451+0000] {dagbag.py:538} INFO - Filling up the DagBag from /home/airflow/.local/lib/python3.8/site-packages/airflow/example_dags/example_bash_operator.py
[2024-02-04T14:23:35.471+0000] {processor.py:840} INFO - DAG(s) 'example_bash_operator' retrieved from /home/airflow/.local/lib/python3.8/site-packages/airflow/example_dags/example_bash_operator.py
[2024-02-04T14:23:35.505+0000] {logging_mixin.py:188} INFO - [2024-02-04T14:23:35.505+0000] {dag.py:3036} INFO - Sync 1 DAGs
[2024-02-04T14:23:35.534+0000] {logging_mixin.py:188} INFO - [2024-02-04T14:23:35.534+0000] {dag.py:3823} INFO - Setting next_dagrun for example_bash_operator to 2024-02-03 00:00:00+00:00, run_after=2024-02-04 00:00:00+00:00
[2024-02-04T14:23:35.561+0000] {processor.py:183} INFO - Processing /home/airflow/.local/lib/python3.8/site-packages/airflow/example_dags/example_bash_operator.py took 0.119 seconds
[2024-02-04T14:24:05.970+0000] {processor.py:161} INFO - Started process (PID=187) to work on /home/airflow/.local/lib/python3.8/site-packages/airflow/example_dags/example_bash_operator.py
[2024-02-04T14:24:05.971+0000] {processor.py:830} INFO - Processing file /home/airflow/.local/lib/python3.8/site-packages/airflow/example_dags/example_bash_operator.py for tasks to queue
[2024-02-04T14:24:05.972+0000] {logging_mixin.py:188} INFO - [2024-02-04T14:24:05.972+0000] {dagbag.py:538} INFO - Filling up the DagBag from /home/airflow/.local/lib/python3.8/site-packages/airflow/example_dags/example_bash_operator.py
[2024-02-04T14:24:05.987+0000] {processor.py:840} INFO - DAG(s) 'example_bash_operator' retrieved from /home/airflow/.local/lib/python3.8/site-packages/airflow/example_dags/example_bash_operator.py
[2024-02-04T14:24:06.021+0000] {logging_mixin.py:188} INFO - [2024-02-04T14:24:06.021+0000] {dag.py:3036} INFO - Sync 1 DAGs
[2024-02-04T14:24:06.059+0000] {logging_mixin.py:188} INFO - [2024-02-04T14:24:06.058+0000] {dag.py:3823} INFO - Setting next_dagrun for example_bash_operator to 2024-02-03 00:00:00+00:00, run_after=2024-02-04 00:00:00+00:00
[2024-02-04T14:24:06.096+0000] {processor.py:183} INFO - Processing /home/airflow/.local/lib/python3.8/site-packages/airflow/example_dags/example_bash_operator.py took 0.129 seconds
[2024-02-04T14:24:36.628+0000] {processor.py:161} INFO - Started process (PID=242) to work on /home/airflow/.local/lib/python3.8/site-packages/airflow/example_dags/example_bash_operator.py
[2024-02-04T14:24:36.629+0000] {processor.py:830} INFO - Processing file /home/airflow/.local/lib/python3.8/site-packages/airflow/example_dags/example_bash_operator.py for tasks to queue
[2024-02-04T14:24:36.631+0000] {logging_mixin.py:188} INFO - [2024-02-04T14:24:36.631+0000] {dagbag.py:538} INFO - Filling up the DagBag from /home/airflow/.local/lib/python3.8/site-packages/airflow/example_dags/example_bash_operator.py
[2024-02-04T14:24:36.646+0000] {processor.py:840} INFO - DAG(s) 'example_bash_operator' retrieved from /home/airflow/.local/lib/python3.8/site-packages/airflow/example_dags/example_bash_operator.py
[2024-02-04T14:24:36.696+0000] {logging_mixin.py:188} INFO - [2024-02-04T14:24:36.696+0000] {dag.py:3036} INFO - Sync 1 DAGs
[2024-02-04T14:24:36.726+0000] {logging_mixin.py:188} INFO - [2024-02-04T14:24:36.725+0000] {dag.py:3823} INFO - Setting next_dagrun for example_bash_operator to 2024-02-03 00:00:00+00:00, run_after=2024-02-04 00:00:00+00:00
[2024-02-04T14:24:36.752+0000] {processor.py:183} INFO - Processing /home/airflow/.local/lib/python3.8/site-packages/airflow/example_dags/example_bash_operator.py took 0.127 seconds
[2024-02-04T14:25:07.585+0000] {processor.py:161} INFO - Started process (PID=297) to work on /home/airflow/.local/lib/python3.8/site-packages/airflow/example_dags/example_bash_operator.py
[2024-02-04T14:25:07.586+0000] {processor.py:830} INFO - Processing file /home/airflow/.local/lib/python3.8/site-packages/airflow/example_dags/example_bash_operator.py for tasks to queue
[2024-02-04T14:25:07.588+0000] {logging_mixin.py:188} INFO - [2024-02-04T14:25:07.587+0000] {dagbag.py:538} INFO - Filling up the DagBag from /home/airflow/.local/lib/python3.8/site-packages/airflow/example_dags/example_bash_operator.py
[2024-02-04T14:25:07.602+0000] {processor.py:840} INFO - DAG(s) 'example_bash_operator' retrieved from /home/airflow/.local/lib/python3.8/site-packages/airflow/example_dags/example_bash_operator.py
[2024-02-04T14:25:07.638+0000] {logging_mixin.py:188} INFO - [2024-02-04T14:25:07.638+0000] {dag.py:3036} INFO - Sync 1 DAGs
[2024-02-04T14:25:07.666+0000] {logging_mixin.py:188} INFO - [2024-02-04T14:25:07.665+0000] {dag.py:3823} INFO - Setting next_dagrun for example_bash_operator to 2024-02-03 00:00:00+00:00, run_after=2024-02-04 00:00:00+00:00
[2024-02-04T14:25:07.687+0000] {processor.py:183} INFO - Processing /home/airflow/.local/lib/python3.8/site-packages/airflow/example_dags/example_bash_operator.py took 0.106 seconds
[2024-02-04T14:25:38.689+0000] {processor.py:161} INFO - Started process (PID=353) to work on /home/airflow/.local/lib/python3.8/site-packages/airflow/example_dags/example_bash_operator.py
[2024-02-04T14:25:38.690+0000] {processor.py:830} INFO - Processing file /home/airflow/.local/lib/python3.8/site-packages/airflow/example_dags/example_bash_operator.py for tasks to queue
[2024-02-04T14:25:38.691+0000] {logging_mixin.py:188} INFO - [2024-02-04T14:25:38.691+0000] {dagbag.py:538} INFO - Filling up the DagBag from /home/airflow/.local/lib/python3.8/site-packages/airflow/example_dags/example_bash_operator.py
[2024-02-04T14:25:38.705+0000] {processor.py:840} INFO - DAG(s) 'example_bash_operator' retrieved from /home/airflow/.local/lib/python3.8/site-packages/airflow/example_dags/example_bash_operator.py
[2024-02-04T14:25:38.745+0000] {logging_mixin.py:188} INFO - [2024-02-04T14:25:38.745+0000] {dag.py:3036} INFO - Sync 1 DAGs
[2024-02-04T14:25:38.773+0000] {logging_mixin.py:188} INFO - [2024-02-04T14:25:38.772+0000] {dag.py:3823} INFO - Setting next_dagrun for example_bash_operator to 2024-02-03 00:00:00+00:00, run_after=2024-02-04 00:00:00+00:00
[2024-02-04T14:25:38.800+0000] {processor.py:183} INFO - Processing /home/airflow/.local/lib/python3.8/site-packages/airflow/example_dags/example_bash_operator.py took 0.114 seconds
[2024-02-04T14:26:09.529+0000] {processor.py:161} INFO - Started process (PID=409) to work on /home/airflow/.local/lib/python3.8/site-packages/airflow/example_dags/example_bash_operator.py
[2024-02-04T14:26:09.541+0000] {processor.py:830} INFO - Processing file /home/airflow/.local/lib/python3.8/site-packages/airflow/example_dags/example_bash_operator.py for tasks to queue
[2024-02-04T14:26:09.543+0000] {logging_mixin.py:188} INFO - [2024-02-04T14:26:09.543+0000] {dagbag.py:538} INFO - Filling up the DagBag from /home/airflow/.local/lib/python3.8/site-packages/airflow/example_dags/example_bash_operator.py
[2024-02-04T14:26:09.582+0000] {processor.py:840} INFO - DAG(s) 'example_bash_operator' retrieved from /home/airflow/.local/lib/python3.8/site-packages/airflow/example_dags/example_bash_operator.py
[2024-02-04T14:26:09.717+0000] {logging_mixin.py:188} INFO - [2024-02-04T14:26:09.714+0000] {dag.py:3036} INFO - Sync 1 DAGs
[2024-02-04T14:26:09.805+0000] {logging_mixin.py:188} INFO - [2024-02-04T14:26:09.805+0000] {dag.py:3823} INFO - Setting next_dagrun for example_bash_operator to 2024-02-03 00:00:00+00:00, run_after=2024-02-04 00:00:00+00:00
[2024-02-04T14:26:09.876+0000] {processor.py:183} INFO - Processing /home/airflow/.local/lib/python3.8/site-packages/airflow/example_dags/example_bash_operator.py took 0.359 seconds
[2024-02-04T14:26:40.113+0000] {processor.py:161} INFO - Started process (PID=464) to work on /home/airflow/.local/lib/python3.8/site-packages/airflow/example_dags/example_bash_operator.py
[2024-02-04T14:26:40.114+0000] {processor.py:830} INFO - Processing file /home/airflow/.local/lib/python3.8/site-packages/airflow/example_dags/example_bash_operator.py for tasks to queue
[2024-02-04T14:26:40.116+0000] {logging_mixin.py:188} INFO - [2024-02-04T14:26:40.116+0000] {dagbag.py:538} INFO - Filling up the DagBag from /home/airflow/.local/lib/python3.8/site-packages/airflow/example_dags/example_bash_operator.py
[2024-02-04T14:26:40.126+0000] {processor.py:840} INFO - DAG(s) 'example_bash_operator' retrieved from /home/airflow/.local/lib/python3.8/site-packages/airflow/example_dags/example_bash_operator.py
[2024-02-04T14:26:40.150+0000] {logging_mixin.py:188} INFO - [2024-02-04T14:26:40.150+0000] {dag.py:3036} INFO - Sync 1 DAGs
[2024-02-04T14:26:40.168+0000] {logging_mixin.py:188} INFO - [2024-02-04T14:26:40.167+0000] {dag.py:3823} INFO - Setting next_dagrun for example_bash_operator to 2024-02-03 00:00:00+00:00, run_after=2024-02-04 00:00:00+00:00
[2024-02-04T14:26:40.190+0000] {processor.py:183} INFO - Processing /home/airflow/.local/lib/python3.8/site-packages/airflow/example_dags/example_bash_operator.py took 0.079 seconds
[2024-02-04T14:27:11.025+0000] {processor.py:161} INFO - Started process (PID=519) to work on /home/airflow/.local/lib/python3.8/site-packages/airflow/example_dags/example_bash_operator.py
[2024-02-04T14:27:11.026+0000] {processor.py:830} INFO - Processing file /home/airflow/.local/lib/python3.8/site-packages/airflow/example_dags/example_bash_operator.py for tasks to queue
[2024-02-04T14:27:11.028+0000] {logging_mixin.py:188} INFO - [2024-02-04T14:27:11.027+0000] {dagbag.py:538} INFO - Filling up the DagBag from /home/airflow/.local/lib/python3.8/site-packages/airflow/example_dags/example_bash_operator.py
[2024-02-04T14:27:11.042+0000] {processor.py:840} INFO - DAG(s) 'example_bash_operator' retrieved from /home/airflow/.local/lib/python3.8/site-packages/airflow/example_dags/example_bash_operator.py
[2024-02-04T14:27:11.090+0000] {logging_mixin.py:188} INFO - [2024-02-04T14:27:11.090+0000] {dag.py:3036} INFO - Sync 1 DAGs
[2024-02-04T14:27:11.149+0000] {logging_mixin.py:188} INFO - [2024-02-04T14:27:11.149+0000] {dag.py:3823} INFO - Setting next_dagrun for example_bash_operator to 2024-02-03 00:00:00+00:00, run_after=2024-02-04 00:00:00+00:00
[2024-02-04T14:27:11.188+0000] {processor.py:183} INFO - Processing /home/airflow/.local/lib/python3.8/site-packages/airflow/example_dags/example_bash_operator.py took 0.167 seconds
[2024-02-04T14:27:41.281+0000] {processor.py:161} INFO - Started process (PID=579) to work on /home/airflow/.local/lib/python3.8/site-packages/airflow/example_dags/example_bash_operator.py
[2024-02-04T14:27:41.281+0000] {processor.py:830} INFO - Processing file /home/airflow/.local/lib/python3.8/site-packages/airflow/example_dags/example_bash_operator.py for tasks to queue
[2024-02-04T14:27:41.283+0000] {logging_mixin.py:188} INFO - [2024-02-04T14:27:41.283+0000] {dagbag.py:538} INFO - Filling up the DagBag from /home/airflow/.local/lib/python3.8/site-packages/airflow/example_dags/example_bash_operator.py
[2024-02-04T14:27:41.316+0000] {processor.py:840} INFO - DAG(s) 'example_bash_operator' retrieved from /home/airflow/.local/lib/python3.8/site-packages/airflow/example_dags/example_bash_operator.py
[2024-02-04T14:27:41.360+0000] {logging_mixin.py:188} INFO - [2024-02-04T14:27:41.360+0000] {dag.py:3036} INFO - Sync 1 DAGs
[2024-02-04T14:27:41.387+0000] {logging_mixin.py:188} INFO - [2024-02-04T14:27:41.387+0000] {dag.py:3823} INFO - Setting next_dagrun for example_bash_operator to 2024-02-03 00:00:00+00:00, run_after=2024-02-04 00:00:00+00:00
[2024-02-04T14:27:41.410+0000] {processor.py:183} INFO - Processing /home/airflow/.local/lib/python3.8/site-packages/airflow/example_dags/example_bash_operator.py took 0.136 seconds
