[2024-02-04T14:13:12.845+0000] {processor.py:161} INFO - Started process (PID=57) to work on /home/airflow/.local/lib/python3.8/site-packages/airflow/example_dags/example_task_group_decorator.py
[2024-02-04T14:13:12.856+0000] {processor.py:830} INFO - Processing file /home/airflow/.local/lib/python3.8/site-packages/airflow/example_dags/example_task_group_decorator.py for tasks to queue
[2024-02-04T14:13:12.858+0000] {logging_mixin.py:188} INFO - [2024-02-04T14:13:12.857+0000] {dagbag.py:538} INFO - Filling up the DagBag from /home/airflow/.local/lib/python3.8/site-packages/airflow/example_dags/example_task_group_decorator.py
[2024-02-04T14:13:12.944+0000] {processor.py:840} INFO - DAG(s) 'example_task_group_decorator' retrieved from /home/airflow/.local/lib/python3.8/site-packages/airflow/example_dags/example_task_group_decorator.py
[2024-02-04T14:13:13.343+0000] {logging_mixin.py:188} INFO - [2024-02-04T14:13:13.337+0000] {dag.py:3036} INFO - Sync 1 DAGs
[2024-02-04T14:13:13.399+0000] {logging_mixin.py:188} INFO - [2024-02-04T14:13:13.399+0000] {dag.py:3823} INFO - Setting next_dagrun for example_task_group_decorator to 2024-02-03 00:00:00+00:00, run_after=2024-02-04 00:00:00+00:00
[2024-02-04T14:13:13.456+0000] {processor.py:183} INFO - Processing /home/airflow/.local/lib/python3.8/site-packages/airflow/example_dags/example_task_group_decorator.py took 0.615 seconds
[2024-02-04T14:13:43.624+0000] {processor.py:161} INFO - Started process (PID=113) to work on /home/airflow/.local/lib/python3.8/site-packages/airflow/example_dags/example_task_group_decorator.py
[2024-02-04T14:13:43.625+0000] {processor.py:830} INFO - Processing file /home/airflow/.local/lib/python3.8/site-packages/airflow/example_dags/example_task_group_decorator.py for tasks to queue
[2024-02-04T14:13:43.626+0000] {logging_mixin.py:188} INFO - [2024-02-04T14:13:43.626+0000] {dagbag.py:538} INFO - Filling up the DagBag from /home/airflow/.local/lib/python3.8/site-packages/airflow/example_dags/example_task_group_decorator.py
[2024-02-04T14:13:43.638+0000] {processor.py:840} INFO - DAG(s) 'example_task_group_decorator' retrieved from /home/airflow/.local/lib/python3.8/site-packages/airflow/example_dags/example_task_group_decorator.py
[2024-02-04T14:13:43.657+0000] {logging_mixin.py:188} INFO - [2024-02-04T14:13:43.657+0000] {dag.py:3036} INFO - Sync 1 DAGs
[2024-02-04T14:13:43.677+0000] {logging_mixin.py:188} INFO - [2024-02-04T14:13:43.677+0000] {dag.py:3823} INFO - Setting next_dagrun for example_task_group_decorator to 2024-02-03 00:00:00+00:00, run_after=2024-02-04 00:00:00+00:00
[2024-02-04T14:13:43.697+0000] {processor.py:183} INFO - Processing /home/airflow/.local/lib/python3.8/site-packages/airflow/example_dags/example_task_group_decorator.py took 0.075 seconds
[2024-02-04T14:14:14.338+0000] {processor.py:161} INFO - Started process (PID=168) to work on /home/airflow/.local/lib/python3.8/site-packages/airflow/example_dags/example_task_group_decorator.py
[2024-02-04T14:14:14.338+0000] {processor.py:830} INFO - Processing file /home/airflow/.local/lib/python3.8/site-packages/airflow/example_dags/example_task_group_decorator.py for tasks to queue
[2024-02-04T14:14:14.340+0000] {logging_mixin.py:188} INFO - [2024-02-04T14:14:14.339+0000] {dagbag.py:538} INFO - Filling up the DagBag from /home/airflow/.local/lib/python3.8/site-packages/airflow/example_dags/example_task_group_decorator.py
[2024-02-04T14:14:14.351+0000] {processor.py:840} INFO - DAG(s) 'example_task_group_decorator' retrieved from /home/airflow/.local/lib/python3.8/site-packages/airflow/example_dags/example_task_group_decorator.py
[2024-02-04T14:14:14.371+0000] {logging_mixin.py:188} INFO - [2024-02-04T14:14:14.370+0000] {dag.py:3036} INFO - Sync 1 DAGs
[2024-02-04T14:14:14.387+0000] {logging_mixin.py:188} INFO - [2024-02-04T14:14:14.387+0000] {dag.py:3823} INFO - Setting next_dagrun for example_task_group_decorator to 2024-02-03 00:00:00+00:00, run_after=2024-02-04 00:00:00+00:00
[2024-02-04T14:14:14.407+0000] {processor.py:183} INFO - Processing /home/airflow/.local/lib/python3.8/site-packages/airflow/example_dags/example_task_group_decorator.py took 0.072 seconds
[2024-02-04T14:14:44.865+0000] {processor.py:161} INFO - Started process (PID=224) to work on /home/airflow/.local/lib/python3.8/site-packages/airflow/example_dags/example_task_group_decorator.py
[2024-02-04T14:14:44.866+0000] {processor.py:830} INFO - Processing file /home/airflow/.local/lib/python3.8/site-packages/airflow/example_dags/example_task_group_decorator.py for tasks to queue
[2024-02-04T14:14:44.867+0000] {logging_mixin.py:188} INFO - [2024-02-04T14:14:44.867+0000] {dagbag.py:538} INFO - Filling up the DagBag from /home/airflow/.local/lib/python3.8/site-packages/airflow/example_dags/example_task_group_decorator.py
[2024-02-04T14:14:44.879+0000] {processor.py:840} INFO - DAG(s) 'example_task_group_decorator' retrieved from /home/airflow/.local/lib/python3.8/site-packages/airflow/example_dags/example_task_group_decorator.py
[2024-02-04T14:14:44.900+0000] {logging_mixin.py:188} INFO - [2024-02-04T14:14:44.899+0000] {dag.py:3036} INFO - Sync 1 DAGs
[2024-02-04T14:14:44.917+0000] {logging_mixin.py:188} INFO - [2024-02-04T14:14:44.916+0000] {dag.py:3823} INFO - Setting next_dagrun for example_task_group_decorator to 2024-02-03 00:00:00+00:00, run_after=2024-02-04 00:00:00+00:00
[2024-02-04T14:14:44.937+0000] {processor.py:183} INFO - Processing /home/airflow/.local/lib/python3.8/site-packages/airflow/example_dags/example_task_group_decorator.py took 0.075 seconds
[2024-02-04T14:16:34.068+0000] {processor.py:161} INFO - Started process (PID=57) to work on /home/airflow/.local/lib/python3.8/site-packages/airflow/example_dags/example_task_group_decorator.py
[2024-02-04T14:16:34.069+0000] {processor.py:830} INFO - Processing file /home/airflow/.local/lib/python3.8/site-packages/airflow/example_dags/example_task_group_decorator.py for tasks to queue
[2024-02-04T14:16:34.073+0000] {logging_mixin.py:188} INFO - [2024-02-04T14:16:34.073+0000] {dagbag.py:538} INFO - Filling up the DagBag from /home/airflow/.local/lib/python3.8/site-packages/airflow/example_dags/example_task_group_decorator.py
[2024-02-04T14:16:34.135+0000] {processor.py:840} INFO - DAG(s) 'example_task_group_decorator' retrieved from /home/airflow/.local/lib/python3.8/site-packages/airflow/example_dags/example_task_group_decorator.py
[2024-02-04T14:16:34.395+0000] {logging_mixin.py:188} INFO - [2024-02-04T14:16:34.395+0000] {dag.py:3036} INFO - Sync 1 DAGs
[2024-02-04T14:16:34.445+0000] {logging_mixin.py:188} INFO - [2024-02-04T14:16:34.444+0000] {dag.py:3823} INFO - Setting next_dagrun for example_task_group_decorator to 2024-02-03 00:00:00+00:00, run_after=2024-02-04 00:00:00+00:00
[2024-02-04T14:16:34.496+0000] {processor.py:183} INFO - Processing /home/airflow/.local/lib/python3.8/site-packages/airflow/example_dags/example_task_group_decorator.py took 0.440 seconds
[2024-02-04T14:17:04.778+0000] {processor.py:161} INFO - Started process (PID=113) to work on /home/airflow/.local/lib/python3.8/site-packages/airflow/example_dags/example_task_group_decorator.py
[2024-02-04T14:17:04.779+0000] {processor.py:830} INFO - Processing file /home/airflow/.local/lib/python3.8/site-packages/airflow/example_dags/example_task_group_decorator.py for tasks to queue
[2024-02-04T14:17:04.780+0000] {logging_mixin.py:188} INFO - [2024-02-04T14:17:04.780+0000] {dagbag.py:538} INFO - Filling up the DagBag from /home/airflow/.local/lib/python3.8/site-packages/airflow/example_dags/example_task_group_decorator.py
[2024-02-04T14:17:04.792+0000] {processor.py:840} INFO - DAG(s) 'example_task_group_decorator' retrieved from /home/airflow/.local/lib/python3.8/site-packages/airflow/example_dags/example_task_group_decorator.py
[2024-02-04T14:17:04.810+0000] {logging_mixin.py:188} INFO - [2024-02-04T14:17:04.810+0000] {dag.py:3036} INFO - Sync 1 DAGs
[2024-02-04T14:17:04.829+0000] {logging_mixin.py:188} INFO - [2024-02-04T14:17:04.829+0000] {dag.py:3823} INFO - Setting next_dagrun for example_task_group_decorator to 2024-02-03 00:00:00+00:00, run_after=2024-02-04 00:00:00+00:00
[2024-02-04T14:17:04.849+0000] {processor.py:183} INFO - Processing /home/airflow/.local/lib/python3.8/site-packages/airflow/example_dags/example_task_group_decorator.py took 0.074 seconds
[2024-02-04T14:17:35.236+0000] {processor.py:161} INFO - Started process (PID=169) to work on /home/airflow/.local/lib/python3.8/site-packages/airflow/example_dags/example_task_group_decorator.py
[2024-02-04T14:17:35.237+0000] {processor.py:830} INFO - Processing file /home/airflow/.local/lib/python3.8/site-packages/airflow/example_dags/example_task_group_decorator.py for tasks to queue
[2024-02-04T14:17:35.238+0000] {logging_mixin.py:188} INFO - [2024-02-04T14:17:35.238+0000] {dagbag.py:538} INFO - Filling up the DagBag from /home/airflow/.local/lib/python3.8/site-packages/airflow/example_dags/example_task_group_decorator.py
[2024-02-04T14:17:35.250+0000] {processor.py:840} INFO - DAG(s) 'example_task_group_decorator' retrieved from /home/airflow/.local/lib/python3.8/site-packages/airflow/example_dags/example_task_group_decorator.py
[2024-02-04T14:17:35.269+0000] {logging_mixin.py:188} INFO - [2024-02-04T14:17:35.269+0000] {dag.py:3036} INFO - Sync 1 DAGs
[2024-02-04T14:17:35.286+0000] {logging_mixin.py:188} INFO - [2024-02-04T14:17:35.286+0000] {dag.py:3823} INFO - Setting next_dagrun for example_task_group_decorator to 2024-02-03 00:00:00+00:00, run_after=2024-02-04 00:00:00+00:00
[2024-02-04T14:17:35.307+0000] {processor.py:183} INFO - Processing /home/airflow/.local/lib/python3.8/site-packages/airflow/example_dags/example_task_group_decorator.py took 0.074 seconds
[2024-02-04T14:18:05.901+0000] {processor.py:161} INFO - Started process (PID=224) to work on /home/airflow/.local/lib/python3.8/site-packages/airflow/example_dags/example_task_group_decorator.py
[2024-02-04T14:18:05.902+0000] {processor.py:830} INFO - Processing file /home/airflow/.local/lib/python3.8/site-packages/airflow/example_dags/example_task_group_decorator.py for tasks to queue
[2024-02-04T14:18:05.904+0000] {logging_mixin.py:188} INFO - [2024-02-04T14:18:05.904+0000] {dagbag.py:538} INFO - Filling up the DagBag from /home/airflow/.local/lib/python3.8/site-packages/airflow/example_dags/example_task_group_decorator.py
[2024-02-04T14:18:05.919+0000] {processor.py:840} INFO - DAG(s) 'example_task_group_decorator' retrieved from /home/airflow/.local/lib/python3.8/site-packages/airflow/example_dags/example_task_group_decorator.py
[2024-02-04T14:18:05.939+0000] {logging_mixin.py:188} INFO - [2024-02-04T14:18:05.939+0000] {dag.py:3036} INFO - Sync 1 DAGs
[2024-02-04T14:18:05.956+0000] {logging_mixin.py:188} INFO - [2024-02-04T14:18:05.956+0000] {dag.py:3823} INFO - Setting next_dagrun for example_task_group_decorator to 2024-02-03 00:00:00+00:00, run_after=2024-02-04 00:00:00+00:00
[2024-02-04T14:18:05.975+0000] {processor.py:183} INFO - Processing /home/airflow/.local/lib/python3.8/site-packages/airflow/example_dags/example_task_group_decorator.py took 0.078 seconds
[2024-02-04T14:18:36.646+0000] {processor.py:161} INFO - Started process (PID=280) to work on /home/airflow/.local/lib/python3.8/site-packages/airflow/example_dags/example_task_group_decorator.py
[2024-02-04T14:18:36.648+0000] {processor.py:830} INFO - Processing file /home/airflow/.local/lib/python3.8/site-packages/airflow/example_dags/example_task_group_decorator.py for tasks to queue
[2024-02-04T14:18:36.650+0000] {logging_mixin.py:188} INFO - [2024-02-04T14:18:36.650+0000] {dagbag.py:538} INFO - Filling up the DagBag from /home/airflow/.local/lib/python3.8/site-packages/airflow/example_dags/example_task_group_decorator.py
[2024-02-04T14:18:36.663+0000] {processor.py:840} INFO - DAG(s) 'example_task_group_decorator' retrieved from /home/airflow/.local/lib/python3.8/site-packages/airflow/example_dags/example_task_group_decorator.py
[2024-02-04T14:18:36.685+0000] {logging_mixin.py:188} INFO - [2024-02-04T14:18:36.684+0000] {dag.py:3036} INFO - Sync 1 DAGs
[2024-02-04T14:18:36.702+0000] {logging_mixin.py:188} INFO - [2024-02-04T14:18:36.701+0000] {dag.py:3823} INFO - Setting next_dagrun for example_task_group_decorator to 2024-02-03 00:00:00+00:00, run_after=2024-02-04 00:00:00+00:00
[2024-02-04T14:18:36.721+0000] {processor.py:183} INFO - Processing /home/airflow/.local/lib/python3.8/site-packages/airflow/example_dags/example_task_group_decorator.py took 0.080 seconds
[2024-02-04T14:19:07.015+0000] {processor.py:161} INFO - Started process (PID=336) to work on /home/airflow/.local/lib/python3.8/site-packages/airflow/example_dags/example_task_group_decorator.py
[2024-02-04T14:19:07.016+0000] {processor.py:830} INFO - Processing file /home/airflow/.local/lib/python3.8/site-packages/airflow/example_dags/example_task_group_decorator.py for tasks to queue
[2024-02-04T14:19:07.018+0000] {logging_mixin.py:188} INFO - [2024-02-04T14:19:07.017+0000] {dagbag.py:538} INFO - Filling up the DagBag from /home/airflow/.local/lib/python3.8/site-packages/airflow/example_dags/example_task_group_decorator.py
[2024-02-04T14:19:07.036+0000] {processor.py:840} INFO - DAG(s) 'example_task_group_decorator' retrieved from /home/airflow/.local/lib/python3.8/site-packages/airflow/example_dags/example_task_group_decorator.py
[2024-02-04T14:19:07.067+0000] {logging_mixin.py:188} INFO - [2024-02-04T14:19:07.067+0000] {dag.py:3036} INFO - Sync 1 DAGs
[2024-02-04T14:19:07.094+0000] {logging_mixin.py:188} INFO - [2024-02-04T14:19:07.094+0000] {dag.py:3823} INFO - Setting next_dagrun for example_task_group_decorator to 2024-02-03 00:00:00+00:00, run_after=2024-02-04 00:00:00+00:00
[2024-02-04T14:19:07.121+0000] {processor.py:183} INFO - Processing /home/airflow/.local/lib/python3.8/site-packages/airflow/example_dags/example_task_group_decorator.py took 0.110 seconds
[2024-02-04T14:22:59.354+0000] {processor.py:161} INFO - Started process (PID=58) to work on /home/airflow/.local/lib/python3.8/site-packages/airflow/example_dags/example_task_group_decorator.py
[2024-02-04T14:22:59.367+0000] {processor.py:830} INFO - Processing file /home/airflow/.local/lib/python3.8/site-packages/airflow/example_dags/example_task_group_decorator.py for tasks to queue
[2024-02-04T14:22:59.369+0000] {logging_mixin.py:188} INFO - [2024-02-04T14:22:59.368+0000] {dagbag.py:538} INFO - Filling up the DagBag from /home/airflow/.local/lib/python3.8/site-packages/airflow/example_dags/example_task_group_decorator.py
[2024-02-04T14:22:59.445+0000] {processor.py:840} INFO - DAG(s) 'example_task_group_decorator' retrieved from /home/airflow/.local/lib/python3.8/site-packages/airflow/example_dags/example_task_group_decorator.py
[2024-02-04T14:22:59.878+0000] {logging_mixin.py:188} INFO - [2024-02-04T14:22:59.878+0000] {dag.py:3036} INFO - Sync 1 DAGs
[2024-02-04T14:22:59.942+0000] {logging_mixin.py:188} INFO - [2024-02-04T14:22:59.941+0000] {dag.py:3823} INFO - Setting next_dagrun for example_task_group_decorator to 2024-02-03 00:00:00+00:00, run_after=2024-02-04 00:00:00+00:00
[2024-02-04T14:23:00.001+0000] {processor.py:183} INFO - Processing /home/airflow/.local/lib/python3.8/site-packages/airflow/example_dags/example_task_group_decorator.py took 0.666 seconds
[2024-02-04T14:23:30.214+0000] {processor.py:161} INFO - Started process (PID=113) to work on /home/airflow/.local/lib/python3.8/site-packages/airflow/example_dags/example_task_group_decorator.py
[2024-02-04T14:23:30.215+0000] {processor.py:830} INFO - Processing file /home/airflow/.local/lib/python3.8/site-packages/airflow/example_dags/example_task_group_decorator.py for tasks to queue
[2024-02-04T14:23:30.217+0000] {logging_mixin.py:188} INFO - [2024-02-04T14:23:30.217+0000] {dagbag.py:538} INFO - Filling up the DagBag from /home/airflow/.local/lib/python3.8/site-packages/airflow/example_dags/example_task_group_decorator.py
[2024-02-04T14:23:30.241+0000] {processor.py:840} INFO - DAG(s) 'example_task_group_decorator' retrieved from /home/airflow/.local/lib/python3.8/site-packages/airflow/example_dags/example_task_group_decorator.py
[2024-02-04T14:23:30.267+0000] {logging_mixin.py:188} INFO - [2024-02-04T14:23:30.267+0000] {dag.py:3036} INFO - Sync 1 DAGs
[2024-02-04T14:23:30.292+0000] {logging_mixin.py:188} INFO - [2024-02-04T14:23:30.292+0000] {dag.py:3823} INFO - Setting next_dagrun for example_task_group_decorator to 2024-02-03 00:00:00+00:00, run_after=2024-02-04 00:00:00+00:00
[2024-02-04T14:23:30.314+0000] {processor.py:183} INFO - Processing /home/airflow/.local/lib/python3.8/site-packages/airflow/example_dags/example_task_group_decorator.py took 0.103 seconds
[2024-02-04T14:24:00.626+0000] {processor.py:161} INFO - Started process (PID=169) to work on /home/airflow/.local/lib/python3.8/site-packages/airflow/example_dags/example_task_group_decorator.py
[2024-02-04T14:24:00.627+0000] {processor.py:830} INFO - Processing file /home/airflow/.local/lib/python3.8/site-packages/airflow/example_dags/example_task_group_decorator.py for tasks to queue
[2024-02-04T14:24:00.629+0000] {logging_mixin.py:188} INFO - [2024-02-04T14:24:00.628+0000] {dagbag.py:538} INFO - Filling up the DagBag from /home/airflow/.local/lib/python3.8/site-packages/airflow/example_dags/example_task_group_decorator.py
[2024-02-04T14:24:00.656+0000] {processor.py:840} INFO - DAG(s) 'example_task_group_decorator' retrieved from /home/airflow/.local/lib/python3.8/site-packages/airflow/example_dags/example_task_group_decorator.py
[2024-02-04T14:24:00.690+0000] {logging_mixin.py:188} INFO - [2024-02-04T14:24:00.690+0000] {dag.py:3036} INFO - Sync 1 DAGs
[2024-02-04T14:24:00.717+0000] {logging_mixin.py:188} INFO - [2024-02-04T14:24:00.716+0000] {dag.py:3823} INFO - Setting next_dagrun for example_task_group_decorator to 2024-02-03 00:00:00+00:00, run_after=2024-02-04 00:00:00+00:00
[2024-02-04T14:24:00.739+0000] {processor.py:183} INFO - Processing /home/airflow/.local/lib/python3.8/site-packages/airflow/example_dags/example_task_group_decorator.py took 0.117 seconds
[2024-02-04T14:24:31.431+0000] {processor.py:161} INFO - Started process (PID=224) to work on /home/airflow/.local/lib/python3.8/site-packages/airflow/example_dags/example_task_group_decorator.py
[2024-02-04T14:24:31.432+0000] {processor.py:830} INFO - Processing file /home/airflow/.local/lib/python3.8/site-packages/airflow/example_dags/example_task_group_decorator.py for tasks to queue
[2024-02-04T14:24:31.434+0000] {logging_mixin.py:188} INFO - [2024-02-04T14:24:31.434+0000] {dagbag.py:538} INFO - Filling up the DagBag from /home/airflow/.local/lib/python3.8/site-packages/airflow/example_dags/example_task_group_decorator.py
[2024-02-04T14:24:31.458+0000] {processor.py:840} INFO - DAG(s) 'example_task_group_decorator' retrieved from /home/airflow/.local/lib/python3.8/site-packages/airflow/example_dags/example_task_group_decorator.py
[2024-02-04T14:24:31.484+0000] {logging_mixin.py:188} INFO - [2024-02-04T14:24:31.484+0000] {dag.py:3036} INFO - Sync 1 DAGs
[2024-02-04T14:24:31.510+0000] {logging_mixin.py:188} INFO - [2024-02-04T14:24:31.510+0000] {dag.py:3823} INFO - Setting next_dagrun for example_task_group_decorator to 2024-02-03 00:00:00+00:00, run_after=2024-02-04 00:00:00+00:00
[2024-02-04T14:24:31.531+0000] {processor.py:183} INFO - Processing /home/airflow/.local/lib/python3.8/site-packages/airflow/example_dags/example_task_group_decorator.py took 0.104 seconds
[2024-02-04T14:25:02.282+0000] {processor.py:161} INFO - Started process (PID=279) to work on /home/airflow/.local/lib/python3.8/site-packages/airflow/example_dags/example_task_group_decorator.py
[2024-02-04T14:25:02.289+0000] {processor.py:830} INFO - Processing file /home/airflow/.local/lib/python3.8/site-packages/airflow/example_dags/example_task_group_decorator.py for tasks to queue
[2024-02-04T14:25:02.295+0000] {logging_mixin.py:188} INFO - [2024-02-04T14:25:02.295+0000] {dagbag.py:538} INFO - Filling up the DagBag from /home/airflow/.local/lib/python3.8/site-packages/airflow/example_dags/example_task_group_decorator.py
[2024-02-04T14:25:02.335+0000] {processor.py:840} INFO - DAG(s) 'example_task_group_decorator' retrieved from /home/airflow/.local/lib/python3.8/site-packages/airflow/example_dags/example_task_group_decorator.py
[2024-02-04T14:25:02.397+0000] {logging_mixin.py:188} INFO - [2024-02-04T14:25:02.396+0000] {dag.py:3036} INFO - Sync 1 DAGs
[2024-02-04T14:25:02.438+0000] {logging_mixin.py:188} INFO - [2024-02-04T14:25:02.438+0000] {dag.py:3823} INFO - Setting next_dagrun for example_task_group_decorator to 2024-02-03 00:00:00+00:00, run_after=2024-02-04 00:00:00+00:00
[2024-02-04T14:25:02.463+0000] {processor.py:183} INFO - Processing /home/airflow/.local/lib/python3.8/site-packages/airflow/example_dags/example_task_group_decorator.py took 0.185 seconds
[2024-02-04T14:25:32.559+0000] {processor.py:161} INFO - Started process (PID=335) to work on /home/airflow/.local/lib/python3.8/site-packages/airflow/example_dags/example_task_group_decorator.py
[2024-02-04T14:25:32.565+0000] {processor.py:830} INFO - Processing file /home/airflow/.local/lib/python3.8/site-packages/airflow/example_dags/example_task_group_decorator.py for tasks to queue
[2024-02-04T14:25:32.572+0000] {logging_mixin.py:188} INFO - [2024-02-04T14:25:32.572+0000] {dagbag.py:538} INFO - Filling up the DagBag from /home/airflow/.local/lib/python3.8/site-packages/airflow/example_dags/example_task_group_decorator.py
[2024-02-04T14:25:32.609+0000] {processor.py:840} INFO - DAG(s) 'example_task_group_decorator' retrieved from /home/airflow/.local/lib/python3.8/site-packages/airflow/example_dags/example_task_group_decorator.py
[2024-02-04T14:25:32.656+0000] {logging_mixin.py:188} INFO - [2024-02-04T14:25:32.648+0000] {dag.py:3036} INFO - Sync 1 DAGs
[2024-02-04T14:25:32.687+0000] {logging_mixin.py:188} INFO - [2024-02-04T14:25:32.687+0000] {dag.py:3823} INFO - Setting next_dagrun for example_task_group_decorator to 2024-02-03 00:00:00+00:00, run_after=2024-02-04 00:00:00+00:00
[2024-02-04T14:25:32.717+0000] {processor.py:183} INFO - Processing /home/airflow/.local/lib/python3.8/site-packages/airflow/example_dags/example_task_group_decorator.py took 0.165 seconds
[2024-02-04T14:26:02.801+0000] {processor.py:161} INFO - Started process (PID=391) to work on /home/airflow/.local/lib/python3.8/site-packages/airflow/example_dags/example_task_group_decorator.py
[2024-02-04T14:26:02.802+0000] {processor.py:830} INFO - Processing file /home/airflow/.local/lib/python3.8/site-packages/airflow/example_dags/example_task_group_decorator.py for tasks to queue
[2024-02-04T14:26:02.803+0000] {logging_mixin.py:188} INFO - [2024-02-04T14:26:02.803+0000] {dagbag.py:538} INFO - Filling up the DagBag from /home/airflow/.local/lib/python3.8/site-packages/airflow/example_dags/example_task_group_decorator.py
[2024-02-04T14:26:02.822+0000] {processor.py:840} INFO - DAG(s) 'example_task_group_decorator' retrieved from /home/airflow/.local/lib/python3.8/site-packages/airflow/example_dags/example_task_group_decorator.py
[2024-02-04T14:26:02.851+0000] {logging_mixin.py:188} INFO - [2024-02-04T14:26:02.851+0000] {dag.py:3036} INFO - Sync 1 DAGs
[2024-02-04T14:26:02.874+0000] {logging_mixin.py:188} INFO - [2024-02-04T14:26:02.874+0000] {dag.py:3823} INFO - Setting next_dagrun for example_task_group_decorator to 2024-02-03 00:00:00+00:00, run_after=2024-02-04 00:00:00+00:00
[2024-02-04T14:26:02.895+0000] {processor.py:183} INFO - Processing /home/airflow/.local/lib/python3.8/site-packages/airflow/example_dags/example_task_group_decorator.py took 0.098 seconds
[2024-02-04T14:26:32.964+0000] {processor.py:161} INFO - Started process (PID=446) to work on /home/airflow/.local/lib/python3.8/site-packages/airflow/example_dags/example_task_group_decorator.py
[2024-02-04T14:26:32.965+0000] {processor.py:830} INFO - Processing file /home/airflow/.local/lib/python3.8/site-packages/airflow/example_dags/example_task_group_decorator.py for tasks to queue
[2024-02-04T14:26:32.967+0000] {logging_mixin.py:188} INFO - [2024-02-04T14:26:32.966+0000] {dagbag.py:538} INFO - Filling up the DagBag from /home/airflow/.local/lib/python3.8/site-packages/airflow/example_dags/example_task_group_decorator.py
[2024-02-04T14:26:32.991+0000] {processor.py:840} INFO - DAG(s) 'example_task_group_decorator' retrieved from /home/airflow/.local/lib/python3.8/site-packages/airflow/example_dags/example_task_group_decorator.py
[2024-02-04T14:26:33.022+0000] {logging_mixin.py:188} INFO - [2024-02-04T14:26:33.021+0000] {dag.py:3036} INFO - Sync 1 DAGs
[2024-02-04T14:26:33.045+0000] {logging_mixin.py:188} INFO - [2024-02-04T14:26:33.045+0000] {dag.py:3823} INFO - Setting next_dagrun for example_task_group_decorator to 2024-02-03 00:00:00+00:00, run_after=2024-02-04 00:00:00+00:00
[2024-02-04T14:26:33.066+0000] {processor.py:183} INFO - Processing /home/airflow/.local/lib/python3.8/site-packages/airflow/example_dags/example_task_group_decorator.py took 0.106 seconds
[2024-02-04T14:27:03.918+0000] {processor.py:161} INFO - Started process (PID=501) to work on /home/airflow/.local/lib/python3.8/site-packages/airflow/example_dags/example_task_group_decorator.py
[2024-02-04T14:27:03.920+0000] {processor.py:830} INFO - Processing file /home/airflow/.local/lib/python3.8/site-packages/airflow/example_dags/example_task_group_decorator.py for tasks to queue
[2024-02-04T14:27:03.923+0000] {logging_mixin.py:188} INFO - [2024-02-04T14:27:03.922+0000] {dagbag.py:538} INFO - Filling up the DagBag from /home/airflow/.local/lib/python3.8/site-packages/airflow/example_dags/example_task_group_decorator.py
[2024-02-04T14:27:03.941+0000] {processor.py:840} INFO - DAG(s) 'example_task_group_decorator' retrieved from /home/airflow/.local/lib/python3.8/site-packages/airflow/example_dags/example_task_group_decorator.py
[2024-02-04T14:27:03.971+0000] {logging_mixin.py:188} INFO - [2024-02-04T14:27:03.970+0000] {dag.py:3036} INFO - Sync 1 DAGs
[2024-02-04T14:27:03.993+0000] {logging_mixin.py:188} INFO - [2024-02-04T14:27:03.993+0000] {dag.py:3823} INFO - Setting next_dagrun for example_task_group_decorator to 2024-02-03 00:00:00+00:00, run_after=2024-02-04 00:00:00+00:00
[2024-02-04T14:27:04.015+0000] {processor.py:183} INFO - Processing /home/airflow/.local/lib/python3.8/site-packages/airflow/example_dags/example_task_group_decorator.py took 0.101 seconds
[2024-02-04T14:27:34.143+0000] {processor.py:161} INFO - Started process (PID=556) to work on /home/airflow/.local/lib/python3.8/site-packages/airflow/example_dags/example_task_group_decorator.py
[2024-02-04T14:27:34.143+0000] {processor.py:830} INFO - Processing file /home/airflow/.local/lib/python3.8/site-packages/airflow/example_dags/example_task_group_decorator.py for tasks to queue
[2024-02-04T14:27:34.145+0000] {logging_mixin.py:188} INFO - [2024-02-04T14:27:34.145+0000] {dagbag.py:538} INFO - Filling up the DagBag from /home/airflow/.local/lib/python3.8/site-packages/airflow/example_dags/example_task_group_decorator.py
[2024-02-04T14:27:34.165+0000] {processor.py:840} INFO - DAG(s) 'example_task_group_decorator' retrieved from /home/airflow/.local/lib/python3.8/site-packages/airflow/example_dags/example_task_group_decorator.py
[2024-02-04T14:27:34.195+0000] {logging_mixin.py:188} INFO - [2024-02-04T14:27:34.194+0000] {dag.py:3036} INFO - Sync 1 DAGs
[2024-02-04T14:27:34.218+0000] {logging_mixin.py:188} INFO - [2024-02-04T14:27:34.218+0000] {dag.py:3823} INFO - Setting next_dagrun for example_task_group_decorator to 2024-02-03 00:00:00+00:00, run_after=2024-02-04 00:00:00+00:00
[2024-02-04T14:27:34.239+0000] {processor.py:183} INFO - Processing /home/airflow/.local/lib/python3.8/site-packages/airflow/example_dags/example_task_group_decorator.py took 0.100 seconds
[2024-02-04T14:28:04.336+0000] {processor.py:161} INFO - Started process (PID=610) to work on /home/airflow/.local/lib/python3.8/site-packages/airflow/example_dags/example_task_group_decorator.py
[2024-02-04T14:28:04.337+0000] {processor.py:830} INFO - Processing file /home/airflow/.local/lib/python3.8/site-packages/airflow/example_dags/example_task_group_decorator.py for tasks to queue
[2024-02-04T14:28:04.339+0000] {logging_mixin.py:188} INFO - [2024-02-04T14:28:04.338+0000] {dagbag.py:538} INFO - Filling up the DagBag from /home/airflow/.local/lib/python3.8/site-packages/airflow/example_dags/example_task_group_decorator.py
[2024-02-04T14:28:04.365+0000] {processor.py:840} INFO - DAG(s) 'example_task_group_decorator' retrieved from /home/airflow/.local/lib/python3.8/site-packages/airflow/example_dags/example_task_group_decorator.py
[2024-02-04T14:28:04.403+0000] {logging_mixin.py:188} INFO - [2024-02-04T14:28:04.403+0000] {dag.py:3036} INFO - Sync 1 DAGs
[2024-02-04T14:28:04.431+0000] {logging_mixin.py:188} INFO - [2024-02-04T14:28:04.430+0000] {dag.py:3823} INFO - Setting next_dagrun for example_task_group_decorator to 2024-02-03 00:00:00+00:00, run_after=2024-02-04 00:00:00+00:00
[2024-02-04T14:28:04.450+0000] {processor.py:183} INFO - Processing /home/airflow/.local/lib/python3.8/site-packages/airflow/example_dags/example_task_group_decorator.py took 0.118 seconds
