[2024-02-04T14:13:16.485+0000] {processor.py:161} INFO - Started process (PID=69) to work on /home/airflow/.local/lib/python3.8/site-packages/airflow/example_dags/example_datasets.py
[2024-02-04T14:13:16.486+0000] {processor.py:830} INFO - Processing file /home/airflow/.local/lib/python3.8/site-packages/airflow/example_dags/example_datasets.py for tasks to queue
[2024-02-04T14:13:16.487+0000] {logging_mixin.py:188} INFO - [2024-02-04T14:13:16.487+0000] {dagbag.py:538} INFO - Filling up the DagBag from /home/airflow/.local/lib/python3.8/site-packages/airflow/example_dags/example_datasets.py
[2024-02-04T14:13:16.520+0000] {processor.py:840} INFO - DAG(s) 'dataset_consumes_unknown_never_scheduled', 'dataset_consumes_1', 'dataset_produces_1', 'dataset_produces_2', 'dataset_consumes_1_never_scheduled', 'dataset_consumes_1_and_2' retrieved from /home/airflow/.local/lib/python3.8/site-packages/airflow/example_dags/example_datasets.py
[2024-02-04T14:13:16.863+0000] {logging_mixin.py:188} INFO - [2024-02-04T14:13:16.863+0000] {dag.py:3036} INFO - Sync 6 DAGs
[2024-02-04T14:13:16.925+0000] {logging_mixin.py:188} INFO - [2024-02-04T14:13:16.925+0000] {dag.py:3823} INFO - Setting next_dagrun for dataset_consumes_1 to None, run_after=None
[2024-02-04T14:13:16.929+0000] {logging_mixin.py:188} INFO - [2024-02-04T14:13:16.929+0000] {dag.py:3823} INFO - Setting next_dagrun for dataset_consumes_1_and_2 to None, run_after=None
[2024-02-04T14:13:16.930+0000] {logging_mixin.py:188} INFO - [2024-02-04T14:13:16.930+0000] {dag.py:3823} INFO - Setting next_dagrun for dataset_consumes_1_never_scheduled to None, run_after=None
[2024-02-04T14:13:16.932+0000] {logging_mixin.py:188} INFO - [2024-02-04T14:13:16.931+0000] {dag.py:3823} INFO - Setting next_dagrun for dataset_consumes_unknown_never_scheduled to None, run_after=None
[2024-02-04T14:13:16.940+0000] {logging_mixin.py:188} INFO - [2024-02-04T14:13:16.940+0000] {dag.py:3823} INFO - Setting next_dagrun for dataset_produces_1 to 2024-02-03 00:00:00+00:00, run_after=2024-02-04 00:00:00+00:00
[2024-02-04T14:13:16.945+0000] {logging_mixin.py:188} INFO - [2024-02-04T14:13:16.945+0000] {dag.py:3823} INFO - Setting next_dagrun for dataset_produces_2 to None, run_after=None
[2024-02-04T14:13:17.027+0000] {processor.py:183} INFO - Processing /home/airflow/.local/lib/python3.8/site-packages/airflow/example_dags/example_datasets.py took 0.547 seconds
[2024-02-04T14:13:47.390+0000] {processor.py:161} INFO - Started process (PID=125) to work on /home/airflow/.local/lib/python3.8/site-packages/airflow/example_dags/example_datasets.py
[2024-02-04T14:13:47.391+0000] {processor.py:830} INFO - Processing file /home/airflow/.local/lib/python3.8/site-packages/airflow/example_dags/example_datasets.py for tasks to queue
[2024-02-04T14:13:47.393+0000] {logging_mixin.py:188} INFO - [2024-02-04T14:13:47.392+0000] {dagbag.py:538} INFO - Filling up the DagBag from /home/airflow/.local/lib/python3.8/site-packages/airflow/example_dags/example_datasets.py
[2024-02-04T14:13:47.404+0000] {processor.py:840} INFO - DAG(s) 'dataset_consumes_1', 'dataset_produces_2', 'dataset_consumes_1_never_scheduled', 'dataset_consumes_unknown_never_scheduled', 'dataset_produces_1', 'dataset_consumes_1_and_2' retrieved from /home/airflow/.local/lib/python3.8/site-packages/airflow/example_dags/example_datasets.py
[2024-02-04T14:13:47.444+0000] {logging_mixin.py:188} INFO - [2024-02-04T14:13:47.443+0000] {dag.py:3036} INFO - Sync 6 DAGs
[2024-02-04T14:13:47.467+0000] {logging_mixin.py:188} INFO - [2024-02-04T14:13:47.467+0000] {dag.py:3823} INFO - Setting next_dagrun for dataset_consumes_1 to None, run_after=None
[2024-02-04T14:13:47.471+0000] {logging_mixin.py:188} INFO - [2024-02-04T14:13:47.471+0000] {dag.py:3823} INFO - Setting next_dagrun for dataset_consumes_1_and_2 to None, run_after=None
[2024-02-04T14:13:47.473+0000] {logging_mixin.py:188} INFO - [2024-02-04T14:13:47.473+0000] {dag.py:3823} INFO - Setting next_dagrun for dataset_consumes_1_never_scheduled to None, run_after=None
[2024-02-04T14:13:47.474+0000] {logging_mixin.py:188} INFO - [2024-02-04T14:13:47.474+0000] {dag.py:3823} INFO - Setting next_dagrun for dataset_consumes_unknown_never_scheduled to None, run_after=None
[2024-02-04T14:13:47.478+0000] {logging_mixin.py:188} INFO - [2024-02-04T14:13:47.478+0000] {dag.py:3823} INFO - Setting next_dagrun for dataset_produces_1 to 2024-02-03 00:00:00+00:00, run_after=2024-02-04 00:00:00+00:00
[2024-02-04T14:13:47.479+0000] {logging_mixin.py:188} INFO - [2024-02-04T14:13:47.479+0000] {dag.py:3823} INFO - Setting next_dagrun for dataset_produces_2 to None, run_after=None
[2024-02-04T14:13:47.515+0000] {processor.py:183} INFO - Processing /home/airflow/.local/lib/python3.8/site-packages/airflow/example_dags/example_datasets.py took 0.128 seconds
[2024-02-04T14:14:18.036+0000] {processor.py:161} INFO - Started process (PID=180) to work on /home/airflow/.local/lib/python3.8/site-packages/airflow/example_dags/example_datasets.py
[2024-02-04T14:14:18.037+0000] {processor.py:830} INFO - Processing file /home/airflow/.local/lib/python3.8/site-packages/airflow/example_dags/example_datasets.py for tasks to queue
[2024-02-04T14:14:18.039+0000] {logging_mixin.py:188} INFO - [2024-02-04T14:14:18.039+0000] {dagbag.py:538} INFO - Filling up the DagBag from /home/airflow/.local/lib/python3.8/site-packages/airflow/example_dags/example_datasets.py
[2024-02-04T14:14:18.050+0000] {processor.py:840} INFO - DAG(s) 'dataset_produces_2', 'dataset_consumes_1', 'dataset_consumes_1_and_2', 'dataset_produces_1', 'dataset_consumes_1_never_scheduled', 'dataset_consumes_unknown_never_scheduled' retrieved from /home/airflow/.local/lib/python3.8/site-packages/airflow/example_dags/example_datasets.py
[2024-02-04T14:14:18.086+0000] {logging_mixin.py:188} INFO - [2024-02-04T14:14:18.086+0000] {dag.py:3036} INFO - Sync 6 DAGs
[2024-02-04T14:14:18.114+0000] {logging_mixin.py:188} INFO - [2024-02-04T14:14:18.113+0000] {dag.py:3823} INFO - Setting next_dagrun for dataset_consumes_1 to None, run_after=None
[2024-02-04T14:14:18.117+0000] {logging_mixin.py:188} INFO - [2024-02-04T14:14:18.117+0000] {dag.py:3823} INFO - Setting next_dagrun for dataset_consumes_1_and_2 to None, run_after=None
[2024-02-04T14:14:18.119+0000] {logging_mixin.py:188} INFO - [2024-02-04T14:14:18.118+0000] {dag.py:3823} INFO - Setting next_dagrun for dataset_consumes_1_never_scheduled to None, run_after=None
[2024-02-04T14:14:18.120+0000] {logging_mixin.py:188} INFO - [2024-02-04T14:14:18.120+0000] {dag.py:3823} INFO - Setting next_dagrun for dataset_consumes_unknown_never_scheduled to None, run_after=None
[2024-02-04T14:14:18.123+0000] {logging_mixin.py:188} INFO - [2024-02-04T14:14:18.123+0000] {dag.py:3823} INFO - Setting next_dagrun for dataset_produces_1 to 2024-02-03 00:00:00+00:00, run_after=2024-02-04 00:00:00+00:00
[2024-02-04T14:14:18.124+0000] {logging_mixin.py:188} INFO - [2024-02-04T14:14:18.124+0000] {dag.py:3823} INFO - Setting next_dagrun for dataset_produces_2 to None, run_after=None
[2024-02-04T14:14:18.168+0000] {processor.py:183} INFO - Processing /home/airflow/.local/lib/python3.8/site-packages/airflow/example_dags/example_datasets.py took 0.135 seconds
[2024-02-04T14:14:48.581+0000] {processor.py:161} INFO - Started process (PID=236) to work on /home/airflow/.local/lib/python3.8/site-packages/airflow/example_dags/example_datasets.py
[2024-02-04T14:14:48.582+0000] {processor.py:830} INFO - Processing file /home/airflow/.local/lib/python3.8/site-packages/airflow/example_dags/example_datasets.py for tasks to queue
[2024-02-04T14:14:48.591+0000] {logging_mixin.py:188} INFO - [2024-02-04T14:14:48.590+0000] {dagbag.py:538} INFO - Filling up the DagBag from /home/airflow/.local/lib/python3.8/site-packages/airflow/example_dags/example_datasets.py
[2024-02-04T14:14:48.608+0000] {processor.py:840} INFO - DAG(s) 'dataset_produces_2', 'dataset_consumes_unknown_never_scheduled', 'dataset_consumes_1_and_2', 'dataset_consumes_1', 'dataset_consumes_1_never_scheduled', 'dataset_produces_1' retrieved from /home/airflow/.local/lib/python3.8/site-packages/airflow/example_dags/example_datasets.py
[2024-02-04T14:14:48.645+0000] {logging_mixin.py:188} INFO - [2024-02-04T14:14:48.644+0000] {dag.py:3036} INFO - Sync 6 DAGs
[2024-02-04T14:14:48.669+0000] {logging_mixin.py:188} INFO - [2024-02-04T14:14:48.669+0000] {dag.py:3823} INFO - Setting next_dagrun for dataset_consumes_1 to None, run_after=None
[2024-02-04T14:14:48.675+0000] {logging_mixin.py:188} INFO - [2024-02-04T14:14:48.675+0000] {dag.py:3823} INFO - Setting next_dagrun for dataset_consumes_1_and_2 to None, run_after=None
[2024-02-04T14:14:48.677+0000] {logging_mixin.py:188} INFO - [2024-02-04T14:14:48.677+0000] {dag.py:3823} INFO - Setting next_dagrun for dataset_consumes_1_never_scheduled to None, run_after=None
[2024-02-04T14:14:48.678+0000] {logging_mixin.py:188} INFO - [2024-02-04T14:14:48.678+0000] {dag.py:3823} INFO - Setting next_dagrun for dataset_consumes_unknown_never_scheduled to None, run_after=None
[2024-02-04T14:14:48.682+0000] {logging_mixin.py:188} INFO - [2024-02-04T14:14:48.682+0000] {dag.py:3823} INFO - Setting next_dagrun for dataset_produces_1 to 2024-02-03 00:00:00+00:00, run_after=2024-02-04 00:00:00+00:00
[2024-02-04T14:14:48.684+0000] {logging_mixin.py:188} INFO - [2024-02-04T14:14:48.684+0000] {dag.py:3823} INFO - Setting next_dagrun for dataset_produces_2 to None, run_after=None
[2024-02-04T14:14:48.729+0000] {processor.py:183} INFO - Processing /home/airflow/.local/lib/python3.8/site-packages/airflow/example_dags/example_datasets.py took 0.152 seconds
[2024-02-04T14:16:38.153+0000] {processor.py:161} INFO - Started process (PID=69) to work on /home/airflow/.local/lib/python3.8/site-packages/airflow/example_dags/example_datasets.py
[2024-02-04T14:16:38.161+0000] {processor.py:830} INFO - Processing file /home/airflow/.local/lib/python3.8/site-packages/airflow/example_dags/example_datasets.py for tasks to queue
[2024-02-04T14:16:38.162+0000] {logging_mixin.py:188} INFO - [2024-02-04T14:16:38.162+0000] {dagbag.py:538} INFO - Filling up the DagBag from /home/airflow/.local/lib/python3.8/site-packages/airflow/example_dags/example_datasets.py
[2024-02-04T14:16:38.190+0000] {processor.py:840} INFO - DAG(s) 'dataset_produces_2', 'dataset_consumes_unknown_never_scheduled', 'dataset_consumes_1_never_scheduled', 'dataset_produces_1', 'dataset_consumes_1', 'dataset_consumes_1_and_2' retrieved from /home/airflow/.local/lib/python3.8/site-packages/airflow/example_dags/example_datasets.py
[2024-02-04T14:16:38.565+0000] {logging_mixin.py:188} INFO - [2024-02-04T14:16:38.564+0000] {dag.py:3036} INFO - Sync 6 DAGs
[2024-02-04T14:16:38.609+0000] {logging_mixin.py:188} INFO - [2024-02-04T14:16:38.609+0000] {dag.py:3823} INFO - Setting next_dagrun for dataset_consumes_1 to None, run_after=None
[2024-02-04T14:16:38.626+0000] {logging_mixin.py:188} INFO - [2024-02-04T14:16:38.626+0000] {dag.py:3823} INFO - Setting next_dagrun for dataset_consumes_1_and_2 to None, run_after=None
[2024-02-04T14:16:38.628+0000] {logging_mixin.py:188} INFO - [2024-02-04T14:16:38.628+0000] {dag.py:3823} INFO - Setting next_dagrun for dataset_consumes_1_never_scheduled to None, run_after=None
[2024-02-04T14:16:38.629+0000] {logging_mixin.py:188} INFO - [2024-02-04T14:16:38.629+0000] {dag.py:3823} INFO - Setting next_dagrun for dataset_consumes_unknown_never_scheduled to None, run_after=None
[2024-02-04T14:16:38.639+0000] {logging_mixin.py:188} INFO - [2024-02-04T14:16:38.639+0000] {dag.py:3823} INFO - Setting next_dagrun for dataset_produces_1 to 2024-02-03 00:00:00+00:00, run_after=2024-02-04 00:00:00+00:00
[2024-02-04T14:16:38.641+0000] {logging_mixin.py:188} INFO - [2024-02-04T14:16:38.641+0000] {dag.py:3823} INFO - Setting next_dagrun for dataset_produces_2 to None, run_after=None
[2024-02-04T14:16:38.727+0000] {processor.py:183} INFO - Processing /home/airflow/.local/lib/python3.8/site-packages/airflow/example_dags/example_datasets.py took 0.581 seconds
[2024-02-04T14:17:09.559+0000] {processor.py:161} INFO - Started process (PID=125) to work on /home/airflow/.local/lib/python3.8/site-packages/airflow/example_dags/example_datasets.py
[2024-02-04T14:17:09.559+0000] {processor.py:830} INFO - Processing file /home/airflow/.local/lib/python3.8/site-packages/airflow/example_dags/example_datasets.py for tasks to queue
[2024-02-04T14:17:09.561+0000] {logging_mixin.py:188} INFO - [2024-02-04T14:17:09.561+0000] {dagbag.py:538} INFO - Filling up the DagBag from /home/airflow/.local/lib/python3.8/site-packages/airflow/example_dags/example_datasets.py
[2024-02-04T14:17:09.575+0000] {processor.py:840} INFO - DAG(s) 'dataset_produces_2', 'dataset_consumes_unknown_never_scheduled', 'dataset_produces_1', 'dataset_consumes_1', 'dataset_consumes_1_and_2', 'dataset_consumes_1_never_scheduled' retrieved from /home/airflow/.local/lib/python3.8/site-packages/airflow/example_dags/example_datasets.py
[2024-02-04T14:17:09.663+0000] {logging_mixin.py:188} INFO - [2024-02-04T14:17:09.663+0000] {dag.py:3036} INFO - Sync 6 DAGs
[2024-02-04T14:17:09.696+0000] {logging_mixin.py:188} INFO - [2024-02-04T14:17:09.695+0000] {dag.py:3823} INFO - Setting next_dagrun for dataset_consumes_1 to None, run_after=None
[2024-02-04T14:17:09.700+0000] {logging_mixin.py:188} INFO - [2024-02-04T14:17:09.700+0000] {dag.py:3823} INFO - Setting next_dagrun for dataset_consumes_1_and_2 to None, run_after=None
[2024-02-04T14:17:09.702+0000] {logging_mixin.py:188} INFO - [2024-02-04T14:17:09.701+0000] {dag.py:3823} INFO - Setting next_dagrun for dataset_consumes_1_never_scheduled to None, run_after=None
[2024-02-04T14:17:09.706+0000] {logging_mixin.py:188} INFO - [2024-02-04T14:17:09.705+0000] {dag.py:3823} INFO - Setting next_dagrun for dataset_consumes_unknown_never_scheduled to None, run_after=None
[2024-02-04T14:17:09.709+0000] {logging_mixin.py:188} INFO - [2024-02-04T14:17:09.709+0000] {dag.py:3823} INFO - Setting next_dagrun for dataset_produces_1 to 2024-02-03 00:00:00+00:00, run_after=2024-02-04 00:00:00+00:00
[2024-02-04T14:17:09.710+0000] {logging_mixin.py:188} INFO - [2024-02-04T14:17:09.710+0000] {dag.py:3823} INFO - Setting next_dagrun for dataset_produces_2 to None, run_after=None
[2024-02-04T14:17:09.750+0000] {processor.py:183} INFO - Processing /home/airflow/.local/lib/python3.8/site-packages/airflow/example_dags/example_datasets.py took 0.195 seconds
[2024-02-04T14:17:40.092+0000] {processor.py:161} INFO - Started process (PID=181) to work on /home/airflow/.local/lib/python3.8/site-packages/airflow/example_dags/example_datasets.py
[2024-02-04T14:17:40.093+0000] {processor.py:830} INFO - Processing file /home/airflow/.local/lib/python3.8/site-packages/airflow/example_dags/example_datasets.py for tasks to queue
[2024-02-04T14:17:40.095+0000] {logging_mixin.py:188} INFO - [2024-02-04T14:17:40.095+0000] {dagbag.py:538} INFO - Filling up the DagBag from /home/airflow/.local/lib/python3.8/site-packages/airflow/example_dags/example_datasets.py
[2024-02-04T14:17:40.107+0000] {processor.py:840} INFO - DAG(s) 'dataset_consumes_1_and_2', 'dataset_consumes_unknown_never_scheduled', 'dataset_consumes_1', 'dataset_consumes_1_never_scheduled', 'dataset_produces_1', 'dataset_produces_2' retrieved from /home/airflow/.local/lib/python3.8/site-packages/airflow/example_dags/example_datasets.py
[2024-02-04T14:17:40.151+0000] {logging_mixin.py:188} INFO - [2024-02-04T14:17:40.151+0000] {dag.py:3036} INFO - Sync 6 DAGs
[2024-02-04T14:17:40.201+0000] {logging_mixin.py:188} INFO - [2024-02-04T14:17:40.200+0000] {dag.py:3823} INFO - Setting next_dagrun for dataset_consumes_1 to None, run_after=None
[2024-02-04T14:17:40.208+0000] {logging_mixin.py:188} INFO - [2024-02-04T14:17:40.208+0000] {dag.py:3823} INFO - Setting next_dagrun for dataset_consumes_1_and_2 to None, run_after=None
[2024-02-04T14:17:40.210+0000] {logging_mixin.py:188} INFO - [2024-02-04T14:17:40.209+0000] {dag.py:3823} INFO - Setting next_dagrun for dataset_consumes_1_never_scheduled to None, run_after=None
[2024-02-04T14:17:40.211+0000] {logging_mixin.py:188} INFO - [2024-02-04T14:17:40.211+0000] {dag.py:3823} INFO - Setting next_dagrun for dataset_consumes_unknown_never_scheduled to None, run_after=None
[2024-02-04T14:17:40.214+0000] {logging_mixin.py:188} INFO - [2024-02-04T14:17:40.214+0000] {dag.py:3823} INFO - Setting next_dagrun for dataset_produces_1 to 2024-02-03 00:00:00+00:00, run_after=2024-02-04 00:00:00+00:00
[2024-02-04T14:17:40.216+0000] {logging_mixin.py:188} INFO - [2024-02-04T14:17:40.215+0000] {dag.py:3823} INFO - Setting next_dagrun for dataset_produces_2 to None, run_after=None
[2024-02-04T14:17:40.252+0000] {processor.py:183} INFO - Processing /home/airflow/.local/lib/python3.8/site-packages/airflow/example_dags/example_datasets.py took 0.164 seconds
[2024-02-04T14:18:10.842+0000] {processor.py:161} INFO - Started process (PID=236) to work on /home/airflow/.local/lib/python3.8/site-packages/airflow/example_dags/example_datasets.py
[2024-02-04T14:18:10.843+0000] {processor.py:830} INFO - Processing file /home/airflow/.local/lib/python3.8/site-packages/airflow/example_dags/example_datasets.py for tasks to queue
[2024-02-04T14:18:10.845+0000] {logging_mixin.py:188} INFO - [2024-02-04T14:18:10.845+0000] {dagbag.py:538} INFO - Filling up the DagBag from /home/airflow/.local/lib/python3.8/site-packages/airflow/example_dags/example_datasets.py
[2024-02-04T14:18:10.857+0000] {processor.py:840} INFO - DAG(s) 'dataset_produces_2', 'dataset_consumes_1_and_2', 'dataset_produces_1', 'dataset_consumes_1', 'dataset_consumes_unknown_never_scheduled', 'dataset_consumes_1_never_scheduled' retrieved from /home/airflow/.local/lib/python3.8/site-packages/airflow/example_dags/example_datasets.py
[2024-02-04T14:18:10.901+0000] {logging_mixin.py:188} INFO - [2024-02-04T14:18:10.900+0000] {dag.py:3036} INFO - Sync 6 DAGs
[2024-02-04T14:18:10.927+0000] {logging_mixin.py:188} INFO - [2024-02-04T14:18:10.927+0000] {dag.py:3823} INFO - Setting next_dagrun for dataset_consumes_1 to None, run_after=None
[2024-02-04T14:18:10.931+0000] {logging_mixin.py:188} INFO - [2024-02-04T14:18:10.931+0000] {dag.py:3823} INFO - Setting next_dagrun for dataset_consumes_1_and_2 to None, run_after=None
[2024-02-04T14:18:10.932+0000] {logging_mixin.py:188} INFO - [2024-02-04T14:18:10.932+0000] {dag.py:3823} INFO - Setting next_dagrun for dataset_consumes_1_never_scheduled to None, run_after=None
[2024-02-04T14:18:10.934+0000] {logging_mixin.py:188} INFO - [2024-02-04T14:18:10.933+0000] {dag.py:3823} INFO - Setting next_dagrun for dataset_consumes_unknown_never_scheduled to None, run_after=None
[2024-02-04T14:18:10.937+0000] {logging_mixin.py:188} INFO - [2024-02-04T14:18:10.937+0000] {dag.py:3823} INFO - Setting next_dagrun for dataset_produces_1 to 2024-02-03 00:00:00+00:00, run_after=2024-02-04 00:00:00+00:00
[2024-02-04T14:18:10.939+0000] {logging_mixin.py:188} INFO - [2024-02-04T14:18:10.938+0000] {dag.py:3823} INFO - Setting next_dagrun for dataset_produces_2 to None, run_after=None
[2024-02-04T14:18:10.975+0000] {processor.py:183} INFO - Processing /home/airflow/.local/lib/python3.8/site-packages/airflow/example_dags/example_datasets.py took 0.136 seconds
[2024-02-04T14:18:41.488+0000] {processor.py:161} INFO - Started process (PID=292) to work on /home/airflow/.local/lib/python3.8/site-packages/airflow/example_dags/example_datasets.py
[2024-02-04T14:18:41.489+0000] {processor.py:830} INFO - Processing file /home/airflow/.local/lib/python3.8/site-packages/airflow/example_dags/example_datasets.py for tasks to queue
[2024-02-04T14:18:41.491+0000] {logging_mixin.py:188} INFO - [2024-02-04T14:18:41.490+0000] {dagbag.py:538} INFO - Filling up the DagBag from /home/airflow/.local/lib/python3.8/site-packages/airflow/example_dags/example_datasets.py
[2024-02-04T14:18:41.502+0000] {processor.py:840} INFO - DAG(s) 'dataset_produces_1', 'dataset_consumes_1_and_2', 'dataset_produces_2', 'dataset_consumes_unknown_never_scheduled', 'dataset_consumes_1', 'dataset_consumes_1_never_scheduled' retrieved from /home/airflow/.local/lib/python3.8/site-packages/airflow/example_dags/example_datasets.py
[2024-02-04T14:18:41.543+0000] {logging_mixin.py:188} INFO - [2024-02-04T14:18:41.543+0000] {dag.py:3036} INFO - Sync 6 DAGs
[2024-02-04T14:18:41.570+0000] {logging_mixin.py:188} INFO - [2024-02-04T14:18:41.569+0000] {dag.py:3823} INFO - Setting next_dagrun for dataset_consumes_1 to None, run_after=None
[2024-02-04T14:18:41.572+0000] {logging_mixin.py:188} INFO - [2024-02-04T14:18:41.572+0000] {dag.py:3823} INFO - Setting next_dagrun for dataset_consumes_1_and_2 to None, run_after=None
[2024-02-04T14:18:41.574+0000] {logging_mixin.py:188} INFO - [2024-02-04T14:18:41.574+0000] {dag.py:3823} INFO - Setting next_dagrun for dataset_consumes_1_never_scheduled to None, run_after=None
[2024-02-04T14:18:41.575+0000] {logging_mixin.py:188} INFO - [2024-02-04T14:18:41.575+0000] {dag.py:3823} INFO - Setting next_dagrun for dataset_consumes_unknown_never_scheduled to None, run_after=None
[2024-02-04T14:18:41.579+0000] {logging_mixin.py:188} INFO - [2024-02-04T14:18:41.579+0000] {dag.py:3823} INFO - Setting next_dagrun for dataset_produces_1 to 2024-02-03 00:00:00+00:00, run_after=2024-02-04 00:00:00+00:00
[2024-02-04T14:18:41.581+0000] {logging_mixin.py:188} INFO - [2024-02-04T14:18:41.581+0000] {dag.py:3823} INFO - Setting next_dagrun for dataset_produces_2 to None, run_after=None
[2024-02-04T14:18:41.617+0000] {processor.py:183} INFO - Processing /home/airflow/.local/lib/python3.8/site-packages/airflow/example_dags/example_datasets.py took 0.133 seconds
[2024-02-04T14:19:11.989+0000] {processor.py:161} INFO - Started process (PID=348) to work on /home/airflow/.local/lib/python3.8/site-packages/airflow/example_dags/example_datasets.py
[2024-02-04T14:19:11.991+0000] {processor.py:830} INFO - Processing file /home/airflow/.local/lib/python3.8/site-packages/airflow/example_dags/example_datasets.py for tasks to queue
[2024-02-04T14:19:11.993+0000] {logging_mixin.py:188} INFO - [2024-02-04T14:19:11.992+0000] {dagbag.py:538} INFO - Filling up the DagBag from /home/airflow/.local/lib/python3.8/site-packages/airflow/example_dags/example_datasets.py
[2024-02-04T14:19:12.006+0000] {processor.py:840} INFO - DAG(s) 'dataset_consumes_unknown_never_scheduled', 'dataset_produces_2', 'dataset_produces_1', 'dataset_consumes_1_and_2', 'dataset_consumes_1', 'dataset_consumes_1_never_scheduled' retrieved from /home/airflow/.local/lib/python3.8/site-packages/airflow/example_dags/example_datasets.py
[2024-02-04T14:19:12.053+0000] {logging_mixin.py:188} INFO - [2024-02-04T14:19:12.053+0000] {dag.py:3036} INFO - Sync 6 DAGs
[2024-02-04T14:19:12.083+0000] {logging_mixin.py:188} INFO - [2024-02-04T14:19:12.083+0000] {dag.py:3823} INFO - Setting next_dagrun for dataset_consumes_1 to None, run_after=None
[2024-02-04T14:19:12.086+0000] {logging_mixin.py:188} INFO - [2024-02-04T14:19:12.086+0000] {dag.py:3823} INFO - Setting next_dagrun for dataset_consumes_1_and_2 to None, run_after=None
[2024-02-04T14:19:12.087+0000] {logging_mixin.py:188} INFO - [2024-02-04T14:19:12.087+0000] {dag.py:3823} INFO - Setting next_dagrun for dataset_consumes_1_never_scheduled to None, run_after=None
[2024-02-04T14:19:12.088+0000] {logging_mixin.py:188} INFO - [2024-02-04T14:19:12.088+0000] {dag.py:3823} INFO - Setting next_dagrun for dataset_consumes_unknown_never_scheduled to None, run_after=None
[2024-02-04T14:19:12.092+0000] {logging_mixin.py:188} INFO - [2024-02-04T14:19:12.092+0000] {dag.py:3823} INFO - Setting next_dagrun for dataset_produces_1 to 2024-02-03 00:00:00+00:00, run_after=2024-02-04 00:00:00+00:00
[2024-02-04T14:19:12.093+0000] {logging_mixin.py:188} INFO - [2024-02-04T14:19:12.093+0000] {dag.py:3823} INFO - Setting next_dagrun for dataset_produces_2 to None, run_after=None
[2024-02-04T14:19:12.133+0000] {processor.py:183} INFO - Processing /home/airflow/.local/lib/python3.8/site-packages/airflow/example_dags/example_datasets.py took 0.147 seconds
[2024-02-04T14:23:03.196+0000] {processor.py:161} INFO - Started process (PID=70) to work on /home/airflow/.local/lib/python3.8/site-packages/airflow/example_dags/example_datasets.py
[2024-02-04T14:23:03.205+0000] {processor.py:830} INFO - Processing file /home/airflow/.local/lib/python3.8/site-packages/airflow/example_dags/example_datasets.py for tasks to queue
[2024-02-04T14:23:03.206+0000] {logging_mixin.py:188} INFO - [2024-02-04T14:23:03.206+0000] {dagbag.py:538} INFO - Filling up the DagBag from /home/airflow/.local/lib/python3.8/site-packages/airflow/example_dags/example_datasets.py
[2024-02-04T14:23:03.227+0000] {processor.py:840} INFO - DAG(s) 'dataset_produces_1', 'dataset_consumes_unknown_never_scheduled', 'dataset_consumes_1_never_scheduled', 'dataset_produces_2', 'dataset_consumes_1_and_2', 'dataset_consumes_1' retrieved from /home/airflow/.local/lib/python3.8/site-packages/airflow/example_dags/example_datasets.py
[2024-02-04T14:23:03.559+0000] {logging_mixin.py:188} INFO - [2024-02-04T14:23:03.558+0000] {dag.py:3036} INFO - Sync 6 DAGs
[2024-02-04T14:23:03.618+0000] {logging_mixin.py:188} INFO - [2024-02-04T14:23:03.618+0000] {dag.py:3823} INFO - Setting next_dagrun for dataset_consumes_1 to None, run_after=None
[2024-02-04T14:23:03.623+0000] {logging_mixin.py:188} INFO - [2024-02-04T14:23:03.623+0000] {dag.py:3823} INFO - Setting next_dagrun for dataset_consumes_1_and_2 to None, run_after=None
[2024-02-04T14:23:03.630+0000] {logging_mixin.py:188} INFO - [2024-02-04T14:23:03.630+0000] {dag.py:3823} INFO - Setting next_dagrun for dataset_consumes_1_never_scheduled to None, run_after=None
[2024-02-04T14:23:03.637+0000] {logging_mixin.py:188} INFO - [2024-02-04T14:23:03.637+0000] {dag.py:3823} INFO - Setting next_dagrun for dataset_consumes_unknown_never_scheduled to None, run_after=None
[2024-02-04T14:23:03.640+0000] {logging_mixin.py:188} INFO - [2024-02-04T14:23:03.640+0000] {dag.py:3823} INFO - Setting next_dagrun for dataset_produces_1 to 2024-02-03 00:00:00+00:00, run_after=2024-02-04 00:00:00+00:00
[2024-02-04T14:23:03.644+0000] {logging_mixin.py:188} INFO - [2024-02-04T14:23:03.644+0000] {dag.py:3823} INFO - Setting next_dagrun for dataset_produces_2 to None, run_after=None
[2024-02-04T14:23:03.774+0000] {processor.py:183} INFO - Processing /home/airflow/.local/lib/python3.8/site-packages/airflow/example_dags/example_datasets.py took 0.582 seconds
[2024-02-04T14:23:33.983+0000] {processor.py:161} INFO - Started process (PID=125) to work on /home/airflow/.local/lib/python3.8/site-packages/airflow/example_dags/example_datasets.py
[2024-02-04T14:23:33.984+0000] {processor.py:830} INFO - Processing file /home/airflow/.local/lib/python3.8/site-packages/airflow/example_dags/example_datasets.py for tasks to queue
[2024-02-04T14:23:33.986+0000] {logging_mixin.py:188} INFO - [2024-02-04T14:23:33.986+0000] {dagbag.py:538} INFO - Filling up the DagBag from /home/airflow/.local/lib/python3.8/site-packages/airflow/example_dags/example_datasets.py
[2024-02-04T14:23:33.998+0000] {processor.py:840} INFO - DAG(s) 'dataset_consumes_unknown_never_scheduled', 'dataset_produces_2', 'dataset_consumes_1_never_scheduled', 'dataset_produces_1', 'dataset_consumes_1_and_2', 'dataset_consumes_1' retrieved from /home/airflow/.local/lib/python3.8/site-packages/airflow/example_dags/example_datasets.py
[2024-02-04T14:23:34.035+0000] {logging_mixin.py:188} INFO - [2024-02-04T14:23:34.035+0000] {dag.py:3036} INFO - Sync 6 DAGs
[2024-02-04T14:23:34.060+0000] {logging_mixin.py:188} INFO - [2024-02-04T14:23:34.060+0000] {dag.py:3823} INFO - Setting next_dagrun for dataset_consumes_1 to None, run_after=None
[2024-02-04T14:23:34.069+0000] {logging_mixin.py:188} INFO - [2024-02-04T14:23:34.069+0000] {dag.py:3823} INFO - Setting next_dagrun for dataset_consumes_1_and_2 to None, run_after=None
[2024-02-04T14:23:34.071+0000] {logging_mixin.py:188} INFO - [2024-02-04T14:23:34.070+0000] {dag.py:3823} INFO - Setting next_dagrun for dataset_consumes_1_never_scheduled to None, run_after=None
[2024-02-04T14:23:34.072+0000] {logging_mixin.py:188} INFO - [2024-02-04T14:23:34.072+0000] {dag.py:3823} INFO - Setting next_dagrun for dataset_consumes_unknown_never_scheduled to None, run_after=None
[2024-02-04T14:23:34.076+0000] {logging_mixin.py:188} INFO - [2024-02-04T14:23:34.075+0000] {dag.py:3823} INFO - Setting next_dagrun for dataset_produces_1 to 2024-02-03 00:00:00+00:00, run_after=2024-02-04 00:00:00+00:00
[2024-02-04T14:23:34.078+0000] {logging_mixin.py:188} INFO - [2024-02-04T14:23:34.078+0000] {dag.py:3823} INFO - Setting next_dagrun for dataset_produces_2 to None, run_after=None
[2024-02-04T14:23:34.134+0000] {processor.py:183} INFO - Processing /home/airflow/.local/lib/python3.8/site-packages/airflow/example_dags/example_datasets.py took 0.154 seconds
[2024-02-04T14:24:04.584+0000] {processor.py:161} INFO - Started process (PID=181) to work on /home/airflow/.local/lib/python3.8/site-packages/airflow/example_dags/example_datasets.py
[2024-02-04T14:24:04.586+0000] {processor.py:830} INFO - Processing file /home/airflow/.local/lib/python3.8/site-packages/airflow/example_dags/example_datasets.py for tasks to queue
[2024-02-04T14:24:04.588+0000] {logging_mixin.py:188} INFO - [2024-02-04T14:24:04.587+0000] {dagbag.py:538} INFO - Filling up the DagBag from /home/airflow/.local/lib/python3.8/site-packages/airflow/example_dags/example_datasets.py
[2024-02-04T14:24:04.599+0000] {processor.py:840} INFO - DAG(s) 'dataset_produces_1', 'dataset_consumes_1_and_2', 'dataset_consumes_1', 'dataset_consumes_1_never_scheduled', 'dataset_consumes_unknown_never_scheduled', 'dataset_produces_2' retrieved from /home/airflow/.local/lib/python3.8/site-packages/airflow/example_dags/example_datasets.py
[2024-02-04T14:24:04.636+0000] {logging_mixin.py:188} INFO - [2024-02-04T14:24:04.636+0000] {dag.py:3036} INFO - Sync 6 DAGs
[2024-02-04T14:24:04.661+0000] {logging_mixin.py:188} INFO - [2024-02-04T14:24:04.661+0000] {dag.py:3823} INFO - Setting next_dagrun for dataset_consumes_1 to None, run_after=None
[2024-02-04T14:24:04.665+0000] {logging_mixin.py:188} INFO - [2024-02-04T14:24:04.665+0000] {dag.py:3823} INFO - Setting next_dagrun for dataset_consumes_1_and_2 to None, run_after=None
[2024-02-04T14:24:04.667+0000] {logging_mixin.py:188} INFO - [2024-02-04T14:24:04.666+0000] {dag.py:3823} INFO - Setting next_dagrun for dataset_consumes_1_never_scheduled to None, run_after=None
[2024-02-04T14:24:04.668+0000] {logging_mixin.py:188} INFO - [2024-02-04T14:24:04.668+0000] {dag.py:3823} INFO - Setting next_dagrun for dataset_consumes_unknown_never_scheduled to None, run_after=None
[2024-02-04T14:24:04.672+0000] {logging_mixin.py:188} INFO - [2024-02-04T14:24:04.672+0000] {dag.py:3823} INFO - Setting next_dagrun for dataset_produces_1 to 2024-02-03 00:00:00+00:00, run_after=2024-02-04 00:00:00+00:00
[2024-02-04T14:24:04.673+0000] {logging_mixin.py:188} INFO - [2024-02-04T14:24:04.673+0000] {dag.py:3823} INFO - Setting next_dagrun for dataset_produces_2 to None, run_after=None
[2024-02-04T14:24:04.715+0000] {processor.py:183} INFO - Processing /home/airflow/.local/lib/python3.8/site-packages/airflow/example_dags/example_datasets.py took 0.135 seconds
[2024-02-04T14:24:35.253+0000] {processor.py:161} INFO - Started process (PID=236) to work on /home/airflow/.local/lib/python3.8/site-packages/airflow/example_dags/example_datasets.py
[2024-02-04T14:24:35.254+0000] {processor.py:830} INFO - Processing file /home/airflow/.local/lib/python3.8/site-packages/airflow/example_dags/example_datasets.py for tasks to queue
[2024-02-04T14:24:35.256+0000] {logging_mixin.py:188} INFO - [2024-02-04T14:24:35.256+0000] {dagbag.py:538} INFO - Filling up the DagBag from /home/airflow/.local/lib/python3.8/site-packages/airflow/example_dags/example_datasets.py
[2024-02-04T14:24:35.267+0000] {processor.py:840} INFO - DAG(s) 'dataset_consumes_unknown_never_scheduled', 'dataset_produces_2', 'dataset_consumes_1', 'dataset_produces_1', 'dataset_consumes_1_and_2', 'dataset_consumes_1_never_scheduled' retrieved from /home/airflow/.local/lib/python3.8/site-packages/airflow/example_dags/example_datasets.py
[2024-02-04T14:24:35.307+0000] {logging_mixin.py:188} INFO - [2024-02-04T14:24:35.307+0000] {dag.py:3036} INFO - Sync 6 DAGs
[2024-02-04T14:24:35.333+0000] {logging_mixin.py:188} INFO - [2024-02-04T14:24:35.333+0000] {dag.py:3823} INFO - Setting next_dagrun for dataset_consumes_1 to None, run_after=None
[2024-02-04T14:24:35.337+0000] {logging_mixin.py:188} INFO - [2024-02-04T14:24:35.337+0000] {dag.py:3823} INFO - Setting next_dagrun for dataset_consumes_1_and_2 to None, run_after=None
[2024-02-04T14:24:35.338+0000] {logging_mixin.py:188} INFO - [2024-02-04T14:24:35.338+0000] {dag.py:3823} INFO - Setting next_dagrun for dataset_consumes_1_never_scheduled to None, run_after=None
[2024-02-04T14:24:35.340+0000] {logging_mixin.py:188} INFO - [2024-02-04T14:24:35.339+0000] {dag.py:3823} INFO - Setting next_dagrun for dataset_consumes_unknown_never_scheduled to None, run_after=None
[2024-02-04T14:24:35.343+0000] {logging_mixin.py:188} INFO - [2024-02-04T14:24:35.343+0000] {dag.py:3823} INFO - Setting next_dagrun for dataset_produces_1 to 2024-02-03 00:00:00+00:00, run_after=2024-02-04 00:00:00+00:00
[2024-02-04T14:24:35.344+0000] {logging_mixin.py:188} INFO - [2024-02-04T14:24:35.344+0000] {dag.py:3823} INFO - Setting next_dagrun for dataset_produces_2 to None, run_after=None
[2024-02-04T14:24:35.383+0000] {processor.py:183} INFO - Processing /home/airflow/.local/lib/python3.8/site-packages/airflow/example_dags/example_datasets.py took 0.133 seconds
[2024-02-04T14:25:06.186+0000] {processor.py:161} INFO - Started process (PID=291) to work on /home/airflow/.local/lib/python3.8/site-packages/airflow/example_dags/example_datasets.py
[2024-02-04T14:25:06.187+0000] {processor.py:830} INFO - Processing file /home/airflow/.local/lib/python3.8/site-packages/airflow/example_dags/example_datasets.py for tasks to queue
[2024-02-04T14:25:06.188+0000] {logging_mixin.py:188} INFO - [2024-02-04T14:25:06.188+0000] {dagbag.py:538} INFO - Filling up the DagBag from /home/airflow/.local/lib/python3.8/site-packages/airflow/example_dags/example_datasets.py
[2024-02-04T14:25:06.200+0000] {processor.py:840} INFO - DAG(s) 'dataset_consumes_1', 'dataset_consumes_unknown_never_scheduled', 'dataset_consumes_1_never_scheduled', 'dataset_produces_1', 'dataset_produces_2', 'dataset_consumes_1_and_2' retrieved from /home/airflow/.local/lib/python3.8/site-packages/airflow/example_dags/example_datasets.py
[2024-02-04T14:25:06.254+0000] {logging_mixin.py:188} INFO - [2024-02-04T14:25:06.253+0000] {dag.py:3036} INFO - Sync 6 DAGs
[2024-02-04T14:25:06.276+0000] {logging_mixin.py:188} INFO - [2024-02-04T14:25:06.276+0000] {dag.py:3823} INFO - Setting next_dagrun for dataset_consumes_1 to None, run_after=None
[2024-02-04T14:25:06.279+0000] {logging_mixin.py:188} INFO - [2024-02-04T14:25:06.279+0000] {dag.py:3823} INFO - Setting next_dagrun for dataset_consumes_1_and_2 to None, run_after=None
[2024-02-04T14:25:06.281+0000] {logging_mixin.py:188} INFO - [2024-02-04T14:25:06.281+0000] {dag.py:3823} INFO - Setting next_dagrun for dataset_consumes_1_never_scheduled to None, run_after=None
[2024-02-04T14:25:06.282+0000] {logging_mixin.py:188} INFO - [2024-02-04T14:25:06.282+0000] {dag.py:3823} INFO - Setting next_dagrun for dataset_consumes_unknown_never_scheduled to None, run_after=None
[2024-02-04T14:25:06.286+0000] {logging_mixin.py:188} INFO - [2024-02-04T14:25:06.285+0000] {dag.py:3823} INFO - Setting next_dagrun for dataset_produces_1 to 2024-02-03 00:00:00+00:00, run_after=2024-02-04 00:00:00+00:00
[2024-02-04T14:25:06.287+0000] {logging_mixin.py:188} INFO - [2024-02-04T14:25:06.287+0000] {dag.py:3823} INFO - Setting next_dagrun for dataset_produces_2 to None, run_after=None
[2024-02-04T14:25:06.326+0000] {processor.py:183} INFO - Processing /home/airflow/.local/lib/python3.8/site-packages/airflow/example_dags/example_datasets.py took 0.144 seconds
[2024-02-04T14:25:37.279+0000] {processor.py:161} INFO - Started process (PID=347) to work on /home/airflow/.local/lib/python3.8/site-packages/airflow/example_dags/example_datasets.py
[2024-02-04T14:25:37.280+0000] {processor.py:830} INFO - Processing file /home/airflow/.local/lib/python3.8/site-packages/airflow/example_dags/example_datasets.py for tasks to queue
[2024-02-04T14:25:37.282+0000] {logging_mixin.py:188} INFO - [2024-02-04T14:25:37.282+0000] {dagbag.py:538} INFO - Filling up the DagBag from /home/airflow/.local/lib/python3.8/site-packages/airflow/example_dags/example_datasets.py
[2024-02-04T14:25:37.295+0000] {processor.py:840} INFO - DAG(s) 'dataset_consumes_unknown_never_scheduled', 'dataset_consumes_1_never_scheduled', 'dataset_produces_2', 'dataset_consumes_1', 'dataset_consumes_1_and_2', 'dataset_produces_1' retrieved from /home/airflow/.local/lib/python3.8/site-packages/airflow/example_dags/example_datasets.py
[2024-02-04T14:25:37.335+0000] {logging_mixin.py:188} INFO - [2024-02-04T14:25:37.335+0000] {dag.py:3036} INFO - Sync 6 DAGs
[2024-02-04T14:25:37.359+0000] {logging_mixin.py:188} INFO - [2024-02-04T14:25:37.358+0000] {dag.py:3823} INFO - Setting next_dagrun for dataset_consumes_1 to None, run_after=None
[2024-02-04T14:25:37.362+0000] {logging_mixin.py:188} INFO - [2024-02-04T14:25:37.362+0000] {dag.py:3823} INFO - Setting next_dagrun for dataset_consumes_1_and_2 to None, run_after=None
[2024-02-04T14:25:37.364+0000] {logging_mixin.py:188} INFO - [2024-02-04T14:25:37.363+0000] {dag.py:3823} INFO - Setting next_dagrun for dataset_consumes_1_never_scheduled to None, run_after=None
[2024-02-04T14:25:37.365+0000] {logging_mixin.py:188} INFO - [2024-02-04T14:25:37.365+0000] {dag.py:3823} INFO - Setting next_dagrun for dataset_consumes_unknown_never_scheduled to None, run_after=None
[2024-02-04T14:25:37.369+0000] {logging_mixin.py:188} INFO - [2024-02-04T14:25:37.368+0000] {dag.py:3823} INFO - Setting next_dagrun for dataset_produces_1 to 2024-02-03 00:00:00+00:00, run_after=2024-02-04 00:00:00+00:00
[2024-02-04T14:25:37.370+0000] {logging_mixin.py:188} INFO - [2024-02-04T14:25:37.370+0000] {dag.py:3823} INFO - Setting next_dagrun for dataset_produces_2 to None, run_after=None
[2024-02-04T14:25:37.427+0000] {processor.py:183} INFO - Processing /home/airflow/.local/lib/python3.8/site-packages/airflow/example_dags/example_datasets.py took 0.152 seconds
[2024-02-04T14:26:08.148+0000] {processor.py:161} INFO - Started process (PID=403) to work on /home/airflow/.local/lib/python3.8/site-packages/airflow/example_dags/example_datasets.py
[2024-02-04T14:26:08.149+0000] {processor.py:830} INFO - Processing file /home/airflow/.local/lib/python3.8/site-packages/airflow/example_dags/example_datasets.py for tasks to queue
[2024-02-04T14:26:08.151+0000] {logging_mixin.py:188} INFO - [2024-02-04T14:26:08.151+0000] {dagbag.py:538} INFO - Filling up the DagBag from /home/airflow/.local/lib/python3.8/site-packages/airflow/example_dags/example_datasets.py
[2024-02-04T14:26:08.204+0000] {processor.py:840} INFO - DAG(s) 'dataset_produces_2', 'dataset_produces_1', 'dataset_consumes_1', 'dataset_consumes_1_never_scheduled', 'dataset_consumes_1_and_2', 'dataset_consumes_unknown_never_scheduled' retrieved from /home/airflow/.local/lib/python3.8/site-packages/airflow/example_dags/example_datasets.py
[2024-02-04T14:26:08.352+0000] {logging_mixin.py:188} INFO - [2024-02-04T14:26:08.351+0000] {dag.py:3036} INFO - Sync 6 DAGs
[2024-02-04T14:26:08.471+0000] {logging_mixin.py:188} INFO - [2024-02-04T14:26:08.471+0000] {dag.py:3823} INFO - Setting next_dagrun for dataset_consumes_1 to None, run_after=None
[2024-02-04T14:26:08.501+0000] {logging_mixin.py:188} INFO - [2024-02-04T14:26:08.501+0000] {dag.py:3823} INFO - Setting next_dagrun for dataset_consumes_1_and_2 to None, run_after=None
[2024-02-04T14:26:08.503+0000] {logging_mixin.py:188} INFO - [2024-02-04T14:26:08.503+0000] {dag.py:3823} INFO - Setting next_dagrun for dataset_consumes_1_never_scheduled to None, run_after=None
[2024-02-04T14:26:08.517+0000] {logging_mixin.py:188} INFO - [2024-02-04T14:26:08.517+0000] {dag.py:3823} INFO - Setting next_dagrun for dataset_consumes_unknown_never_scheduled to None, run_after=None
[2024-02-04T14:26:08.522+0000] {logging_mixin.py:188} INFO - [2024-02-04T14:26:08.521+0000] {dag.py:3823} INFO - Setting next_dagrun for dataset_produces_1 to 2024-02-03 00:00:00+00:00, run_after=2024-02-04 00:00:00+00:00
[2024-02-04T14:26:08.524+0000] {logging_mixin.py:188} INFO - [2024-02-04T14:26:08.523+0000] {dag.py:3823} INFO - Setting next_dagrun for dataset_produces_2 to None, run_after=None
[2024-02-04T14:26:08.622+0000] {processor.py:183} INFO - Processing /home/airflow/.local/lib/python3.8/site-packages/airflow/example_dags/example_datasets.py took 0.490 seconds
[2024-02-04T14:26:38.697+0000] {processor.py:161} INFO - Started process (PID=458) to work on /home/airflow/.local/lib/python3.8/site-packages/airflow/example_dags/example_datasets.py
[2024-02-04T14:26:38.698+0000] {processor.py:830} INFO - Processing file /home/airflow/.local/lib/python3.8/site-packages/airflow/example_dags/example_datasets.py for tasks to queue
[2024-02-04T14:26:38.700+0000] {logging_mixin.py:188} INFO - [2024-02-04T14:26:38.700+0000] {dagbag.py:538} INFO - Filling up the DagBag from /home/airflow/.local/lib/python3.8/site-packages/airflow/example_dags/example_datasets.py
[2024-02-04T14:26:38.711+0000] {processor.py:840} INFO - DAG(s) 'dataset_produces_1', 'dataset_consumes_1_and_2', 'dataset_consumes_1_never_scheduled', 'dataset_consumes_unknown_never_scheduled', 'dataset_produces_2', 'dataset_consumes_1' retrieved from /home/airflow/.local/lib/python3.8/site-packages/airflow/example_dags/example_datasets.py
[2024-02-04T14:26:38.751+0000] {logging_mixin.py:188} INFO - [2024-02-04T14:26:38.750+0000] {dag.py:3036} INFO - Sync 6 DAGs
[2024-02-04T14:26:38.775+0000] {logging_mixin.py:188} INFO - [2024-02-04T14:26:38.775+0000] {dag.py:3823} INFO - Setting next_dagrun for dataset_consumes_1 to None, run_after=None
[2024-02-04T14:26:38.779+0000] {logging_mixin.py:188} INFO - [2024-02-04T14:26:38.779+0000] {dag.py:3823} INFO - Setting next_dagrun for dataset_consumes_1_and_2 to None, run_after=None
[2024-02-04T14:26:38.781+0000] {logging_mixin.py:188} INFO - [2024-02-04T14:26:38.781+0000] {dag.py:3823} INFO - Setting next_dagrun for dataset_consumes_1_never_scheduled to None, run_after=None
[2024-02-04T14:26:38.782+0000] {logging_mixin.py:188} INFO - [2024-02-04T14:26:38.782+0000] {dag.py:3823} INFO - Setting next_dagrun for dataset_consumes_unknown_never_scheduled to None, run_after=None
[2024-02-04T14:26:38.785+0000] {logging_mixin.py:188} INFO - [2024-02-04T14:26:38.785+0000] {dag.py:3823} INFO - Setting next_dagrun for dataset_produces_1 to 2024-02-03 00:00:00+00:00, run_after=2024-02-04 00:00:00+00:00
[2024-02-04T14:26:38.786+0000] {logging_mixin.py:188} INFO - [2024-02-04T14:26:38.786+0000] {dag.py:3823} INFO - Setting next_dagrun for dataset_produces_2 to None, run_after=None
[2024-02-04T14:26:38.824+0000] {processor.py:183} INFO - Processing /home/airflow/.local/lib/python3.8/site-packages/airflow/example_dags/example_datasets.py took 0.131 seconds
[2024-02-04T14:27:09.625+0000] {processor.py:161} INFO - Started process (PID=513) to work on /home/airflow/.local/lib/python3.8/site-packages/airflow/example_dags/example_datasets.py
[2024-02-04T14:27:09.626+0000] {processor.py:830} INFO - Processing file /home/airflow/.local/lib/python3.8/site-packages/airflow/example_dags/example_datasets.py for tasks to queue
[2024-02-04T14:27:09.628+0000] {logging_mixin.py:188} INFO - [2024-02-04T14:27:09.628+0000] {dagbag.py:538} INFO - Filling up the DagBag from /home/airflow/.local/lib/python3.8/site-packages/airflow/example_dags/example_datasets.py
[2024-02-04T14:27:09.639+0000] {processor.py:840} INFO - DAG(s) 'dataset_consumes_unknown_never_scheduled', 'dataset_consumes_1', 'dataset_consumes_1_and_2', 'dataset_produces_1', 'dataset_produces_2', 'dataset_consumes_1_never_scheduled' retrieved from /home/airflow/.local/lib/python3.8/site-packages/airflow/example_dags/example_datasets.py
[2024-02-04T14:27:09.676+0000] {logging_mixin.py:188} INFO - [2024-02-04T14:27:09.676+0000] {dag.py:3036} INFO - Sync 6 DAGs
[2024-02-04T14:27:09.700+0000] {logging_mixin.py:188} INFO - [2024-02-04T14:27:09.700+0000] {dag.py:3823} INFO - Setting next_dagrun for dataset_consumes_1 to None, run_after=None
[2024-02-04T14:27:09.704+0000] {logging_mixin.py:188} INFO - [2024-02-04T14:27:09.704+0000] {dag.py:3823} INFO - Setting next_dagrun for dataset_consumes_1_and_2 to None, run_after=None
[2024-02-04T14:27:09.706+0000] {logging_mixin.py:188} INFO - [2024-02-04T14:27:09.706+0000] {dag.py:3823} INFO - Setting next_dagrun for dataset_consumes_1_never_scheduled to None, run_after=None
[2024-02-04T14:27:09.707+0000] {logging_mixin.py:188} INFO - [2024-02-04T14:27:09.707+0000] {dag.py:3823} INFO - Setting next_dagrun for dataset_consumes_unknown_never_scheduled to None, run_after=None
[2024-02-04T14:27:09.711+0000] {logging_mixin.py:188} INFO - [2024-02-04T14:27:09.711+0000] {dag.py:3823} INFO - Setting next_dagrun for dataset_produces_1 to 2024-02-03 00:00:00+00:00, run_after=2024-02-04 00:00:00+00:00
[2024-02-04T14:27:09.713+0000] {logging_mixin.py:188} INFO - [2024-02-04T14:27:09.712+0000] {dag.py:3823} INFO - Setting next_dagrun for dataset_produces_2 to None, run_after=None
[2024-02-04T14:27:09.757+0000] {processor.py:183} INFO - Processing /home/airflow/.local/lib/python3.8/site-packages/airflow/example_dags/example_datasets.py took 0.136 seconds
[2024-02-04T14:27:39.866+0000] {processor.py:161} INFO - Started process (PID=568) to work on /home/airflow/.local/lib/python3.8/site-packages/airflow/example_dags/example_datasets.py
[2024-02-04T14:27:39.867+0000] {processor.py:830} INFO - Processing file /home/airflow/.local/lib/python3.8/site-packages/airflow/example_dags/example_datasets.py for tasks to queue
[2024-02-04T14:27:39.869+0000] {logging_mixin.py:188} INFO - [2024-02-04T14:27:39.869+0000] {dagbag.py:538} INFO - Filling up the DagBag from /home/airflow/.local/lib/python3.8/site-packages/airflow/example_dags/example_datasets.py
[2024-02-04T14:27:39.880+0000] {processor.py:840} INFO - DAG(s) 'dataset_produces_1', 'dataset_produces_2', 'dataset_consumes_unknown_never_scheduled', 'dataset_consumes_1_never_scheduled', 'dataset_consumes_1', 'dataset_consumes_1_and_2' retrieved from /home/airflow/.local/lib/python3.8/site-packages/airflow/example_dags/example_datasets.py
[2024-02-04T14:27:39.921+0000] {logging_mixin.py:188} INFO - [2024-02-04T14:27:39.921+0000] {dag.py:3036} INFO - Sync 6 DAGs
[2024-02-04T14:27:39.950+0000] {logging_mixin.py:188} INFO - [2024-02-04T14:27:39.949+0000] {dag.py:3823} INFO - Setting next_dagrun for dataset_consumes_1 to None, run_after=None
[2024-02-04T14:27:39.954+0000] {logging_mixin.py:188} INFO - [2024-02-04T14:27:39.953+0000] {dag.py:3823} INFO - Setting next_dagrun for dataset_consumes_1_and_2 to None, run_after=None
[2024-02-04T14:27:39.955+0000] {logging_mixin.py:188} INFO - [2024-02-04T14:27:39.955+0000] {dag.py:3823} INFO - Setting next_dagrun for dataset_consumes_1_never_scheduled to None, run_after=None
[2024-02-04T14:27:39.956+0000] {logging_mixin.py:188} INFO - [2024-02-04T14:27:39.956+0000] {dag.py:3823} INFO - Setting next_dagrun for dataset_consumes_unknown_never_scheduled to None, run_after=None
[2024-02-04T14:27:39.960+0000] {logging_mixin.py:188} INFO - [2024-02-04T14:27:39.960+0000] {dag.py:3823} INFO - Setting next_dagrun for dataset_produces_1 to 2024-02-03 00:00:00+00:00, run_after=2024-02-04 00:00:00+00:00
[2024-02-04T14:27:39.962+0000] {logging_mixin.py:188} INFO - [2024-02-04T14:27:39.962+0000] {dag.py:3823} INFO - Setting next_dagrun for dataset_produces_2 to None, run_after=None
[2024-02-04T14:27:39.999+0000] {processor.py:183} INFO - Processing /home/airflow/.local/lib/python3.8/site-packages/airflow/example_dags/example_datasets.py took 0.136 seconds
