[2024-02-04T14:13:07.063+0000] {processor.py:161} INFO - Started process (PID=41) to work on /home/airflow/.local/lib/python3.8/site-packages/airflow/example_dags/example_branch_labels.py
[2024-02-04T14:13:07.064+0000] {processor.py:830} INFO - Processing file /home/airflow/.local/lib/python3.8/site-packages/airflow/example_dags/example_branch_labels.py for tasks to queue
[2024-02-04T14:13:07.072+0000] {logging_mixin.py:188} INFO - [2024-02-04T14:13:07.072+0000] {dagbag.py:538} INFO - Filling up the DagBag from /home/airflow/.local/lib/python3.8/site-packages/airflow/example_dags/example_branch_labels.py
[2024-02-04T14:13:07.121+0000] {processor.py:840} INFO - DAG(s) 'example_branch_labels' retrieved from /home/airflow/.local/lib/python3.8/site-packages/airflow/example_dags/example_branch_labels.py
[2024-02-04T14:13:07.686+0000] {logging_mixin.py:188} INFO - [2024-02-04T14:13:07.686+0000] {dag.py:3036} INFO - Sync 1 DAGs
[2024-02-04T14:13:07.787+0000] {logging_mixin.py:188} INFO - [2024-02-04T14:13:07.787+0000] {dag.py:3823} INFO - Setting next_dagrun for example_branch_labels to 2024-02-03 00:00:00+00:00, run_after=2024-02-04 00:00:00+00:00
[2024-02-04T14:13:07.897+0000] {processor.py:183} INFO - Processing /home/airflow/.local/lib/python3.8/site-packages/airflow/example_dags/example_branch_labels.py took 0.856 seconds
[2024-02-04T14:13:38.570+0000] {processor.py:161} INFO - Started process (PID=97) to work on /home/airflow/.local/lib/python3.8/site-packages/airflow/example_dags/example_branch_labels.py
[2024-02-04T14:13:38.571+0000] {processor.py:830} INFO - Processing file /home/airflow/.local/lib/python3.8/site-packages/airflow/example_dags/example_branch_labels.py for tasks to queue
[2024-02-04T14:13:38.573+0000] {logging_mixin.py:188} INFO - [2024-02-04T14:13:38.572+0000] {dagbag.py:538} INFO - Filling up the DagBag from /home/airflow/.local/lib/python3.8/site-packages/airflow/example_dags/example_branch_labels.py
[2024-02-04T14:13:38.582+0000] {processor.py:840} INFO - DAG(s) 'example_branch_labels' retrieved from /home/airflow/.local/lib/python3.8/site-packages/airflow/example_dags/example_branch_labels.py
[2024-02-04T14:13:38.606+0000] {logging_mixin.py:188} INFO - [2024-02-04T14:13:38.605+0000] {dag.py:3036} INFO - Sync 1 DAGs
[2024-02-04T14:13:38.633+0000] {logging_mixin.py:188} INFO - [2024-02-04T14:13:38.632+0000] {dag.py:3823} INFO - Setting next_dagrun for example_branch_labels to 2024-02-03 00:00:00+00:00, run_after=2024-02-04 00:00:00+00:00
[2024-02-04T14:13:38.667+0000] {processor.py:183} INFO - Processing /home/airflow/.local/lib/python3.8/site-packages/airflow/example_dags/example_branch_labels.py took 0.101 seconds
[2024-02-04T14:14:09.071+0000] {processor.py:161} INFO - Started process (PID=152) to work on /home/airflow/.local/lib/python3.8/site-packages/airflow/example_dags/example_branch_labels.py
[2024-02-04T14:14:09.075+0000] {processor.py:830} INFO - Processing file /home/airflow/.local/lib/python3.8/site-packages/airflow/example_dags/example_branch_labels.py for tasks to queue
[2024-02-04T14:14:09.081+0000] {logging_mixin.py:188} INFO - [2024-02-04T14:14:09.081+0000] {dagbag.py:538} INFO - Filling up the DagBag from /home/airflow/.local/lib/python3.8/site-packages/airflow/example_dags/example_branch_labels.py
[2024-02-04T14:14:09.100+0000] {processor.py:840} INFO - DAG(s) 'example_branch_labels' retrieved from /home/airflow/.local/lib/python3.8/site-packages/airflow/example_dags/example_branch_labels.py
[2024-02-04T14:14:09.211+0000] {logging_mixin.py:188} INFO - [2024-02-04T14:14:09.211+0000] {dag.py:3036} INFO - Sync 1 DAGs
[2024-02-04T14:14:09.336+0000] {logging_mixin.py:188} INFO - [2024-02-04T14:14:09.335+0000] {dag.py:3823} INFO - Setting next_dagrun for example_branch_labels to 2024-02-03 00:00:00+00:00, run_after=2024-02-04 00:00:00+00:00
[2024-02-04T14:14:09.410+0000] {processor.py:183} INFO - Processing /home/airflow/.local/lib/python3.8/site-packages/airflow/example_dags/example_branch_labels.py took 0.344 seconds
[2024-02-04T14:14:40.270+0000] {processor.py:161} INFO - Started process (PID=208) to work on /home/airflow/.local/lib/python3.8/site-packages/airflow/example_dags/example_branch_labels.py
[2024-02-04T14:14:40.277+0000] {processor.py:830} INFO - Processing file /home/airflow/.local/lib/python3.8/site-packages/airflow/example_dags/example_branch_labels.py for tasks to queue
[2024-02-04T14:14:40.284+0000] {logging_mixin.py:188} INFO - [2024-02-04T14:14:40.284+0000] {dagbag.py:538} INFO - Filling up the DagBag from /home/airflow/.local/lib/python3.8/site-packages/airflow/example_dags/example_branch_labels.py
[2024-02-04T14:14:40.300+0000] {processor.py:840} INFO - DAG(s) 'example_branch_labels' retrieved from /home/airflow/.local/lib/python3.8/site-packages/airflow/example_dags/example_branch_labels.py
[2024-02-04T14:14:40.367+0000] {logging_mixin.py:188} INFO - [2024-02-04T14:14:40.367+0000] {dag.py:3036} INFO - Sync 1 DAGs
[2024-02-04T14:14:40.438+0000] {logging_mixin.py:188} INFO - [2024-02-04T14:14:40.437+0000] {dag.py:3823} INFO - Setting next_dagrun for example_branch_labels to 2024-02-03 00:00:00+00:00, run_after=2024-02-04 00:00:00+00:00
[2024-02-04T14:14:40.478+0000] {processor.py:183} INFO - Processing /home/airflow/.local/lib/python3.8/site-packages/airflow/example_dags/example_branch_labels.py took 0.212 seconds
[2024-02-04T14:16:27.942+0000] {processor.py:161} INFO - Started process (PID=41) to work on /home/airflow/.local/lib/python3.8/site-packages/airflow/example_dags/example_branch_labels.py
[2024-02-04T14:16:27.943+0000] {processor.py:830} INFO - Processing file /home/airflow/.local/lib/python3.8/site-packages/airflow/example_dags/example_branch_labels.py for tasks to queue
[2024-02-04T14:16:27.945+0000] {logging_mixin.py:188} INFO - [2024-02-04T14:16:27.945+0000] {dagbag.py:538} INFO - Filling up the DagBag from /home/airflow/.local/lib/python3.8/site-packages/airflow/example_dags/example_branch_labels.py
[2024-02-04T14:16:27.972+0000] {processor.py:840} INFO - DAG(s) 'example_branch_labels' retrieved from /home/airflow/.local/lib/python3.8/site-packages/airflow/example_dags/example_branch_labels.py
[2024-02-04T14:16:28.452+0000] {logging_mixin.py:188} INFO - [2024-02-04T14:16:28.450+0000] {dag.py:3036} INFO - Sync 1 DAGs
[2024-02-04T14:16:28.559+0000] {logging_mixin.py:188} INFO - [2024-02-04T14:16:28.559+0000] {dag.py:3823} INFO - Setting next_dagrun for example_branch_labels to 2024-02-03 00:00:00+00:00, run_after=2024-02-04 00:00:00+00:00
[2024-02-04T14:16:28.600+0000] {processor.py:183} INFO - Processing /home/airflow/.local/lib/python3.8/site-packages/airflow/example_dags/example_branch_labels.py took 0.669 seconds
[2024-02-04T14:16:58.771+0000] {processor.py:161} INFO - Started process (PID=97) to work on /home/airflow/.local/lib/python3.8/site-packages/airflow/example_dags/example_branch_labels.py
[2024-02-04T14:16:58.773+0000] {processor.py:830} INFO - Processing file /home/airflow/.local/lib/python3.8/site-packages/airflow/example_dags/example_branch_labels.py for tasks to queue
[2024-02-04T14:16:58.775+0000] {logging_mixin.py:188} INFO - [2024-02-04T14:16:58.774+0000] {dagbag.py:538} INFO - Filling up the DagBag from /home/airflow/.local/lib/python3.8/site-packages/airflow/example_dags/example_branch_labels.py
[2024-02-04T14:16:58.784+0000] {processor.py:840} INFO - DAG(s) 'example_branch_labels' retrieved from /home/airflow/.local/lib/python3.8/site-packages/airflow/example_dags/example_branch_labels.py
[2024-02-04T14:16:58.846+0000] {logging_mixin.py:188} INFO - [2024-02-04T14:16:58.846+0000] {dag.py:3036} INFO - Sync 1 DAGs
[2024-02-04T14:16:58.880+0000] {logging_mixin.py:188} INFO - [2024-02-04T14:16:58.880+0000] {dag.py:3823} INFO - Setting next_dagrun for example_branch_labels to 2024-02-03 00:00:00+00:00, run_after=2024-02-04 00:00:00+00:00
[2024-02-04T14:16:58.910+0000] {processor.py:183} INFO - Processing /home/airflow/.local/lib/python3.8/site-packages/airflow/example_dags/example_branch_labels.py took 0.142 seconds
[2024-02-04T14:17:29.318+0000] {processor.py:161} INFO - Started process (PID=153) to work on /home/airflow/.local/lib/python3.8/site-packages/airflow/example_dags/example_branch_labels.py
[2024-02-04T14:17:29.320+0000] {processor.py:830} INFO - Processing file /home/airflow/.local/lib/python3.8/site-packages/airflow/example_dags/example_branch_labels.py for tasks to queue
[2024-02-04T14:17:29.322+0000] {logging_mixin.py:188} INFO - [2024-02-04T14:17:29.321+0000] {dagbag.py:538} INFO - Filling up the DagBag from /home/airflow/.local/lib/python3.8/site-packages/airflow/example_dags/example_branch_labels.py
[2024-02-04T14:17:29.332+0000] {processor.py:840} INFO - DAG(s) 'example_branch_labels' retrieved from /home/airflow/.local/lib/python3.8/site-packages/airflow/example_dags/example_branch_labels.py
[2024-02-04T14:17:29.372+0000] {logging_mixin.py:188} INFO - [2024-02-04T14:17:29.372+0000] {dag.py:3036} INFO - Sync 1 DAGs
[2024-02-04T14:17:29.399+0000] {logging_mixin.py:188} INFO - [2024-02-04T14:17:29.399+0000] {dag.py:3823} INFO - Setting next_dagrun for example_branch_labels to 2024-02-03 00:00:00+00:00, run_after=2024-02-04 00:00:00+00:00
[2024-02-04T14:17:29.423+0000] {processor.py:183} INFO - Processing /home/airflow/.local/lib/python3.8/site-packages/airflow/example_dags/example_branch_labels.py took 0.108 seconds
[2024-02-04T14:17:59.837+0000] {processor.py:161} INFO - Started process (PID=208) to work on /home/airflow/.local/lib/python3.8/site-packages/airflow/example_dags/example_branch_labels.py
[2024-02-04T14:17:59.847+0000] {processor.py:830} INFO - Processing file /home/airflow/.local/lib/python3.8/site-packages/airflow/example_dags/example_branch_labels.py for tasks to queue
[2024-02-04T14:17:59.849+0000] {logging_mixin.py:188} INFO - [2024-02-04T14:17:59.848+0000] {dagbag.py:538} INFO - Filling up the DagBag from /home/airflow/.local/lib/python3.8/site-packages/airflow/example_dags/example_branch_labels.py
[2024-02-04T14:17:59.868+0000] {processor.py:840} INFO - DAG(s) 'example_branch_labels' retrieved from /home/airflow/.local/lib/python3.8/site-packages/airflow/example_dags/example_branch_labels.py
[2024-02-04T14:17:59.922+0000] {logging_mixin.py:188} INFO - [2024-02-04T14:17:59.922+0000] {dag.py:3036} INFO - Sync 1 DAGs
[2024-02-04T14:17:59.950+0000] {logging_mixin.py:188} INFO - [2024-02-04T14:17:59.950+0000] {dag.py:3823} INFO - Setting next_dagrun for example_branch_labels to 2024-02-03 00:00:00+00:00, run_after=2024-02-04 00:00:00+00:00
[2024-02-04T14:17:59.976+0000] {processor.py:183} INFO - Processing /home/airflow/.local/lib/python3.8/site-packages/airflow/example_dags/example_branch_labels.py took 0.154 seconds
[2024-02-04T14:18:30.015+0000] {processor.py:161} INFO - Started process (PID=264) to work on /home/airflow/.local/lib/python3.8/site-packages/airflow/example_dags/example_branch_labels.py
[2024-02-04T14:18:30.016+0000] {processor.py:830} INFO - Processing file /home/airflow/.local/lib/python3.8/site-packages/airflow/example_dags/example_branch_labels.py for tasks to queue
[2024-02-04T14:18:30.017+0000] {logging_mixin.py:188} INFO - [2024-02-04T14:18:30.017+0000] {dagbag.py:538} INFO - Filling up the DagBag from /home/airflow/.local/lib/python3.8/site-packages/airflow/example_dags/example_branch_labels.py
[2024-02-04T14:18:30.024+0000] {processor.py:840} INFO - DAG(s) 'example_branch_labels' retrieved from /home/airflow/.local/lib/python3.8/site-packages/airflow/example_dags/example_branch_labels.py
[2024-02-04T14:18:30.041+0000] {logging_mixin.py:188} INFO - [2024-02-04T14:18:30.041+0000] {dag.py:3036} INFO - Sync 1 DAGs
[2024-02-04T14:18:30.060+0000] {logging_mixin.py:188} INFO - [2024-02-04T14:18:30.060+0000] {dag.py:3823} INFO - Setting next_dagrun for example_branch_labels to 2024-02-03 00:00:00+00:00, run_after=2024-02-04 00:00:00+00:00
[2024-02-04T14:18:30.084+0000] {processor.py:183} INFO - Processing /home/airflow/.local/lib/python3.8/site-packages/airflow/example_dags/example_branch_labels.py took 0.071 seconds
[2024-02-04T14:19:00.568+0000] {processor.py:161} INFO - Started process (PID=320) to work on /home/airflow/.local/lib/python3.8/site-packages/airflow/example_dags/example_branch_labels.py
[2024-02-04T14:19:00.569+0000] {processor.py:830} INFO - Processing file /home/airflow/.local/lib/python3.8/site-packages/airflow/example_dags/example_branch_labels.py for tasks to queue
[2024-02-04T14:19:00.571+0000] {logging_mixin.py:188} INFO - [2024-02-04T14:19:00.571+0000] {dagbag.py:538} INFO - Filling up the DagBag from /home/airflow/.local/lib/python3.8/site-packages/airflow/example_dags/example_branch_labels.py
[2024-02-04T14:19:00.581+0000] {processor.py:840} INFO - DAG(s) 'example_branch_labels' retrieved from /home/airflow/.local/lib/python3.8/site-packages/airflow/example_dags/example_branch_labels.py
[2024-02-04T14:19:00.604+0000] {logging_mixin.py:188} INFO - [2024-02-04T14:19:00.603+0000] {dag.py:3036} INFO - Sync 1 DAGs
[2024-02-04T14:19:00.644+0000] {logging_mixin.py:188} INFO - [2024-02-04T14:19:00.644+0000] {dag.py:3823} INFO - Setting next_dagrun for example_branch_labels to 2024-02-03 00:00:00+00:00, run_after=2024-02-04 00:00:00+00:00
[2024-02-04T14:19:00.666+0000] {processor.py:183} INFO - Processing /home/airflow/.local/lib/python3.8/site-packages/airflow/example_dags/example_branch_labels.py took 0.102 seconds
[2024-02-04T14:19:31.110+0000] {processor.py:161} INFO - Started process (PID=375) to work on /home/airflow/.local/lib/python3.8/site-packages/airflow/example_dags/example_branch_labels.py
[2024-02-04T14:19:31.111+0000] {processor.py:830} INFO - Processing file /home/airflow/.local/lib/python3.8/site-packages/airflow/example_dags/example_branch_labels.py for tasks to queue
[2024-02-04T14:19:31.112+0000] {logging_mixin.py:188} INFO - [2024-02-04T14:19:31.112+0000] {dagbag.py:538} INFO - Filling up the DagBag from /home/airflow/.local/lib/python3.8/site-packages/airflow/example_dags/example_branch_labels.py
[2024-02-04T14:19:31.119+0000] {processor.py:840} INFO - DAG(s) 'example_branch_labels' retrieved from /home/airflow/.local/lib/python3.8/site-packages/airflow/example_dags/example_branch_labels.py
[2024-02-04T14:19:31.136+0000] {logging_mixin.py:188} INFO - [2024-02-04T14:19:31.136+0000] {dag.py:3036} INFO - Sync 1 DAGs
[2024-02-04T14:19:31.156+0000] {logging_mixin.py:188} INFO - [2024-02-04T14:19:31.156+0000] {dag.py:3823} INFO - Setting next_dagrun for example_branch_labels to 2024-02-03 00:00:00+00:00, run_after=2024-02-04 00:00:00+00:00
[2024-02-04T14:19:31.175+0000] {processor.py:183} INFO - Processing /home/airflow/.local/lib/python3.8/site-packages/airflow/example_dags/example_branch_labels.py took 0.067 seconds
[2024-02-04T14:22:53.081+0000] {processor.py:161} INFO - Started process (PID=42) to work on /home/airflow/.local/lib/python3.8/site-packages/airflow/example_dags/example_branch_labels.py
[2024-02-04T14:22:53.082+0000] {processor.py:830} INFO - Processing file /home/airflow/.local/lib/python3.8/site-packages/airflow/example_dags/example_branch_labels.py for tasks to queue
[2024-02-04T14:22:53.094+0000] {logging_mixin.py:188} INFO - [2024-02-04T14:22:53.093+0000] {dagbag.py:538} INFO - Filling up the DagBag from /home/airflow/.local/lib/python3.8/site-packages/airflow/example_dags/example_branch_labels.py
[2024-02-04T14:22:53.141+0000] {processor.py:840} INFO - DAG(s) 'example_branch_labels' retrieved from /home/airflow/.local/lib/python3.8/site-packages/airflow/example_dags/example_branch_labels.py
[2024-02-04T14:22:53.552+0000] {logging_mixin.py:188} INFO - [2024-02-04T14:22:53.552+0000] {dag.py:3036} INFO - Sync 1 DAGs
[2024-02-04T14:22:53.663+0000] {logging_mixin.py:188} INFO - [2024-02-04T14:22:53.662+0000] {dag.py:3823} INFO - Setting next_dagrun for example_branch_labels to 2024-02-03 00:00:00+00:00, run_after=2024-02-04 00:00:00+00:00
[2024-02-04T14:22:53.737+0000] {processor.py:183} INFO - Processing /home/airflow/.local/lib/python3.8/site-packages/airflow/example_dags/example_branch_labels.py took 0.672 seconds
[2024-02-04T14:23:24.280+0000] {processor.py:161} INFO - Started process (PID=97) to work on /home/airflow/.local/lib/python3.8/site-packages/airflow/example_dags/example_branch_labels.py
[2024-02-04T14:23:24.281+0000] {processor.py:830} INFO - Processing file /home/airflow/.local/lib/python3.8/site-packages/airflow/example_dags/example_branch_labels.py for tasks to queue
[2024-02-04T14:23:24.283+0000] {logging_mixin.py:188} INFO - [2024-02-04T14:23:24.283+0000] {dagbag.py:538} INFO - Filling up the DagBag from /home/airflow/.local/lib/python3.8/site-packages/airflow/example_dags/example_branch_labels.py
[2024-02-04T14:23:24.293+0000] {processor.py:840} INFO - DAG(s) 'example_branch_labels' retrieved from /home/airflow/.local/lib/python3.8/site-packages/airflow/example_dags/example_branch_labels.py
[2024-02-04T14:23:24.317+0000] {logging_mixin.py:188} INFO - [2024-02-04T14:23:24.317+0000] {dag.py:3036} INFO - Sync 1 DAGs
[2024-02-04T14:23:24.344+0000] {logging_mixin.py:188} INFO - [2024-02-04T14:23:24.344+0000] {dag.py:3823} INFO - Setting next_dagrun for example_branch_labels to 2024-02-03 00:00:00+00:00, run_after=2024-02-04 00:00:00+00:00
[2024-02-04T14:23:24.368+0000] {processor.py:183} INFO - Processing /home/airflow/.local/lib/python3.8/site-packages/airflow/example_dags/example_branch_labels.py took 0.092 seconds
[2024-02-04T14:23:54.843+0000] {processor.py:161} INFO - Started process (PID=153) to work on /home/airflow/.local/lib/python3.8/site-packages/airflow/example_dags/example_branch_labels.py
[2024-02-04T14:23:54.849+0000] {processor.py:830} INFO - Processing file /home/airflow/.local/lib/python3.8/site-packages/airflow/example_dags/example_branch_labels.py for tasks to queue
[2024-02-04T14:23:54.850+0000] {logging_mixin.py:188} INFO - [2024-02-04T14:23:54.850+0000] {dagbag.py:538} INFO - Filling up the DagBag from /home/airflow/.local/lib/python3.8/site-packages/airflow/example_dags/example_branch_labels.py
[2024-02-04T14:23:54.873+0000] {processor.py:840} INFO - DAG(s) 'example_branch_labels' retrieved from /home/airflow/.local/lib/python3.8/site-packages/airflow/example_dags/example_branch_labels.py
[2024-02-04T14:23:54.952+0000] {logging_mixin.py:188} INFO - [2024-02-04T14:23:54.951+0000] {dag.py:3036} INFO - Sync 1 DAGs
[2024-02-04T14:23:55.012+0000] {logging_mixin.py:188} INFO - [2024-02-04T14:23:55.012+0000] {dag.py:3823} INFO - Setting next_dagrun for example_branch_labels to 2024-02-03 00:00:00+00:00, run_after=2024-02-04 00:00:00+00:00
[2024-02-04T14:23:55.074+0000] {processor.py:183} INFO - Processing /home/airflow/.local/lib/python3.8/site-packages/airflow/example_dags/example_branch_labels.py took 0.239 seconds
[2024-02-04T14:24:25.782+0000] {processor.py:161} INFO - Started process (PID=208) to work on /home/airflow/.local/lib/python3.8/site-packages/airflow/example_dags/example_branch_labels.py
[2024-02-04T14:24:25.783+0000] {processor.py:830} INFO - Processing file /home/airflow/.local/lib/python3.8/site-packages/airflow/example_dags/example_branch_labels.py for tasks to queue
[2024-02-04T14:24:25.785+0000] {logging_mixin.py:188} INFO - [2024-02-04T14:24:25.784+0000] {dagbag.py:538} INFO - Filling up the DagBag from /home/airflow/.local/lib/python3.8/site-packages/airflow/example_dags/example_branch_labels.py
[2024-02-04T14:24:25.801+0000] {processor.py:840} INFO - DAG(s) 'example_branch_labels' retrieved from /home/airflow/.local/lib/python3.8/site-packages/airflow/example_dags/example_branch_labels.py
[2024-02-04T14:24:25.865+0000] {logging_mixin.py:188} INFO - [2024-02-04T14:24:25.865+0000] {dag.py:3036} INFO - Sync 1 DAGs
[2024-02-04T14:24:25.923+0000] {logging_mixin.py:188} INFO - [2024-02-04T14:24:25.923+0000] {dag.py:3823} INFO - Setting next_dagrun for example_branch_labels to 2024-02-03 00:00:00+00:00, run_after=2024-02-04 00:00:00+00:00
[2024-02-04T14:24:25.987+0000] {processor.py:183} INFO - Processing /home/airflow/.local/lib/python3.8/site-packages/airflow/example_dags/example_branch_labels.py took 0.221 seconds
[2024-02-04T14:24:56.354+0000] {processor.py:161} INFO - Started process (PID=263) to work on /home/airflow/.local/lib/python3.8/site-packages/airflow/example_dags/example_branch_labels.py
[2024-02-04T14:24:56.355+0000] {processor.py:830} INFO - Processing file /home/airflow/.local/lib/python3.8/site-packages/airflow/example_dags/example_branch_labels.py for tasks to queue
[2024-02-04T14:24:56.358+0000] {logging_mixin.py:188} INFO - [2024-02-04T14:24:56.357+0000] {dagbag.py:538} INFO - Filling up the DagBag from /home/airflow/.local/lib/python3.8/site-packages/airflow/example_dags/example_branch_labels.py
[2024-02-04T14:24:56.367+0000] {processor.py:840} INFO - DAG(s) 'example_branch_labels' retrieved from /home/airflow/.local/lib/python3.8/site-packages/airflow/example_dags/example_branch_labels.py
[2024-02-04T14:24:56.391+0000] {logging_mixin.py:188} INFO - [2024-02-04T14:24:56.391+0000] {dag.py:3036} INFO - Sync 1 DAGs
[2024-02-04T14:24:56.419+0000] {logging_mixin.py:188} INFO - [2024-02-04T14:24:56.419+0000] {dag.py:3823} INFO - Setting next_dagrun for example_branch_labels to 2024-02-03 00:00:00+00:00, run_after=2024-02-04 00:00:00+00:00
[2024-02-04T14:24:56.440+0000] {processor.py:183} INFO - Processing /home/airflow/.local/lib/python3.8/site-packages/airflow/example_dags/example_branch_labels.py took 0.089 seconds
[2024-02-04T14:25:26.616+0000] {processor.py:161} INFO - Started process (PID=319) to work on /home/airflow/.local/lib/python3.8/site-packages/airflow/example_dags/example_branch_labels.py
[2024-02-04T14:25:26.617+0000] {processor.py:830} INFO - Processing file /home/airflow/.local/lib/python3.8/site-packages/airflow/example_dags/example_branch_labels.py for tasks to queue
[2024-02-04T14:25:26.619+0000] {logging_mixin.py:188} INFO - [2024-02-04T14:25:26.619+0000] {dagbag.py:538} INFO - Filling up the DagBag from /home/airflow/.local/lib/python3.8/site-packages/airflow/example_dags/example_branch_labels.py
[2024-02-04T14:25:26.630+0000] {processor.py:840} INFO - DAG(s) 'example_branch_labels' retrieved from /home/airflow/.local/lib/python3.8/site-packages/airflow/example_dags/example_branch_labels.py
[2024-02-04T14:25:26.653+0000] {logging_mixin.py:188} INFO - [2024-02-04T14:25:26.653+0000] {dag.py:3036} INFO - Sync 1 DAGs
[2024-02-04T14:25:26.679+0000] {logging_mixin.py:188} INFO - [2024-02-04T14:25:26.679+0000] {dag.py:3823} INFO - Setting next_dagrun for example_branch_labels to 2024-02-03 00:00:00+00:00, run_after=2024-02-04 00:00:00+00:00
[2024-02-04T14:25:26.703+0000] {processor.py:183} INFO - Processing /home/airflow/.local/lib/python3.8/site-packages/airflow/example_dags/example_branch_labels.py took 0.090 seconds
[2024-02-04T14:25:56.812+0000] {processor.py:161} INFO - Started process (PID=375) to work on /home/airflow/.local/lib/python3.8/site-packages/airflow/example_dags/example_branch_labels.py
[2024-02-04T14:25:56.813+0000] {processor.py:830} INFO - Processing file /home/airflow/.local/lib/python3.8/site-packages/airflow/example_dags/example_branch_labels.py for tasks to queue
[2024-02-04T14:25:56.815+0000] {logging_mixin.py:188} INFO - [2024-02-04T14:25:56.814+0000] {dagbag.py:538} INFO - Filling up the DagBag from /home/airflow/.local/lib/python3.8/site-packages/airflow/example_dags/example_branch_labels.py
[2024-02-04T14:25:56.830+0000] {processor.py:840} INFO - DAG(s) 'example_branch_labels' retrieved from /home/airflow/.local/lib/python3.8/site-packages/airflow/example_dags/example_branch_labels.py
[2024-02-04T14:25:56.852+0000] {logging_mixin.py:188} INFO - [2024-02-04T14:25:56.852+0000] {dag.py:3036} INFO - Sync 1 DAGs
[2024-02-04T14:25:56.878+0000] {logging_mixin.py:188} INFO - [2024-02-04T14:25:56.878+0000] {dag.py:3823} INFO - Setting next_dagrun for example_branch_labels to 2024-02-03 00:00:00+00:00, run_after=2024-02-04 00:00:00+00:00
[2024-02-04T14:25:56.910+0000] {processor.py:183} INFO - Processing /home/airflow/.local/lib/python3.8/site-packages/airflow/example_dags/example_branch_labels.py took 0.102 seconds
[2024-02-04T14:26:26.974+0000] {processor.py:161} INFO - Started process (PID=430) to work on /home/airflow/.local/lib/python3.8/site-packages/airflow/example_dags/example_branch_labels.py
[2024-02-04T14:26:26.983+0000] {processor.py:830} INFO - Processing file /home/airflow/.local/lib/python3.8/site-packages/airflow/example_dags/example_branch_labels.py for tasks to queue
[2024-02-04T14:26:26.985+0000] {logging_mixin.py:188} INFO - [2024-02-04T14:26:26.985+0000] {dagbag.py:538} INFO - Filling up the DagBag from /home/airflow/.local/lib/python3.8/site-packages/airflow/example_dags/example_branch_labels.py
[2024-02-04T14:26:27.000+0000] {processor.py:840} INFO - DAG(s) 'example_branch_labels' retrieved from /home/airflow/.local/lib/python3.8/site-packages/airflow/example_dags/example_branch_labels.py
[2024-02-04T14:26:27.049+0000] {logging_mixin.py:188} INFO - [2024-02-04T14:26:27.049+0000] {dag.py:3036} INFO - Sync 1 DAGs
[2024-02-04T14:26:27.083+0000] {logging_mixin.py:188} INFO - [2024-02-04T14:26:27.083+0000] {dag.py:3823} INFO - Setting next_dagrun for example_branch_labels to 2024-02-03 00:00:00+00:00, run_after=2024-02-04 00:00:00+00:00
[2024-02-04T14:26:27.112+0000] {processor.py:183} INFO - Processing /home/airflow/.local/lib/python3.8/site-packages/airflow/example_dags/example_branch_labels.py took 0.141 seconds
[2024-02-04T14:26:57.904+0000] {processor.py:161} INFO - Started process (PID=485) to work on /home/airflow/.local/lib/python3.8/site-packages/airflow/example_dags/example_branch_labels.py
[2024-02-04T14:26:57.905+0000] {processor.py:830} INFO - Processing file /home/airflow/.local/lib/python3.8/site-packages/airflow/example_dags/example_branch_labels.py for tasks to queue
[2024-02-04T14:26:57.907+0000] {logging_mixin.py:188} INFO - [2024-02-04T14:26:57.907+0000] {dagbag.py:538} INFO - Filling up the DagBag from /home/airflow/.local/lib/python3.8/site-packages/airflow/example_dags/example_branch_labels.py
[2024-02-04T14:26:57.919+0000] {processor.py:840} INFO - DAG(s) 'example_branch_labels' retrieved from /home/airflow/.local/lib/python3.8/site-packages/airflow/example_dags/example_branch_labels.py
[2024-02-04T14:26:57.943+0000] {logging_mixin.py:188} INFO - [2024-02-04T14:26:57.943+0000] {dag.py:3036} INFO - Sync 1 DAGs
[2024-02-04T14:26:57.972+0000] {logging_mixin.py:188} INFO - [2024-02-04T14:26:57.972+0000] {dag.py:3823} INFO - Setting next_dagrun for example_branch_labels to 2024-02-03 00:00:00+00:00, run_after=2024-02-04 00:00:00+00:00
[2024-02-04T14:26:57.993+0000] {processor.py:183} INFO - Processing /home/airflow/.local/lib/python3.8/site-packages/airflow/example_dags/example_branch_labels.py took 0.092 seconds
[2024-02-04T14:27:28.119+0000] {processor.py:161} INFO - Started process (PID=540) to work on /home/airflow/.local/lib/python3.8/site-packages/airflow/example_dags/example_branch_labels.py
[2024-02-04T14:27:28.121+0000] {processor.py:830} INFO - Processing file /home/airflow/.local/lib/python3.8/site-packages/airflow/example_dags/example_branch_labels.py for tasks to queue
[2024-02-04T14:27:28.125+0000] {logging_mixin.py:188} INFO - [2024-02-04T14:27:28.125+0000] {dagbag.py:538} INFO - Filling up the DagBag from /home/airflow/.local/lib/python3.8/site-packages/airflow/example_dags/example_branch_labels.py
[2024-02-04T14:27:28.135+0000] {processor.py:840} INFO - DAG(s) 'example_branch_labels' retrieved from /home/airflow/.local/lib/python3.8/site-packages/airflow/example_dags/example_branch_labels.py
[2024-02-04T14:27:28.157+0000] {logging_mixin.py:188} INFO - [2024-02-04T14:27:28.157+0000] {dag.py:3036} INFO - Sync 1 DAGs
[2024-02-04T14:27:28.190+0000] {logging_mixin.py:188} INFO - [2024-02-04T14:27:28.190+0000] {dag.py:3823} INFO - Setting next_dagrun for example_branch_labels to 2024-02-03 00:00:00+00:00, run_after=2024-02-04 00:00:00+00:00
[2024-02-04T14:27:28.218+0000] {processor.py:183} INFO - Processing /home/airflow/.local/lib/python3.8/site-packages/airflow/example_dags/example_branch_labels.py took 0.103 seconds
[2024-02-04T14:27:58.350+0000] {processor.py:161} INFO - Started process (PID=594) to work on /home/airflow/.local/lib/python3.8/site-packages/airflow/example_dags/example_branch_labels.py
[2024-02-04T14:27:58.351+0000] {processor.py:830} INFO - Processing file /home/airflow/.local/lib/python3.8/site-packages/airflow/example_dags/example_branch_labels.py for tasks to queue
[2024-02-04T14:27:58.353+0000] {logging_mixin.py:188} INFO - [2024-02-04T14:27:58.353+0000] {dagbag.py:538} INFO - Filling up the DagBag from /home/airflow/.local/lib/python3.8/site-packages/airflow/example_dags/example_branch_labels.py
[2024-02-04T14:27:58.363+0000] {processor.py:840} INFO - DAG(s) 'example_branch_labels' retrieved from /home/airflow/.local/lib/python3.8/site-packages/airflow/example_dags/example_branch_labels.py
[2024-02-04T14:27:58.388+0000] {logging_mixin.py:188} INFO - [2024-02-04T14:27:58.388+0000] {dag.py:3036} INFO - Sync 1 DAGs
[2024-02-04T14:27:58.416+0000] {logging_mixin.py:188} INFO - [2024-02-04T14:27:58.416+0000] {dag.py:3823} INFO - Setting next_dagrun for example_branch_labels to 2024-02-03 00:00:00+00:00, run_after=2024-02-04 00:00:00+00:00
[2024-02-04T14:27:58.438+0000] {processor.py:183} INFO - Processing /home/airflow/.local/lib/python3.8/site-packages/airflow/example_dags/example_branch_labels.py took 0.095 seconds
