[2024-02-04T14:13:05.937+0000] {processor.py:161} INFO - Started process (PID=37) to work on /home/airflow/.local/lib/python3.8/site-packages/airflow/example_dags/example_branch_operator.py
[2024-02-04T14:13:05.938+0000] {processor.py:830} INFO - Processing file /home/airflow/.local/lib/python3.8/site-packages/airflow/example_dags/example_branch_operator.py for tasks to queue
[2024-02-04T14:13:05.941+0000] {logging_mixin.py:188} INFO - [2024-02-04T14:13:05.940+0000] {dagbag.py:538} INFO - Filling up the DagBag from /home/airflow/.local/lib/python3.8/site-packages/airflow/example_dags/example_branch_operator.py
[2024-02-04T14:13:06.014+0000] {processor.py:840} INFO - DAG(s) 'example_branch_operator' retrieved from /home/airflow/.local/lib/python3.8/site-packages/airflow/example_dags/example_branch_operator.py
[2024-02-04T14:13:06.432+0000] {logging_mixin.py:188} INFO - [2024-02-04T14:13:06.431+0000] {dag.py:3036} INFO - Sync 1 DAGs
[2024-02-04T14:13:06.509+0000] {logging_mixin.py:188} INFO - [2024-02-04T14:13:06.509+0000] {dag.py:3823} INFO - Setting next_dagrun for example_branch_operator to 2024-02-03 00:00:00+00:00, run_after=2024-02-04 00:00:00+00:00
[2024-02-04T14:13:06.560+0000] {processor.py:183} INFO - Processing /home/airflow/.local/lib/python3.8/site-packages/airflow/example_dags/example_branch_operator.py took 0.634 seconds
[2024-02-04T14:13:37.418+0000] {processor.py:161} INFO - Started process (PID=93) to work on /home/airflow/.local/lib/python3.8/site-packages/airflow/example_dags/example_branch_operator.py
[2024-02-04T14:13:37.419+0000] {processor.py:830} INFO - Processing file /home/airflow/.local/lib/python3.8/site-packages/airflow/example_dags/example_branch_operator.py for tasks to queue
[2024-02-04T14:13:37.421+0000] {logging_mixin.py:188} INFO - [2024-02-04T14:13:37.421+0000] {dagbag.py:538} INFO - Filling up the DagBag from /home/airflow/.local/lib/python3.8/site-packages/airflow/example_dags/example_branch_operator.py
[2024-02-04T14:13:37.443+0000] {processor.py:840} INFO - DAG(s) 'example_branch_operator' retrieved from /home/airflow/.local/lib/python3.8/site-packages/airflow/example_dags/example_branch_operator.py
[2024-02-04T14:13:37.475+0000] {logging_mixin.py:188} INFO - [2024-02-04T14:13:37.474+0000] {dag.py:3036} INFO - Sync 1 DAGs
[2024-02-04T14:13:37.499+0000] {logging_mixin.py:188} INFO - [2024-02-04T14:13:37.499+0000] {dag.py:3823} INFO - Setting next_dagrun for example_branch_operator to 2024-02-03 00:00:00+00:00, run_after=2024-02-04 00:00:00+00:00
[2024-02-04T14:13:37.524+0000] {processor.py:183} INFO - Processing /home/airflow/.local/lib/python3.8/site-packages/airflow/example_dags/example_branch_operator.py took 0.109 seconds
[2024-02-04T14:14:07.661+0000] {processor.py:161} INFO - Started process (PID=148) to work on /home/airflow/.local/lib/python3.8/site-packages/airflow/example_dags/example_branch_operator.py
[2024-02-04T14:14:07.698+0000] {processor.py:830} INFO - Processing file /home/airflow/.local/lib/python3.8/site-packages/airflow/example_dags/example_branch_operator.py for tasks to queue
[2024-02-04T14:14:07.706+0000] {logging_mixin.py:188} INFO - [2024-02-04T14:14:07.706+0000] {dagbag.py:538} INFO - Filling up the DagBag from /home/airflow/.local/lib/python3.8/site-packages/airflow/example_dags/example_branch_operator.py
[2024-02-04T14:14:07.767+0000] {processor.py:840} INFO - DAG(s) 'example_branch_operator' retrieved from /home/airflow/.local/lib/python3.8/site-packages/airflow/example_dags/example_branch_operator.py
[2024-02-04T14:14:07.869+0000] {logging_mixin.py:188} INFO - [2024-02-04T14:14:07.869+0000] {dag.py:3036} INFO - Sync 1 DAGs
[2024-02-04T14:14:07.912+0000] {logging_mixin.py:188} INFO - [2024-02-04T14:14:07.912+0000] {dag.py:3823} INFO - Setting next_dagrun for example_branch_operator to 2024-02-03 00:00:00+00:00, run_after=2024-02-04 00:00:00+00:00
[2024-02-04T14:14:07.960+0000] {processor.py:183} INFO - Processing /home/airflow/.local/lib/python3.8/site-packages/airflow/example_dags/example_branch_operator.py took 0.302 seconds
[2024-02-04T14:14:38.076+0000] {processor.py:161} INFO - Started process (PID=205) to work on /home/airflow/.local/lib/python3.8/site-packages/airflow/example_dags/example_branch_operator.py
[2024-02-04T14:14:38.077+0000] {processor.py:830} INFO - Processing file /home/airflow/.local/lib/python3.8/site-packages/airflow/example_dags/example_branch_operator.py for tasks to queue
[2024-02-04T14:14:38.079+0000] {logging_mixin.py:188} INFO - [2024-02-04T14:14:38.079+0000] {dagbag.py:538} INFO - Filling up the DagBag from /home/airflow/.local/lib/python3.8/site-packages/airflow/example_dags/example_branch_operator.py
[2024-02-04T14:14:38.100+0000] {processor.py:840} INFO - DAG(s) 'example_branch_operator' retrieved from /home/airflow/.local/lib/python3.8/site-packages/airflow/example_dags/example_branch_operator.py
[2024-02-04T14:14:38.138+0000] {logging_mixin.py:188} INFO - [2024-02-04T14:14:38.138+0000] {dag.py:3036} INFO - Sync 1 DAGs
[2024-02-04T14:14:38.165+0000] {logging_mixin.py:188} INFO - [2024-02-04T14:14:38.165+0000] {dag.py:3823} INFO - Setting next_dagrun for example_branch_operator to 2024-02-03 00:00:00+00:00, run_after=2024-02-04 00:00:00+00:00
[2024-02-04T14:14:38.211+0000] {processor.py:183} INFO - Processing /home/airflow/.local/lib/python3.8/site-packages/airflow/example_dags/example_branch_operator.py took 0.139 seconds
[2024-02-04T14:16:26.755+0000] {processor.py:161} INFO - Started process (PID=37) to work on /home/airflow/.local/lib/python3.8/site-packages/airflow/example_dags/example_branch_operator.py
[2024-02-04T14:16:26.765+0000] {processor.py:830} INFO - Processing file /home/airflow/.local/lib/python3.8/site-packages/airflow/example_dags/example_branch_operator.py for tasks to queue
[2024-02-04T14:16:26.766+0000] {logging_mixin.py:188} INFO - [2024-02-04T14:16:26.766+0000] {dagbag.py:538} INFO - Filling up the DagBag from /home/airflow/.local/lib/python3.8/site-packages/airflow/example_dags/example_branch_operator.py
[2024-02-04T14:16:26.829+0000] {processor.py:840} INFO - DAG(s) 'example_branch_operator' retrieved from /home/airflow/.local/lib/python3.8/site-packages/airflow/example_dags/example_branch_operator.py
[2024-02-04T14:16:27.047+0000] {logging_mixin.py:188} INFO - [2024-02-04T14:16:27.047+0000] {dag.py:3036} INFO - Sync 1 DAGs
[2024-02-04T14:16:27.094+0000] {logging_mixin.py:188} INFO - [2024-02-04T14:16:27.094+0000] {dag.py:3823} INFO - Setting next_dagrun for example_branch_operator to 2024-02-03 00:00:00+00:00, run_after=2024-02-04 00:00:00+00:00
[2024-02-04T14:16:27.136+0000] {processor.py:183} INFO - Processing /home/airflow/.local/lib/python3.8/site-packages/airflow/example_dags/example_branch_operator.py took 0.385 seconds
[2024-02-04T14:16:57.637+0000] {processor.py:161} INFO - Started process (PID=93) to work on /home/airflow/.local/lib/python3.8/site-packages/airflow/example_dags/example_branch_operator.py
[2024-02-04T14:16:57.641+0000] {processor.py:830} INFO - Processing file /home/airflow/.local/lib/python3.8/site-packages/airflow/example_dags/example_branch_operator.py for tasks to queue
[2024-02-04T14:16:57.643+0000] {logging_mixin.py:188} INFO - [2024-02-04T14:16:57.643+0000] {dagbag.py:538} INFO - Filling up the DagBag from /home/airflow/.local/lib/python3.8/site-packages/airflow/example_dags/example_branch_operator.py
[2024-02-04T14:16:57.663+0000] {processor.py:840} INFO - DAG(s) 'example_branch_operator' retrieved from /home/airflow/.local/lib/python3.8/site-packages/airflow/example_dags/example_branch_operator.py
[2024-02-04T14:16:57.694+0000] {logging_mixin.py:188} INFO - [2024-02-04T14:16:57.693+0000] {dag.py:3036} INFO - Sync 1 DAGs
[2024-02-04T14:16:57.719+0000] {logging_mixin.py:188} INFO - [2024-02-04T14:16:57.719+0000] {dag.py:3823} INFO - Setting next_dagrun for example_branch_operator to 2024-02-03 00:00:00+00:00, run_after=2024-02-04 00:00:00+00:00
[2024-02-04T14:16:57.744+0000] {processor.py:183} INFO - Processing /home/airflow/.local/lib/python3.8/site-packages/airflow/example_dags/example_branch_operator.py took 0.110 seconds
[2024-02-04T14:17:27.943+0000] {processor.py:161} INFO - Started process (PID=149) to work on /home/airflow/.local/lib/python3.8/site-packages/airflow/example_dags/example_branch_operator.py
[2024-02-04T14:17:27.945+0000] {processor.py:830} INFO - Processing file /home/airflow/.local/lib/python3.8/site-packages/airflow/example_dags/example_branch_operator.py for tasks to queue
[2024-02-04T14:17:27.948+0000] {logging_mixin.py:188} INFO - [2024-02-04T14:17:27.948+0000] {dagbag.py:538} INFO - Filling up the DagBag from /home/airflow/.local/lib/python3.8/site-packages/airflow/example_dags/example_branch_operator.py
[2024-02-04T14:17:27.970+0000] {processor.py:840} INFO - DAG(s) 'example_branch_operator' retrieved from /home/airflow/.local/lib/python3.8/site-packages/airflow/example_dags/example_branch_operator.py
[2024-02-04T14:17:28.011+0000] {logging_mixin.py:188} INFO - [2024-02-04T14:17:28.003+0000] {dag.py:3036} INFO - Sync 1 DAGs
[2024-02-04T14:17:28.061+0000] {logging_mixin.py:188} INFO - [2024-02-04T14:17:28.061+0000] {dag.py:3823} INFO - Setting next_dagrun for example_branch_operator to 2024-02-03 00:00:00+00:00, run_after=2024-02-04 00:00:00+00:00
[2024-02-04T14:17:28.089+0000] {processor.py:183} INFO - Processing /home/airflow/.local/lib/python3.8/site-packages/airflow/example_dags/example_branch_operator.py took 0.159 seconds
[2024-02-04T14:17:58.499+0000] {processor.py:161} INFO - Started process (PID=204) to work on /home/airflow/.local/lib/python3.8/site-packages/airflow/example_dags/example_branch_operator.py
[2024-02-04T14:17:58.500+0000] {processor.py:830} INFO - Processing file /home/airflow/.local/lib/python3.8/site-packages/airflow/example_dags/example_branch_operator.py for tasks to queue
[2024-02-04T14:17:58.502+0000] {logging_mixin.py:188} INFO - [2024-02-04T14:17:58.502+0000] {dagbag.py:538} INFO - Filling up the DagBag from /home/airflow/.local/lib/python3.8/site-packages/airflow/example_dags/example_branch_operator.py
[2024-02-04T14:17:58.524+0000] {processor.py:840} INFO - DAG(s) 'example_branch_operator' retrieved from /home/airflow/.local/lib/python3.8/site-packages/airflow/example_dags/example_branch_operator.py
[2024-02-04T14:17:58.562+0000] {logging_mixin.py:188} INFO - [2024-02-04T14:17:58.562+0000] {dag.py:3036} INFO - Sync 1 DAGs
[2024-02-04T14:17:58.588+0000] {logging_mixin.py:188} INFO - [2024-02-04T14:17:58.588+0000] {dag.py:3823} INFO - Setting next_dagrun for example_branch_operator to 2024-02-03 00:00:00+00:00, run_after=2024-02-04 00:00:00+00:00
[2024-02-04T14:17:58.611+0000] {processor.py:183} INFO - Processing /home/airflow/.local/lib/python3.8/site-packages/airflow/example_dags/example_branch_operator.py took 0.122 seconds
[2024-02-04T14:18:28.723+0000] {processor.py:161} INFO - Started process (PID=260) to work on /home/airflow/.local/lib/python3.8/site-packages/airflow/example_dags/example_branch_operator.py
[2024-02-04T14:18:28.724+0000] {processor.py:830} INFO - Processing file /home/airflow/.local/lib/python3.8/site-packages/airflow/example_dags/example_branch_operator.py for tasks to queue
[2024-02-04T14:18:28.725+0000] {logging_mixin.py:188} INFO - [2024-02-04T14:18:28.725+0000] {dagbag.py:538} INFO - Filling up the DagBag from /home/airflow/.local/lib/python3.8/site-packages/airflow/example_dags/example_branch_operator.py
[2024-02-04T14:18:28.739+0000] {processor.py:840} INFO - DAG(s) 'example_branch_operator' retrieved from /home/airflow/.local/lib/python3.8/site-packages/airflow/example_dags/example_branch_operator.py
[2024-02-04T14:18:28.762+0000] {logging_mixin.py:188} INFO - [2024-02-04T14:18:28.761+0000] {dag.py:3036} INFO - Sync 1 DAGs
[2024-02-04T14:18:28.780+0000] {logging_mixin.py:188} INFO - [2024-02-04T14:18:28.779+0000] {dag.py:3823} INFO - Setting next_dagrun for example_branch_operator to 2024-02-03 00:00:00+00:00, run_after=2024-02-04 00:00:00+00:00
[2024-02-04T14:18:28.799+0000] {processor.py:183} INFO - Processing /home/airflow/.local/lib/python3.8/site-packages/airflow/example_dags/example_branch_operator.py took 0.078 seconds
[2024-02-04T14:18:59.439+0000] {processor.py:161} INFO - Started process (PID=316) to work on /home/airflow/.local/lib/python3.8/site-packages/airflow/example_dags/example_branch_operator.py
[2024-02-04T14:18:59.440+0000] {processor.py:830} INFO - Processing file /home/airflow/.local/lib/python3.8/site-packages/airflow/example_dags/example_branch_operator.py for tasks to queue
[2024-02-04T14:18:59.441+0000] {logging_mixin.py:188} INFO - [2024-02-04T14:18:59.441+0000] {dagbag.py:538} INFO - Filling up the DagBag from /home/airflow/.local/lib/python3.8/site-packages/airflow/example_dags/example_branch_operator.py
[2024-02-04T14:18:59.455+0000] {processor.py:840} INFO - DAG(s) 'example_branch_operator' retrieved from /home/airflow/.local/lib/python3.8/site-packages/airflow/example_dags/example_branch_operator.py
[2024-02-04T14:18:59.478+0000] {logging_mixin.py:188} INFO - [2024-02-04T14:18:59.477+0000] {dag.py:3036} INFO - Sync 1 DAGs
[2024-02-04T14:18:59.495+0000] {logging_mixin.py:188} INFO - [2024-02-04T14:18:59.495+0000] {dag.py:3823} INFO - Setting next_dagrun for example_branch_operator to 2024-02-03 00:00:00+00:00, run_after=2024-02-04 00:00:00+00:00
[2024-02-04T14:18:59.515+0000] {processor.py:183} INFO - Processing /home/airflow/.local/lib/python3.8/site-packages/airflow/example_dags/example_branch_operator.py took 0.079 seconds
[2024-02-04T14:19:29.897+0000] {processor.py:161} INFO - Started process (PID=371) to work on /home/airflow/.local/lib/python3.8/site-packages/airflow/example_dags/example_branch_operator.py
[2024-02-04T14:19:29.898+0000] {processor.py:830} INFO - Processing file /home/airflow/.local/lib/python3.8/site-packages/airflow/example_dags/example_branch_operator.py for tasks to queue
[2024-02-04T14:19:29.899+0000] {logging_mixin.py:188} INFO - [2024-02-04T14:19:29.899+0000] {dagbag.py:538} INFO - Filling up the DagBag from /home/airflow/.local/lib/python3.8/site-packages/airflow/example_dags/example_branch_operator.py
[2024-02-04T14:19:29.912+0000] {processor.py:840} INFO - DAG(s) 'example_branch_operator' retrieved from /home/airflow/.local/lib/python3.8/site-packages/airflow/example_dags/example_branch_operator.py
[2024-02-04T14:19:29.939+0000] {logging_mixin.py:188} INFO - [2024-02-04T14:19:29.938+0000] {dag.py:3036} INFO - Sync 1 DAGs
[2024-02-04T14:19:29.958+0000] {logging_mixin.py:188} INFO - [2024-02-04T14:19:29.958+0000] {dag.py:3823} INFO - Setting next_dagrun for example_branch_operator to 2024-02-03 00:00:00+00:00, run_after=2024-02-04 00:00:00+00:00
[2024-02-04T14:19:29.978+0000] {processor.py:183} INFO - Processing /home/airflow/.local/lib/python3.8/site-packages/airflow/example_dags/example_branch_operator.py took 0.084 seconds
[2024-02-04T14:22:51.705+0000] {processor.py:161} INFO - Started process (PID=38) to work on /home/airflow/.local/lib/python3.8/site-packages/airflow/example_dags/example_branch_operator.py
[2024-02-04T14:22:51.706+0000] {processor.py:830} INFO - Processing file /home/airflow/.local/lib/python3.8/site-packages/airflow/example_dags/example_branch_operator.py for tasks to queue
[2024-02-04T14:22:51.708+0000] {logging_mixin.py:188} INFO - [2024-02-04T14:22:51.707+0000] {dagbag.py:538} INFO - Filling up the DagBag from /home/airflow/.local/lib/python3.8/site-packages/airflow/example_dags/example_branch_operator.py
[2024-02-04T14:22:51.772+0000] {processor.py:840} INFO - DAG(s) 'example_branch_operator' retrieved from /home/airflow/.local/lib/python3.8/site-packages/airflow/example_dags/example_branch_operator.py
[2024-02-04T14:22:51.977+0000] {logging_mixin.py:188} INFO - [2024-02-04T14:22:51.977+0000] {dag.py:3036} INFO - Sync 1 DAGs
[2024-02-04T14:22:52.012+0000] {logging_mixin.py:188} INFO - [2024-02-04T14:22:52.012+0000] {dag.py:3823} INFO - Setting next_dagrun for example_branch_operator to 2024-02-03 00:00:00+00:00, run_after=2024-02-04 00:00:00+00:00
[2024-02-04T14:22:52.043+0000] {processor.py:183} INFO - Processing /home/airflow/.local/lib/python3.8/site-packages/airflow/example_dags/example_branch_operator.py took 0.347 seconds
[2024-02-04T14:23:22.089+0000] {processor.py:161} INFO - Started process (PID=93) to work on /home/airflow/.local/lib/python3.8/site-packages/airflow/example_dags/example_branch_operator.py
[2024-02-04T14:23:22.092+0000] {processor.py:830} INFO - Processing file /home/airflow/.local/lib/python3.8/site-packages/airflow/example_dags/example_branch_operator.py for tasks to queue
[2024-02-04T14:23:22.098+0000] {logging_mixin.py:188} INFO - [2024-02-04T14:23:22.098+0000] {dagbag.py:538} INFO - Filling up the DagBag from /home/airflow/.local/lib/python3.8/site-packages/airflow/example_dags/example_branch_operator.py
[2024-02-04T14:23:22.139+0000] {processor.py:840} INFO - DAG(s) 'example_branch_operator' retrieved from /home/airflow/.local/lib/python3.8/site-packages/airflow/example_dags/example_branch_operator.py
[2024-02-04T14:23:22.174+0000] {logging_mixin.py:188} INFO - [2024-02-04T14:23:22.174+0000] {dag.py:3036} INFO - Sync 1 DAGs
[2024-02-04T14:23:22.201+0000] {logging_mixin.py:188} INFO - [2024-02-04T14:23:22.201+0000] {dag.py:3823} INFO - Setting next_dagrun for example_branch_operator to 2024-02-03 00:00:00+00:00, run_after=2024-02-04 00:00:00+00:00
[2024-02-04T14:23:22.226+0000] {processor.py:183} INFO - Processing /home/airflow/.local/lib/python3.8/site-packages/airflow/example_dags/example_branch_operator.py took 0.140 seconds
[2024-02-04T14:23:52.448+0000] {processor.py:161} INFO - Started process (PID=149) to work on /home/airflow/.local/lib/python3.8/site-packages/airflow/example_dags/example_branch_operator.py
[2024-02-04T14:23:52.449+0000] {processor.py:830} INFO - Processing file /home/airflow/.local/lib/python3.8/site-packages/airflow/example_dags/example_branch_operator.py for tasks to queue
[2024-02-04T14:23:52.459+0000] {logging_mixin.py:188} INFO - [2024-02-04T14:23:52.459+0000] {dagbag.py:538} INFO - Filling up the DagBag from /home/airflow/.local/lib/python3.8/site-packages/airflow/example_dags/example_branch_operator.py
[2024-02-04T14:23:52.504+0000] {processor.py:840} INFO - DAG(s) 'example_branch_operator' retrieved from /home/airflow/.local/lib/python3.8/site-packages/airflow/example_dags/example_branch_operator.py
[2024-02-04T14:23:52.540+0000] {logging_mixin.py:188} INFO - [2024-02-04T14:23:52.540+0000] {dag.py:3036} INFO - Sync 1 DAGs
[2024-02-04T14:23:52.569+0000] {logging_mixin.py:188} INFO - [2024-02-04T14:23:52.568+0000] {dag.py:3823} INFO - Setting next_dagrun for example_branch_operator to 2024-02-03 00:00:00+00:00, run_after=2024-02-04 00:00:00+00:00
[2024-02-04T14:23:52.593+0000] {processor.py:183} INFO - Processing /home/airflow/.local/lib/python3.8/site-packages/airflow/example_dags/example_branch_operator.py took 0.154 seconds
[2024-02-04T14:24:22.629+0000] {processor.py:161} INFO - Started process (PID=204) to work on /home/airflow/.local/lib/python3.8/site-packages/airflow/example_dags/example_branch_operator.py
[2024-02-04T14:24:22.630+0000] {processor.py:830} INFO - Processing file /home/airflow/.local/lib/python3.8/site-packages/airflow/example_dags/example_branch_operator.py for tasks to queue
[2024-02-04T14:24:22.631+0000] {logging_mixin.py:188} INFO - [2024-02-04T14:24:22.631+0000] {dagbag.py:538} INFO - Filling up the DagBag from /home/airflow/.local/lib/python3.8/site-packages/airflow/example_dags/example_branch_operator.py
[2024-02-04T14:24:22.646+0000] {processor.py:840} INFO - DAG(s) 'example_branch_operator' retrieved from /home/airflow/.local/lib/python3.8/site-packages/airflow/example_dags/example_branch_operator.py
[2024-02-04T14:24:22.668+0000] {logging_mixin.py:188} INFO - [2024-02-04T14:24:22.667+0000] {dag.py:3036} INFO - Sync 1 DAGs
[2024-02-04T14:24:22.686+0000] {logging_mixin.py:188} INFO - [2024-02-04T14:24:22.686+0000] {dag.py:3823} INFO - Setting next_dagrun for example_branch_operator to 2024-02-03 00:00:00+00:00, run_after=2024-02-04 00:00:00+00:00
[2024-02-04T14:24:22.707+0000] {processor.py:183} INFO - Processing /home/airflow/.local/lib/python3.8/site-packages/airflow/example_dags/example_branch_operator.py took 0.081 seconds
[2024-02-04T14:24:53.212+0000] {processor.py:161} INFO - Started process (PID=259) to work on /home/airflow/.local/lib/python3.8/site-packages/airflow/example_dags/example_branch_operator.py
[2024-02-04T14:24:53.213+0000] {processor.py:830} INFO - Processing file /home/airflow/.local/lib/python3.8/site-packages/airflow/example_dags/example_branch_operator.py for tasks to queue
[2024-02-04T14:24:53.214+0000] {logging_mixin.py:188} INFO - [2024-02-04T14:24:53.214+0000] {dagbag.py:538} INFO - Filling up the DagBag from /home/airflow/.local/lib/python3.8/site-packages/airflow/example_dags/example_branch_operator.py
[2024-02-04T14:24:53.228+0000] {processor.py:840} INFO - DAG(s) 'example_branch_operator' retrieved from /home/airflow/.local/lib/python3.8/site-packages/airflow/example_dags/example_branch_operator.py
[2024-02-04T14:24:53.249+0000] {logging_mixin.py:188} INFO - [2024-02-04T14:24:53.249+0000] {dag.py:3036} INFO - Sync 1 DAGs
[2024-02-04T14:24:53.267+0000] {logging_mixin.py:188} INFO - [2024-02-04T14:24:53.267+0000] {dag.py:3823} INFO - Setting next_dagrun for example_branch_operator to 2024-02-03 00:00:00+00:00, run_after=2024-02-04 00:00:00+00:00
[2024-02-04T14:24:53.288+0000] {processor.py:183} INFO - Processing /home/airflow/.local/lib/python3.8/site-packages/airflow/example_dags/example_branch_operator.py took 0.080 seconds
[2024-02-04T14:25:23.479+0000] {processor.py:161} INFO - Started process (PID=315) to work on /home/airflow/.local/lib/python3.8/site-packages/airflow/example_dags/example_branch_operator.py
[2024-02-04T14:25:23.480+0000] {processor.py:830} INFO - Processing file /home/airflow/.local/lib/python3.8/site-packages/airflow/example_dags/example_branch_operator.py for tasks to queue
[2024-02-04T14:25:23.482+0000] {logging_mixin.py:188} INFO - [2024-02-04T14:25:23.482+0000] {dagbag.py:538} INFO - Filling up the DagBag from /home/airflow/.local/lib/python3.8/site-packages/airflow/example_dags/example_branch_operator.py
[2024-02-04T14:25:23.501+0000] {processor.py:840} INFO - DAG(s) 'example_branch_operator' retrieved from /home/airflow/.local/lib/python3.8/site-packages/airflow/example_dags/example_branch_operator.py
[2024-02-04T14:25:23.524+0000] {logging_mixin.py:188} INFO - [2024-02-04T14:25:23.524+0000] {dag.py:3036} INFO - Sync 1 DAGs
[2024-02-04T14:25:23.543+0000] {logging_mixin.py:188} INFO - [2024-02-04T14:25:23.543+0000] {dag.py:3823} INFO - Setting next_dagrun for example_branch_operator to 2024-02-03 00:00:00+00:00, run_after=2024-02-04 00:00:00+00:00
[2024-02-04T14:25:23.563+0000] {processor.py:183} INFO - Processing /home/airflow/.local/lib/python3.8/site-packages/airflow/example_dags/example_branch_operator.py took 0.087 seconds
[2024-02-04T14:25:53.670+0000] {processor.py:161} INFO - Started process (PID=371) to work on /home/airflow/.local/lib/python3.8/site-packages/airflow/example_dags/example_branch_operator.py
[2024-02-04T14:25:53.671+0000] {processor.py:830} INFO - Processing file /home/airflow/.local/lib/python3.8/site-packages/airflow/example_dags/example_branch_operator.py for tasks to queue
[2024-02-04T14:25:53.672+0000] {logging_mixin.py:188} INFO - [2024-02-04T14:25:53.672+0000] {dagbag.py:538} INFO - Filling up the DagBag from /home/airflow/.local/lib/python3.8/site-packages/airflow/example_dags/example_branch_operator.py
[2024-02-04T14:25:53.687+0000] {processor.py:840} INFO - DAG(s) 'example_branch_operator' retrieved from /home/airflow/.local/lib/python3.8/site-packages/airflow/example_dags/example_branch_operator.py
[2024-02-04T14:25:53.709+0000] {logging_mixin.py:188} INFO - [2024-02-04T14:25:53.709+0000] {dag.py:3036} INFO - Sync 1 DAGs
[2024-02-04T14:25:53.728+0000] {logging_mixin.py:188} INFO - [2024-02-04T14:25:53.728+0000] {dag.py:3823} INFO - Setting next_dagrun for example_branch_operator to 2024-02-03 00:00:00+00:00, run_after=2024-02-04 00:00:00+00:00
[2024-02-04T14:25:53.748+0000] {processor.py:183} INFO - Processing /home/airflow/.local/lib/python3.8/site-packages/airflow/example_dags/example_branch_operator.py took 0.081 seconds
[2024-02-04T14:26:23.817+0000] {processor.py:161} INFO - Started process (PID=426) to work on /home/airflow/.local/lib/python3.8/site-packages/airflow/example_dags/example_branch_operator.py
[2024-02-04T14:26:23.818+0000] {processor.py:830} INFO - Processing file /home/airflow/.local/lib/python3.8/site-packages/airflow/example_dags/example_branch_operator.py for tasks to queue
[2024-02-04T14:26:23.820+0000] {logging_mixin.py:188} INFO - [2024-02-04T14:26:23.819+0000] {dagbag.py:538} INFO - Filling up the DagBag from /home/airflow/.local/lib/python3.8/site-packages/airflow/example_dags/example_branch_operator.py
[2024-02-04T14:26:23.834+0000] {processor.py:840} INFO - DAG(s) 'example_branch_operator' retrieved from /home/airflow/.local/lib/python3.8/site-packages/airflow/example_dags/example_branch_operator.py
[2024-02-04T14:26:23.856+0000] {logging_mixin.py:188} INFO - [2024-02-04T14:26:23.856+0000] {dag.py:3036} INFO - Sync 1 DAGs
[2024-02-04T14:26:23.874+0000] {logging_mixin.py:188} INFO - [2024-02-04T14:26:23.873+0000] {dag.py:3823} INFO - Setting next_dagrun for example_branch_operator to 2024-02-03 00:00:00+00:00, run_after=2024-02-04 00:00:00+00:00
[2024-02-04T14:26:23.895+0000] {processor.py:183} INFO - Processing /home/airflow/.local/lib/python3.8/site-packages/airflow/example_dags/example_branch_operator.py took 0.082 seconds
[2024-02-04T14:26:54.754+0000] {processor.py:161} INFO - Started process (PID=481) to work on /home/airflow/.local/lib/python3.8/site-packages/airflow/example_dags/example_branch_operator.py
[2024-02-04T14:26:54.754+0000] {processor.py:830} INFO - Processing file /home/airflow/.local/lib/python3.8/site-packages/airflow/example_dags/example_branch_operator.py for tasks to queue
[2024-02-04T14:26:54.756+0000] {logging_mixin.py:188} INFO - [2024-02-04T14:26:54.756+0000] {dagbag.py:538} INFO - Filling up the DagBag from /home/airflow/.local/lib/python3.8/site-packages/airflow/example_dags/example_branch_operator.py
[2024-02-04T14:26:54.770+0000] {processor.py:840} INFO - DAG(s) 'example_branch_operator' retrieved from /home/airflow/.local/lib/python3.8/site-packages/airflow/example_dags/example_branch_operator.py
[2024-02-04T14:26:54.792+0000] {logging_mixin.py:188} INFO - [2024-02-04T14:26:54.792+0000] {dag.py:3036} INFO - Sync 1 DAGs
[2024-02-04T14:26:54.810+0000] {logging_mixin.py:188} INFO - [2024-02-04T14:26:54.810+0000] {dag.py:3823} INFO - Setting next_dagrun for example_branch_operator to 2024-02-03 00:00:00+00:00, run_after=2024-02-04 00:00:00+00:00
[2024-02-04T14:26:54.833+0000] {processor.py:183} INFO - Processing /home/airflow/.local/lib/python3.8/site-packages/airflow/example_dags/example_branch_operator.py took 0.081 seconds
[2024-02-04T14:27:24.987+0000] {processor.py:161} INFO - Started process (PID=536) to work on /home/airflow/.local/lib/python3.8/site-packages/airflow/example_dags/example_branch_operator.py
[2024-02-04T14:27:24.988+0000] {processor.py:830} INFO - Processing file /home/airflow/.local/lib/python3.8/site-packages/airflow/example_dags/example_branch_operator.py for tasks to queue
[2024-02-04T14:27:24.989+0000] {logging_mixin.py:188} INFO - [2024-02-04T14:27:24.989+0000] {dagbag.py:538} INFO - Filling up the DagBag from /home/airflow/.local/lib/python3.8/site-packages/airflow/example_dags/example_branch_operator.py
[2024-02-04T14:27:25.003+0000] {processor.py:840} INFO - DAG(s) 'example_branch_operator' retrieved from /home/airflow/.local/lib/python3.8/site-packages/airflow/example_dags/example_branch_operator.py
[2024-02-04T14:27:25.025+0000] {logging_mixin.py:188} INFO - [2024-02-04T14:27:25.025+0000] {dag.py:3036} INFO - Sync 1 DAGs
[2024-02-04T14:27:25.048+0000] {logging_mixin.py:188} INFO - [2024-02-04T14:27:25.048+0000] {dag.py:3823} INFO - Setting next_dagrun for example_branch_operator to 2024-02-03 00:00:00+00:00, run_after=2024-02-04 00:00:00+00:00
[2024-02-04T14:27:25.072+0000] {processor.py:183} INFO - Processing /home/airflow/.local/lib/python3.8/site-packages/airflow/example_dags/example_branch_operator.py took 0.088 seconds
[2024-02-04T14:27:55.203+0000] {processor.py:161} INFO - Started process (PID=590) to work on /home/airflow/.local/lib/python3.8/site-packages/airflow/example_dags/example_branch_operator.py
[2024-02-04T14:27:55.204+0000] {processor.py:830} INFO - Processing file /home/airflow/.local/lib/python3.8/site-packages/airflow/example_dags/example_branch_operator.py for tasks to queue
[2024-02-04T14:27:55.206+0000] {logging_mixin.py:188} INFO - [2024-02-04T14:27:55.205+0000] {dagbag.py:538} INFO - Filling up the DagBag from /home/airflow/.local/lib/python3.8/site-packages/airflow/example_dags/example_branch_operator.py
[2024-02-04T14:27:55.220+0000] {processor.py:840} INFO - DAG(s) 'example_branch_operator' retrieved from /home/airflow/.local/lib/python3.8/site-packages/airflow/example_dags/example_branch_operator.py
[2024-02-04T14:27:55.242+0000] {logging_mixin.py:188} INFO - [2024-02-04T14:27:55.242+0000] {dag.py:3036} INFO - Sync 1 DAGs
[2024-02-04T14:27:55.262+0000] {logging_mixin.py:188} INFO - [2024-02-04T14:27:55.262+0000] {dag.py:3823} INFO - Setting next_dagrun for example_branch_operator to 2024-02-03 00:00:00+00:00, run_after=2024-02-04 00:00:00+00:00
[2024-02-04T14:27:55.283+0000] {processor.py:183} INFO - Processing /home/airflow/.local/lib/python3.8/site-packages/airflow/example_dags/example_branch_operator.py took 0.082 seconds
