[2024-02-04T14:13:18.334+0000] {processor.py:161} INFO - Started process (PID=78) to work on /home/airflow/.local/lib/python3.8/site-packages/airflow/example_dags/example_setup_teardown.py
[2024-02-04T14:13:18.335+0000] {processor.py:830} INFO - Processing file /home/airflow/.local/lib/python3.8/site-packages/airflow/example_dags/example_setup_teardown.py for tasks to queue
[2024-02-04T14:13:18.337+0000] {logging_mixin.py:188} INFO - [2024-02-04T14:13:18.337+0000] {dagbag.py:538} INFO - Filling up the DagBag from /home/airflow/.local/lib/python3.8/site-packages/airflow/example_dags/example_setup_teardown.py
[2024-02-04T14:13:18.346+0000] {processor.py:840} INFO - DAG(s) 'example_setup_teardown' retrieved from /home/airflow/.local/lib/python3.8/site-packages/airflow/example_dags/example_setup_teardown.py
[2024-02-04T14:13:18.553+0000] {logging_mixin.py:188} INFO - [2024-02-04T14:13:18.552+0000] {dag.py:3036} INFO - Sync 1 DAGs
[2024-02-04T14:13:18.581+0000] {logging_mixin.py:188} INFO - [2024-02-04T14:13:18.581+0000] {dag.py:3823} INFO - Setting next_dagrun for example_setup_teardown to 2024-02-03 00:00:00+00:00, run_after=2024-02-04 00:00:00+00:00
[2024-02-04T14:13:18.615+0000] {processor.py:183} INFO - Processing /home/airflow/.local/lib/python3.8/site-packages/airflow/example_dags/example_setup_teardown.py took 0.285 seconds
[2024-02-04T14:13:48.969+0000] {processor.py:161} INFO - Started process (PID=137) to work on /home/airflow/.local/lib/python3.8/site-packages/airflow/example_dags/example_setup_teardown.py
[2024-02-04T14:13:48.970+0000] {processor.py:830} INFO - Processing file /home/airflow/.local/lib/python3.8/site-packages/airflow/example_dags/example_setup_teardown.py for tasks to queue
[2024-02-04T14:13:48.971+0000] {logging_mixin.py:188} INFO - [2024-02-04T14:13:48.971+0000] {dagbag.py:538} INFO - Filling up the DagBag from /home/airflow/.local/lib/python3.8/site-packages/airflow/example_dags/example_setup_teardown.py
[2024-02-04T14:13:48.976+0000] {processor.py:840} INFO - DAG(s) 'example_setup_teardown' retrieved from /home/airflow/.local/lib/python3.8/site-packages/airflow/example_dags/example_setup_teardown.py
[2024-02-04T14:13:48.992+0000] {logging_mixin.py:188} INFO - [2024-02-04T14:13:48.992+0000] {dag.py:3036} INFO - Sync 1 DAGs
[2024-02-04T14:13:49.009+0000] {logging_mixin.py:188} INFO - [2024-02-04T14:13:49.009+0000] {dag.py:3823} INFO - Setting next_dagrun for example_setup_teardown to 2024-02-03 00:00:00+00:00, run_after=2024-02-04 00:00:00+00:00
[2024-02-04T14:13:49.029+0000] {processor.py:183} INFO - Processing /home/airflow/.local/lib/python3.8/site-packages/airflow/example_dags/example_setup_teardown.py took 0.062 seconds
[2024-02-04T14:14:19.590+0000] {processor.py:161} INFO - Started process (PID=189) to work on /home/airflow/.local/lib/python3.8/site-packages/airflow/example_dags/example_setup_teardown.py
[2024-02-04T14:14:19.591+0000] {processor.py:830} INFO - Processing file /home/airflow/.local/lib/python3.8/site-packages/airflow/example_dags/example_setup_teardown.py for tasks to queue
[2024-02-04T14:14:19.594+0000] {logging_mixin.py:188} INFO - [2024-02-04T14:14:19.593+0000] {dagbag.py:538} INFO - Filling up the DagBag from /home/airflow/.local/lib/python3.8/site-packages/airflow/example_dags/example_setup_teardown.py
[2024-02-04T14:14:19.600+0000] {processor.py:840} INFO - DAG(s) 'example_setup_teardown' retrieved from /home/airflow/.local/lib/python3.8/site-packages/airflow/example_dags/example_setup_teardown.py
[2024-02-04T14:14:19.625+0000] {logging_mixin.py:188} INFO - [2024-02-04T14:14:19.625+0000] {dag.py:3036} INFO - Sync 1 DAGs
[2024-02-04T14:14:19.648+0000] {logging_mixin.py:188} INFO - [2024-02-04T14:14:19.648+0000] {dag.py:3823} INFO - Setting next_dagrun for example_setup_teardown to 2024-02-03 00:00:00+00:00, run_after=2024-02-04 00:00:00+00:00
[2024-02-04T14:14:19.674+0000] {processor.py:183} INFO - Processing /home/airflow/.local/lib/python3.8/site-packages/airflow/example_dags/example_setup_teardown.py took 0.087 seconds
[2024-02-04T14:16:40.098+0000] {processor.py:161} INFO - Started process (PID=78) to work on /home/airflow/.local/lib/python3.8/site-packages/airflow/example_dags/example_setup_teardown.py
[2024-02-04T14:16:40.109+0000] {processor.py:830} INFO - Processing file /home/airflow/.local/lib/python3.8/site-packages/airflow/example_dags/example_setup_teardown.py for tasks to queue
[2024-02-04T14:16:40.111+0000] {logging_mixin.py:188} INFO - [2024-02-04T14:16:40.111+0000] {dagbag.py:538} INFO - Filling up the DagBag from /home/airflow/.local/lib/python3.8/site-packages/airflow/example_dags/example_setup_teardown.py
[2024-02-04T14:16:40.122+0000] {processor.py:840} INFO - DAG(s) 'example_setup_teardown' retrieved from /home/airflow/.local/lib/python3.8/site-packages/airflow/example_dags/example_setup_teardown.py
[2024-02-04T14:16:40.330+0000] {logging_mixin.py:188} INFO - [2024-02-04T14:16:40.330+0000] {dag.py:3036} INFO - Sync 1 DAGs
[2024-02-04T14:16:40.377+0000] {logging_mixin.py:188} INFO - [2024-02-04T14:16:40.377+0000] {dag.py:3823} INFO - Setting next_dagrun for example_setup_teardown to 2024-02-03 00:00:00+00:00, run_after=2024-02-04 00:00:00+00:00
[2024-02-04T14:16:40.443+0000] {processor.py:183} INFO - Processing /home/airflow/.local/lib/python3.8/site-packages/airflow/example_dags/example_setup_teardown.py took 0.349 seconds
[2024-02-04T14:17:11.158+0000] {processor.py:161} INFO - Started process (PID=134) to work on /home/airflow/.local/lib/python3.8/site-packages/airflow/example_dags/example_setup_teardown.py
[2024-02-04T14:17:11.159+0000] {processor.py:830} INFO - Processing file /home/airflow/.local/lib/python3.8/site-packages/airflow/example_dags/example_setup_teardown.py for tasks to queue
[2024-02-04T14:17:11.161+0000] {logging_mixin.py:188} INFO - [2024-02-04T14:17:11.161+0000] {dagbag.py:538} INFO - Filling up the DagBag from /home/airflow/.local/lib/python3.8/site-packages/airflow/example_dags/example_setup_teardown.py
[2024-02-04T14:17:11.169+0000] {processor.py:840} INFO - DAG(s) 'example_setup_teardown' retrieved from /home/airflow/.local/lib/python3.8/site-packages/airflow/example_dags/example_setup_teardown.py
[2024-02-04T14:17:11.192+0000] {logging_mixin.py:188} INFO - [2024-02-04T14:17:11.192+0000] {dag.py:3036} INFO - Sync 1 DAGs
[2024-02-04T14:17:11.215+0000] {logging_mixin.py:188} INFO - [2024-02-04T14:17:11.214+0000] {dag.py:3823} INFO - Setting next_dagrun for example_setup_teardown to 2024-02-03 00:00:00+00:00, run_after=2024-02-04 00:00:00+00:00
[2024-02-04T14:17:11.239+0000] {processor.py:183} INFO - Processing /home/airflow/.local/lib/python3.8/site-packages/airflow/example_dags/example_setup_teardown.py took 0.084 seconds
[2024-02-04T14:17:41.638+0000] {processor.py:161} INFO - Started process (PID=190) to work on /home/airflow/.local/lib/python3.8/site-packages/airflow/example_dags/example_setup_teardown.py
[2024-02-04T14:17:41.639+0000] {processor.py:830} INFO - Processing file /home/airflow/.local/lib/python3.8/site-packages/airflow/example_dags/example_setup_teardown.py for tasks to queue
[2024-02-04T14:17:41.641+0000] {logging_mixin.py:188} INFO - [2024-02-04T14:17:41.641+0000] {dagbag.py:538} INFO - Filling up the DagBag from /home/airflow/.local/lib/python3.8/site-packages/airflow/example_dags/example_setup_teardown.py
[2024-02-04T14:17:41.648+0000] {processor.py:840} INFO - DAG(s) 'example_setup_teardown' retrieved from /home/airflow/.local/lib/python3.8/site-packages/airflow/example_dags/example_setup_teardown.py
[2024-02-04T14:17:41.669+0000] {logging_mixin.py:188} INFO - [2024-02-04T14:17:41.669+0000] {dag.py:3036} INFO - Sync 1 DAGs
[2024-02-04T14:17:41.691+0000] {logging_mixin.py:188} INFO - [2024-02-04T14:17:41.691+0000] {dag.py:3823} INFO - Setting next_dagrun for example_setup_teardown to 2024-02-03 00:00:00+00:00, run_after=2024-02-04 00:00:00+00:00
[2024-02-04T14:17:41.714+0000] {processor.py:183} INFO - Processing /home/airflow/.local/lib/python3.8/site-packages/airflow/example_dags/example_setup_teardown.py took 0.079 seconds
[2024-02-04T14:18:12.358+0000] {processor.py:161} INFO - Started process (PID=245) to work on /home/airflow/.local/lib/python3.8/site-packages/airflow/example_dags/example_setup_teardown.py
[2024-02-04T14:18:12.359+0000] {processor.py:830} INFO - Processing file /home/airflow/.local/lib/python3.8/site-packages/airflow/example_dags/example_setup_teardown.py for tasks to queue
[2024-02-04T14:18:12.361+0000] {logging_mixin.py:188} INFO - [2024-02-04T14:18:12.361+0000] {dagbag.py:538} INFO - Filling up the DagBag from /home/airflow/.local/lib/python3.8/site-packages/airflow/example_dags/example_setup_teardown.py
[2024-02-04T14:18:12.368+0000] {processor.py:840} INFO - DAG(s) 'example_setup_teardown' retrieved from /home/airflow/.local/lib/python3.8/site-packages/airflow/example_dags/example_setup_teardown.py
[2024-02-04T14:18:12.390+0000] {logging_mixin.py:188} INFO - [2024-02-04T14:18:12.390+0000] {dag.py:3036} INFO - Sync 1 DAGs
[2024-02-04T14:18:12.412+0000] {logging_mixin.py:188} INFO - [2024-02-04T14:18:12.411+0000] {dag.py:3823} INFO - Setting next_dagrun for example_setup_teardown to 2024-02-03 00:00:00+00:00, run_after=2024-02-04 00:00:00+00:00
[2024-02-04T14:18:12.445+0000] {processor.py:183} INFO - Processing /home/airflow/.local/lib/python3.8/site-packages/airflow/example_dags/example_setup_teardown.py took 0.091 seconds
[2024-02-04T14:18:43.025+0000] {processor.py:161} INFO - Started process (PID=301) to work on /home/airflow/.local/lib/python3.8/site-packages/airflow/example_dags/example_setup_teardown.py
[2024-02-04T14:18:43.026+0000] {processor.py:830} INFO - Processing file /home/airflow/.local/lib/python3.8/site-packages/airflow/example_dags/example_setup_teardown.py for tasks to queue
[2024-02-04T14:18:43.028+0000] {logging_mixin.py:188} INFO - [2024-02-04T14:18:43.028+0000] {dagbag.py:538} INFO - Filling up the DagBag from /home/airflow/.local/lib/python3.8/site-packages/airflow/example_dags/example_setup_teardown.py
[2024-02-04T14:18:43.035+0000] {processor.py:840} INFO - DAG(s) 'example_setup_teardown' retrieved from /home/airflow/.local/lib/python3.8/site-packages/airflow/example_dags/example_setup_teardown.py
[2024-02-04T14:18:43.070+0000] {logging_mixin.py:188} INFO - [2024-02-04T14:18:43.070+0000] {dag.py:3036} INFO - Sync 1 DAGs
[2024-02-04T14:18:43.093+0000] {logging_mixin.py:188} INFO - [2024-02-04T14:18:43.092+0000] {dag.py:3823} INFO - Setting next_dagrun for example_setup_teardown to 2024-02-03 00:00:00+00:00, run_after=2024-02-04 00:00:00+00:00
[2024-02-04T14:18:43.116+0000] {processor.py:183} INFO - Processing /home/airflow/.local/lib/python3.8/site-packages/airflow/example_dags/example_setup_teardown.py took 0.095 seconds
[2024-02-04T14:19:13.531+0000] {processor.py:161} INFO - Started process (PID=357) to work on /home/airflow/.local/lib/python3.8/site-packages/airflow/example_dags/example_setup_teardown.py
[2024-02-04T14:19:13.531+0000] {processor.py:830} INFO - Processing file /home/airflow/.local/lib/python3.8/site-packages/airflow/example_dags/example_setup_teardown.py for tasks to queue
[2024-02-04T14:19:13.534+0000] {logging_mixin.py:188} INFO - [2024-02-04T14:19:13.533+0000] {dagbag.py:538} INFO - Filling up the DagBag from /home/airflow/.local/lib/python3.8/site-packages/airflow/example_dags/example_setup_teardown.py
[2024-02-04T14:19:13.541+0000] {processor.py:840} INFO - DAG(s) 'example_setup_teardown' retrieved from /home/airflow/.local/lib/python3.8/site-packages/airflow/example_dags/example_setup_teardown.py
[2024-02-04T14:19:13.563+0000] {logging_mixin.py:188} INFO - [2024-02-04T14:19:13.563+0000] {dag.py:3036} INFO - Sync 1 DAGs
[2024-02-04T14:19:13.586+0000] {logging_mixin.py:188} INFO - [2024-02-04T14:19:13.586+0000] {dag.py:3823} INFO - Setting next_dagrun for example_setup_teardown to 2024-02-03 00:00:00+00:00, run_after=2024-02-04 00:00:00+00:00
[2024-02-04T14:19:13.609+0000] {processor.py:183} INFO - Processing /home/airflow/.local/lib/python3.8/site-packages/airflow/example_dags/example_setup_teardown.py took 0.082 seconds
[2024-02-04T14:23:05.300+0000] {processor.py:161} INFO - Started process (PID=79) to work on /home/airflow/.local/lib/python3.8/site-packages/airflow/example_dags/example_setup_teardown.py
[2024-02-04T14:23:05.301+0000] {processor.py:830} INFO - Processing file /home/airflow/.local/lib/python3.8/site-packages/airflow/example_dags/example_setup_teardown.py for tasks to queue
[2024-02-04T14:23:05.306+0000] {logging_mixin.py:188} INFO - [2024-02-04T14:23:05.305+0000] {dagbag.py:538} INFO - Filling up the DagBag from /home/airflow/.local/lib/python3.8/site-packages/airflow/example_dags/example_setup_teardown.py
[2024-02-04T14:23:05.330+0000] {processor.py:840} INFO - DAG(s) 'example_setup_teardown' retrieved from /home/airflow/.local/lib/python3.8/site-packages/airflow/example_dags/example_setup_teardown.py
[2024-02-04T14:23:05.544+0000] {logging_mixin.py:188} INFO - [2024-02-04T14:23:05.543+0000] {dag.py:3036} INFO - Sync 1 DAGs
[2024-02-04T14:23:05.597+0000] {logging_mixin.py:188} INFO - [2024-02-04T14:23:05.597+0000] {dag.py:3823} INFO - Setting next_dagrun for example_setup_teardown to 2024-02-03 00:00:00+00:00, run_after=2024-02-04 00:00:00+00:00
[2024-02-04T14:23:05.628+0000] {processor.py:183} INFO - Processing /home/airflow/.local/lib/python3.8/site-packages/airflow/example_dags/example_setup_teardown.py took 0.341 seconds
[2024-02-04T14:23:35.662+0000] {processor.py:161} INFO - Started process (PID=135) to work on /home/airflow/.local/lib/python3.8/site-packages/airflow/example_dags/example_setup_teardown.py
[2024-02-04T14:23:35.663+0000] {processor.py:830} INFO - Processing file /home/airflow/.local/lib/python3.8/site-packages/airflow/example_dags/example_setup_teardown.py for tasks to queue
[2024-02-04T14:23:35.665+0000] {logging_mixin.py:188} INFO - [2024-02-04T14:23:35.665+0000] {dagbag.py:538} INFO - Filling up the DagBag from /home/airflow/.local/lib/python3.8/site-packages/airflow/example_dags/example_setup_teardown.py
[2024-02-04T14:23:35.670+0000] {processor.py:840} INFO - DAG(s) 'example_setup_teardown' retrieved from /home/airflow/.local/lib/python3.8/site-packages/airflow/example_dags/example_setup_teardown.py
[2024-02-04T14:23:35.686+0000] {logging_mixin.py:188} INFO - [2024-02-04T14:23:35.686+0000] {dag.py:3036} INFO - Sync 1 DAGs
[2024-02-04T14:23:35.703+0000] {logging_mixin.py:188} INFO - [2024-02-04T14:23:35.703+0000] {dag.py:3823} INFO - Setting next_dagrun for example_setup_teardown to 2024-02-03 00:00:00+00:00, run_after=2024-02-04 00:00:00+00:00
[2024-02-04T14:23:35.725+0000] {processor.py:183} INFO - Processing /home/airflow/.local/lib/python3.8/site-packages/airflow/example_dags/example_setup_teardown.py took 0.065 seconds
[2024-02-04T14:24:06.216+0000] {processor.py:161} INFO - Started process (PID=190) to work on /home/airflow/.local/lib/python3.8/site-packages/airflow/example_dags/example_setup_teardown.py
[2024-02-04T14:24:06.217+0000] {processor.py:830} INFO - Processing file /home/airflow/.local/lib/python3.8/site-packages/airflow/example_dags/example_setup_teardown.py for tasks to queue
[2024-02-04T14:24:06.219+0000] {logging_mixin.py:188} INFO - [2024-02-04T14:24:06.219+0000] {dagbag.py:538} INFO - Filling up the DagBag from /home/airflow/.local/lib/python3.8/site-packages/airflow/example_dags/example_setup_teardown.py
[2024-02-04T14:24:06.227+0000] {processor.py:840} INFO - DAG(s) 'example_setup_teardown' retrieved from /home/airflow/.local/lib/python3.8/site-packages/airflow/example_dags/example_setup_teardown.py
[2024-02-04T14:24:06.251+0000] {logging_mixin.py:188} INFO - [2024-02-04T14:24:06.251+0000] {dag.py:3036} INFO - Sync 1 DAGs
[2024-02-04T14:24:06.275+0000] {logging_mixin.py:188} INFO - [2024-02-04T14:24:06.274+0000] {dag.py:3823} INFO - Setting next_dagrun for example_setup_teardown to 2024-02-03 00:00:00+00:00, run_after=2024-02-04 00:00:00+00:00
[2024-02-04T14:24:06.300+0000] {processor.py:183} INFO - Processing /home/airflow/.local/lib/python3.8/site-packages/airflow/example_dags/example_setup_teardown.py took 0.087 seconds
[2024-02-04T14:24:36.856+0000] {processor.py:161} INFO - Started process (PID=245) to work on /home/airflow/.local/lib/python3.8/site-packages/airflow/example_dags/example_setup_teardown.py
[2024-02-04T14:24:36.857+0000] {processor.py:830} INFO - Processing file /home/airflow/.local/lib/python3.8/site-packages/airflow/example_dags/example_setup_teardown.py for tasks to queue
[2024-02-04T14:24:36.859+0000] {logging_mixin.py:188} INFO - [2024-02-04T14:24:36.859+0000] {dagbag.py:538} INFO - Filling up the DagBag from /home/airflow/.local/lib/python3.8/site-packages/airflow/example_dags/example_setup_teardown.py
[2024-02-04T14:24:36.866+0000] {processor.py:840} INFO - DAG(s) 'example_setup_teardown' retrieved from /home/airflow/.local/lib/python3.8/site-packages/airflow/example_dags/example_setup_teardown.py
[2024-02-04T14:24:36.891+0000] {logging_mixin.py:188} INFO - [2024-02-04T14:24:36.891+0000] {dag.py:3036} INFO - Sync 1 DAGs
[2024-02-04T14:24:36.916+0000] {logging_mixin.py:188} INFO - [2024-02-04T14:24:36.916+0000] {dag.py:3823} INFO - Setting next_dagrun for example_setup_teardown to 2024-02-03 00:00:00+00:00, run_after=2024-02-04 00:00:00+00:00
[2024-02-04T14:24:36.942+0000] {processor.py:183} INFO - Processing /home/airflow/.local/lib/python3.8/site-packages/airflow/example_dags/example_setup_teardown.py took 0.089 seconds
[2024-02-04T14:25:07.810+0000] {processor.py:161} INFO - Started process (PID=300) to work on /home/airflow/.local/lib/python3.8/site-packages/airflow/example_dags/example_setup_teardown.py
[2024-02-04T14:25:07.811+0000] {processor.py:830} INFO - Processing file /home/airflow/.local/lib/python3.8/site-packages/airflow/example_dags/example_setup_teardown.py for tasks to queue
[2024-02-04T14:25:07.814+0000] {logging_mixin.py:188} INFO - [2024-02-04T14:25:07.813+0000] {dagbag.py:538} INFO - Filling up the DagBag from /home/airflow/.local/lib/python3.8/site-packages/airflow/example_dags/example_setup_teardown.py
[2024-02-04T14:25:07.821+0000] {processor.py:840} INFO - DAG(s) 'example_setup_teardown' retrieved from /home/airflow/.local/lib/python3.8/site-packages/airflow/example_dags/example_setup_teardown.py
[2024-02-04T14:25:07.846+0000] {logging_mixin.py:188} INFO - [2024-02-04T14:25:07.846+0000] {dag.py:3036} INFO - Sync 1 DAGs
[2024-02-04T14:25:07.869+0000] {logging_mixin.py:188} INFO - [2024-02-04T14:25:07.869+0000] {dag.py:3823} INFO - Setting next_dagrun for example_setup_teardown to 2024-02-03 00:00:00+00:00, run_after=2024-02-04 00:00:00+00:00
[2024-02-04T14:25:07.893+0000] {processor.py:183} INFO - Processing /home/airflow/.local/lib/python3.8/site-packages/airflow/example_dags/example_setup_teardown.py took 0.086 seconds
[2024-02-04T14:25:38.858+0000] {processor.py:161} INFO - Started process (PID=356) to work on /home/airflow/.local/lib/python3.8/site-packages/airflow/example_dags/example_setup_teardown.py
[2024-02-04T14:25:38.859+0000] {processor.py:830} INFO - Processing file /home/airflow/.local/lib/python3.8/site-packages/airflow/example_dags/example_setup_teardown.py for tasks to queue
[2024-02-04T14:25:38.861+0000] {logging_mixin.py:188} INFO - [2024-02-04T14:25:38.861+0000] {dagbag.py:538} INFO - Filling up the DagBag from /home/airflow/.local/lib/python3.8/site-packages/airflow/example_dags/example_setup_teardown.py
[2024-02-04T14:25:38.869+0000] {processor.py:840} INFO - DAG(s) 'example_setup_teardown' retrieved from /home/airflow/.local/lib/python3.8/site-packages/airflow/example_dags/example_setup_teardown.py
[2024-02-04T14:25:38.893+0000] {logging_mixin.py:188} INFO - [2024-02-04T14:25:38.893+0000] {dag.py:3036} INFO - Sync 1 DAGs
[2024-02-04T14:25:38.918+0000] {logging_mixin.py:188} INFO - [2024-02-04T14:25:38.918+0000] {dag.py:3823} INFO - Setting next_dagrun for example_setup_teardown to 2024-02-03 00:00:00+00:00, run_after=2024-02-04 00:00:00+00:00
[2024-02-04T14:25:38.941+0000] {processor.py:183} INFO - Processing /home/airflow/.local/lib/python3.8/site-packages/airflow/example_dags/example_setup_teardown.py took 0.088 seconds
[2024-02-04T14:26:10.130+0000] {processor.py:161} INFO - Started process (PID=412) to work on /home/airflow/.local/lib/python3.8/site-packages/airflow/example_dags/example_setup_teardown.py
[2024-02-04T14:26:10.141+0000] {processor.py:830} INFO - Processing file /home/airflow/.local/lib/python3.8/site-packages/airflow/example_dags/example_setup_teardown.py for tasks to queue
[2024-02-04T14:26:10.142+0000] {logging_mixin.py:188} INFO - [2024-02-04T14:26:10.142+0000] {dagbag.py:538} INFO - Filling up the DagBag from /home/airflow/.local/lib/python3.8/site-packages/airflow/example_dags/example_setup_teardown.py
[2024-02-04T14:26:10.180+0000] {processor.py:840} INFO - DAG(s) 'example_setup_teardown' retrieved from /home/airflow/.local/lib/python3.8/site-packages/airflow/example_dags/example_setup_teardown.py
[2024-02-04T14:26:10.261+0000] {logging_mixin.py:188} INFO - [2024-02-04T14:26:10.261+0000] {dag.py:3036} INFO - Sync 1 DAGs
[2024-02-04T14:26:10.367+0000] {logging_mixin.py:188} INFO - [2024-02-04T14:26:10.367+0000] {dag.py:3823} INFO - Setting next_dagrun for example_setup_teardown to 2024-02-03 00:00:00+00:00, run_after=2024-02-04 00:00:00+00:00
[2024-02-04T14:26:10.453+0000] {processor.py:183} INFO - Processing /home/airflow/.local/lib/python3.8/site-packages/airflow/example_dags/example_setup_teardown.py took 0.337 seconds
[2024-02-04T14:26:41.342+0000] {processor.py:161} INFO - Started process (PID=474) to work on /home/airflow/.local/lib/python3.8/site-packages/airflow/example_dags/example_setup_teardown.py
[2024-02-04T14:26:41.352+0000] {processor.py:830} INFO - Processing file /home/airflow/.local/lib/python3.8/site-packages/airflow/example_dags/example_setup_teardown.py for tasks to queue
[2024-02-04T14:26:41.355+0000] {logging_mixin.py:188} INFO - [2024-02-04T14:26:41.355+0000] {dagbag.py:538} INFO - Filling up the DagBag from /home/airflow/.local/lib/python3.8/site-packages/airflow/example_dags/example_setup_teardown.py
[2024-02-04T14:26:41.373+0000] {processor.py:840} INFO - DAG(s) 'example_setup_teardown' retrieved from /home/airflow/.local/lib/python3.8/site-packages/airflow/example_dags/example_setup_teardown.py
[2024-02-04T14:26:41.459+0000] {logging_mixin.py:188} INFO - [2024-02-04T14:26:41.458+0000] {dag.py:3036} INFO - Sync 1 DAGs
[2024-02-04T14:26:41.576+0000] {logging_mixin.py:188} INFO - [2024-02-04T14:26:41.570+0000] {dag.py:3823} INFO - Setting next_dagrun for example_setup_teardown to 2024-02-03 00:00:00+00:00, run_after=2024-02-04 00:00:00+00:00
[2024-02-04T14:26:41.652+0000] {processor.py:183} INFO - Processing /home/airflow/.local/lib/python3.8/site-packages/airflow/example_dags/example_setup_teardown.py took 0.314 seconds
[2024-02-04T14:27:12.284+0000] {processor.py:161} INFO - Started process (PID=529) to work on /home/airflow/.local/lib/python3.8/site-packages/airflow/example_dags/example_setup_teardown.py
[2024-02-04T14:27:12.285+0000] {processor.py:830} INFO - Processing file /home/airflow/.local/lib/python3.8/site-packages/airflow/example_dags/example_setup_teardown.py for tasks to queue
[2024-02-04T14:27:12.287+0000] {logging_mixin.py:188} INFO - [2024-02-04T14:27:12.287+0000] {dagbag.py:538} INFO - Filling up the DagBag from /home/airflow/.local/lib/python3.8/site-packages/airflow/example_dags/example_setup_teardown.py
[2024-02-04T14:27:12.294+0000] {processor.py:840} INFO - DAG(s) 'example_setup_teardown' retrieved from /home/airflow/.local/lib/python3.8/site-packages/airflow/example_dags/example_setup_teardown.py
[2024-02-04T14:27:12.325+0000] {logging_mixin.py:188} INFO - [2024-02-04T14:27:12.325+0000] {dag.py:3036} INFO - Sync 1 DAGs
[2024-02-04T14:27:12.348+0000] {logging_mixin.py:188} INFO - [2024-02-04T14:27:12.348+0000] {dag.py:3823} INFO - Setting next_dagrun for example_setup_teardown to 2024-02-03 00:00:00+00:00, run_after=2024-02-04 00:00:00+00:00
[2024-02-04T14:27:12.376+0000] {processor.py:183} INFO - Processing /home/airflow/.local/lib/python3.8/site-packages/airflow/example_dags/example_setup_teardown.py took 0.095 seconds
[2024-02-04T14:27:42.525+0000] {processor.py:161} INFO - Started process (PID=583) to work on /home/airflow/.local/lib/python3.8/site-packages/airflow/example_dags/example_setup_teardown.py
[2024-02-04T14:27:42.527+0000] {processor.py:830} INFO - Processing file /home/airflow/.local/lib/python3.8/site-packages/airflow/example_dags/example_setup_teardown.py for tasks to queue
[2024-02-04T14:27:42.529+0000] {logging_mixin.py:188} INFO - [2024-02-04T14:27:42.529+0000] {dagbag.py:538} INFO - Filling up the DagBag from /home/airflow/.local/lib/python3.8/site-packages/airflow/example_dags/example_setup_teardown.py
[2024-02-04T14:27:42.536+0000] {processor.py:840} INFO - DAG(s) 'example_setup_teardown' retrieved from /home/airflow/.local/lib/python3.8/site-packages/airflow/example_dags/example_setup_teardown.py
[2024-02-04T14:27:42.562+0000] {logging_mixin.py:188} INFO - [2024-02-04T14:27:42.562+0000] {dag.py:3036} INFO - Sync 1 DAGs
[2024-02-04T14:27:42.586+0000] {logging_mixin.py:188} INFO - [2024-02-04T14:27:42.586+0000] {dag.py:3823} INFO - Setting next_dagrun for example_setup_teardown to 2024-02-03 00:00:00+00:00, run_after=2024-02-04 00:00:00+00:00
[2024-02-04T14:27:42.612+0000] {processor.py:183} INFO - Processing /home/airflow/.local/lib/python3.8/site-packages/airflow/example_dags/example_setup_teardown.py took 0.090 seconds
