[2024-02-04T14:13:06.081+0000] {processor.py:161} INFO - Started process (PID=38) to work on /home/airflow/.local/lib/python3.8/site-packages/airflow/example_dags/example_trigger_target_dag.py
[2024-02-04T14:13:06.093+0000] {processor.py:830} INFO - Processing file /home/airflow/.local/lib/python3.8/site-packages/airflow/example_dags/example_trigger_target_dag.py for tasks to queue
[2024-02-04T14:13:06.095+0000] {logging_mixin.py:188} INFO - [2024-02-04T14:13:06.095+0000] {dagbag.py:538} INFO - Filling up the DagBag from /home/airflow/.local/lib/python3.8/site-packages/airflow/example_dags/example_trigger_target_dag.py
[2024-02-04T14:13:06.131+0000] {processor.py:840} INFO - DAG(s) 'example_trigger_target_dag' retrieved from /home/airflow/.local/lib/python3.8/site-packages/airflow/example_dags/example_trigger_target_dag.py
[2024-02-04T14:13:06.457+0000] {logging_mixin.py:188} INFO - [2024-02-04T14:13:06.457+0000] {dag.py:3036} INFO - Sync 1 DAGs
[2024-02-04T14:13:06.494+0000] {logging_mixin.py:188} INFO - [2024-02-04T14:13:06.494+0000] {dag.py:3823} INFO - Setting next_dagrun for example_trigger_target_dag to None, run_after=None
[2024-02-04T14:13:06.559+0000] {processor.py:183} INFO - Processing /home/airflow/.local/lib/python3.8/site-packages/airflow/example_dags/example_trigger_target_dag.py took 0.486 seconds
[2024-02-04T14:13:37.433+0000] {processor.py:161} INFO - Started process (PID=94) to work on /home/airflow/.local/lib/python3.8/site-packages/airflow/example_dags/example_trigger_target_dag.py
[2024-02-04T14:13:37.433+0000] {processor.py:830} INFO - Processing file /home/airflow/.local/lib/python3.8/site-packages/airflow/example_dags/example_trigger_target_dag.py for tasks to queue
[2024-02-04T14:13:37.435+0000] {logging_mixin.py:188} INFO - [2024-02-04T14:13:37.435+0000] {dagbag.py:538} INFO - Filling up the DagBag from /home/airflow/.local/lib/python3.8/site-packages/airflow/example_dags/example_trigger_target_dag.py
[2024-02-04T14:13:37.441+0000] {processor.py:840} INFO - DAG(s) 'example_trigger_target_dag' retrieved from /home/airflow/.local/lib/python3.8/site-packages/airflow/example_dags/example_trigger_target_dag.py
[2024-02-04T14:13:37.462+0000] {logging_mixin.py:188} INFO - [2024-02-04T14:13:37.462+0000] {dag.py:3036} INFO - Sync 1 DAGs
[2024-02-04T14:13:37.477+0000] {logging_mixin.py:188} INFO - [2024-02-04T14:13:37.477+0000] {dag.py:3823} INFO - Setting next_dagrun for example_trigger_target_dag to None, run_after=None
[2024-02-04T14:13:37.503+0000] {processor.py:183} INFO - Processing /home/airflow/.local/lib/python3.8/site-packages/airflow/example_dags/example_trigger_target_dag.py took 0.073 seconds
[2024-02-04T14:14:07.702+0000] {processor.py:161} INFO - Started process (PID=149) to work on /home/airflow/.local/lib/python3.8/site-packages/airflow/example_dags/example_trigger_target_dag.py
[2024-02-04T14:14:07.705+0000] {processor.py:830} INFO - Processing file /home/airflow/.local/lib/python3.8/site-packages/airflow/example_dags/example_trigger_target_dag.py for tasks to queue
[2024-02-04T14:14:07.707+0000] {logging_mixin.py:188} INFO - [2024-02-04T14:14:07.706+0000] {dagbag.py:538} INFO - Filling up the DagBag from /home/airflow/.local/lib/python3.8/site-packages/airflow/example_dags/example_trigger_target_dag.py
[2024-02-04T14:14:07.713+0000] {processor.py:840} INFO - DAG(s) 'example_trigger_target_dag' retrieved from /home/airflow/.local/lib/python3.8/site-packages/airflow/example_dags/example_trigger_target_dag.py
[2024-02-04T14:14:07.738+0000] {logging_mixin.py:188} INFO - [2024-02-04T14:14:07.737+0000] {dag.py:3036} INFO - Sync 1 DAGs
[2024-02-04T14:14:07.752+0000] {logging_mixin.py:188} INFO - [2024-02-04T14:14:07.752+0000] {dag.py:3823} INFO - Setting next_dagrun for example_trigger_target_dag to None, run_after=None
[2024-02-04T14:14:07.782+0000] {processor.py:183} INFO - Processing /home/airflow/.local/lib/python3.8/site-packages/airflow/example_dags/example_trigger_target_dag.py took 0.115 seconds
[2024-02-04T14:14:37.960+0000] {processor.py:161} INFO - Started process (PID=204) to work on /home/airflow/.local/lib/python3.8/site-packages/airflow/example_dags/example_trigger_target_dag.py
[2024-02-04T14:14:37.968+0000] {processor.py:830} INFO - Processing file /home/airflow/.local/lib/python3.8/site-packages/airflow/example_dags/example_trigger_target_dag.py for tasks to queue
[2024-02-04T14:14:37.970+0000] {logging_mixin.py:188} INFO - [2024-02-04T14:14:37.970+0000] {dagbag.py:538} INFO - Filling up the DagBag from /home/airflow/.local/lib/python3.8/site-packages/airflow/example_dags/example_trigger_target_dag.py
[2024-02-04T14:14:37.977+0000] {processor.py:840} INFO - DAG(s) 'example_trigger_target_dag' retrieved from /home/airflow/.local/lib/python3.8/site-packages/airflow/example_dags/example_trigger_target_dag.py
[2024-02-04T14:14:37.997+0000] {logging_mixin.py:188} INFO - [2024-02-04T14:14:37.997+0000] {dag.py:3036} INFO - Sync 1 DAGs
[2024-02-04T14:14:38.012+0000] {logging_mixin.py:188} INFO - [2024-02-04T14:14:38.012+0000] {dag.py:3823} INFO - Setting next_dagrun for example_trigger_target_dag to None, run_after=None
[2024-02-04T14:14:38.037+0000] {processor.py:183} INFO - Processing /home/airflow/.local/lib/python3.8/site-packages/airflow/example_dags/example_trigger_target_dag.py took 0.081 seconds
[2024-02-04T14:16:27.171+0000] {processor.py:161} INFO - Started process (PID=38) to work on /home/airflow/.local/lib/python3.8/site-packages/airflow/example_dags/example_trigger_target_dag.py
[2024-02-04T14:16:27.177+0000] {processor.py:830} INFO - Processing file /home/airflow/.local/lib/python3.8/site-packages/airflow/example_dags/example_trigger_target_dag.py for tasks to queue
[2024-02-04T14:16:27.179+0000] {logging_mixin.py:188} INFO - [2024-02-04T14:16:27.178+0000] {dagbag.py:538} INFO - Filling up the DagBag from /home/airflow/.local/lib/python3.8/site-packages/airflow/example_dags/example_trigger_target_dag.py
[2024-02-04T14:16:27.188+0000] {processor.py:840} INFO - DAG(s) 'example_trigger_target_dag' retrieved from /home/airflow/.local/lib/python3.8/site-packages/airflow/example_dags/example_trigger_target_dag.py
[2024-02-04T14:16:27.601+0000] {logging_mixin.py:188} INFO - [2024-02-04T14:16:27.601+0000] {dag.py:3036} INFO - Sync 1 DAGs
[2024-02-04T14:16:27.665+0000] {logging_mixin.py:188} INFO - [2024-02-04T14:16:27.664+0000] {dag.py:3823} INFO - Setting next_dagrun for example_trigger_target_dag to None, run_after=None
[2024-02-04T14:16:27.726+0000] {processor.py:183} INFO - Processing /home/airflow/.local/lib/python3.8/site-packages/airflow/example_dags/example_trigger_target_dag.py took 0.558 seconds
[2024-02-04T14:16:58.645+0000] {processor.py:161} INFO - Started process (PID=94) to work on /home/airflow/.local/lib/python3.8/site-packages/airflow/example_dags/example_trigger_target_dag.py
[2024-02-04T14:16:58.649+0000] {processor.py:830} INFO - Processing file /home/airflow/.local/lib/python3.8/site-packages/airflow/example_dags/example_trigger_target_dag.py for tasks to queue
[2024-02-04T14:16:58.651+0000] {logging_mixin.py:188} INFO - [2024-02-04T14:16:58.651+0000] {dagbag.py:538} INFO - Filling up the DagBag from /home/airflow/.local/lib/python3.8/site-packages/airflow/example_dags/example_trigger_target_dag.py
[2024-02-04T14:16:58.657+0000] {processor.py:840} INFO - DAG(s) 'example_trigger_target_dag' retrieved from /home/airflow/.local/lib/python3.8/site-packages/airflow/example_dags/example_trigger_target_dag.py
[2024-02-04T14:16:58.680+0000] {logging_mixin.py:188} INFO - [2024-02-04T14:16:58.680+0000] {dag.py:3036} INFO - Sync 1 DAGs
[2024-02-04T14:16:58.695+0000] {logging_mixin.py:188} INFO - [2024-02-04T14:16:58.695+0000] {dag.py:3823} INFO - Setting next_dagrun for example_trigger_target_dag to None, run_after=None
[2024-02-04T14:16:58.721+0000] {processor.py:183} INFO - Processing /home/airflow/.local/lib/python3.8/site-packages/airflow/example_dags/example_trigger_target_dag.py took 0.079 seconds
[2024-02-04T14:17:28.974+0000] {processor.py:161} INFO - Started process (PID=150) to work on /home/airflow/.local/lib/python3.8/site-packages/airflow/example_dags/example_trigger_target_dag.py
[2024-02-04T14:17:28.974+0000] {processor.py:830} INFO - Processing file /home/airflow/.local/lib/python3.8/site-packages/airflow/example_dags/example_trigger_target_dag.py for tasks to queue
[2024-02-04T14:17:28.976+0000] {logging_mixin.py:188} INFO - [2024-02-04T14:17:28.976+0000] {dagbag.py:538} INFO - Filling up the DagBag from /home/airflow/.local/lib/python3.8/site-packages/airflow/example_dags/example_trigger_target_dag.py
[2024-02-04T14:17:28.982+0000] {processor.py:840} INFO - DAG(s) 'example_trigger_target_dag' retrieved from /home/airflow/.local/lib/python3.8/site-packages/airflow/example_dags/example_trigger_target_dag.py
[2024-02-04T14:17:29.021+0000] {logging_mixin.py:188} INFO - [2024-02-04T14:17:29.021+0000] {dag.py:3036} INFO - Sync 1 DAGs
[2024-02-04T14:17:29.051+0000] {logging_mixin.py:188} INFO - [2024-02-04T14:17:29.051+0000] {dag.py:3823} INFO - Setting next_dagrun for example_trigger_target_dag to None, run_after=None
[2024-02-04T14:17:29.094+0000] {processor.py:183} INFO - Processing /home/airflow/.local/lib/python3.8/site-packages/airflow/example_dags/example_trigger_target_dag.py took 0.124 seconds
[2024-02-04T14:17:59.569+0000] {processor.py:161} INFO - Started process (PID=205) to work on /home/airflow/.local/lib/python3.8/site-packages/airflow/example_dags/example_trigger_target_dag.py
[2024-02-04T14:17:59.574+0000] {processor.py:830} INFO - Processing file /home/airflow/.local/lib/python3.8/site-packages/airflow/example_dags/example_trigger_target_dag.py for tasks to queue
[2024-02-04T14:17:59.576+0000] {logging_mixin.py:188} INFO - [2024-02-04T14:17:59.575+0000] {dagbag.py:538} INFO - Filling up the DagBag from /home/airflow/.local/lib/python3.8/site-packages/airflow/example_dags/example_trigger_target_dag.py
[2024-02-04T14:17:59.598+0000] {processor.py:840} INFO - DAG(s) 'example_trigger_target_dag' retrieved from /home/airflow/.local/lib/python3.8/site-packages/airflow/example_dags/example_trigger_target_dag.py
[2024-02-04T14:17:59.635+0000] {logging_mixin.py:188} INFO - [2024-02-04T14:17:59.635+0000] {dag.py:3036} INFO - Sync 1 DAGs
[2024-02-04T14:17:59.660+0000] {logging_mixin.py:188} INFO - [2024-02-04T14:17:59.655+0000] {dag.py:3823} INFO - Setting next_dagrun for example_trigger_target_dag to None, run_after=None
[2024-02-04T14:17:59.697+0000] {processor.py:183} INFO - Processing /home/airflow/.local/lib/python3.8/site-packages/airflow/example_dags/example_trigger_target_dag.py took 0.138 seconds
[2024-02-04T14:18:29.732+0000] {processor.py:161} INFO - Started process (PID=261) to work on /home/airflow/.local/lib/python3.8/site-packages/airflow/example_dags/example_trigger_target_dag.py
[2024-02-04T14:18:29.733+0000] {processor.py:830} INFO - Processing file /home/airflow/.local/lib/python3.8/site-packages/airflow/example_dags/example_trigger_target_dag.py for tasks to queue
[2024-02-04T14:18:29.734+0000] {logging_mixin.py:188} INFO - [2024-02-04T14:18:29.734+0000] {dagbag.py:538} INFO - Filling up the DagBag from /home/airflow/.local/lib/python3.8/site-packages/airflow/example_dags/example_trigger_target_dag.py
[2024-02-04T14:18:29.739+0000] {processor.py:840} INFO - DAG(s) 'example_trigger_target_dag' retrieved from /home/airflow/.local/lib/python3.8/site-packages/airflow/example_dags/example_trigger_target_dag.py
[2024-02-04T14:18:29.756+0000] {logging_mixin.py:188} INFO - [2024-02-04T14:18:29.755+0000] {dag.py:3036} INFO - Sync 1 DAGs
[2024-02-04T14:18:29.765+0000] {logging_mixin.py:188} INFO - [2024-02-04T14:18:29.765+0000] {dag.py:3823} INFO - Setting next_dagrun for example_trigger_target_dag to None, run_after=None
[2024-02-04T14:18:29.787+0000] {processor.py:183} INFO - Processing /home/airflow/.local/lib/python3.8/site-packages/airflow/example_dags/example_trigger_target_dag.py took 0.057 seconds
[2024-02-04T14:19:00.450+0000] {processor.py:161} INFO - Started process (PID=317) to work on /home/airflow/.local/lib/python3.8/site-packages/airflow/example_dags/example_trigger_target_dag.py
[2024-02-04T14:19:00.451+0000] {processor.py:830} INFO - Processing file /home/airflow/.local/lib/python3.8/site-packages/airflow/example_dags/example_trigger_target_dag.py for tasks to queue
[2024-02-04T14:19:00.453+0000] {logging_mixin.py:188} INFO - [2024-02-04T14:19:00.452+0000] {dagbag.py:538} INFO - Filling up the DagBag from /home/airflow/.local/lib/python3.8/site-packages/airflow/example_dags/example_trigger_target_dag.py
[2024-02-04T14:19:00.459+0000] {processor.py:840} INFO - DAG(s) 'example_trigger_target_dag' retrieved from /home/airflow/.local/lib/python3.8/site-packages/airflow/example_dags/example_trigger_target_dag.py
[2024-02-04T14:19:00.482+0000] {logging_mixin.py:188} INFO - [2024-02-04T14:19:00.481+0000] {dag.py:3036} INFO - Sync 1 DAGs
[2024-02-04T14:19:00.496+0000] {logging_mixin.py:188} INFO - [2024-02-04T14:19:00.496+0000] {dag.py:3823} INFO - Setting next_dagrun for example_trigger_target_dag to None, run_after=None
[2024-02-04T14:19:00.523+0000] {processor.py:183} INFO - Processing /home/airflow/.local/lib/python3.8/site-packages/airflow/example_dags/example_trigger_target_dag.py took 0.077 seconds
[2024-02-04T14:19:30.908+0000] {processor.py:161} INFO - Started process (PID=372) to work on /home/airflow/.local/lib/python3.8/site-packages/airflow/example_dags/example_trigger_target_dag.py
[2024-02-04T14:19:30.909+0000] {processor.py:830} INFO - Processing file /home/airflow/.local/lib/python3.8/site-packages/airflow/example_dags/example_trigger_target_dag.py for tasks to queue
[2024-02-04T14:19:30.911+0000] {logging_mixin.py:188} INFO - [2024-02-04T14:19:30.910+0000] {dagbag.py:538} INFO - Filling up the DagBag from /home/airflow/.local/lib/python3.8/site-packages/airflow/example_dags/example_trigger_target_dag.py
[2024-02-04T14:19:30.919+0000] {processor.py:840} INFO - DAG(s) 'example_trigger_target_dag' retrieved from /home/airflow/.local/lib/python3.8/site-packages/airflow/example_dags/example_trigger_target_dag.py
[2024-02-04T14:19:30.943+0000] {logging_mixin.py:188} INFO - [2024-02-04T14:19:30.943+0000] {dag.py:3036} INFO - Sync 1 DAGs
[2024-02-04T14:19:30.958+0000] {logging_mixin.py:188} INFO - [2024-02-04T14:19:30.958+0000] {dag.py:3823} INFO - Setting next_dagrun for example_trigger_target_dag to None, run_after=None
[2024-02-04T14:19:30.992+0000] {processor.py:183} INFO - Processing /home/airflow/.local/lib/python3.8/site-packages/airflow/example_dags/example_trigger_target_dag.py took 0.087 seconds
[2024-02-04T14:22:52.100+0000] {processor.py:161} INFO - Started process (PID=39) to work on /home/airflow/.local/lib/python3.8/site-packages/airflow/example_dags/example_trigger_target_dag.py
[2024-02-04T14:22:52.102+0000] {processor.py:830} INFO - Processing file /home/airflow/.local/lib/python3.8/site-packages/airflow/example_dags/example_trigger_target_dag.py for tasks to queue
[2024-02-04T14:22:52.110+0000] {logging_mixin.py:188} INFO - [2024-02-04T14:22:52.110+0000] {dagbag.py:538} INFO - Filling up the DagBag from /home/airflow/.local/lib/python3.8/site-packages/airflow/example_dags/example_trigger_target_dag.py
[2024-02-04T14:22:52.136+0000] {processor.py:840} INFO - DAG(s) 'example_trigger_target_dag' retrieved from /home/airflow/.local/lib/python3.8/site-packages/airflow/example_dags/example_trigger_target_dag.py
[2024-02-04T14:22:52.747+0000] {logging_mixin.py:188} INFO - [2024-02-04T14:22:52.747+0000] {dag.py:3036} INFO - Sync 1 DAGs
[2024-02-04T14:22:52.804+0000] {logging_mixin.py:188} INFO - [2024-02-04T14:22:52.800+0000] {dag.py:3823} INFO - Setting next_dagrun for example_trigger_target_dag to None, run_after=None
[2024-02-04T14:22:52.873+0000] {processor.py:183} INFO - Processing /home/airflow/.local/lib/python3.8/site-packages/airflow/example_dags/example_trigger_target_dag.py took 0.789 seconds
[2024-02-04T14:23:23.152+0000] {processor.py:161} INFO - Started process (PID=94) to work on /home/airflow/.local/lib/python3.8/site-packages/airflow/example_dags/example_trigger_target_dag.py
[2024-02-04T14:23:23.153+0000] {processor.py:830} INFO - Processing file /home/airflow/.local/lib/python3.8/site-packages/airflow/example_dags/example_trigger_target_dag.py for tasks to queue
[2024-02-04T14:23:23.155+0000] {logging_mixin.py:188} INFO - [2024-02-04T14:23:23.154+0000] {dagbag.py:538} INFO - Filling up the DagBag from /home/airflow/.local/lib/python3.8/site-packages/airflow/example_dags/example_trigger_target_dag.py
[2024-02-04T14:23:23.161+0000] {processor.py:840} INFO - DAG(s) 'example_trigger_target_dag' retrieved from /home/airflow/.local/lib/python3.8/site-packages/airflow/example_dags/example_trigger_target_dag.py
[2024-02-04T14:23:23.183+0000] {logging_mixin.py:188} INFO - [2024-02-04T14:23:23.182+0000] {dag.py:3036} INFO - Sync 1 DAGs
[2024-02-04T14:23:23.198+0000] {logging_mixin.py:188} INFO - [2024-02-04T14:23:23.198+0000] {dag.py:3823} INFO - Setting next_dagrun for example_trigger_target_dag to None, run_after=None
[2024-02-04T14:23:23.223+0000] {processor.py:183} INFO - Processing /home/airflow/.local/lib/python3.8/site-packages/airflow/example_dags/example_trigger_target_dag.py took 0.075 seconds
[2024-02-04T14:23:53.516+0000] {processor.py:161} INFO - Started process (PID=150) to work on /home/airflow/.local/lib/python3.8/site-packages/airflow/example_dags/example_trigger_target_dag.py
[2024-02-04T14:23:53.521+0000] {processor.py:830} INFO - Processing file /home/airflow/.local/lib/python3.8/site-packages/airflow/example_dags/example_trigger_target_dag.py for tasks to queue
[2024-02-04T14:23:53.525+0000] {logging_mixin.py:188} INFO - [2024-02-04T14:23:53.525+0000] {dagbag.py:538} INFO - Filling up the DagBag from /home/airflow/.local/lib/python3.8/site-packages/airflow/example_dags/example_trigger_target_dag.py
[2024-02-04T14:23:53.552+0000] {processor.py:840} INFO - DAG(s) 'example_trigger_target_dag' retrieved from /home/airflow/.local/lib/python3.8/site-packages/airflow/example_dags/example_trigger_target_dag.py
[2024-02-04T14:23:53.617+0000] {logging_mixin.py:188} INFO - [2024-02-04T14:23:53.617+0000] {dag.py:3036} INFO - Sync 1 DAGs
[2024-02-04T14:23:53.682+0000] {logging_mixin.py:188} INFO - [2024-02-04T14:23:53.672+0000] {dag.py:3823} INFO - Setting next_dagrun for example_trigger_target_dag to None, run_after=None
[2024-02-04T14:23:53.758+0000] {processor.py:183} INFO - Processing /home/airflow/.local/lib/python3.8/site-packages/airflow/example_dags/example_trigger_target_dag.py took 0.246 seconds
[2024-02-04T14:24:24.657+0000] {processor.py:161} INFO - Started process (PID=205) to work on /home/airflow/.local/lib/python3.8/site-packages/airflow/example_dags/example_trigger_target_dag.py
[2024-02-04T14:24:24.660+0000] {processor.py:830} INFO - Processing file /home/airflow/.local/lib/python3.8/site-packages/airflow/example_dags/example_trigger_target_dag.py for tasks to queue
[2024-02-04T14:24:24.663+0000] {logging_mixin.py:188} INFO - [2024-02-04T14:24:24.662+0000] {dagbag.py:538} INFO - Filling up the DagBag from /home/airflow/.local/lib/python3.8/site-packages/airflow/example_dags/example_trigger_target_dag.py
[2024-02-04T14:24:24.675+0000] {processor.py:840} INFO - DAG(s) 'example_trigger_target_dag' retrieved from /home/airflow/.local/lib/python3.8/site-packages/airflow/example_dags/example_trigger_target_dag.py
[2024-02-04T14:24:24.724+0000] {logging_mixin.py:188} INFO - [2024-02-04T14:24:24.723+0000] {dag.py:3036} INFO - Sync 1 DAGs
[2024-02-04T14:24:24.785+0000] {logging_mixin.py:188} INFO - [2024-02-04T14:24:24.784+0000] {dag.py:3823} INFO - Setting next_dagrun for example_trigger_target_dag to None, run_after=None
[2024-02-04T14:24:24.856+0000] {processor.py:183} INFO - Processing /home/airflow/.local/lib/python3.8/site-packages/airflow/example_dags/example_trigger_target_dag.py took 0.203 seconds
[2024-02-04T14:24:55.233+0000] {processor.py:161} INFO - Started process (PID=260) to work on /home/airflow/.local/lib/python3.8/site-packages/airflow/example_dags/example_trigger_target_dag.py
[2024-02-04T14:24:55.235+0000] {processor.py:830} INFO - Processing file /home/airflow/.local/lib/python3.8/site-packages/airflow/example_dags/example_trigger_target_dag.py for tasks to queue
[2024-02-04T14:24:55.236+0000] {logging_mixin.py:188} INFO - [2024-02-04T14:24:55.236+0000] {dagbag.py:538} INFO - Filling up the DagBag from /home/airflow/.local/lib/python3.8/site-packages/airflow/example_dags/example_trigger_target_dag.py
[2024-02-04T14:24:55.242+0000] {processor.py:840} INFO - DAG(s) 'example_trigger_target_dag' retrieved from /home/airflow/.local/lib/python3.8/site-packages/airflow/example_dags/example_trigger_target_dag.py
[2024-02-04T14:24:55.266+0000] {logging_mixin.py:188} INFO - [2024-02-04T14:24:55.265+0000] {dag.py:3036} INFO - Sync 1 DAGs
[2024-02-04T14:24:55.280+0000] {logging_mixin.py:188} INFO - [2024-02-04T14:24:55.280+0000] {dag.py:3823} INFO - Setting next_dagrun for example_trigger_target_dag to None, run_after=None
[2024-02-04T14:24:55.307+0000] {processor.py:183} INFO - Processing /home/airflow/.local/lib/python3.8/site-packages/airflow/example_dags/example_trigger_target_dag.py took 0.077 seconds
[2024-02-04T14:25:25.502+0000] {processor.py:161} INFO - Started process (PID=316) to work on /home/airflow/.local/lib/python3.8/site-packages/airflow/example_dags/example_trigger_target_dag.py
[2024-02-04T14:25:25.503+0000] {processor.py:830} INFO - Processing file /home/airflow/.local/lib/python3.8/site-packages/airflow/example_dags/example_trigger_target_dag.py for tasks to queue
[2024-02-04T14:25:25.506+0000] {logging_mixin.py:188} INFO - [2024-02-04T14:25:25.505+0000] {dagbag.py:538} INFO - Filling up the DagBag from /home/airflow/.local/lib/python3.8/site-packages/airflow/example_dags/example_trigger_target_dag.py
[2024-02-04T14:25:25.512+0000] {processor.py:840} INFO - DAG(s) 'example_trigger_target_dag' retrieved from /home/airflow/.local/lib/python3.8/site-packages/airflow/example_dags/example_trigger_target_dag.py
[2024-02-04T14:25:25.534+0000] {logging_mixin.py:188} INFO - [2024-02-04T14:25:25.534+0000] {dag.py:3036} INFO - Sync 1 DAGs
[2024-02-04T14:25:25.548+0000] {logging_mixin.py:188} INFO - [2024-02-04T14:25:25.548+0000] {dag.py:3823} INFO - Setting next_dagrun for example_trigger_target_dag to None, run_after=None
[2024-02-04T14:25:25.572+0000] {processor.py:183} INFO - Processing /home/airflow/.local/lib/python3.8/site-packages/airflow/example_dags/example_trigger_target_dag.py took 0.073 seconds
[2024-02-04T14:25:55.685+0000] {processor.py:161} INFO - Started process (PID=372) to work on /home/airflow/.local/lib/python3.8/site-packages/airflow/example_dags/example_trigger_target_dag.py
[2024-02-04T14:25:55.686+0000] {processor.py:830} INFO - Processing file /home/airflow/.local/lib/python3.8/site-packages/airflow/example_dags/example_trigger_target_dag.py for tasks to queue
[2024-02-04T14:25:55.688+0000] {logging_mixin.py:188} INFO - [2024-02-04T14:25:55.687+0000] {dagbag.py:538} INFO - Filling up the DagBag from /home/airflow/.local/lib/python3.8/site-packages/airflow/example_dags/example_trigger_target_dag.py
[2024-02-04T14:25:55.694+0000] {processor.py:840} INFO - DAG(s) 'example_trigger_target_dag' retrieved from /home/airflow/.local/lib/python3.8/site-packages/airflow/example_dags/example_trigger_target_dag.py
[2024-02-04T14:25:55.716+0000] {logging_mixin.py:188} INFO - [2024-02-04T14:25:55.716+0000] {dag.py:3036} INFO - Sync 1 DAGs
[2024-02-04T14:25:55.730+0000] {logging_mixin.py:188} INFO - [2024-02-04T14:25:55.730+0000] {dag.py:3823} INFO - Setting next_dagrun for example_trigger_target_dag to None, run_after=None
[2024-02-04T14:25:55.756+0000] {processor.py:183} INFO - Processing /home/airflow/.local/lib/python3.8/site-packages/airflow/example_dags/example_trigger_target_dag.py took 0.074 seconds
[2024-02-04T14:26:25.843+0000] {processor.py:161} INFO - Started process (PID=427) to work on /home/airflow/.local/lib/python3.8/site-packages/airflow/example_dags/example_trigger_target_dag.py
[2024-02-04T14:26:25.844+0000] {processor.py:830} INFO - Processing file /home/airflow/.local/lib/python3.8/site-packages/airflow/example_dags/example_trigger_target_dag.py for tasks to queue
[2024-02-04T14:26:25.846+0000] {logging_mixin.py:188} INFO - [2024-02-04T14:26:25.846+0000] {dagbag.py:538} INFO - Filling up the DagBag from /home/airflow/.local/lib/python3.8/site-packages/airflow/example_dags/example_trigger_target_dag.py
[2024-02-04T14:26:25.852+0000] {processor.py:840} INFO - DAG(s) 'example_trigger_target_dag' retrieved from /home/airflow/.local/lib/python3.8/site-packages/airflow/example_dags/example_trigger_target_dag.py
[2024-02-04T14:26:25.874+0000] {logging_mixin.py:188} INFO - [2024-02-04T14:26:25.874+0000] {dag.py:3036} INFO - Sync 1 DAGs
[2024-02-04T14:26:25.888+0000] {logging_mixin.py:188} INFO - [2024-02-04T14:26:25.888+0000] {dag.py:3823} INFO - Setting next_dagrun for example_trigger_target_dag to None, run_after=None
[2024-02-04T14:26:25.927+0000] {processor.py:183} INFO - Processing /home/airflow/.local/lib/python3.8/site-packages/airflow/example_dags/example_trigger_target_dag.py took 0.087 seconds
[2024-02-04T14:26:56.768+0000] {processor.py:161} INFO - Started process (PID=482) to work on /home/airflow/.local/lib/python3.8/site-packages/airflow/example_dags/example_trigger_target_dag.py
[2024-02-04T14:26:56.769+0000] {processor.py:830} INFO - Processing file /home/airflow/.local/lib/python3.8/site-packages/airflow/example_dags/example_trigger_target_dag.py for tasks to queue
[2024-02-04T14:26:56.771+0000] {logging_mixin.py:188} INFO - [2024-02-04T14:26:56.771+0000] {dagbag.py:538} INFO - Filling up the DagBag from /home/airflow/.local/lib/python3.8/site-packages/airflow/example_dags/example_trigger_target_dag.py
[2024-02-04T14:26:56.777+0000] {processor.py:840} INFO - DAG(s) 'example_trigger_target_dag' retrieved from /home/airflow/.local/lib/python3.8/site-packages/airflow/example_dags/example_trigger_target_dag.py
[2024-02-04T14:26:56.801+0000] {logging_mixin.py:188} INFO - [2024-02-04T14:26:56.801+0000] {dag.py:3036} INFO - Sync 1 DAGs
[2024-02-04T14:26:56.831+0000] {logging_mixin.py:188} INFO - [2024-02-04T14:26:56.829+0000] {dag.py:3823} INFO - Setting next_dagrun for example_trigger_target_dag to None, run_after=None
[2024-02-04T14:26:56.858+0000] {processor.py:183} INFO - Processing /home/airflow/.local/lib/python3.8/site-packages/airflow/example_dags/example_trigger_target_dag.py took 0.093 seconds
[2024-02-04T14:27:27.001+0000] {processor.py:161} INFO - Started process (PID=537) to work on /home/airflow/.local/lib/python3.8/site-packages/airflow/example_dags/example_trigger_target_dag.py
[2024-02-04T14:27:27.002+0000] {processor.py:830} INFO - Processing file /home/airflow/.local/lib/python3.8/site-packages/airflow/example_dags/example_trigger_target_dag.py for tasks to queue
[2024-02-04T14:27:27.004+0000] {logging_mixin.py:188} INFO - [2024-02-04T14:27:27.004+0000] {dagbag.py:538} INFO - Filling up the DagBag from /home/airflow/.local/lib/python3.8/site-packages/airflow/example_dags/example_trigger_target_dag.py
[2024-02-04T14:27:27.011+0000] {processor.py:840} INFO - DAG(s) 'example_trigger_target_dag' retrieved from /home/airflow/.local/lib/python3.8/site-packages/airflow/example_dags/example_trigger_target_dag.py
[2024-02-04T14:27:27.034+0000] {logging_mixin.py:188} INFO - [2024-02-04T14:27:27.034+0000] {dag.py:3036} INFO - Sync 1 DAGs
[2024-02-04T14:27:27.049+0000] {logging_mixin.py:188} INFO - [2024-02-04T14:27:27.048+0000] {dag.py:3823} INFO - Setting next_dagrun for example_trigger_target_dag to None, run_after=None
[2024-02-04T14:27:27.074+0000] {processor.py:183} INFO - Processing /home/airflow/.local/lib/python3.8/site-packages/airflow/example_dags/example_trigger_target_dag.py took 0.076 seconds
[2024-02-04T14:27:57.218+0000] {processor.py:161} INFO - Started process (PID=591) to work on /home/airflow/.local/lib/python3.8/site-packages/airflow/example_dags/example_trigger_target_dag.py
[2024-02-04T14:27:57.219+0000] {processor.py:830} INFO - Processing file /home/airflow/.local/lib/python3.8/site-packages/airflow/example_dags/example_trigger_target_dag.py for tasks to queue
[2024-02-04T14:27:57.224+0000] {logging_mixin.py:188} INFO - [2024-02-04T14:27:57.223+0000] {dagbag.py:538} INFO - Filling up the DagBag from /home/airflow/.local/lib/python3.8/site-packages/airflow/example_dags/example_trigger_target_dag.py
[2024-02-04T14:27:57.230+0000] {processor.py:840} INFO - DAG(s) 'example_trigger_target_dag' retrieved from /home/airflow/.local/lib/python3.8/site-packages/airflow/example_dags/example_trigger_target_dag.py
[2024-02-04T14:27:57.252+0000] {logging_mixin.py:188} INFO - [2024-02-04T14:27:57.252+0000] {dag.py:3036} INFO - Sync 1 DAGs
[2024-02-04T14:27:57.270+0000] {logging_mixin.py:188} INFO - [2024-02-04T14:27:57.269+0000] {dag.py:3823} INFO - Setting next_dagrun for example_trigger_target_dag to None, run_after=None
[2024-02-04T14:27:57.294+0000] {processor.py:183} INFO - Processing /home/airflow/.local/lib/python3.8/site-packages/airflow/example_dags/example_trigger_target_dag.py took 0.079 seconds
