[2024-02-04T14:13:17.220+0000] {processor.py:161} INFO - Started process (PID=73) to work on /home/airflow/.local/lib/python3.8/site-packages/airflow/example_dags/tutorial_dag.py
[2024-02-04T14:13:17.228+0000] {processor.py:830} INFO - Processing file /home/airflow/.local/lib/python3.8/site-packages/airflow/example_dags/tutorial_dag.py for tasks to queue
[2024-02-04T14:13:17.231+0000] {logging_mixin.py:188} INFO - [2024-02-04T14:13:17.230+0000] {dagbag.py:538} INFO - Filling up the DagBag from /home/airflow/.local/lib/python3.8/site-packages/airflow/example_dags/tutorial_dag.py
[2024-02-04T14:13:17.241+0000] {processor.py:840} INFO - DAG(s) 'tutorial_dag' retrieved from /home/airflow/.local/lib/python3.8/site-packages/airflow/example_dags/tutorial_dag.py
[2024-02-04T14:13:17.414+0000] {logging_mixin.py:188} INFO - [2024-02-04T14:13:17.413+0000] {dag.py:3036} INFO - Sync 1 DAGs
[2024-02-04T14:13:17.437+0000] {logging_mixin.py:188} INFO - [2024-02-04T14:13:17.437+0000] {dag.py:3823} INFO - Setting next_dagrun for tutorial_dag to None, run_after=None
[2024-02-04T14:13:17.478+0000] {processor.py:183} INFO - Processing /home/airflow/.local/lib/python3.8/site-packages/airflow/example_dags/tutorial_dag.py took 0.262 seconds
[2024-02-04T14:13:47.643+0000] {processor.py:161} INFO - Started process (PID=129) to work on /home/airflow/.local/lib/python3.8/site-packages/airflow/example_dags/tutorial_dag.py
[2024-02-04T14:13:47.644+0000] {processor.py:830} INFO - Processing file /home/airflow/.local/lib/python3.8/site-packages/airflow/example_dags/tutorial_dag.py for tasks to queue
[2024-02-04T14:13:47.645+0000] {logging_mixin.py:188} INFO - [2024-02-04T14:13:47.645+0000] {dagbag.py:538} INFO - Filling up the DagBag from /home/airflow/.local/lib/python3.8/site-packages/airflow/example_dags/tutorial_dag.py
[2024-02-04T14:13:47.651+0000] {processor.py:840} INFO - DAG(s) 'tutorial_dag' retrieved from /home/airflow/.local/lib/python3.8/site-packages/airflow/example_dags/tutorial_dag.py
[2024-02-04T14:13:47.672+0000] {logging_mixin.py:188} INFO - [2024-02-04T14:13:47.671+0000] {dag.py:3036} INFO - Sync 1 DAGs
[2024-02-04T14:13:47.682+0000] {logging_mixin.py:188} INFO - [2024-02-04T14:13:47.682+0000] {dag.py:3823} INFO - Setting next_dagrun for tutorial_dag to None, run_after=None
[2024-02-04T14:13:47.702+0000] {processor.py:183} INFO - Processing /home/airflow/.local/lib/python3.8/site-packages/airflow/example_dags/tutorial_dag.py took 0.061 seconds
[2024-02-04T14:14:18.337+0000] {processor.py:161} INFO - Started process (PID=184) to work on /home/airflow/.local/lib/python3.8/site-packages/airflow/example_dags/tutorial_dag.py
[2024-02-04T14:14:18.337+0000] {processor.py:830} INFO - Processing file /home/airflow/.local/lib/python3.8/site-packages/airflow/example_dags/tutorial_dag.py for tasks to queue
[2024-02-04T14:14:18.339+0000] {logging_mixin.py:188} INFO - [2024-02-04T14:14:18.339+0000] {dagbag.py:538} INFO - Filling up the DagBag from /home/airflow/.local/lib/python3.8/site-packages/airflow/example_dags/tutorial_dag.py
[2024-02-04T14:14:18.345+0000] {processor.py:840} INFO - DAG(s) 'tutorial_dag' retrieved from /home/airflow/.local/lib/python3.8/site-packages/airflow/example_dags/tutorial_dag.py
[2024-02-04T14:14:18.361+0000] {logging_mixin.py:188} INFO - [2024-02-04T14:14:18.361+0000] {dag.py:3036} INFO - Sync 1 DAGs
[2024-02-04T14:14:18.370+0000] {logging_mixin.py:188} INFO - [2024-02-04T14:14:18.370+0000] {dag.py:3823} INFO - Setting next_dagrun for tutorial_dag to None, run_after=None
[2024-02-04T14:14:18.393+0000] {processor.py:183} INFO - Processing /home/airflow/.local/lib/python3.8/site-packages/airflow/example_dags/tutorial_dag.py took 0.059 seconds
[2024-02-04T14:14:48.955+0000] {processor.py:161} INFO - Started process (PID=240) to work on /home/airflow/.local/lib/python3.8/site-packages/airflow/example_dags/tutorial_dag.py
[2024-02-04T14:14:48.956+0000] {processor.py:830} INFO - Processing file /home/airflow/.local/lib/python3.8/site-packages/airflow/example_dags/tutorial_dag.py for tasks to queue
[2024-02-04T14:14:48.958+0000] {logging_mixin.py:188} INFO - [2024-02-04T14:14:48.958+0000] {dagbag.py:538} INFO - Filling up the DagBag from /home/airflow/.local/lib/python3.8/site-packages/airflow/example_dags/tutorial_dag.py
[2024-02-04T14:14:48.964+0000] {processor.py:840} INFO - DAG(s) 'tutorial_dag' retrieved from /home/airflow/.local/lib/python3.8/site-packages/airflow/example_dags/tutorial_dag.py
[2024-02-04T14:14:48.990+0000] {logging_mixin.py:188} INFO - [2024-02-04T14:14:48.990+0000] {dag.py:3036} INFO - Sync 1 DAGs
[2024-02-04T14:14:49.004+0000] {logging_mixin.py:188} INFO - [2024-02-04T14:14:49.004+0000] {dag.py:3823} INFO - Setting next_dagrun for tutorial_dag to None, run_after=None
[2024-02-04T14:14:49.027+0000] {processor.py:183} INFO - Processing /home/airflow/.local/lib/python3.8/site-packages/airflow/example_dags/tutorial_dag.py took 0.076 seconds
[2024-02-04T14:16:39.137+0000] {processor.py:161} INFO - Started process (PID=73) to work on /home/airflow/.local/lib/python3.8/site-packages/airflow/example_dags/tutorial_dag.py
[2024-02-04T14:16:39.141+0000] {processor.py:830} INFO - Processing file /home/airflow/.local/lib/python3.8/site-packages/airflow/example_dags/tutorial_dag.py for tasks to queue
[2024-02-04T14:16:39.143+0000] {logging_mixin.py:188} INFO - [2024-02-04T14:16:39.142+0000] {dagbag.py:538} INFO - Filling up the DagBag from /home/airflow/.local/lib/python3.8/site-packages/airflow/example_dags/tutorial_dag.py
[2024-02-04T14:16:39.154+0000] {processor.py:840} INFO - DAG(s) 'tutorial_dag' retrieved from /home/airflow/.local/lib/python3.8/site-packages/airflow/example_dags/tutorial_dag.py
[2024-02-04T14:16:39.457+0000] {logging_mixin.py:188} INFO - [2024-02-04T14:16:39.457+0000] {dag.py:3036} INFO - Sync 1 DAGs
[2024-02-04T14:16:39.476+0000] {logging_mixin.py:188} INFO - [2024-02-04T14:16:39.476+0000] {dag.py:3823} INFO - Setting next_dagrun for tutorial_dag to None, run_after=None
[2024-02-04T14:16:39.529+0000] {processor.py:183} INFO - Processing /home/airflow/.local/lib/python3.8/site-packages/airflow/example_dags/tutorial_dag.py took 0.402 seconds
[2024-02-04T14:17:09.886+0000] {processor.py:161} INFO - Started process (PID=129) to work on /home/airflow/.local/lib/python3.8/site-packages/airflow/example_dags/tutorial_dag.py
[2024-02-04T14:17:09.886+0000] {processor.py:830} INFO - Processing file /home/airflow/.local/lib/python3.8/site-packages/airflow/example_dags/tutorial_dag.py for tasks to queue
[2024-02-04T14:17:09.888+0000] {logging_mixin.py:188} INFO - [2024-02-04T14:17:09.888+0000] {dagbag.py:538} INFO - Filling up the DagBag from /home/airflow/.local/lib/python3.8/site-packages/airflow/example_dags/tutorial_dag.py
[2024-02-04T14:17:09.892+0000] {processor.py:840} INFO - DAG(s) 'tutorial_dag' retrieved from /home/airflow/.local/lib/python3.8/site-packages/airflow/example_dags/tutorial_dag.py
[2024-02-04T14:17:09.908+0000] {logging_mixin.py:188} INFO - [2024-02-04T14:17:09.907+0000] {dag.py:3036} INFO - Sync 1 DAGs
[2024-02-04T14:17:09.918+0000] {logging_mixin.py:188} INFO - [2024-02-04T14:17:09.918+0000] {dag.py:3823} INFO - Setting next_dagrun for tutorial_dag to None, run_after=None
[2024-02-04T14:17:09.942+0000] {processor.py:183} INFO - Processing /home/airflow/.local/lib/python3.8/site-packages/airflow/example_dags/tutorial_dag.py took 0.059 seconds
[2024-02-04T14:17:40.364+0000] {processor.py:161} INFO - Started process (PID=185) to work on /home/airflow/.local/lib/python3.8/site-packages/airflow/example_dags/tutorial_dag.py
[2024-02-04T14:17:40.365+0000] {processor.py:830} INFO - Processing file /home/airflow/.local/lib/python3.8/site-packages/airflow/example_dags/tutorial_dag.py for tasks to queue
[2024-02-04T14:17:40.367+0000] {logging_mixin.py:188} INFO - [2024-02-04T14:17:40.367+0000] {dagbag.py:538} INFO - Filling up the DagBag from /home/airflow/.local/lib/python3.8/site-packages/airflow/example_dags/tutorial_dag.py
[2024-02-04T14:17:40.372+0000] {processor.py:840} INFO - DAG(s) 'tutorial_dag' retrieved from /home/airflow/.local/lib/python3.8/site-packages/airflow/example_dags/tutorial_dag.py
[2024-02-04T14:17:40.394+0000] {logging_mixin.py:188} INFO - [2024-02-04T14:17:40.393+0000] {dag.py:3036} INFO - Sync 1 DAGs
[2024-02-04T14:17:40.409+0000] {logging_mixin.py:188} INFO - [2024-02-04T14:17:40.409+0000] {dag.py:3823} INFO - Setting next_dagrun for tutorial_dag to None, run_after=None
[2024-02-04T14:17:40.435+0000] {processor.py:183} INFO - Processing /home/airflow/.local/lib/python3.8/site-packages/airflow/example_dags/tutorial_dag.py took 0.074 seconds
[2024-02-04T14:18:11.109+0000] {processor.py:161} INFO - Started process (PID=240) to work on /home/airflow/.local/lib/python3.8/site-packages/airflow/example_dags/tutorial_dag.py
[2024-02-04T14:18:11.110+0000] {processor.py:830} INFO - Processing file /home/airflow/.local/lib/python3.8/site-packages/airflow/example_dags/tutorial_dag.py for tasks to queue
[2024-02-04T14:18:11.111+0000] {logging_mixin.py:188} INFO - [2024-02-04T14:18:11.111+0000] {dagbag.py:538} INFO - Filling up the DagBag from /home/airflow/.local/lib/python3.8/site-packages/airflow/example_dags/tutorial_dag.py
[2024-02-04T14:18:11.117+0000] {processor.py:840} INFO - DAG(s) 'tutorial_dag' retrieved from /home/airflow/.local/lib/python3.8/site-packages/airflow/example_dags/tutorial_dag.py
[2024-02-04T14:18:11.138+0000] {logging_mixin.py:188} INFO - [2024-02-04T14:18:11.138+0000] {dag.py:3036} INFO - Sync 1 DAGs
[2024-02-04T14:18:11.153+0000] {logging_mixin.py:188} INFO - [2024-02-04T14:18:11.153+0000] {dag.py:3823} INFO - Setting next_dagrun for tutorial_dag to None, run_after=None
[2024-02-04T14:18:11.179+0000] {processor.py:183} INFO - Processing /home/airflow/.local/lib/python3.8/site-packages/airflow/example_dags/tutorial_dag.py took 0.073 seconds
[2024-02-04T14:18:41.769+0000] {processor.py:161} INFO - Started process (PID=296) to work on /home/airflow/.local/lib/python3.8/site-packages/airflow/example_dags/tutorial_dag.py
[2024-02-04T14:18:41.769+0000] {processor.py:830} INFO - Processing file /home/airflow/.local/lib/python3.8/site-packages/airflow/example_dags/tutorial_dag.py for tasks to queue
[2024-02-04T14:18:41.771+0000] {logging_mixin.py:188} INFO - [2024-02-04T14:18:41.771+0000] {dagbag.py:538} INFO - Filling up the DagBag from /home/airflow/.local/lib/python3.8/site-packages/airflow/example_dags/tutorial_dag.py
[2024-02-04T14:18:41.777+0000] {processor.py:840} INFO - DAG(s) 'tutorial_dag' retrieved from /home/airflow/.local/lib/python3.8/site-packages/airflow/example_dags/tutorial_dag.py
[2024-02-04T14:18:41.798+0000] {logging_mixin.py:188} INFO - [2024-02-04T14:18:41.798+0000] {dag.py:3036} INFO - Sync 1 DAGs
[2024-02-04T14:18:41.813+0000] {logging_mixin.py:188} INFO - [2024-02-04T14:18:41.813+0000] {dag.py:3823} INFO - Setting next_dagrun for tutorial_dag to None, run_after=None
[2024-02-04T14:18:41.839+0000] {processor.py:183} INFO - Processing /home/airflow/.local/lib/python3.8/site-packages/airflow/example_dags/tutorial_dag.py took 0.073 seconds
[2024-02-04T14:19:12.262+0000] {processor.py:161} INFO - Started process (PID=352) to work on /home/airflow/.local/lib/python3.8/site-packages/airflow/example_dags/tutorial_dag.py
[2024-02-04T14:19:12.267+0000] {processor.py:830} INFO - Processing file /home/airflow/.local/lib/python3.8/site-packages/airflow/example_dags/tutorial_dag.py for tasks to queue
[2024-02-04T14:19:12.269+0000] {logging_mixin.py:188} INFO - [2024-02-04T14:19:12.268+0000] {dagbag.py:538} INFO - Filling up the DagBag from /home/airflow/.local/lib/python3.8/site-packages/airflow/example_dags/tutorial_dag.py
[2024-02-04T14:19:12.274+0000] {processor.py:840} INFO - DAG(s) 'tutorial_dag' retrieved from /home/airflow/.local/lib/python3.8/site-packages/airflow/example_dags/tutorial_dag.py
[2024-02-04T14:19:12.297+0000] {logging_mixin.py:188} INFO - [2024-02-04T14:19:12.297+0000] {dag.py:3036} INFO - Sync 1 DAGs
[2024-02-04T14:19:12.312+0000] {logging_mixin.py:188} INFO - [2024-02-04T14:19:12.312+0000] {dag.py:3823} INFO - Setting next_dagrun for tutorial_dag to None, run_after=None
[2024-02-04T14:19:12.338+0000] {processor.py:183} INFO - Processing /home/airflow/.local/lib/python3.8/site-packages/airflow/example_dags/tutorial_dag.py took 0.080 seconds
[2024-02-04T14:23:04.414+0000] {processor.py:161} INFO - Started process (PID=74) to work on /home/airflow/.local/lib/python3.8/site-packages/airflow/example_dags/tutorial_dag.py
[2024-02-04T14:23:04.415+0000] {processor.py:830} INFO - Processing file /home/airflow/.local/lib/python3.8/site-packages/airflow/example_dags/tutorial_dag.py for tasks to queue
[2024-02-04T14:23:04.419+0000] {logging_mixin.py:188} INFO - [2024-02-04T14:23:04.419+0000] {dagbag.py:538} INFO - Filling up the DagBag from /home/airflow/.local/lib/python3.8/site-packages/airflow/example_dags/tutorial_dag.py
[2024-02-04T14:23:04.433+0000] {processor.py:840} INFO - DAG(s) 'tutorial_dag' retrieved from /home/airflow/.local/lib/python3.8/site-packages/airflow/example_dags/tutorial_dag.py
[2024-02-04T14:23:04.678+0000] {logging_mixin.py:188} INFO - [2024-02-04T14:23:04.678+0000] {dag.py:3036} INFO - Sync 1 DAGs
[2024-02-04T14:23:04.702+0000] {logging_mixin.py:188} INFO - [2024-02-04T14:23:04.702+0000] {dag.py:3823} INFO - Setting next_dagrun for tutorial_dag to None, run_after=None
[2024-02-04T14:23:04.749+0000] {processor.py:183} INFO - Processing /home/airflow/.local/lib/python3.8/site-packages/airflow/example_dags/tutorial_dag.py took 0.348 seconds
[2024-02-04T14:23:35.294+0000] {processor.py:161} INFO - Started process (PID=129) to work on /home/airflow/.local/lib/python3.8/site-packages/airflow/example_dags/tutorial_dag.py
[2024-02-04T14:23:35.295+0000] {processor.py:830} INFO - Processing file /home/airflow/.local/lib/python3.8/site-packages/airflow/example_dags/tutorial_dag.py for tasks to queue
[2024-02-04T14:23:35.297+0000] {logging_mixin.py:188} INFO - [2024-02-04T14:23:35.296+0000] {dagbag.py:538} INFO - Filling up the DagBag from /home/airflow/.local/lib/python3.8/site-packages/airflow/example_dags/tutorial_dag.py
[2024-02-04T14:23:35.302+0000] {processor.py:840} INFO - DAG(s) 'tutorial_dag' retrieved from /home/airflow/.local/lib/python3.8/site-packages/airflow/example_dags/tutorial_dag.py
[2024-02-04T14:23:35.324+0000] {logging_mixin.py:188} INFO - [2024-02-04T14:23:35.324+0000] {dag.py:3036} INFO - Sync 1 DAGs
[2024-02-04T14:23:35.339+0000] {logging_mixin.py:188} INFO - [2024-02-04T14:23:35.338+0000] {dag.py:3823} INFO - Setting next_dagrun for tutorial_dag to None, run_after=None
[2024-02-04T14:23:35.363+0000] {processor.py:183} INFO - Processing /home/airflow/.local/lib/python3.8/site-packages/airflow/example_dags/tutorial_dag.py took 0.073 seconds
[2024-02-04T14:24:05.870+0000] {processor.py:161} INFO - Started process (PID=185) to work on /home/airflow/.local/lib/python3.8/site-packages/airflow/example_dags/tutorial_dag.py
[2024-02-04T14:24:05.871+0000] {processor.py:830} INFO - Processing file /home/airflow/.local/lib/python3.8/site-packages/airflow/example_dags/tutorial_dag.py for tasks to queue
[2024-02-04T14:24:05.872+0000] {logging_mixin.py:188} INFO - [2024-02-04T14:24:05.872+0000] {dagbag.py:538} INFO - Filling up the DagBag from /home/airflow/.local/lib/python3.8/site-packages/airflow/example_dags/tutorial_dag.py
[2024-02-04T14:24:05.878+0000] {processor.py:840} INFO - DAG(s) 'tutorial_dag' retrieved from /home/airflow/.local/lib/python3.8/site-packages/airflow/example_dags/tutorial_dag.py
[2024-02-04T14:24:05.900+0000] {logging_mixin.py:188} INFO - [2024-02-04T14:24:05.899+0000] {dag.py:3036} INFO - Sync 1 DAGs
[2024-02-04T14:24:05.914+0000] {logging_mixin.py:188} INFO - [2024-02-04T14:24:05.914+0000] {dag.py:3823} INFO - Setting next_dagrun for tutorial_dag to None, run_after=None
[2024-02-04T14:24:05.939+0000] {processor.py:183} INFO - Processing /home/airflow/.local/lib/python3.8/site-packages/airflow/example_dags/tutorial_dag.py took 0.072 seconds
[2024-02-04T14:24:36.544+0000] {processor.py:161} INFO - Started process (PID=240) to work on /home/airflow/.local/lib/python3.8/site-packages/airflow/example_dags/tutorial_dag.py
[2024-02-04T14:24:36.545+0000] {processor.py:830} INFO - Processing file /home/airflow/.local/lib/python3.8/site-packages/airflow/example_dags/tutorial_dag.py for tasks to queue
[2024-02-04T14:24:36.546+0000] {logging_mixin.py:188} INFO - [2024-02-04T14:24:36.546+0000] {dagbag.py:538} INFO - Filling up the DagBag from /home/airflow/.local/lib/python3.8/site-packages/airflow/example_dags/tutorial_dag.py
[2024-02-04T14:24:36.551+0000] {processor.py:840} INFO - DAG(s) 'tutorial_dag' retrieved from /home/airflow/.local/lib/python3.8/site-packages/airflow/example_dags/tutorial_dag.py
[2024-02-04T14:24:36.567+0000] {logging_mixin.py:188} INFO - [2024-02-04T14:24:36.567+0000] {dag.py:3036} INFO - Sync 1 DAGs
[2024-02-04T14:24:36.577+0000] {logging_mixin.py:188} INFO - [2024-02-04T14:24:36.577+0000] {dag.py:3823} INFO - Setting next_dagrun for tutorial_dag to None, run_after=None
[2024-02-04T14:24:36.597+0000] {processor.py:183} INFO - Processing /home/airflow/.local/lib/python3.8/site-packages/airflow/example_dags/tutorial_dag.py took 0.056 seconds
[2024-02-04T14:25:07.481+0000] {processor.py:161} INFO - Started process (PID=295) to work on /home/airflow/.local/lib/python3.8/site-packages/airflow/example_dags/tutorial_dag.py
[2024-02-04T14:25:07.482+0000] {processor.py:830} INFO - Processing file /home/airflow/.local/lib/python3.8/site-packages/airflow/example_dags/tutorial_dag.py for tasks to queue
[2024-02-04T14:25:07.484+0000] {logging_mixin.py:188} INFO - [2024-02-04T14:25:07.483+0000] {dagbag.py:538} INFO - Filling up the DagBag from /home/airflow/.local/lib/python3.8/site-packages/airflow/example_dags/tutorial_dag.py
[2024-02-04T14:25:07.489+0000] {processor.py:840} INFO - DAG(s) 'tutorial_dag' retrieved from /home/airflow/.local/lib/python3.8/site-packages/airflow/example_dags/tutorial_dag.py
[2024-02-04T14:25:07.510+0000] {logging_mixin.py:188} INFO - [2024-02-04T14:25:07.510+0000] {dag.py:3036} INFO - Sync 1 DAGs
[2024-02-04T14:25:07.527+0000] {logging_mixin.py:188} INFO - [2024-02-04T14:25:07.526+0000] {dag.py:3823} INFO - Setting next_dagrun for tutorial_dag to None, run_after=None
[2024-02-04T14:25:07.557+0000] {processor.py:183} INFO - Processing /home/airflow/.local/lib/python3.8/site-packages/airflow/example_dags/tutorial_dag.py took 0.079 seconds
[2024-02-04T14:25:38.589+0000] {processor.py:161} INFO - Started process (PID=351) to work on /home/airflow/.local/lib/python3.8/site-packages/airflow/example_dags/tutorial_dag.py
[2024-02-04T14:25:38.590+0000] {processor.py:830} INFO - Processing file /home/airflow/.local/lib/python3.8/site-packages/airflow/example_dags/tutorial_dag.py for tasks to queue
[2024-02-04T14:25:38.592+0000] {logging_mixin.py:188} INFO - [2024-02-04T14:25:38.592+0000] {dagbag.py:538} INFO - Filling up the DagBag from /home/airflow/.local/lib/python3.8/site-packages/airflow/example_dags/tutorial_dag.py
[2024-02-04T14:25:38.598+0000] {processor.py:840} INFO - DAG(s) 'tutorial_dag' retrieved from /home/airflow/.local/lib/python3.8/site-packages/airflow/example_dags/tutorial_dag.py
[2024-02-04T14:25:38.620+0000] {logging_mixin.py:188} INFO - [2024-02-04T14:25:38.620+0000] {dag.py:3036} INFO - Sync 1 DAGs
[2024-02-04T14:25:38.635+0000] {logging_mixin.py:188} INFO - [2024-02-04T14:25:38.635+0000] {dag.py:3823} INFO - Setting next_dagrun for tutorial_dag to None, run_after=None
[2024-02-04T14:25:38.660+0000] {processor.py:183} INFO - Processing /home/airflow/.local/lib/python3.8/site-packages/airflow/example_dags/tutorial_dag.py took 0.074 seconds
[2024-02-04T14:26:09.076+0000] {processor.py:161} INFO - Started process (PID=407) to work on /home/airflow/.local/lib/python3.8/site-packages/airflow/example_dags/tutorial_dag.py
[2024-02-04T14:26:09.079+0000] {processor.py:830} INFO - Processing file /home/airflow/.local/lib/python3.8/site-packages/airflow/example_dags/tutorial_dag.py for tasks to queue
[2024-02-04T14:26:09.087+0000] {logging_mixin.py:188} INFO - [2024-02-04T14:26:09.085+0000] {dagbag.py:538} INFO - Filling up the DagBag from /home/airflow/.local/lib/python3.8/site-packages/airflow/example_dags/tutorial_dag.py
[2024-02-04T14:26:09.099+0000] {processor.py:840} INFO - DAG(s) 'tutorial_dag' retrieved from /home/airflow/.local/lib/python3.8/site-packages/airflow/example_dags/tutorial_dag.py
[2024-02-04T14:26:09.201+0000] {logging_mixin.py:188} INFO - [2024-02-04T14:26:09.201+0000] {dag.py:3036} INFO - Sync 1 DAGs
[2024-02-04T14:26:09.285+0000] {logging_mixin.py:188} INFO - [2024-02-04T14:26:09.284+0000] {dag.py:3823} INFO - Setting next_dagrun for tutorial_dag to None, run_after=None
[2024-02-04T14:26:09.374+0000] {processor.py:183} INFO - Processing /home/airflow/.local/lib/python3.8/site-packages/airflow/example_dags/tutorial_dag.py took 0.308 seconds
[2024-02-04T14:26:39.996+0000] {processor.py:161} INFO - Started process (PID=462) to work on /home/airflow/.local/lib/python3.8/site-packages/airflow/example_dags/tutorial_dag.py
[2024-02-04T14:26:40.001+0000] {processor.py:830} INFO - Processing file /home/airflow/.local/lib/python3.8/site-packages/airflow/example_dags/tutorial_dag.py for tasks to queue
[2024-02-04T14:26:40.003+0000] {logging_mixin.py:188} INFO - [2024-02-04T14:26:40.003+0000] {dagbag.py:538} INFO - Filling up the DagBag from /home/airflow/.local/lib/python3.8/site-packages/airflow/example_dags/tutorial_dag.py
[2024-02-04T14:26:40.009+0000] {processor.py:840} INFO - DAG(s) 'tutorial_dag' retrieved from /home/airflow/.local/lib/python3.8/site-packages/airflow/example_dags/tutorial_dag.py
[2024-02-04T14:26:40.031+0000] {logging_mixin.py:188} INFO - [2024-02-04T14:26:40.031+0000] {dag.py:3036} INFO - Sync 1 DAGs
[2024-02-04T14:26:40.046+0000] {logging_mixin.py:188} INFO - [2024-02-04T14:26:40.045+0000] {dag.py:3823} INFO - Setting next_dagrun for tutorial_dag to None, run_after=None
[2024-02-04T14:26:40.074+0000] {processor.py:183} INFO - Processing /home/airflow/.local/lib/python3.8/site-packages/airflow/example_dags/tutorial_dag.py took 0.081 seconds
[2024-02-04T14:27:10.940+0000] {processor.py:161} INFO - Started process (PID=517) to work on /home/airflow/.local/lib/python3.8/site-packages/airflow/example_dags/tutorial_dag.py
[2024-02-04T14:27:10.940+0000] {processor.py:830} INFO - Processing file /home/airflow/.local/lib/python3.8/site-packages/airflow/example_dags/tutorial_dag.py for tasks to queue
[2024-02-04T14:27:10.942+0000] {logging_mixin.py:188} INFO - [2024-02-04T14:27:10.941+0000] {dagbag.py:538} INFO - Filling up the DagBag from /home/airflow/.local/lib/python3.8/site-packages/airflow/example_dags/tutorial_dag.py
[2024-02-04T14:27:10.947+0000] {processor.py:840} INFO - DAG(s) 'tutorial_dag' retrieved from /home/airflow/.local/lib/python3.8/site-packages/airflow/example_dags/tutorial_dag.py
[2024-02-04T14:27:10.963+0000] {logging_mixin.py:188} INFO - [2024-02-04T14:27:10.963+0000] {dag.py:3036} INFO - Sync 1 DAGs
[2024-02-04T14:27:10.972+0000] {logging_mixin.py:188} INFO - [2024-02-04T14:27:10.972+0000] {dag.py:3823} INFO - Setting next_dagrun for tutorial_dag to None, run_after=None
[2024-02-04T14:27:10.993+0000] {processor.py:183} INFO - Processing /home/airflow/.local/lib/python3.8/site-packages/airflow/example_dags/tutorial_dag.py took 0.056 seconds
[2024-02-04T14:27:41.123+0000] {processor.py:161} INFO - Started process (PID=572) to work on /home/airflow/.local/lib/python3.8/site-packages/airflow/example_dags/tutorial_dag.py
[2024-02-04T14:27:41.123+0000] {processor.py:830} INFO - Processing file /home/airflow/.local/lib/python3.8/site-packages/airflow/example_dags/tutorial_dag.py for tasks to queue
[2024-02-04T14:27:41.125+0000] {logging_mixin.py:188} INFO - [2024-02-04T14:27:41.125+0000] {dagbag.py:538} INFO - Filling up the DagBag from /home/airflow/.local/lib/python3.8/site-packages/airflow/example_dags/tutorial_dag.py
[2024-02-04T14:27:41.132+0000] {processor.py:840} INFO - DAG(s) 'tutorial_dag' retrieved from /home/airflow/.local/lib/python3.8/site-packages/airflow/example_dags/tutorial_dag.py
[2024-02-04T14:27:41.153+0000] {logging_mixin.py:188} INFO - [2024-02-04T14:27:41.152+0000] {dag.py:3036} INFO - Sync 1 DAGs
[2024-02-04T14:27:41.167+0000] {logging_mixin.py:188} INFO - [2024-02-04T14:27:41.167+0000] {dag.py:3823} INFO - Setting next_dagrun for tutorial_dag to None, run_after=None
[2024-02-04T14:27:41.238+0000] {processor.py:183} INFO - Processing /home/airflow/.local/lib/python3.8/site-packages/airflow/example_dags/tutorial_dag.py took 0.120 seconds
