[2024-02-04T14:13:14.921+0000] {processor.py:161} INFO - Started process (PID=64) to work on /home/airflow/.local/lib/python3.8/site-packages/airflow/example_dags/tutorial.py
[2024-02-04T14:13:14.922+0000] {processor.py:830} INFO - Processing file /home/airflow/.local/lib/python3.8/site-packages/airflow/example_dags/tutorial.py for tasks to queue
[2024-02-04T14:13:14.924+0000] {logging_mixin.py:188} INFO - [2024-02-04T14:13:14.924+0000] {dagbag.py:538} INFO - Filling up the DagBag from /home/airflow/.local/lib/python3.8/site-packages/airflow/example_dags/tutorial.py
[2024-02-04T14:13:14.966+0000] {processor.py:840} INFO - DAG(s) 'tutorial' retrieved from /home/airflow/.local/lib/python3.8/site-packages/airflow/example_dags/tutorial.py
[2024-02-04T14:13:15.193+0000] {logging_mixin.py:188} INFO - [2024-02-04T14:13:15.192+0000] {dag.py:3036} INFO - Sync 1 DAGs
[2024-02-04T14:13:15.243+0000] {logging_mixin.py:188} INFO - [2024-02-04T14:13:15.243+0000] {dag.py:3823} INFO - Setting next_dagrun for tutorial to 2024-02-03 00:00:00+00:00, run_after=2024-02-04 00:00:00+00:00
[2024-02-04T14:13:15.341+0000] {processor.py:183} INFO - Processing /home/airflow/.local/lib/python3.8/site-packages/airflow/example_dags/tutorial.py took 0.431 seconds
[2024-02-04T14:13:45.928+0000] {processor.py:161} INFO - Started process (PID=120) to work on /home/airflow/.local/lib/python3.8/site-packages/airflow/example_dags/tutorial.py
[2024-02-04T14:13:45.929+0000] {processor.py:830} INFO - Processing file /home/airflow/.local/lib/python3.8/site-packages/airflow/example_dags/tutorial.py for tasks to queue
[2024-02-04T14:13:45.931+0000] {logging_mixin.py:188} INFO - [2024-02-04T14:13:45.930+0000] {dagbag.py:538} INFO - Filling up the DagBag from /home/airflow/.local/lib/python3.8/site-packages/airflow/example_dags/tutorial.py
[2024-02-04T14:13:45.937+0000] {processor.py:840} INFO - DAG(s) 'tutorial' retrieved from /home/airflow/.local/lib/python3.8/site-packages/airflow/example_dags/tutorial.py
[2024-02-04T14:13:45.960+0000] {logging_mixin.py:188} INFO - [2024-02-04T14:13:45.960+0000] {dag.py:3036} INFO - Sync 1 DAGs
[2024-02-04T14:13:45.983+0000] {logging_mixin.py:188} INFO - [2024-02-04T14:13:45.983+0000] {dag.py:3823} INFO - Setting next_dagrun for tutorial to 2024-02-03 00:00:00+00:00, run_after=2024-02-04 00:00:00+00:00
[2024-02-04T14:13:46.008+0000] {processor.py:183} INFO - Processing /home/airflow/.local/lib/python3.8/site-packages/airflow/example_dags/tutorial.py took 0.083 seconds
[2024-02-04T14:14:16.626+0000] {processor.py:161} INFO - Started process (PID=175) to work on /home/airflow/.local/lib/python3.8/site-packages/airflow/example_dags/tutorial.py
[2024-02-04T14:14:16.627+0000] {processor.py:830} INFO - Processing file /home/airflow/.local/lib/python3.8/site-packages/airflow/example_dags/tutorial.py for tasks to queue
[2024-02-04T14:14:16.629+0000] {logging_mixin.py:188} INFO - [2024-02-04T14:14:16.629+0000] {dagbag.py:538} INFO - Filling up the DagBag from /home/airflow/.local/lib/python3.8/site-packages/airflow/example_dags/tutorial.py
[2024-02-04T14:14:16.636+0000] {processor.py:840} INFO - DAG(s) 'tutorial' retrieved from /home/airflow/.local/lib/python3.8/site-packages/airflow/example_dags/tutorial.py
[2024-02-04T14:14:16.667+0000] {logging_mixin.py:188} INFO - [2024-02-04T14:14:16.667+0000] {dag.py:3036} INFO - Sync 1 DAGs
[2024-02-04T14:14:16.700+0000] {logging_mixin.py:188} INFO - [2024-02-04T14:14:16.699+0000] {dag.py:3823} INFO - Setting next_dagrun for tutorial to 2024-02-03 00:00:00+00:00, run_after=2024-02-04 00:00:00+00:00
[2024-02-04T14:14:16.725+0000] {processor.py:183} INFO - Processing /home/airflow/.local/lib/python3.8/site-packages/airflow/example_dags/tutorial.py took 0.102 seconds
[2024-02-04T14:14:47.195+0000] {processor.py:161} INFO - Started process (PID=231) to work on /home/airflow/.local/lib/python3.8/site-packages/airflow/example_dags/tutorial.py
[2024-02-04T14:14:47.196+0000] {processor.py:830} INFO - Processing file /home/airflow/.local/lib/python3.8/site-packages/airflow/example_dags/tutorial.py for tasks to queue
[2024-02-04T14:14:47.198+0000] {logging_mixin.py:188} INFO - [2024-02-04T14:14:47.198+0000] {dagbag.py:538} INFO - Filling up the DagBag from /home/airflow/.local/lib/python3.8/site-packages/airflow/example_dags/tutorial.py
[2024-02-04T14:14:47.205+0000] {processor.py:840} INFO - DAG(s) 'tutorial' retrieved from /home/airflow/.local/lib/python3.8/site-packages/airflow/example_dags/tutorial.py
[2024-02-04T14:14:47.232+0000] {logging_mixin.py:188} INFO - [2024-02-04T14:14:47.231+0000] {dag.py:3036} INFO - Sync 1 DAGs
[2024-02-04T14:14:47.254+0000] {logging_mixin.py:188} INFO - [2024-02-04T14:14:47.254+0000] {dag.py:3823} INFO - Setting next_dagrun for tutorial to 2024-02-03 00:00:00+00:00, run_after=2024-02-04 00:00:00+00:00
[2024-02-04T14:14:47.279+0000] {processor.py:183} INFO - Processing /home/airflow/.local/lib/python3.8/site-packages/airflow/example_dags/tutorial.py took 0.087 seconds
[2024-02-04T14:16:37.092+0000] {processor.py:161} INFO - Started process (PID=64) to work on /home/airflow/.local/lib/python3.8/site-packages/airflow/example_dags/tutorial.py
[2024-02-04T14:16:37.105+0000] {processor.py:830} INFO - Processing file /home/airflow/.local/lib/python3.8/site-packages/airflow/example_dags/tutorial.py for tasks to queue
[2024-02-04T14:16:37.106+0000] {logging_mixin.py:188} INFO - [2024-02-04T14:16:37.106+0000] {dagbag.py:538} INFO - Filling up the DagBag from /home/airflow/.local/lib/python3.8/site-packages/airflow/example_dags/tutorial.py
[2024-02-04T14:16:37.141+0000] {processor.py:840} INFO - DAG(s) 'tutorial' retrieved from /home/airflow/.local/lib/python3.8/site-packages/airflow/example_dags/tutorial.py
[2024-02-04T14:16:37.311+0000] {logging_mixin.py:188} INFO - [2024-02-04T14:16:37.311+0000] {dag.py:3036} INFO - Sync 1 DAGs
[2024-02-04T14:16:37.351+0000] {logging_mixin.py:188} INFO - [2024-02-04T14:16:37.351+0000] {dag.py:3823} INFO - Setting next_dagrun for tutorial to 2024-02-03 00:00:00+00:00, run_after=2024-02-04 00:00:00+00:00
[2024-02-04T14:16:37.403+0000] {processor.py:183} INFO - Processing /home/airflow/.local/lib/python3.8/site-packages/airflow/example_dags/tutorial.py took 0.319 seconds
[2024-02-04T14:17:08.202+0000] {processor.py:161} INFO - Started process (PID=120) to work on /home/airflow/.local/lib/python3.8/site-packages/airflow/example_dags/tutorial.py
[2024-02-04T14:17:08.203+0000] {processor.py:830} INFO - Processing file /home/airflow/.local/lib/python3.8/site-packages/airflow/example_dags/tutorial.py for tasks to queue
[2024-02-04T14:17:08.205+0000] {logging_mixin.py:188} INFO - [2024-02-04T14:17:08.204+0000] {dagbag.py:538} INFO - Filling up the DagBag from /home/airflow/.local/lib/python3.8/site-packages/airflow/example_dags/tutorial.py
[2024-02-04T14:17:08.211+0000] {processor.py:840} INFO - DAG(s) 'tutorial' retrieved from /home/airflow/.local/lib/python3.8/site-packages/airflow/example_dags/tutorial.py
[2024-02-04T14:17:08.233+0000] {logging_mixin.py:188} INFO - [2024-02-04T14:17:08.233+0000] {dag.py:3036} INFO - Sync 1 DAGs
[2024-02-04T14:17:08.258+0000] {logging_mixin.py:188} INFO - [2024-02-04T14:17:08.257+0000] {dag.py:3823} INFO - Setting next_dagrun for tutorial to 2024-02-03 00:00:00+00:00, run_after=2024-02-04 00:00:00+00:00
[2024-02-04T14:17:08.282+0000] {processor.py:183} INFO - Processing /home/airflow/.local/lib/python3.8/site-packages/airflow/example_dags/tutorial.py took 0.085 seconds
[2024-02-04T14:17:38.709+0000] {processor.py:161} INFO - Started process (PID=176) to work on /home/airflow/.local/lib/python3.8/site-packages/airflow/example_dags/tutorial.py
[2024-02-04T14:17:38.710+0000] {processor.py:830} INFO - Processing file /home/airflow/.local/lib/python3.8/site-packages/airflow/example_dags/tutorial.py for tasks to queue
[2024-02-04T14:17:38.712+0000] {logging_mixin.py:188} INFO - [2024-02-04T14:17:38.712+0000] {dagbag.py:538} INFO - Filling up the DagBag from /home/airflow/.local/lib/python3.8/site-packages/airflow/example_dags/tutorial.py
[2024-02-04T14:17:38.721+0000] {processor.py:840} INFO - DAG(s) 'tutorial' retrieved from /home/airflow/.local/lib/python3.8/site-packages/airflow/example_dags/tutorial.py
[2024-02-04T14:17:38.745+0000] {logging_mixin.py:188} INFO - [2024-02-04T14:17:38.744+0000] {dag.py:3036} INFO - Sync 1 DAGs
[2024-02-04T14:17:38.770+0000] {logging_mixin.py:188} INFO - [2024-02-04T14:17:38.769+0000] {dag.py:3823} INFO - Setting next_dagrun for tutorial to 2024-02-03 00:00:00+00:00, run_after=2024-02-04 00:00:00+00:00
[2024-02-04T14:17:38.795+0000] {processor.py:183} INFO - Processing /home/airflow/.local/lib/python3.8/site-packages/airflow/example_dags/tutorial.py took 0.089 seconds
[2024-02-04T14:18:09.424+0000] {processor.py:161} INFO - Started process (PID=231) to work on /home/airflow/.local/lib/python3.8/site-packages/airflow/example_dags/tutorial.py
[2024-02-04T14:18:09.425+0000] {processor.py:830} INFO - Processing file /home/airflow/.local/lib/python3.8/site-packages/airflow/example_dags/tutorial.py for tasks to queue
[2024-02-04T14:18:09.427+0000] {logging_mixin.py:188} INFO - [2024-02-04T14:18:09.427+0000] {dagbag.py:538} INFO - Filling up the DagBag from /home/airflow/.local/lib/python3.8/site-packages/airflow/example_dags/tutorial.py
[2024-02-04T14:18:09.434+0000] {processor.py:840} INFO - DAG(s) 'tutorial' retrieved from /home/airflow/.local/lib/python3.8/site-packages/airflow/example_dags/tutorial.py
[2024-02-04T14:18:09.458+0000] {logging_mixin.py:188} INFO - [2024-02-04T14:18:09.457+0000] {dag.py:3036} INFO - Sync 1 DAGs
[2024-02-04T14:18:09.484+0000] {logging_mixin.py:188} INFO - [2024-02-04T14:18:09.484+0000] {dag.py:3823} INFO - Setting next_dagrun for tutorial to 2024-02-03 00:00:00+00:00, run_after=2024-02-04 00:00:00+00:00
[2024-02-04T14:18:09.508+0000] {processor.py:183} INFO - Processing /home/airflow/.local/lib/python3.8/site-packages/airflow/example_dags/tutorial.py took 0.088 seconds
[2024-02-04T14:18:40.116+0000] {processor.py:161} INFO - Started process (PID=287) to work on /home/airflow/.local/lib/python3.8/site-packages/airflow/example_dags/tutorial.py
[2024-02-04T14:18:40.117+0000] {processor.py:830} INFO - Processing file /home/airflow/.local/lib/python3.8/site-packages/airflow/example_dags/tutorial.py for tasks to queue
[2024-02-04T14:18:40.119+0000] {logging_mixin.py:188} INFO - [2024-02-04T14:18:40.119+0000] {dagbag.py:538} INFO - Filling up the DagBag from /home/airflow/.local/lib/python3.8/site-packages/airflow/example_dags/tutorial.py
[2024-02-04T14:18:40.126+0000] {processor.py:840} INFO - DAG(s) 'tutorial' retrieved from /home/airflow/.local/lib/python3.8/site-packages/airflow/example_dags/tutorial.py
[2024-02-04T14:18:40.149+0000] {logging_mixin.py:188} INFO - [2024-02-04T14:18:40.148+0000] {dag.py:3036} INFO - Sync 1 DAGs
[2024-02-04T14:18:40.174+0000] {logging_mixin.py:188} INFO - [2024-02-04T14:18:40.173+0000] {dag.py:3823} INFO - Setting next_dagrun for tutorial to 2024-02-03 00:00:00+00:00, run_after=2024-02-04 00:00:00+00:00
[2024-02-04T14:18:40.198+0000] {processor.py:183} INFO - Processing /home/airflow/.local/lib/python3.8/site-packages/airflow/example_dags/tutorial.py took 0.087 seconds
[2024-02-04T14:19:10.598+0000] {processor.py:161} INFO - Started process (PID=343) to work on /home/airflow/.local/lib/python3.8/site-packages/airflow/example_dags/tutorial.py
[2024-02-04T14:19:10.599+0000] {processor.py:830} INFO - Processing file /home/airflow/.local/lib/python3.8/site-packages/airflow/example_dags/tutorial.py for tasks to queue
[2024-02-04T14:19:10.601+0000] {logging_mixin.py:188} INFO - [2024-02-04T14:19:10.601+0000] {dagbag.py:538} INFO - Filling up the DagBag from /home/airflow/.local/lib/python3.8/site-packages/airflow/example_dags/tutorial.py
[2024-02-04T14:19:10.608+0000] {processor.py:840} INFO - DAG(s) 'tutorial' retrieved from /home/airflow/.local/lib/python3.8/site-packages/airflow/example_dags/tutorial.py
[2024-02-04T14:19:10.631+0000] {logging_mixin.py:188} INFO - [2024-02-04T14:19:10.631+0000] {dag.py:3036} INFO - Sync 1 DAGs
[2024-02-04T14:19:10.656+0000] {logging_mixin.py:188} INFO - [2024-02-04T14:19:10.656+0000] {dag.py:3823} INFO - Setting next_dagrun for tutorial to 2024-02-03 00:00:00+00:00, run_after=2024-02-04 00:00:00+00:00
[2024-02-04T14:19:10.680+0000] {processor.py:183} INFO - Processing /home/airflow/.local/lib/python3.8/site-packages/airflow/example_dags/tutorial.py took 0.086 seconds
[2024-02-04T14:23:01.803+0000] {processor.py:161} INFO - Started process (PID=65) to work on /home/airflow/.local/lib/python3.8/site-packages/airflow/example_dags/tutorial.py
[2024-02-04T14:23:01.813+0000] {processor.py:830} INFO - Processing file /home/airflow/.local/lib/python3.8/site-packages/airflow/example_dags/tutorial.py for tasks to queue
[2024-02-04T14:23:01.814+0000] {logging_mixin.py:188} INFO - [2024-02-04T14:23:01.814+0000] {dagbag.py:538} INFO - Filling up the DagBag from /home/airflow/.local/lib/python3.8/site-packages/airflow/example_dags/tutorial.py
[2024-02-04T14:23:01.852+0000] {processor.py:840} INFO - DAG(s) 'tutorial' retrieved from /home/airflow/.local/lib/python3.8/site-packages/airflow/example_dags/tutorial.py
[2024-02-04T14:23:02.155+0000] {logging_mixin.py:188} INFO - [2024-02-04T14:23:02.154+0000] {dag.py:3036} INFO - Sync 1 DAGs
[2024-02-04T14:23:02.206+0000] {logging_mixin.py:188} INFO - [2024-02-04T14:23:02.206+0000] {dag.py:3823} INFO - Setting next_dagrun for tutorial to 2024-02-03 00:00:00+00:00, run_after=2024-02-04 00:00:00+00:00
[2024-02-04T14:23:02.264+0000] {processor.py:183} INFO - Processing /home/airflow/.local/lib/python3.8/site-packages/airflow/example_dags/tutorial.py took 0.477 seconds
[2024-02-04T14:23:32.643+0000] {processor.py:161} INFO - Started process (PID=120) to work on /home/airflow/.local/lib/python3.8/site-packages/airflow/example_dags/tutorial.py
[2024-02-04T14:23:32.644+0000] {processor.py:830} INFO - Processing file /home/airflow/.local/lib/python3.8/site-packages/airflow/example_dags/tutorial.py for tasks to queue
[2024-02-04T14:23:32.645+0000] {logging_mixin.py:188} INFO - [2024-02-04T14:23:32.645+0000] {dagbag.py:538} INFO - Filling up the DagBag from /home/airflow/.local/lib/python3.8/site-packages/airflow/example_dags/tutorial.py
[2024-02-04T14:23:32.652+0000] {processor.py:840} INFO - DAG(s) 'tutorial' retrieved from /home/airflow/.local/lib/python3.8/site-packages/airflow/example_dags/tutorial.py
[2024-02-04T14:23:32.675+0000] {logging_mixin.py:188} INFO - [2024-02-04T14:23:32.675+0000] {dag.py:3036} INFO - Sync 1 DAGs
[2024-02-04T14:23:32.699+0000] {logging_mixin.py:188} INFO - [2024-02-04T14:23:32.699+0000] {dag.py:3823} INFO - Setting next_dagrun for tutorial to 2024-02-03 00:00:00+00:00, run_after=2024-02-04 00:00:00+00:00
[2024-02-04T14:23:32.724+0000] {processor.py:183} INFO - Processing /home/airflow/.local/lib/python3.8/site-packages/airflow/example_dags/tutorial.py took 0.086 seconds
[2024-02-04T14:24:03.208+0000] {processor.py:161} INFO - Started process (PID=176) to work on /home/airflow/.local/lib/python3.8/site-packages/airflow/example_dags/tutorial.py
[2024-02-04T14:24:03.209+0000] {processor.py:830} INFO - Processing file /home/airflow/.local/lib/python3.8/site-packages/airflow/example_dags/tutorial.py for tasks to queue
[2024-02-04T14:24:03.211+0000] {logging_mixin.py:188} INFO - [2024-02-04T14:24:03.211+0000] {dagbag.py:538} INFO - Filling up the DagBag from /home/airflow/.local/lib/python3.8/site-packages/airflow/example_dags/tutorial.py
[2024-02-04T14:24:03.217+0000] {processor.py:840} INFO - DAG(s) 'tutorial' retrieved from /home/airflow/.local/lib/python3.8/site-packages/airflow/example_dags/tutorial.py
[2024-02-04T14:24:03.239+0000] {logging_mixin.py:188} INFO - [2024-02-04T14:24:03.238+0000] {dag.py:3036} INFO - Sync 1 DAGs
[2024-02-04T14:24:03.266+0000] {logging_mixin.py:188} INFO - [2024-02-04T14:24:03.266+0000] {dag.py:3823} INFO - Setting next_dagrun for tutorial to 2024-02-03 00:00:00+00:00, run_after=2024-02-04 00:00:00+00:00
[2024-02-04T14:24:03.290+0000] {processor.py:183} INFO - Processing /home/airflow/.local/lib/python3.8/site-packages/airflow/example_dags/tutorial.py took 0.086 seconds
[2024-02-04T14:24:33.923+0000] {processor.py:161} INFO - Started process (PID=231) to work on /home/airflow/.local/lib/python3.8/site-packages/airflow/example_dags/tutorial.py
[2024-02-04T14:24:33.924+0000] {processor.py:830} INFO - Processing file /home/airflow/.local/lib/python3.8/site-packages/airflow/example_dags/tutorial.py for tasks to queue
[2024-02-04T14:24:33.926+0000] {logging_mixin.py:188} INFO - [2024-02-04T14:24:33.926+0000] {dagbag.py:538} INFO - Filling up the DagBag from /home/airflow/.local/lib/python3.8/site-packages/airflow/example_dags/tutorial.py
[2024-02-04T14:24:33.933+0000] {processor.py:840} INFO - DAG(s) 'tutorial' retrieved from /home/airflow/.local/lib/python3.8/site-packages/airflow/example_dags/tutorial.py
[2024-02-04T14:24:33.955+0000] {logging_mixin.py:188} INFO - [2024-02-04T14:24:33.955+0000] {dag.py:3036} INFO - Sync 1 DAGs
[2024-02-04T14:24:33.981+0000] {logging_mixin.py:188} INFO - [2024-02-04T14:24:33.980+0000] {dag.py:3823} INFO - Setting next_dagrun for tutorial to 2024-02-03 00:00:00+00:00, run_after=2024-02-04 00:00:00+00:00
[2024-02-04T14:24:34.006+0000] {processor.py:183} INFO - Processing /home/airflow/.local/lib/python3.8/site-packages/airflow/example_dags/tutorial.py took 0.088 seconds
[2024-02-04T14:25:04.830+0000] {processor.py:161} INFO - Started process (PID=286) to work on /home/airflow/.local/lib/python3.8/site-packages/airflow/example_dags/tutorial.py
[2024-02-04T14:25:04.831+0000] {processor.py:830} INFO - Processing file /home/airflow/.local/lib/python3.8/site-packages/airflow/example_dags/tutorial.py for tasks to queue
[2024-02-04T14:25:04.833+0000] {logging_mixin.py:188} INFO - [2024-02-04T14:25:04.833+0000] {dagbag.py:538} INFO - Filling up the DagBag from /home/airflow/.local/lib/python3.8/site-packages/airflow/example_dags/tutorial.py
[2024-02-04T14:25:04.839+0000] {processor.py:840} INFO - DAG(s) 'tutorial' retrieved from /home/airflow/.local/lib/python3.8/site-packages/airflow/example_dags/tutorial.py
[2024-02-04T14:25:04.864+0000] {logging_mixin.py:188} INFO - [2024-02-04T14:25:04.863+0000] {dag.py:3036} INFO - Sync 1 DAGs
[2024-02-04T14:25:04.890+0000] {logging_mixin.py:188} INFO - [2024-02-04T14:25:04.890+0000] {dag.py:3823} INFO - Setting next_dagrun for tutorial to 2024-02-03 00:00:00+00:00, run_after=2024-02-04 00:00:00+00:00
[2024-02-04T14:25:04.921+0000] {processor.py:183} INFO - Processing /home/airflow/.local/lib/python3.8/site-packages/airflow/example_dags/tutorial.py took 0.095 seconds
[2024-02-04T14:25:35.764+0000] {processor.py:161} INFO - Started process (PID=342) to work on /home/airflow/.local/lib/python3.8/site-packages/airflow/example_dags/tutorial.py
[2024-02-04T14:25:35.766+0000] {processor.py:830} INFO - Processing file /home/airflow/.local/lib/python3.8/site-packages/airflow/example_dags/tutorial.py for tasks to queue
[2024-02-04T14:25:35.769+0000] {logging_mixin.py:188} INFO - [2024-02-04T14:25:35.769+0000] {dagbag.py:538} INFO - Filling up the DagBag from /home/airflow/.local/lib/python3.8/site-packages/airflow/example_dags/tutorial.py
[2024-02-04T14:25:35.775+0000] {processor.py:840} INFO - DAG(s) 'tutorial' retrieved from /home/airflow/.local/lib/python3.8/site-packages/airflow/example_dags/tutorial.py
[2024-02-04T14:25:35.816+0000] {logging_mixin.py:188} INFO - [2024-02-04T14:25:35.816+0000] {dag.py:3036} INFO - Sync 1 DAGs
[2024-02-04T14:25:35.865+0000] {logging_mixin.py:188} INFO - [2024-02-04T14:25:35.865+0000] {dag.py:3823} INFO - Setting next_dagrun for tutorial to 2024-02-03 00:00:00+00:00, run_after=2024-02-04 00:00:00+00:00
[2024-02-04T14:25:35.933+0000] {processor.py:183} INFO - Processing /home/airflow/.local/lib/python3.8/site-packages/airflow/example_dags/tutorial.py took 0.206 seconds
[2024-02-04T14:26:06.109+0000] {processor.py:161} INFO - Started process (PID=397) to work on /home/airflow/.local/lib/python3.8/site-packages/airflow/example_dags/tutorial.py
[2024-02-04T14:26:06.118+0000] {processor.py:830} INFO - Processing file /home/airflow/.local/lib/python3.8/site-packages/airflow/example_dags/tutorial.py for tasks to queue
[2024-02-04T14:26:06.129+0000] {logging_mixin.py:188} INFO - [2024-02-04T14:26:06.129+0000] {dagbag.py:538} INFO - Filling up the DagBag from /home/airflow/.local/lib/python3.8/site-packages/airflow/example_dags/tutorial.py
[2024-02-04T14:26:06.135+0000] {processor.py:840} INFO - DAG(s) 'tutorial' retrieved from /home/airflow/.local/lib/python3.8/site-packages/airflow/example_dags/tutorial.py
[2024-02-04T14:26:06.180+0000] {logging_mixin.py:188} INFO - [2024-02-04T14:26:06.180+0000] {dag.py:3036} INFO - Sync 1 DAGs
[2024-02-04T14:26:06.229+0000] {logging_mixin.py:188} INFO - [2024-02-04T14:26:06.229+0000] {dag.py:3823} INFO - Setting next_dagrun for tutorial to 2024-02-03 00:00:00+00:00, run_after=2024-02-04 00:00:00+00:00
[2024-02-04T14:26:06.265+0000] {processor.py:183} INFO - Processing /home/airflow/.local/lib/python3.8/site-packages/airflow/example_dags/tutorial.py took 0.160 seconds
[2024-02-04T14:26:36.316+0000] {processor.py:161} INFO - Started process (PID=451) to work on /home/airflow/.local/lib/python3.8/site-packages/airflow/example_dags/tutorial.py
[2024-02-04T14:26:36.317+0000] {processor.py:830} INFO - Processing file /home/airflow/.local/lib/python3.8/site-packages/airflow/example_dags/tutorial.py for tasks to queue
[2024-02-04T14:26:36.318+0000] {logging_mixin.py:188} INFO - [2024-02-04T14:26:36.318+0000] {dagbag.py:538} INFO - Filling up the DagBag from /home/airflow/.local/lib/python3.8/site-packages/airflow/example_dags/tutorial.py
[2024-02-04T14:26:36.323+0000] {processor.py:840} INFO - DAG(s) 'tutorial' retrieved from /home/airflow/.local/lib/python3.8/site-packages/airflow/example_dags/tutorial.py
[2024-02-04T14:26:36.339+0000] {logging_mixin.py:188} INFO - [2024-02-04T14:26:36.338+0000] {dag.py:3036} INFO - Sync 1 DAGs
[2024-02-04T14:26:36.355+0000] {logging_mixin.py:188} INFO - [2024-02-04T14:26:36.355+0000] {dag.py:3823} INFO - Setting next_dagrun for tutorial to 2024-02-03 00:00:00+00:00, run_after=2024-02-04 00:00:00+00:00
[2024-02-04T14:26:36.375+0000] {processor.py:183} INFO - Processing /home/airflow/.local/lib/python3.8/site-packages/airflow/example_dags/tutorial.py took 0.062 seconds
[2024-02-04T14:27:07.221+0000] {processor.py:161} INFO - Started process (PID=507) to work on /home/airflow/.local/lib/python3.8/site-packages/airflow/example_dags/tutorial.py
[2024-02-04T14:27:07.222+0000] {processor.py:830} INFO - Processing file /home/airflow/.local/lib/python3.8/site-packages/airflow/example_dags/tutorial.py for tasks to queue
[2024-02-04T14:27:07.224+0000] {logging_mixin.py:188} INFO - [2024-02-04T14:27:07.224+0000] {dagbag.py:538} INFO - Filling up the DagBag from /home/airflow/.local/lib/python3.8/site-packages/airflow/example_dags/tutorial.py
[2024-02-04T14:27:07.231+0000] {processor.py:840} INFO - DAG(s) 'tutorial' retrieved from /home/airflow/.local/lib/python3.8/site-packages/airflow/example_dags/tutorial.py
[2024-02-04T14:27:07.253+0000] {logging_mixin.py:188} INFO - [2024-02-04T14:27:07.253+0000] {dag.py:3036} INFO - Sync 1 DAGs
[2024-02-04T14:27:07.278+0000] {logging_mixin.py:188} INFO - [2024-02-04T14:27:07.278+0000] {dag.py:3823} INFO - Setting next_dagrun for tutorial to 2024-02-03 00:00:00+00:00, run_after=2024-02-04 00:00:00+00:00
[2024-02-04T14:27:07.304+0000] {processor.py:183} INFO - Processing /home/airflow/.local/lib/python3.8/site-packages/airflow/example_dags/tutorial.py took 0.087 seconds
[2024-02-04T14:27:37.449+0000] {processor.py:161} INFO - Started process (PID=562) to work on /home/airflow/.local/lib/python3.8/site-packages/airflow/example_dags/tutorial.py
[2024-02-04T14:27:37.450+0000] {processor.py:830} INFO - Processing file /home/airflow/.local/lib/python3.8/site-packages/airflow/example_dags/tutorial.py for tasks to queue
[2024-02-04T14:27:37.452+0000] {logging_mixin.py:188} INFO - [2024-02-04T14:27:37.452+0000] {dagbag.py:538} INFO - Filling up the DagBag from /home/airflow/.local/lib/python3.8/site-packages/airflow/example_dags/tutorial.py
[2024-02-04T14:27:37.467+0000] {processor.py:840} INFO - DAG(s) 'tutorial' retrieved from /home/airflow/.local/lib/python3.8/site-packages/airflow/example_dags/tutorial.py
[2024-02-04T14:27:37.492+0000] {logging_mixin.py:188} INFO - [2024-02-04T14:27:37.492+0000] {dag.py:3036} INFO - Sync 1 DAGs
[2024-02-04T14:27:37.521+0000] {logging_mixin.py:188} INFO - [2024-02-04T14:27:37.521+0000] {dag.py:3823} INFO - Setting next_dagrun for tutorial to 2024-02-03 00:00:00+00:00, run_after=2024-02-04 00:00:00+00:00
[2024-02-04T14:27:37.546+0000] {processor.py:183} INFO - Processing /home/airflow/.local/lib/python3.8/site-packages/airflow/example_dags/tutorial.py took 0.100 seconds
[2024-02-04T14:28:07.772+0000] {processor.py:161} INFO - Started process (PID=616) to work on /home/airflow/.local/lib/python3.8/site-packages/airflow/example_dags/tutorial.py
[2024-02-04T14:28:07.774+0000] {processor.py:830} INFO - Processing file /home/airflow/.local/lib/python3.8/site-packages/airflow/example_dags/tutorial.py for tasks to queue
[2024-02-04T14:28:07.776+0000] {logging_mixin.py:188} INFO - [2024-02-04T14:28:07.775+0000] {dagbag.py:538} INFO - Filling up the DagBag from /home/airflow/.local/lib/python3.8/site-packages/airflow/example_dags/tutorial.py
[2024-02-04T14:28:07.786+0000] {processor.py:840} INFO - DAG(s) 'tutorial' retrieved from /home/airflow/.local/lib/python3.8/site-packages/airflow/example_dags/tutorial.py
[2024-02-04T14:28:07.825+0000] {logging_mixin.py:188} INFO - [2024-02-04T14:28:07.825+0000] {dag.py:3036} INFO - Sync 1 DAGs
[2024-02-04T14:28:07.882+0000] {logging_mixin.py:188} INFO - [2024-02-04T14:28:07.881+0000] {dag.py:3823} INFO - Setting next_dagrun for tutorial to 2024-02-03 00:00:00+00:00, run_after=2024-02-04 00:00:00+00:00
[2024-02-04T14:28:07.927+0000] {processor.py:183} INFO - Processing /home/airflow/.local/lib/python3.8/site-packages/airflow/example_dags/tutorial.py took 0.158 seconds
